CRITICAL - 2024-10-15 05:47:03 --> implode(): Argument #1 ($array) must be of type array, string given
in APPPATH/Controllers/Roles.php on line 48.
 1 APPPATH/Controllers/Roles.php(48): implode()
 2 SYSTEMPATH/CodeIgniter.php(942): App\Controllers\Roles->createnew()
 3 SYSTEMPATH/CodeIgniter.php(502): CodeIgniter\CodeIgniter->runController()
 4 SYSTEMPATH/CodeIgniter.php(361): CodeIgniter\CodeIgniter->handleRequest()
 5 FCPATH/index.php(79): CodeIgniter\CodeIgniter->run()
CRITICAL - 2024-10-15 05:47:06 --> implode(): Argument #1 ($array) must be of type array, string given
in APPPATH/Controllers/Roles.php on line 48.
 1 APPPATH/Controllers/Roles.php(48): implode()
 2 SYSTEMPATH/CodeIgniter.php(942): App\Controllers\Roles->createnew()
 3 SYSTEMPATH/CodeIgniter.php(502): CodeIgniter\CodeIgniter->runController()
 4 SYSTEMPATH/CodeIgniter.php(361): CodeIgniter\CodeIgniter->handleRequest()
 5 FCPATH/index.php(79): CodeIgniter\CodeIgniter->run()
CRITICAL - 2024-10-15 05:47:06 --> implode(): Argument #1 ($array) must be of type array, string given
in APPPATH/Controllers/Roles.php on line 48.
 1 APPPATH/Controllers/Roles.php(48): implode()
 2 SYSTEMPATH/CodeIgniter.php(942): App\Controllers\Roles->createnew()
 3 SYSTEMPATH/CodeIgniter.php(502): CodeIgniter\CodeIgniter->runController()
 4 SYSTEMPATH/CodeIgniter.php(361): CodeIgniter\CodeIgniter->handleRequest()
 5 FCPATH/index.php(79): CodeIgniter\CodeIgniter->run()
CRITICAL - 2024-10-15 05:47:07 --> implode(): Argument #1 ($array) must be of type array, string given
in APPPATH/Controllers/Roles.php on line 48.
 1 APPPATH/Controllers/Roles.php(48): implode()
 2 SYSTEMPATH/CodeIgniter.php(942): App\Controllers\Roles->createnew()
 3 SYSTEMPATH/CodeIgniter.php(502): CodeIgniter\CodeIgniter->runController()
 4 SYSTEMPATH/CodeIgniter.php(361): CodeIgniter\CodeIgniter->handleRequest()
 5 FCPATH/index.php(79): CodeIgniter\CodeIgniter->run()
CRITICAL - 2024-10-15 05:57:21 --> Undefined array key ""
in APPPATH/Controllers/Login.php on line 77.
 1 APPPATH/Controllers/Login.php(77): CodeIgniter\Debug\Exceptions->errorHandler()
 2 SYSTEMPATH/CodeIgniter.php(942): App\Controllers\Login->signin()
 3 SYSTEMPATH/CodeIgniter.php(502): CodeIgniter\CodeIgniter->runController()
 4 SYSTEMPATH/CodeIgniter.php(361): CodeIgniter\CodeIgniter->handleRequest()
 5 FCPATH/index.php(79): CodeIgniter\CodeIgniter->run()
CRITICAL - 2024-10-15 05:57:25 --> Undefined array key ""
in APPPATH/Controllers/Login.php on line 77.
 1 APPPATH/Controllers/Login.php(77): CodeIgniter\Debug\Exceptions->errorHandler()
 2 SYSTEMPATH/CodeIgniter.php(942): App\Controllers\Login->signin()
 3 SYSTEMPATH/CodeIgniter.php(502): CodeIgniter\CodeIgniter->runController()
 4 SYSTEMPATH/CodeIgniter.php(361): CodeIgniter\CodeIgniter->handleRequest()
 5 FCPATH/index.php(79): CodeIgniter\CodeIgniter->run()
CRITICAL - 2024-10-15 06:04:14 --> Undefined array key ""
in APPPATH/Controllers/Login.php on line 77.
 1 APPPATH/Controllers/Login.php(77): CodeIgniter\Debug\Exceptions->errorHandler()
 2 SYSTEMPATH/CodeIgniter.php(942): App\Controllers\Login->signin()
 3 SYSTEMPATH/CodeIgniter.php(502): CodeIgniter\CodeIgniter->runController()
 4 SYSTEMPATH/CodeIgniter.php(361): CodeIgniter\CodeIgniter->handleRequest()
 5 FCPATH/index.php(79): CodeIgniter\CodeIgniter->run()
CRITICAL - 2024-10-15 06:05:46 --> Undefined array key ""
in APPPATH/Controllers/Login.php on line 77.
 1 APPPATH/Controllers/Login.php(77): CodeIgniter\Debug\Exceptions->errorHandler()
 2 SYSTEMPATH/CodeIgniter.php(942): App\Controllers\Login->signin()
 3 SYSTEMPATH/CodeIgniter.php(502): CodeIgniter\CodeIgniter->runController()
 4 SYSTEMPATH/CodeIgniter.php(361): CodeIgniter\CodeIgniter->handleRequest()
 5 FCPATH/index.php(79): CodeIgniter\CodeIgniter->run()
CRITICAL - 2024-10-15 06:43:18 --> implode(): Argument #1 ($array) must be of type array, string given
in APPPATH/Controllers/Roles.php on line 48.
 1 APPPATH/Controllers/Roles.php(48): implode()
 2 SYSTEMPATH/CodeIgniter.php(942): App\Controllers\Roles->createnew()
 3 SYSTEMPATH/CodeIgniter.php(502): CodeIgniter\CodeIgniter->runController()
 4 SYSTEMPATH/CodeIgniter.php(361): CodeIgniter\CodeIgniter->handleRequest()
 5 FCPATH/index.php(79): CodeIgniter\CodeIgniter->run()
CRITICAL - 2024-10-15 06:43:22 --> implode(): Argument #1 ($array) must be of type array, string given
in APPPATH/Controllers/Roles.php on line 48.
 1 APPPATH/Controllers/Roles.php(48): implode()
 2 SYSTEMPATH/CodeIgniter.php(942): App\Controllers\Roles->createnew()
 3 SYSTEMPATH/CodeIgniter.php(502): CodeIgniter\CodeIgniter->runController()
 4 SYSTEMPATH/CodeIgniter.php(361): CodeIgniter\CodeIgniter->handleRequest()
 5 FCPATH/index.php(79): CodeIgniter\CodeIgniter->run()
CRITICAL - 2024-10-15 06:47:39 --> implode(): Argument #1 ($array) must be of type array, string given
in APPPATH/Controllers/Roles.php on line 48.
 1 APPPATH/Controllers/Roles.php(48): implode()
 2 SYSTEMPATH/CodeIgniter.php(942): App\Controllers\Roles->createnew()
 3 SYSTEMPATH/CodeIgniter.php(502): CodeIgniter\CodeIgniter->runController()
 4 SYSTEMPATH/CodeIgniter.php(361): CodeIgniter\CodeIgniter->handleRequest()
 5 FCPATH/index.php(79): CodeIgniter\CodeIgniter->run()
CRITICAL - 2024-10-15 06:50:12 --> implode(): Argument #1 ($array) must be of type array, string given
in APPPATH/Controllers/Roles.php on line 48.
 1 APPPATH/Controllers/Roles.php(48): implode()
 2 SYSTEMPATH/CodeIgniter.php(942): App\Controllers\Roles->createnew()
 3 SYSTEMPATH/CodeIgniter.php(502): CodeIgniter\CodeIgniter->runController()
 4 SYSTEMPATH/CodeIgniter.php(361): CodeIgniter\CodeIgniter->handleRequest()
 5 FCPATH/index.php(79): CodeIgniter\CodeIgniter->run()
CRITICAL - 2024-10-15 06:50:23 --> implode(): Argument #1 ($array) must be of type array, string given
in APPPATH/Controllers/Roles.php on line 48.
 1 APPPATH/Controllers/Roles.php(48): implode()
 2 SYSTEMPATH/CodeIgniter.php(942): App\Controllers\Roles->createnew()
 3 SYSTEMPATH/CodeIgniter.php(502): CodeIgniter\CodeIgniter->runController()
 4 SYSTEMPATH/CodeIgniter.php(361): CodeIgniter\CodeIgniter->handleRequest()
 5 FCPATH/index.php(79): CodeIgniter\CodeIgniter->run()
CRITICAL - 2024-10-15 06:50:27 --> implode(): Argument #1 ($array) must be of type array, string given
in APPPATH/Controllers/Roles.php on line 48.
 1 APPPATH/Controllers/Roles.php(48): implode()
 2 SYSTEMPATH/CodeIgniter.php(942): App\Controllers\Roles->createnew()
 3 SYSTEMPATH/CodeIgniter.php(502): CodeIgniter\CodeIgniter->runController()
 4 SYSTEMPATH/CodeIgniter.php(361): CodeIgniter\CodeIgniter->handleRequest()
 5 FCPATH/index.php(79): CodeIgniter\CodeIgniter->run()
CRITICAL - 2024-10-15 07:04:28 --> Undefined variable $result
in APPPATH/Controllers/Residents.php on line 167.
 1 APPPATH/Controllers/Residents.php(167): CodeIgniter\Debug\Exceptions->errorHandler()
 2 SYSTEMPATH/CodeIgniter.php(942): App\Controllers\Residents->verifyotp()
 3 SYSTEMPATH/CodeIgniter.php(502): CodeIgniter\CodeIgniter->runController()
 4 SYSTEMPATH/CodeIgniter.php(361): CodeIgniter\CodeIgniter->handleRequest()
 5 FCPATH/index.php(79): CodeIgniter\CodeIgniter->run()
ERROR - 2024-10-15 07:33:12 --> mysqli_sql_exception: Illegal double '4556666565e654' value found during parsing in /home/vcstagin/domains/v4cstaging.co.in/public_html/favela/system/Database/MySQLi/Connection.php:306
Stack trace:
#0 /home/vcstagin/domains/v4cstaging.co.in/public_html/favela/system/Database/MySQLi/Connection.php(306): mysqli->query()
#1 /home/vcstagin/domains/v4cstaging.co.in/public_html/favela/system/Database/BaseConnection.php(693): CodeIgniter\Database\MySQLi\Connection->execute()
#2 /home/vcstagin/domains/v4cstaging.co.in/public_html/favela/system/Database/BaseConnection.php(607): CodeIgniter\Database\BaseConnection->simpleQuery()
#3 /home/vcstagin/domains/v4cstaging.co.in/public_html/favela/app/Models/SecurityModel.php(47): CodeIgniter\Database\BaseConnection->query()
#4 /home/vcstagin/domains/v4cstaging.co.in/public_html/favela/app/Controllers/Securities.php(57): App\Models\SecurityModel->getSecurity()
#5 /home/vcstagin/domains/v4cstaging.co.in/public_html/favela/system/CodeIgniter.php(942): App\Controllers\Securities->searchsecurity()
#6 /home/vcstagin/domains/v4cstaging.co.in/public_html/favela/system/CodeIgniter.php(502): CodeIgniter\CodeIgniter->runController()
#7 /home/vcstagin/domains/v4cstaging.co.in/public_html/favela/system/CodeIgniter.php(361): CodeIgniter\CodeIgniter->handleRequest()
#8 /home/vcstagin/domains/v4cstaging.co.in/public_html/favela/index.php(79): CodeIgniter\CodeIgniter->run()
#9 {main}
CRITICAL - 2024-10-15 07:33:12 --> Illegal double '4556666565e654' value found during parsing
in SYSTEMPATH/Database/BaseConnection.php on line 647.
 1 APPPATH/Models/SecurityModel.php(47): CodeIgniter\Database\BaseConnection->query()
 2 APPPATH/Controllers/Securities.php(57): App\Models\SecurityModel->getSecurity()
 3 SYSTEMPATH/CodeIgniter.php(942): App\Controllers\Securities->searchsecurity()
 4 SYSTEMPATH/CodeIgniter.php(502): CodeIgniter\CodeIgniter->runController()
 5 SYSTEMPATH/CodeIgniter.php(361): CodeIgniter\CodeIgniter->handleRequest()
 6 FCPATH/index.php(79): CodeIgniter\CodeIgniter->run()
ERROR - 2024-10-15 07:33:14 --> mysqli_sql_exception: Illegal double '4556666565e654' value found during parsing in /home/vcstagin/domains/v4cstaging.co.in/public_html/favela/system/Database/MySQLi/Connection.php:306
Stack trace:
#0 /home/vcstagin/domains/v4cstaging.co.in/public_html/favela/system/Database/MySQLi/Connection.php(306): mysqli->query()
#1 /home/vcstagin/domains/v4cstaging.co.in/public_html/favela/system/Database/BaseConnection.php(693): CodeIgniter\Database\MySQLi\Connection->execute()
#2 /home/vcstagin/domains/v4cstaging.co.in/public_html/favela/system/Database/BaseConnection.php(607): CodeIgniter\Database\BaseConnection->simpleQuery()
#3 /home/vcstagin/domains/v4cstaging.co.in/public_html/favela/app/Models/SecurityModel.php(47): CodeIgniter\Database\BaseConnection->query()
#4 /home/vcstagin/domains/v4cstaging.co.in/public_html/favela/app/Controllers/Securities.php(57): App\Models\SecurityModel->getSecurity()
#5 /home/vcstagin/domains/v4cstaging.co.in/public_html/favela/system/CodeIgniter.php(942): App\Controllers\Securities->searchsecurity()
#6 /home/vcstagin/domains/v4cstaging.co.in/public_html/favela/system/CodeIgniter.php(502): CodeIgniter\CodeIgniter->runController()
#7 /home/vcstagin/domains/v4cstaging.co.in/public_html/favela/system/CodeIgniter.php(361): CodeIgniter\CodeIgniter->handleRequest()
#8 /home/vcstagin/domains/v4cstaging.co.in/public_html/favela/index.php(79): CodeIgniter\CodeIgniter->run()
#9 {main}
CRITICAL - 2024-10-15 07:33:14 --> Illegal double '4556666565e654' value found during parsing
in SYSTEMPATH/Database/BaseConnection.php on line 647.
 1 APPPATH/Models/SecurityModel.php(47): CodeIgniter\Database\BaseConnection->query()
 2 APPPATH/Controllers/Securities.php(57): App\Models\SecurityModel->getSecurity()
 3 SYSTEMPATH/CodeIgniter.php(942): App\Controllers\Securities->searchsecurity()
 4 SYSTEMPATH/CodeIgniter.php(502): CodeIgniter\CodeIgniter->runController()
 5 SYSTEMPATH/CodeIgniter.php(361): CodeIgniter\CodeIgniter->handleRequest()
 6 FCPATH/index.php(79): CodeIgniter\CodeIgniter->run()
ERROR - 2024-10-15 07:33:15 --> mysqli_sql_exception: Illegal double '4556666565e654' value found during parsing in /home/vcstagin/domains/v4cstaging.co.in/public_html/favela/system/Database/MySQLi/Connection.php:306
Stack trace:
#0 /home/vcstagin/domains/v4cstaging.co.in/public_html/favela/system/Database/MySQLi/Connection.php(306): mysqli->query()
#1 /home/vcstagin/domains/v4cstaging.co.in/public_html/favela/system/Database/BaseConnection.php(693): CodeIgniter\Database\MySQLi\Connection->execute()
#2 /home/vcstagin/domains/v4cstaging.co.in/public_html/favela/system/Database/BaseConnection.php(607): CodeIgniter\Database\BaseConnection->simpleQuery()
#3 /home/vcstagin/domains/v4cstaging.co.in/public_html/favela/app/Models/SecurityModel.php(47): CodeIgniter\Database\BaseConnection->query()
#4 /home/vcstagin/domains/v4cstaging.co.in/public_html/favela/app/Controllers/Securities.php(57): App\Models\SecurityModel->getSecurity()
#5 /home/vcstagin/domains/v4cstaging.co.in/public_html/favela/system/CodeIgniter.php(942): App\Controllers\Securities->searchsecurity()
#6 /home/vcstagin/domains/v4cstaging.co.in/public_html/favela/system/CodeIgniter.php(502): CodeIgniter\CodeIgniter->runController()
#7 /home/vcstagin/domains/v4cstaging.co.in/public_html/favela/system/CodeIgniter.php(361): CodeIgniter\CodeIgniter->handleRequest()
#8 /home/vcstagin/domains/v4cstaging.co.in/public_html/favela/index.php(79): CodeIgniter\CodeIgniter->run()
#9 {main}
CRITICAL - 2024-10-15 07:33:15 --> Illegal double '4556666565e654' value found during parsing
in SYSTEMPATH/Database/BaseConnection.php on line 647.
 1 APPPATH/Models/SecurityModel.php(47): CodeIgniter\Database\BaseConnection->query()
 2 APPPATH/Controllers/Securities.php(57): App\Models\SecurityModel->getSecurity()
 3 SYSTEMPATH/CodeIgniter.php(942): App\Controllers\Securities->searchsecurity()
 4 SYSTEMPATH/CodeIgniter.php(502): CodeIgniter\CodeIgniter->runController()
 5 SYSTEMPATH/CodeIgniter.php(361): CodeIgniter\CodeIgniter->handleRequest()
 6 FCPATH/index.php(79): CodeIgniter\CodeIgniter->run()
ERROR - 2024-10-15 07:33:16 --> mysqli_sql_exception: Illegal double '4556666565e654' value found during parsing in /home/vcstagin/domains/v4cstaging.co.in/public_html/favela/system/Database/MySQLi/Connection.php:306
Stack trace:
#0 /home/vcstagin/domains/v4cstaging.co.in/public_html/favela/system/Database/MySQLi/Connection.php(306): mysqli->query()
#1 /home/vcstagin/domains/v4cstaging.co.in/public_html/favela/system/Database/BaseConnection.php(693): CodeIgniter\Database\MySQLi\Connection->execute()
#2 /home/vcstagin/domains/v4cstaging.co.in/public_html/favela/system/Database/BaseConnection.php(607): CodeIgniter\Database\BaseConnection->simpleQuery()
#3 /home/vcstagin/domains/v4cstaging.co.in/public_html/favela/app/Models/SecurityModel.php(47): CodeIgniter\Database\BaseConnection->query()
#4 /home/vcstagin/domains/v4cstaging.co.in/public_html/favela/app/Controllers/Securities.php(57): App\Models\SecurityModel->getSecurity()
#5 /home/vcstagin/domains/v4cstaging.co.in/public_html/favela/system/CodeIgniter.php(942): App\Controllers\Securities->searchsecurity()
#6 /home/vcstagin/domains/v4cstaging.co.in/public_html/favela/system/CodeIgniter.php(502): CodeIgniter\CodeIgniter->runController()
#7 /home/vcstagin/domains/v4cstaging.co.in/public_html/favela/system/CodeIgniter.php(361): CodeIgniter\CodeIgniter->handleRequest()
#8 /home/vcstagin/domains/v4cstaging.co.in/public_html/favela/index.php(79): CodeIgniter\CodeIgniter->run()
#9 {main}
CRITICAL - 2024-10-15 07:33:16 --> Illegal double '4556666565e654' value found during parsing
in SYSTEMPATH/Database/BaseConnection.php on line 647.
 1 APPPATH/Models/SecurityModel.php(47): CodeIgniter\Database\BaseConnection->query()
 2 APPPATH/Controllers/Securities.php(57): App\Models\SecurityModel->getSecurity()
 3 SYSTEMPATH/CodeIgniter.php(942): App\Controllers\Securities->searchsecurity()
 4 SYSTEMPATH/CodeIgniter.php(502): CodeIgniter\CodeIgniter->runController()
 5 SYSTEMPATH/CodeIgniter.php(361): CodeIgniter\CodeIgniter->handleRequest()
 6 FCPATH/index.php(79): CodeIgniter\CodeIgniter->run()
