CRITICAL - 2025-02-24 07:35:40 --> Class "App\Controllers\ReplyinfoModel" not found
in APPPATH\Controllers\ComplaintsInfo.php on line 12.
 1 SYSTEMPATH\CodeIgniter.php(914): App\Controllers\ComplaintsInfo->__construct()
 2 SYSTEMPATH\CodeIgniter.php(493): CodeIgniter\CodeIgniter->createController()
 3 SYSTEMPATH\CodeIgniter.php(361): CodeIgniter\CodeIgniter->handleRequest(null, Object(Config\Cache), false)
 4 FCPATH\index.php(79): CodeIgniter\CodeIgniter->run()
CRITICAL - 2025-02-24 07:38:07 --> Class "App\Controllers\ReplyinfoModel" not found
in APPPATH\Controllers\ComplaintsInfo.php on line 12.
 1 SYSTEMPATH\CodeIgniter.php(914): App\Controllers\ComplaintsInfo->__construct()
 2 SYSTEMPATH\CodeIgniter.php(493): CodeIgniter\CodeIgniter->createController()
 3 SYSTEMPATH\CodeIgniter.php(361): CodeIgniter\CodeIgniter->handleRequest(null, Object(Config\Cache), false)
 4 FCPATH\index.php(79): CodeIgniter\CodeIgniter->run()
CRITICAL - 2025-02-24 07:39:13 --> Class "App\Controllers\ReplyinfoModel" not found
in APPPATH\Controllers\ComplaintsInfo.php on line 12.
 1 SYSTEMPATH\CodeIgniter.php(914): App\Controllers\ComplaintsInfo->__construct()
 2 SYSTEMPATH\CodeIgniter.php(493): CodeIgniter\CodeIgniter->createController()
 3 SYSTEMPATH\CodeIgniter.php(361): CodeIgniter\CodeIgniter->handleRequest(null, Object(Config\Cache), false)
 4 FCPATH\index.php(79): CodeIgniter\CodeIgniter->run()
CRITICAL - 2025-02-24 08:27:25 --> Call to undefined method CodeIgniter\HTTP\IncomingRequest::post()
in APPPATH\Controllers\ComplaintsInfo.php on line 188.
 1 SYSTEMPATH\CodeIgniter.php(942): App\Controllers\ComplaintsInfo->saveReply()
 2 SYSTEMPATH\CodeIgniter.php(502): CodeIgniter\CodeIgniter->runController(Object(App\Controllers\ComplaintsInfo))
 3 SYSTEMPATH\CodeIgniter.php(361): CodeIgniter\CodeIgniter->handleRequest(null, Object(Config\Cache), false)
 4 FCPATH\index.php(79): CodeIgniter\CodeIgniter->run()
CRITICAL - 2025-02-24 08:29:44 --> Call to undefined method CodeIgniter\HTTP\IncomingRequest::post()
in APPPATH\Controllers\ComplaintsInfo.php on line 188.
 1 SYSTEMPATH\CodeIgniter.php(942): App\Controllers\ComplaintsInfo->saveReply()
 2 SYSTEMPATH\CodeIgniter.php(502): CodeIgniter\CodeIgniter->runController(Object(App\Controllers\ComplaintsInfo))
 3 SYSTEMPATH\CodeIgniter.php(361): CodeIgniter\CodeIgniter->handleRequest(null, Object(Config\Cache), false)
 4 FCPATH\index.php(79): CodeIgniter\CodeIgniter->run()
CRITICAL - 2025-02-24 08:38:23 --> Call to undefined method CodeIgniter\HTTP\IncomingRequest::post()
in APPPATH\Controllers\ComplaintsInfo.php on line 188.
 1 SYSTEMPATH\CodeIgniter.php(942): App\Controllers\ComplaintsInfo->saveReply()
 2 SYSTEMPATH\CodeIgniter.php(502): CodeIgniter\CodeIgniter->runController(Object(App\Controllers\ComplaintsInfo))
 3 SYSTEMPATH\CodeIgniter.php(361): CodeIgniter\CodeIgniter->handleRequest(null, Object(Config\Cache), false)
 4 FCPATH\index.php(79): CodeIgniter\CodeIgniter->run()
CRITICAL - 2025-02-24 08:38:40 --> Call to undefined method CodeIgniter\HTTP\IncomingRequest::post()
in APPPATH\Controllers\ComplaintsInfo.php on line 188.
 1 SYSTEMPATH\CodeIgniter.php(942): App\Controllers\ComplaintsInfo->saveReply()
 2 SYSTEMPATH\CodeIgniter.php(502): CodeIgniter\CodeIgniter->runController(Object(App\Controllers\ComplaintsInfo))
 3 SYSTEMPATH\CodeIgniter.php(361): CodeIgniter\CodeIgniter->handleRequest(null, Object(Config\Cache), false)
 4 FCPATH\index.php(79): CodeIgniter\CodeIgniter->run()
CRITICAL - 2025-02-24 08:38:48 --> Call to undefined method CodeIgniter\HTTP\IncomingRequest::post()
in APPPATH\Controllers\ComplaintsInfo.php on line 188.
 1 SYSTEMPATH\CodeIgniter.php(942): App\Controllers\ComplaintsInfo->saveReply()
 2 SYSTEMPATH\CodeIgniter.php(502): CodeIgniter\CodeIgniter->runController(Object(App\Controllers\ComplaintsInfo))
 3 SYSTEMPATH\CodeIgniter.php(361): CodeIgniter\CodeIgniter->handleRequest(null, Object(Config\Cache), false)
 4 FCPATH\index.php(79): CodeIgniter\CodeIgniter->run()
CRITICAL - 2025-02-24 08:38:56 --> Call to undefined method CodeIgniter\HTTP\IncomingRequest::post()
in APPPATH\Controllers\ComplaintsInfo.php on line 188.
 1 SYSTEMPATH\CodeIgniter.php(942): App\Controllers\ComplaintsInfo->saveReply()
 2 SYSTEMPATH\CodeIgniter.php(502): CodeIgniter\CodeIgniter->runController(Object(App\Controllers\ComplaintsInfo))
 3 SYSTEMPATH\CodeIgniter.php(361): CodeIgniter\CodeIgniter->handleRequest(null, Object(Config\Cache), false)
 4 FCPATH\index.php(79): CodeIgniter\CodeIgniter->run()
CRITICAL - 2025-02-24 08:41:34 --> Call to undefined method CodeIgniter\HTTP\IncomingRequest::post()
in APPPATH\Controllers\ComplaintsInfo.php on line 188.
 1 SYSTEMPATH\CodeIgniter.php(942): App\Controllers\ComplaintsInfo->saveReply()
 2 SYSTEMPATH\CodeIgniter.php(502): CodeIgniter\CodeIgniter->runController(Object(App\Controllers\ComplaintsInfo))
 3 SYSTEMPATH\CodeIgniter.php(361): CodeIgniter\CodeIgniter->handleRequest(null, Object(Config\Cache), false)
 4 FCPATH\index.php(79): CodeIgniter\CodeIgniter->run()
CRITICAL - 2025-02-24 08:44:38 --> Undefined property: CodeIgniter\View\View::$session
in APPPATH\Views\page_script\complaintsinfojs.php on line 160.
 1 APPPATH\Views\page_script\complaintsinfojs.php(160): CodeIgniter\Debug\Exceptions->errorHandler(2, 'Undefined property: CodeIgniter\\View\\View::$session', 'C:\\xampp\\htdocs\\favela\\app\\Views\\page_script\\complaintsinfojs.php', 160)
 2 SYSTEMPATH\View\View.php(228): include('C:\\xampp\\htdocs\\favela\\app\\Views\\page_script\\complaintsinfojs.php')
 3 SYSTEMPATH\View\View.php(231): CodeIgniter\View\View->CodeIgniter\View\{closure}()
 4 SYSTEMPATH\Common.php(1190): CodeIgniter\View\View->render('page_script/complaintsinfojs', [], true)
 5 APPPATH\Controllers\ComplaintsInfo.php(55): view('page_script/complaintsinfojs')
 6 SYSTEMPATH\CodeIgniter.php(942): App\Controllers\ComplaintsInfo->index()
 7 SYSTEMPATH\CodeIgniter.php(502): CodeIgniter\CodeIgniter->runController(Object(App\Controllers\ComplaintsInfo))
 8 SYSTEMPATH\CodeIgniter.php(361): CodeIgniter\CodeIgniter->handleRequest(null, Object(Config\Cache), false)
 9 FCPATH\index.php(79): CodeIgniter\CodeIgniter->run()
CRITICAL - 2025-02-24 08:47:10 --> Call to undefined method CodeIgniter\HTTP\IncomingRequest::post()
in APPPATH\Controllers\ComplaintsInfo.php on line 188.
 1 SYSTEMPATH\CodeIgniter.php(942): App\Controllers\ComplaintsInfo->saveReply()
 2 SYSTEMPATH\CodeIgniter.php(502): CodeIgniter\CodeIgniter->runController(Object(App\Controllers\ComplaintsInfo))
 3 SYSTEMPATH\CodeIgniter.php(361): CodeIgniter\CodeIgniter->handleRequest(null, Object(Config\Cache), false)
 4 FCPATH\index.php(79): CodeIgniter\CodeIgniter->run()
CRITICAL - 2025-02-24 08:47:44 --> Call to undefined method CodeIgniter\HTTP\IncomingRequest::post()
in APPPATH\Controllers\ComplaintsInfo.php on line 188.
 1 SYSTEMPATH\CodeIgniter.php(942): App\Controllers\ComplaintsInfo->saveReply()
 2 SYSTEMPATH\CodeIgniter.php(502): CodeIgniter\CodeIgniter->runController(Object(App\Controllers\ComplaintsInfo))
 3 SYSTEMPATH\CodeIgniter.php(361): CodeIgniter\CodeIgniter->handleRequest(null, Object(Config\Cache), false)
 4 FCPATH\index.php(79): CodeIgniter\CodeIgniter->run()
CRITICAL - 2025-02-24 08:49:06 --> Call to undefined method CodeIgniter\HTTP\IncomingRequest::post()
in APPPATH\Controllers\ComplaintsInfo.php on line 188.
 1 SYSTEMPATH\CodeIgniter.php(942): App\Controllers\ComplaintsInfo->saveReply()
 2 SYSTEMPATH\CodeIgniter.php(502): CodeIgniter\CodeIgniter->runController(Object(App\Controllers\ComplaintsInfo))
 3 SYSTEMPATH\CodeIgniter.php(361): CodeIgniter\CodeIgniter->handleRequest(null, Object(Config\Cache), false)
 4 FCPATH\index.php(79): CodeIgniter\CodeIgniter->run()
CRITICAL - 2025-02-24 10:16:51 --> Attempt to read property "auth" on null
in APPPATH\Controllers\Login.php on line 59.
 1 APPPATH\Controllers\Login.php(59): CodeIgniter\Debug\Exceptions->errorHandler(2, 'Attempt to read property "auth" on null', 'C:\\xampp\\htdocs\\favela\\app\\Controllers\\Login.php', 59)
 2 SYSTEMPATH\CodeIgniter.php(942): App\Controllers\Login->signin()
 3 SYSTEMPATH\CodeIgniter.php(502): CodeIgniter\CodeIgniter->runController(Object(App\Controllers\Login))
 4 SYSTEMPATH\CodeIgniter.php(361): CodeIgniter\CodeIgniter->handleRequest(null, Object(Config\Cache), false)
 5 FCPATH\index.php(79): CodeIgniter\CodeIgniter->run()
CRITICAL - 2025-02-24 10:16:54 --> Attempt to read property "auth" on null
in APPPATH\Controllers\Login.php on line 59.
 1 APPPATH\Controllers\Login.php(59): CodeIgniter\Debug\Exceptions->errorHandler(2, 'Attempt to read property "auth" on null', 'C:\\xampp\\htdocs\\favela\\app\\Controllers\\Login.php', 59)
 2 SYSTEMPATH\CodeIgniter.php(942): App\Controllers\Login->signin()
 3 SYSTEMPATH\CodeIgniter.php(502): CodeIgniter\CodeIgniter->runController(Object(App\Controllers\Login))
 4 SYSTEMPATH\CodeIgniter.php(361): CodeIgniter\CodeIgniter->handleRequest(null, Object(Config\Cache), false)
 5 FCPATH\index.php(79): CodeIgniter\CodeIgniter->run()
CRITICAL - 2025-02-24 10:17:49 --> Attempt to read property "auth" on null
in APPPATH\Controllers\Login.php on line 59.
 1 APPPATH\Controllers\Login.php(59): CodeIgniter\Debug\Exceptions->errorHandler(2, 'Attempt to read property "auth" on null', 'C:\\xampp\\htdocs\\favela\\app\\Controllers\\Login.php', 59)
 2 SYSTEMPATH\CodeIgniter.php(942): App\Controllers\Login->signin()
 3 SYSTEMPATH\CodeIgniter.php(502): CodeIgniter\CodeIgniter->runController(Object(App\Controllers\Login))
 4 SYSTEMPATH\CodeIgniter.php(361): CodeIgniter\CodeIgniter->handleRequest(null, Object(Config\Cache), false)
 5 FCPATH\index.php(79): CodeIgniter\CodeIgniter->run()
CRITICAL - 2025-02-24 10:17:52 --> Attempt to read property "auth" on null
in APPPATH\Controllers\Login.php on line 59.
 1 APPPATH\Controllers\Login.php(59): CodeIgniter\Debug\Exceptions->errorHandler(2, 'Attempt to read property "auth" on null', 'C:\\xampp\\htdocs\\favela\\app\\Controllers\\Login.php', 59)
 2 SYSTEMPATH\CodeIgniter.php(942): App\Controllers\Login->signin()
 3 SYSTEMPATH\CodeIgniter.php(502): CodeIgniter\CodeIgniter->runController(Object(App\Controllers\Login))
 4 SYSTEMPATH\CodeIgniter.php(361): CodeIgniter\CodeIgniter->handleRequest(null, Object(Config\Cache), false)
 5 FCPATH\index.php(79): CodeIgniter\CodeIgniter->run()
CRITICAL - 2025-02-24 10:18:54 --> Attempt to read property "auth" on null
in APPPATH\Controllers\Login.php on line 59.
 1 APPPATH\Controllers\Login.php(59): CodeIgniter\Debug\Exceptions->errorHandler(2, 'Attempt to read property "auth" on null', 'C:\\xampp\\htdocs\\favela\\app\\Controllers\\Login.php', 59)
 2 SYSTEMPATH\CodeIgniter.php(942): App\Controllers\Login->signin()
 3 SYSTEMPATH\CodeIgniter.php(502): CodeIgniter\CodeIgniter->runController(Object(App\Controllers\Login))
 4 SYSTEMPATH\CodeIgniter.php(361): CodeIgniter\CodeIgniter->handleRequest(null, Object(Config\Cache), false)
 5 FCPATH\index.php(79): CodeIgniter\CodeIgniter->run()
CRITICAL - 2025-02-24 10:19:31 --> Attempt to read property "auth" on null
in APPPATH\Controllers\Login.php on line 59.
 1 APPPATH\Controllers\Login.php(59): CodeIgniter\Debug\Exceptions->errorHandler(2, 'Attempt to read property "auth" on null', 'C:\\xampp\\htdocs\\favela\\app\\Controllers\\Login.php', 59)
 2 SYSTEMPATH\CodeIgniter.php(942): App\Controllers\Login->signin()
 3 SYSTEMPATH\CodeIgniter.php(502): CodeIgniter\CodeIgniter->runController(Object(App\Controllers\Login))
 4 SYSTEMPATH\CodeIgniter.php(361): CodeIgniter\CodeIgniter->handleRequest(null, Object(Config\Cache), false)
 5 FCPATH\index.php(79): CodeIgniter\CodeIgniter->run()
CRITICAL - 2025-02-24 10:19:33 --> Attempt to read property "auth" on null
in APPPATH\Controllers\Login.php on line 59.
 1 APPPATH\Controllers\Login.php(59): CodeIgniter\Debug\Exceptions->errorHandler(2, 'Attempt to read property "auth" on null', 'C:\\xampp\\htdocs\\favela\\app\\Controllers\\Login.php', 59)
 2 SYSTEMPATH\CodeIgniter.php(942): App\Controllers\Login->signin()
 3 SYSTEMPATH\CodeIgniter.php(502): CodeIgniter\CodeIgniter->runController(Object(App\Controllers\Login))
 4 SYSTEMPATH\CodeIgniter.php(361): CodeIgniter\CodeIgniter->handleRequest(null, Object(Config\Cache), false)
 5 FCPATH\index.php(79): CodeIgniter\CodeIgniter->run()
CRITICAL - 2025-02-24 10:19:35 --> Attempt to read property "auth" on null
in APPPATH\Controllers\Login.php on line 59.
 1 APPPATH\Controllers\Login.php(59): CodeIgniter\Debug\Exceptions->errorHandler(2, 'Attempt to read property "auth" on null', 'C:\\xampp\\htdocs\\favela\\app\\Controllers\\Login.php', 59)
 2 SYSTEMPATH\CodeIgniter.php(942): App\Controllers\Login->signin()
 3 SYSTEMPATH\CodeIgniter.php(502): CodeIgniter\CodeIgniter->runController(Object(App\Controllers\Login))
 4 SYSTEMPATH\CodeIgniter.php(361): CodeIgniter\CodeIgniter->handleRequest(null, Object(Config\Cache), false)
 5 FCPATH\index.php(79): CodeIgniter\CodeIgniter->run()
ERROR - 2025-02-24 10:31:49 --> mysqli_sql_exception: You have an error in your SQL syntax; check the manual that corresponds to your MariaDB server version for the right syntax to use near '5678 8907' at line 1 in C:\xampp\htdocs\favela\system\Database\MySQLi\Connection.php:306
Stack trace:
#0 C:\xampp\htdocs\favela\system\Database\MySQLi\Connection.php(306): mysqli->query('SELECT * FROM s...', 0)
#1 C:\xampp\htdocs\favela\system\Database\BaseConnection.php(693): CodeIgniter\Database\MySQLi\Connection->execute('SELECT * FROM s...')
#2 C:\xampp\htdocs\favela\system\Database\BaseConnection.php(607): CodeIgniter\Database\BaseConnection->simpleQuery('SELECT * FROM s...')
#3 C:\xampp\htdocs\favela\app\Models\SecurityModel.php(47): CodeIgniter\Database\BaseConnection->query('SELECT * FROM s...')
#4 C:\xampp\htdocs\favela\app\Controllers\Securities.php(57): App\Models\SecurityModel->getSecurity('\t1235 5678 8907')
#5 C:\xampp\htdocs\favela\system\CodeIgniter.php(942): App\Controllers\Securities->searchsecurity()
#6 C:\xampp\htdocs\favela\system\CodeIgniter.php(502): CodeIgniter\CodeIgniter->runController(Object(App\Controllers\Securities))
#7 C:\xampp\htdocs\favela\system\CodeIgniter.php(361): CodeIgniter\CodeIgniter->handleRequest(NULL, Object(Config\Cache), false)
#8 C:\xampp\htdocs\favela\index.php(79): CodeIgniter\CodeIgniter->run()
#9 {main}
CRITICAL - 2025-02-24 10:31:49 --> You have an error in your SQL syntax; check the manual that corresponds to your MariaDB server version for the right syntax to use near '5678 8907' at line 1
in SYSTEMPATH\Database\BaseConnection.php on line 647.
 1 APPPATH\Models\SecurityModel.php(47): CodeIgniter\Database\BaseConnection->query('SELECT * FROM security where id_proof_no = 	1235 5678 8907')
 2 APPPATH\Controllers\Securities.php(57): App\Models\SecurityModel->getSecurity('	1235 5678 8907')
 3 SYSTEMPATH\CodeIgniter.php(942): App\Controllers\Securities->searchsecurity()
 4 SYSTEMPATH\CodeIgniter.php(502): CodeIgniter\CodeIgniter->runController(Object(App\Controllers\Securities))
 5 SYSTEMPATH\CodeIgniter.php(361): CodeIgniter\CodeIgniter->handleRequest(null, Object(Config\Cache), false)
 6 FCPATH\index.php(79): CodeIgniter\CodeIgniter->run()
ERROR - 2025-02-24 10:31:51 --> mysqli_sql_exception: You have an error in your SQL syntax; check the manual that corresponds to your MariaDB server version for the right syntax to use near '5678 8907' at line 1 in C:\xampp\htdocs\favela\system\Database\MySQLi\Connection.php:306
Stack trace:
#0 C:\xampp\htdocs\favela\system\Database\MySQLi\Connection.php(306): mysqli->query('SELECT * FROM s...', 0)
#1 C:\xampp\htdocs\favela\system\Database\BaseConnection.php(693): CodeIgniter\Database\MySQLi\Connection->execute('SELECT * FROM s...')
#2 C:\xampp\htdocs\favela\system\Database\BaseConnection.php(607): CodeIgniter\Database\BaseConnection->simpleQuery('SELECT * FROM s...')
#3 C:\xampp\htdocs\favela\app\Models\SecurityModel.php(47): CodeIgniter\Database\BaseConnection->query('SELECT * FROM s...')
#4 C:\xampp\htdocs\favela\app\Controllers\Securities.php(57): App\Models\SecurityModel->getSecurity('\t1235 5678 8907')
#5 C:\xampp\htdocs\favela\system\CodeIgniter.php(942): App\Controllers\Securities->searchsecurity()
#6 C:\xampp\htdocs\favela\system\CodeIgniter.php(502): CodeIgniter\CodeIgniter->runController(Object(App\Controllers\Securities))
#7 C:\xampp\htdocs\favela\system\CodeIgniter.php(361): CodeIgniter\CodeIgniter->handleRequest(NULL, Object(Config\Cache), false)
#8 C:\xampp\htdocs\favela\index.php(79): CodeIgniter\CodeIgniter->run()
#9 {main}
CRITICAL - 2025-02-24 10:31:51 --> You have an error in your SQL syntax; check the manual that corresponds to your MariaDB server version for the right syntax to use near '5678 8907' at line 1
in SYSTEMPATH\Database\BaseConnection.php on line 647.
 1 APPPATH\Models\SecurityModel.php(47): CodeIgniter\Database\BaseConnection->query('SELECT * FROM security where id_proof_no = 	1235 5678 8907')
 2 APPPATH\Controllers\Securities.php(57): App\Models\SecurityModel->getSecurity('	1235 5678 8907')
 3 SYSTEMPATH\CodeIgniter.php(942): App\Controllers\Securities->searchsecurity()
 4 SYSTEMPATH\CodeIgniter.php(502): CodeIgniter\CodeIgniter->runController(Object(App\Controllers\Securities))
 5 SYSTEMPATH\CodeIgniter.php(361): CodeIgniter\CodeIgniter->handleRequest(null, Object(Config\Cache), false)
 6 FCPATH\index.php(79): CodeIgniter\CodeIgniter->run()
ERROR - 2025-02-24 10:31:52 --> mysqli_sql_exception: You have an error in your SQL syntax; check the manual that corresponds to your MariaDB server version for the right syntax to use near '5678 8907' at line 1 in C:\xampp\htdocs\favela\system\Database\MySQLi\Connection.php:306
Stack trace:
#0 C:\xampp\htdocs\favela\system\Database\MySQLi\Connection.php(306): mysqli->query('SELECT * FROM s...', 0)
#1 C:\xampp\htdocs\favela\system\Database\BaseConnection.php(693): CodeIgniter\Database\MySQLi\Connection->execute('SELECT * FROM s...')
#2 C:\xampp\htdocs\favela\system\Database\BaseConnection.php(607): CodeIgniter\Database\BaseConnection->simpleQuery('SELECT * FROM s...')
#3 C:\xampp\htdocs\favela\app\Models\SecurityModel.php(47): CodeIgniter\Database\BaseConnection->query('SELECT * FROM s...')
#4 C:\xampp\htdocs\favela\app\Controllers\Securities.php(57): App\Models\SecurityModel->getSecurity('\t1235 5678 8907')
#5 C:\xampp\htdocs\favela\system\CodeIgniter.php(942): App\Controllers\Securities->searchsecurity()
#6 C:\xampp\htdocs\favela\system\CodeIgniter.php(502): CodeIgniter\CodeIgniter->runController(Object(App\Controllers\Securities))
#7 C:\xampp\htdocs\favela\system\CodeIgniter.php(361): CodeIgniter\CodeIgniter->handleRequest(NULL, Object(Config\Cache), false)
#8 C:\xampp\htdocs\favela\index.php(79): CodeIgniter\CodeIgniter->run()
#9 {main}
CRITICAL - 2025-02-24 10:31:52 --> You have an error in your SQL syntax; check the manual that corresponds to your MariaDB server version for the right syntax to use near '5678 8907' at line 1
in SYSTEMPATH\Database\BaseConnection.php on line 647.
 1 APPPATH\Models\SecurityModel.php(47): CodeIgniter\Database\BaseConnection->query('SELECT * FROM security where id_proof_no = 	1235 5678 8907')
 2 APPPATH\Controllers\Securities.php(57): App\Models\SecurityModel->getSecurity('	1235 5678 8907')
 3 SYSTEMPATH\CodeIgniter.php(942): App\Controllers\Securities->searchsecurity()
 4 SYSTEMPATH\CodeIgniter.php(502): CodeIgniter\CodeIgniter->runController(Object(App\Controllers\Securities))
 5 SYSTEMPATH\CodeIgniter.php(361): CodeIgniter\CodeIgniter->handleRequest(null, Object(Config\Cache), false)
 6 FCPATH\index.php(79): CodeIgniter\CodeIgniter->run()
ERROR - 2025-02-24 10:31:53 --> mysqli_sql_exception: You have an error in your SQL syntax; check the manual that corresponds to your MariaDB server version for the right syntax to use near '5678 8907' at line 1 in C:\xampp\htdocs\favela\system\Database\MySQLi\Connection.php:306
Stack trace:
#0 C:\xampp\htdocs\favela\system\Database\MySQLi\Connection.php(306): mysqli->query('SELECT * FROM s...', 0)
#1 C:\xampp\htdocs\favela\system\Database\BaseConnection.php(693): CodeIgniter\Database\MySQLi\Connection->execute('SELECT * FROM s...')
#2 C:\xampp\htdocs\favela\system\Database\BaseConnection.php(607): CodeIgniter\Database\BaseConnection->simpleQuery('SELECT * FROM s...')
#3 C:\xampp\htdocs\favela\app\Models\SecurityModel.php(47): CodeIgniter\Database\BaseConnection->query('SELECT * FROM s...')
#4 C:\xampp\htdocs\favela\app\Controllers\Securities.php(57): App\Models\SecurityModel->getSecurity('\t1235 5678 8907')
#5 C:\xampp\htdocs\favela\system\CodeIgniter.php(942): App\Controllers\Securities->searchsecurity()
#6 C:\xampp\htdocs\favela\system\CodeIgniter.php(502): CodeIgniter\CodeIgniter->runController(Object(App\Controllers\Securities))
#7 C:\xampp\htdocs\favela\system\CodeIgniter.php(361): CodeIgniter\CodeIgniter->handleRequest(NULL, Object(Config\Cache), false)
#8 C:\xampp\htdocs\favela\index.php(79): CodeIgniter\CodeIgniter->run()
#9 {main}
CRITICAL - 2025-02-24 10:31:53 --> You have an error in your SQL syntax; check the manual that corresponds to your MariaDB server version for the right syntax to use near '5678 8907' at line 1
in SYSTEMPATH\Database\BaseConnection.php on line 647.
 1 APPPATH\Models\SecurityModel.php(47): CodeIgniter\Database\BaseConnection->query('SELECT * FROM security where id_proof_no = 	1235 5678 8907')
 2 APPPATH\Controllers\Securities.php(57): App\Models\SecurityModel->getSecurity('	1235 5678 8907')
 3 SYSTEMPATH\CodeIgniter.php(942): App\Controllers\Securities->searchsecurity()
 4 SYSTEMPATH\CodeIgniter.php(502): CodeIgniter\CodeIgniter->runController(Object(App\Controllers\Securities))
 5 SYSTEMPATH\CodeIgniter.php(361): CodeIgniter\CodeIgniter->handleRequest(null, Object(Config\Cache), false)
 6 FCPATH\index.php(79): CodeIgniter\CodeIgniter->run()
ERROR - 2025-02-24 10:32:00 --> mysqli_sql_exception: You have an error in your SQL syntax; check the manual that corresponds to your MariaDB server version for the right syntax to use near '5678 8907' at line 1 in C:\xampp\htdocs\favela\system\Database\MySQLi\Connection.php:306
Stack trace:
#0 C:\xampp\htdocs\favela\system\Database\MySQLi\Connection.php(306): mysqli->query('SELECT * FROM s...', 0)
#1 C:\xampp\htdocs\favela\system\Database\BaseConnection.php(693): CodeIgniter\Database\MySQLi\Connection->execute('SELECT * FROM s...')
#2 C:\xampp\htdocs\favela\system\Database\BaseConnection.php(607): CodeIgniter\Database\BaseConnection->simpleQuery('SELECT * FROM s...')
#3 C:\xampp\htdocs\favela\app\Models\SecurityModel.php(47): CodeIgniter\Database\BaseConnection->query('SELECT * FROM s...')
#4 C:\xampp\htdocs\favela\app\Controllers\Securities.php(57): App\Models\SecurityModel->getSecurity('1235 5678 8907')
#5 C:\xampp\htdocs\favela\system\CodeIgniter.php(942): App\Controllers\Securities->searchsecurity()
#6 C:\xampp\htdocs\favela\system\CodeIgniter.php(502): CodeIgniter\CodeIgniter->runController(Object(App\Controllers\Securities))
#7 C:\xampp\htdocs\favela\system\CodeIgniter.php(361): CodeIgniter\CodeIgniter->handleRequest(NULL, Object(Config\Cache), false)
#8 C:\xampp\htdocs\favela\index.php(79): CodeIgniter\CodeIgniter->run()
#9 {main}
CRITICAL - 2025-02-24 10:32:00 --> You have an error in your SQL syntax; check the manual that corresponds to your MariaDB server version for the right syntax to use near '5678 8907' at line 1
in SYSTEMPATH\Database\BaseConnection.php on line 647.
 1 APPPATH\Models\SecurityModel.php(47): CodeIgniter\Database\BaseConnection->query('SELECT * FROM security where id_proof_no = 1235 5678 8907')
 2 APPPATH\Controllers\Securities.php(57): App\Models\SecurityModel->getSecurity('1235 5678 8907')
 3 SYSTEMPATH\CodeIgniter.php(942): App\Controllers\Securities->searchsecurity()
 4 SYSTEMPATH\CodeIgniter.php(502): CodeIgniter\CodeIgniter->runController(Object(App\Controllers\Securities))
 5 SYSTEMPATH\CodeIgniter.php(361): CodeIgniter\CodeIgniter->handleRequest(null, Object(Config\Cache), false)
 6 FCPATH\index.php(79): CodeIgniter\CodeIgniter->run()
ERROR - 2025-02-24 10:32:01 --> mysqli_sql_exception: You have an error in your SQL syntax; check the manual that corresponds to your MariaDB server version for the right syntax to use near '5678 8907' at line 1 in C:\xampp\htdocs\favela\system\Database\MySQLi\Connection.php:306
Stack trace:
#0 C:\xampp\htdocs\favela\system\Database\MySQLi\Connection.php(306): mysqli->query('SELECT * FROM s...', 0)
#1 C:\xampp\htdocs\favela\system\Database\BaseConnection.php(693): CodeIgniter\Database\MySQLi\Connection->execute('SELECT * FROM s...')
#2 C:\xampp\htdocs\favela\system\Database\BaseConnection.php(607): CodeIgniter\Database\BaseConnection->simpleQuery('SELECT * FROM s...')
#3 C:\xampp\htdocs\favela\app\Models\SecurityModel.php(47): CodeIgniter\Database\BaseConnection->query('SELECT * FROM s...')
#4 C:\xampp\htdocs\favela\app\Controllers\Securities.php(57): App\Models\SecurityModel->getSecurity('1235 5678 8907')
#5 C:\xampp\htdocs\favela\system\CodeIgniter.php(942): App\Controllers\Securities->searchsecurity()
#6 C:\xampp\htdocs\favela\system\CodeIgniter.php(502): CodeIgniter\CodeIgniter->runController(Object(App\Controllers\Securities))
#7 C:\xampp\htdocs\favela\system\CodeIgniter.php(361): CodeIgniter\CodeIgniter->handleRequest(NULL, Object(Config\Cache), false)
#8 C:\xampp\htdocs\favela\index.php(79): CodeIgniter\CodeIgniter->run()
#9 {main}
CRITICAL - 2025-02-24 10:32:01 --> You have an error in your SQL syntax; check the manual that corresponds to your MariaDB server version for the right syntax to use near '5678 8907' at line 1
in SYSTEMPATH\Database\BaseConnection.php on line 647.
 1 APPPATH\Models\SecurityModel.php(47): CodeIgniter\Database\BaseConnection->query('SELECT * FROM security where id_proof_no = 1235 5678 8907')
 2 APPPATH\Controllers\Securities.php(57): App\Models\SecurityModel->getSecurity('1235 5678 8907')
 3 SYSTEMPATH\CodeIgniter.php(942): App\Controllers\Securities->searchsecurity()
 4 SYSTEMPATH\CodeIgniter.php(502): CodeIgniter\CodeIgniter->runController(Object(App\Controllers\Securities))
 5 SYSTEMPATH\CodeIgniter.php(361): CodeIgniter\CodeIgniter->handleRequest(null, Object(Config\Cache), false)
 6 FCPATH\index.php(79): CodeIgniter\CodeIgniter->run()
CRITICAL - 2025-02-24 12:12:15 --> Allowed fields must be specified for model: "App\Models\ComplaintsInfoModel"
in SYSTEMPATH\BaseModel.php on line 1257.
 1 SYSTEMPATH\BaseModel.php(1257): CodeIgniter\Database\Exceptions\DataException::forInvalidAllowedFields('App\\Models\\ComplaintsInfoModel')
 2 SYSTEMPATH\BaseModel.php(925): CodeIgniter\BaseModel->doProtectFields([...])
 3 SYSTEMPATH\Model.php(776): CodeIgniter\BaseModel->update([...], [...])
 4 APPPATH\Controllers\ComplaintsInfo.php(207): CodeIgniter\Model->update('2', [...])
 5 SYSTEMPATH\CodeIgniter.php(942): App\Controllers\ComplaintsInfo->saveReply()
 6 SYSTEMPATH\CodeIgniter.php(502): CodeIgniter\CodeIgniter->runController(Object(App\Controllers\ComplaintsInfo))
 7 SYSTEMPATH\CodeIgniter.php(361): CodeIgniter\CodeIgniter->handleRequest(null, Object(Config\Cache), false)
 8 FCPATH\index.php(79): CodeIgniter\CodeIgniter->run()
CRITICAL - 2025-02-24 12:13:07 --> Undefined property: App\Controllers\ComplaintsInfo::$ComplaintsinfoModel
in APPPATH\Controllers\ComplaintsInfo.php on line 207.
 1 APPPATH\Controllers\ComplaintsInfo.php(207): CodeIgniter\Debug\Exceptions->errorHandler(2, 'Undefined property: App\\Controllers\\ComplaintsInfo::$ComplaintsinfoModel', 'C:\\xampp\\htdocs\\favela\\app\\Controllers\\ComplaintsInfo.php', 207)
 2 SYSTEMPATH\CodeIgniter.php(942): App\Controllers\ComplaintsInfo->saveReply()
 3 SYSTEMPATH\CodeIgniter.php(502): CodeIgniter\CodeIgniter->runController(Object(App\Controllers\ComplaintsInfo))
 4 SYSTEMPATH\CodeIgniter.php(361): CodeIgniter\CodeIgniter->handleRequest(null, Object(Config\Cache), false)
 5 FCPATH\index.php(79): CodeIgniter\CodeIgniter->run()
CRITICAL - 2025-02-24 12:16:07 --> Undefined property: App\Controllers\ComplaintsInfo::$ComplaintsinfoModel
in APPPATH\Controllers\ComplaintsInfo.php on line 207.
 1 APPPATH\Controllers\ComplaintsInfo.php(207): CodeIgniter\Debug\Exceptions->errorHandler(2, 'Undefined property: App\\Controllers\\ComplaintsInfo::$ComplaintsinfoModel', 'C:\\xampp\\htdocs\\favela\\app\\Controllers\\ComplaintsInfo.php', 207)
 2 SYSTEMPATH\CodeIgniter.php(942): App\Controllers\ComplaintsInfo->saveReply()
 3 SYSTEMPATH\CodeIgniter.php(502): CodeIgniter\CodeIgniter->runController(Object(App\Controllers\ComplaintsInfo))
 4 SYSTEMPATH\CodeIgniter.php(361): CodeIgniter\CodeIgniter->handleRequest(null, Object(Config\Cache), false)
 5 FCPATH\index.php(79): CodeIgniter\CodeIgniter->run()
CRITICAL - 2025-02-24 12:17:14 --> Undefined property: App\Controllers\ComplaintsInfo::$ComplaintsinfoModel
in APPPATH\Controllers\ComplaintsInfo.php on line 207.
 1 APPPATH\Controllers\ComplaintsInfo.php(207): CodeIgniter\Debug\Exceptions->errorHandler(2, 'Undefined property: App\\Controllers\\ComplaintsInfo::$ComplaintsinfoModel', 'C:\\xampp\\htdocs\\favela\\app\\Controllers\\ComplaintsInfo.php', 207)
 2 SYSTEMPATH\CodeIgniter.php(942): App\Controllers\ComplaintsInfo->saveReply()
 3 SYSTEMPATH\CodeIgniter.php(502): CodeIgniter\CodeIgniter->runController(Object(App\Controllers\ComplaintsInfo))
 4 SYSTEMPATH\CodeIgniter.php(361): CodeIgniter\CodeIgniter->handleRequest(null, Object(Config\Cache), false)
 5 FCPATH\index.php(79): CodeIgniter\CodeIgniter->run()
CRITICAL - 2025-02-24 12:17:51 --> Undefined property: App\Controllers\ComplaintsInfo::$ComplaintsinfoModel
in APPPATH\Controllers\ComplaintsInfo.php on line 207.
 1 APPPATH\Controllers\ComplaintsInfo.php(207): CodeIgniter\Debug\Exceptions->errorHandler(2, 'Undefined property: App\\Controllers\\ComplaintsInfo::$ComplaintsinfoModel', 'C:\\xampp\\htdocs\\favela\\app\\Controllers\\ComplaintsInfo.php', 207)
 2 SYSTEMPATH\CodeIgniter.php(942): App\Controllers\ComplaintsInfo->saveReply()
 3 SYSTEMPATH\CodeIgniter.php(502): CodeIgniter\CodeIgniter->runController(Object(App\Controllers\ComplaintsInfo))
 4 SYSTEMPATH\CodeIgniter.php(361): CodeIgniter\CodeIgniter->handleRequest(null, Object(Config\Cache), false)
 5 FCPATH\index.php(79): CodeIgniter\CodeIgniter->run()
CRITICAL - 2025-02-24 12:19:36 --> Undefined property: App\Controllers\ComplaintsInfo::$ComplaintsinfoModel
in APPPATH\Controllers\ComplaintsInfo.php on line 207.
 1 APPPATH\Controllers\ComplaintsInfo.php(207): CodeIgniter\Debug\Exceptions->errorHandler(2, 'Undefined property: App\\Controllers\\ComplaintsInfo::$ComplaintsinfoModel', 'C:\\xampp\\htdocs\\favela\\app\\Controllers\\ComplaintsInfo.php', 207)
 2 SYSTEMPATH\CodeIgniter.php(942): App\Controllers\ComplaintsInfo->saveReply()
 3 SYSTEMPATH\CodeIgniter.php(502): CodeIgniter\CodeIgniter->runController(Object(App\Controllers\ComplaintsInfo))
 4 SYSTEMPATH\CodeIgniter.php(361): CodeIgniter\CodeIgniter->handleRequest(null, Object(Config\Cache), false)
 5 FCPATH\index.php(79): CodeIgniter\CodeIgniter->run()
CRITICAL - 2025-02-24 12:24:00 --> Undefined property: App\Controllers\ComplaintsInfo::$ComplaintsinfoModel
in APPPATH\Controllers\ComplaintsInfo.php on line 207.
 1 APPPATH\Controllers\ComplaintsInfo.php(207): CodeIgniter\Debug\Exceptions->errorHandler(2, 'Undefined property: App\\Controllers\\ComplaintsInfo::$ComplaintsinfoModel', 'C:\\xampp\\htdocs\\favela\\app\\Controllers\\ComplaintsInfo.php', 207)
 2 SYSTEMPATH\CodeIgniter.php(942): App\Controllers\ComplaintsInfo->saveReply()
 3 SYSTEMPATH\CodeIgniter.php(502): CodeIgniter\CodeIgniter->runController(Object(App\Controllers\ComplaintsInfo))
 4 SYSTEMPATH\CodeIgniter.php(361): CodeIgniter\CodeIgniter->handleRequest(null, Object(Config\Cache), false)
 5 FCPATH\index.php(79): CodeIgniter\CodeIgniter->run()
CRITICAL - 2025-02-24 12:24:44 --> Undefined property: App\Controllers\ComplaintsInfo::$ComplaintsinfoModel
in APPPATH\Controllers\ComplaintsInfo.php on line 207.
 1 APPPATH\Controllers\ComplaintsInfo.php(207): CodeIgniter\Debug\Exceptions->errorHandler(2, 'Undefined property: App\\Controllers\\ComplaintsInfo::$ComplaintsinfoModel', 'C:\\xampp\\htdocs\\favela\\app\\Controllers\\ComplaintsInfo.php', 207)
 2 SYSTEMPATH\CodeIgniter.php(942): App\Controllers\ComplaintsInfo->saveReply()
 3 SYSTEMPATH\CodeIgniter.php(502): CodeIgniter\CodeIgniter->runController(Object(App\Controllers\ComplaintsInfo))
 4 SYSTEMPATH\CodeIgniter.php(361): CodeIgniter\CodeIgniter->handleRequest(null, Object(Config\Cache), false)
 5 FCPATH\index.php(79): CodeIgniter\CodeIgniter->run()
CRITICAL - 2025-02-24 12:25:07 --> Undefined property: App\Controllers\ComplaintsInfo::$ComplaintsinfoModel
in APPPATH\Controllers\ComplaintsInfo.php on line 207.
 1 APPPATH\Controllers\ComplaintsInfo.php(207): CodeIgniter\Debug\Exceptions->errorHandler(2, 'Undefined property: App\\Controllers\\ComplaintsInfo::$ComplaintsinfoModel', 'C:\\xampp\\htdocs\\favela\\app\\Controllers\\ComplaintsInfo.php', 207)
 2 SYSTEMPATH\CodeIgniter.php(942): App\Controllers\ComplaintsInfo->saveReply()
 3 SYSTEMPATH\CodeIgniter.php(502): CodeIgniter\CodeIgniter->runController(Object(App\Controllers\ComplaintsInfo))
 4 SYSTEMPATH\CodeIgniter.php(361): CodeIgniter\CodeIgniter->handleRequest(null, Object(Config\Cache), false)
 5 FCPATH\index.php(79): CodeIgniter\CodeIgniter->run()
CRITICAL - 2025-02-24 12:26:02 --> Undefined property: App\Controllers\ComplaintsInfo::$ComplaintsinfoModel
in APPPATH\Controllers\ComplaintsInfo.php on line 207.
 1 APPPATH\Controllers\ComplaintsInfo.php(207): CodeIgniter\Debug\Exceptions->errorHandler(2, 'Undefined property: App\\Controllers\\ComplaintsInfo::$ComplaintsinfoModel', 'C:\\xampp\\htdocs\\favela\\app\\Controllers\\ComplaintsInfo.php', 207)
 2 SYSTEMPATH\CodeIgniter.php(942): App\Controllers\ComplaintsInfo->saveReply()
 3 SYSTEMPATH\CodeIgniter.php(502): CodeIgniter\CodeIgniter->runController(Object(App\Controllers\ComplaintsInfo))
 4 SYSTEMPATH\CodeIgniter.php(361): CodeIgniter\CodeIgniter->handleRequest(null, Object(Config\Cache), false)
 5 FCPATH\index.php(79): CodeIgniter\CodeIgniter->run()
CRITICAL - 2025-02-24 12:27:45 --> Undefined property: App\Controllers\ComplaintsInfo::$ComplaintsinfoModel
in APPPATH\Controllers\ComplaintsInfo.php on line 207.
 1 APPPATH\Controllers\ComplaintsInfo.php(207): CodeIgniter\Debug\Exceptions->errorHandler(2, 'Undefined property: App\\Controllers\\ComplaintsInfo::$ComplaintsinfoModel', 'C:\\xampp\\htdocs\\favela\\app\\Controllers\\ComplaintsInfo.php', 207)
 2 SYSTEMPATH\CodeIgniter.php(942): App\Controllers\ComplaintsInfo->saveReply()
 3 SYSTEMPATH\CodeIgniter.php(502): CodeIgniter\CodeIgniter->runController(Object(App\Controllers\ComplaintsInfo))
 4 SYSTEMPATH\CodeIgniter.php(361): CodeIgniter\CodeIgniter->handleRequest(null, Object(Config\Cache), false)
 5 FCPATH\index.php(79): CodeIgniter\CodeIgniter->run()
ERROR - 2025-02-24 12:41:34 --> mysqli_sql_exception: Unknown column 'action_status' in 'field list' in C:\xampp\htdocs\favela\system\Database\MySQLi\Connection.php:306
Stack trace:
#0 C:\xampp\htdocs\favela\system\Database\MySQLi\Connection.php(306): mysqli->query('INSERT INTO `co...', 0)
#1 C:\xampp\htdocs\favela\system\Database\BaseConnection.php(693): CodeIgniter\Database\MySQLi\Connection->execute('INSERT INTO `co...')
#2 C:\xampp\htdocs\favela\system\Database\BaseConnection.php(607): CodeIgniter\Database\BaseConnection->simpleQuery('INSERT INTO `co...')
#3 C:\xampp\htdocs\favela\system\Database\BaseBuilder.php(2308): CodeIgniter\Database\BaseConnection->query('INSERT INTO `co...', Array, false)
#4 C:\xampp\htdocs\favela\app\Models\ReplyinfoModel.php(13): CodeIgniter\Database\BaseBuilder->insert(Array)
#5 C:\xampp\htdocs\favela\app\Controllers\ComplaintsInfo.php(207): App\Models\ReplyinfoModel->saveComplaintReply(Array)
#6 C:\xampp\htdocs\favela\system\CodeIgniter.php(942): App\Controllers\ComplaintsInfo->saveReply()
#7 C:\xampp\htdocs\favela\system\CodeIgniter.php(502): CodeIgniter\CodeIgniter->runController(Object(App\Controllers\ComplaintsInfo))
#8 C:\xampp\htdocs\favela\system\CodeIgniter.php(361): CodeIgniter\CodeIgniter->handleRequest(NULL, Object(Config\Cache), false)
#9 C:\xampp\htdocs\favela\index.php(79): CodeIgniter\CodeIgniter->run()
#10 {main}
CRITICAL - 2025-02-24 12:41:34 --> Unknown column 'action_status' in 'field list'
in SYSTEMPATH\Database\BaseConnection.php on line 647.
 1 SYSTEMPATH\Database\BaseBuilder.php(2308): CodeIgniter\Database\BaseConnection->query('INSERT INTO `complaints_reply` (`fv_id`, `cm_id`, `us_id`, `reply`, `created_on`, `created_by`, `action_status`) VALUES (:fv_id:, :cm_id:, :us_id:, :reply:, :created_on:, :created_by:, :action_status:)', [...], false)
 2 APPPATH\Models\ReplyinfoModel.php(13): CodeIgniter\Database\BaseBuilder->insert([...])
 3 APPPATH\Controllers\ComplaintsInfo.php(207): App\Models\ReplyinfoModel->saveComplaintReply([...])
 4 SYSTEMPATH\CodeIgniter.php(942): App\Controllers\ComplaintsInfo->saveReply()
 5 SYSTEMPATH\CodeIgniter.php(502): CodeIgniter\CodeIgniter->runController(Object(App\Controllers\ComplaintsInfo))
 6 SYSTEMPATH\CodeIgniter.php(361): CodeIgniter\CodeIgniter->handleRequest(null, Object(Config\Cache), false)
 7 FCPATH\index.php(79): CodeIgniter\CodeIgniter->run()
ERROR - 2025-02-24 12:42:10 --> mysqli_sql_exception: Unknown column 'action_status' in 'field list' in C:\xampp\htdocs\favela\system\Database\MySQLi\Connection.php:306
Stack trace:
#0 C:\xampp\htdocs\favela\system\Database\MySQLi\Connection.php(306): mysqli->query('INSERT INTO `co...', 0)
#1 C:\xampp\htdocs\favela\system\Database\BaseConnection.php(693): CodeIgniter\Database\MySQLi\Connection->execute('INSERT INTO `co...')
#2 C:\xampp\htdocs\favela\system\Database\BaseConnection.php(607): CodeIgniter\Database\BaseConnection->simpleQuery('INSERT INTO `co...')
#3 C:\xampp\htdocs\favela\system\Database\BaseBuilder.php(2308): CodeIgniter\Database\BaseConnection->query('INSERT INTO `co...', Array, false)
#4 C:\xampp\htdocs\favela\app\Models\ReplyinfoModel.php(13): CodeIgniter\Database\BaseBuilder->insert(Array)
#5 C:\xampp\htdocs\favela\app\Controllers\ComplaintsInfo.php(207): App\Models\ReplyinfoModel->saveComplaintReply(Array)
#6 C:\xampp\htdocs\favela\system\CodeIgniter.php(942): App\Controllers\ComplaintsInfo->saveReply()
#7 C:\xampp\htdocs\favela\system\CodeIgniter.php(502): CodeIgniter\CodeIgniter->runController(Object(App\Controllers\ComplaintsInfo))
#8 C:\xampp\htdocs\favela\system\CodeIgniter.php(361): CodeIgniter\CodeIgniter->handleRequest(NULL, Object(Config\Cache), false)
#9 C:\xampp\htdocs\favela\index.php(79): CodeIgniter\CodeIgniter->run()
#10 {main}
CRITICAL - 2025-02-24 12:42:10 --> Unknown column 'action_status' in 'field list'
in SYSTEMPATH\Database\BaseConnection.php on line 647.
 1 SYSTEMPATH\Database\BaseBuilder.php(2308): CodeIgniter\Database\BaseConnection->query('INSERT INTO `complaints_reply` (`fv_id`, `cm_id`, `us_id`, `reply`, `created_on`, `created_by`, `action_status`) VALUES (:fv_id:, :cm_id:, :us_id:, :reply:, :created_on:, :created_by:, :action_status:)', [...], false)
 2 APPPATH\Models\ReplyinfoModel.php(13): CodeIgniter\Database\BaseBuilder->insert([...])
 3 APPPATH\Controllers\ComplaintsInfo.php(207): App\Models\ReplyinfoModel->saveComplaintReply([...])
 4 SYSTEMPATH\CodeIgniter.php(942): App\Controllers\ComplaintsInfo->saveReply()
 5 SYSTEMPATH\CodeIgniter.php(502): CodeIgniter\CodeIgniter->runController(Object(App\Controllers\ComplaintsInfo))
 6 SYSTEMPATH\CodeIgniter.php(361): CodeIgniter\CodeIgniter->handleRequest(null, Object(Config\Cache), false)
 7 FCPATH\index.php(79): CodeIgniter\CodeIgniter->run()
CRITICAL - 2025-02-24 12:50:44 --> Undefined property: App\Controllers\ComplaintsInfo::$db
in APPPATH\Controllers\ComplaintsInfo.php on line 206.
 1 APPPATH\Controllers\ComplaintsInfo.php(206): CodeIgniter\Debug\Exceptions->errorHandler(2, 'Undefined property: App\\Controllers\\ComplaintsInfo::$db', 'C:\\xampp\\htdocs\\favela\\app\\Controllers\\ComplaintsInfo.php', 206)
 2 SYSTEMPATH\CodeIgniter.php(942): App\Controllers\ComplaintsInfo->saveReply()
 3 SYSTEMPATH\CodeIgniter.php(502): CodeIgniter\CodeIgniter->runController(Object(App\Controllers\ComplaintsInfo))
 4 SYSTEMPATH\CodeIgniter.php(361): CodeIgniter\CodeIgniter->handleRequest(null, Object(Config\Cache), false)
 5 FCPATH\index.php(79): CodeIgniter\CodeIgniter->run()
CRITICAL - 2025-02-24 12:52:12 --> Undefined property: App\Controllers\ComplaintsInfo::$db
in APPPATH\Controllers\ComplaintsInfo.php on line 206.
 1 APPPATH\Controllers\ComplaintsInfo.php(206): CodeIgniter\Debug\Exceptions->errorHandler(2, 'Undefined property: App\\Controllers\\ComplaintsInfo::$db', 'C:\\xampp\\htdocs\\favela\\app\\Controllers\\ComplaintsInfo.php', 206)
 2 SYSTEMPATH\CodeIgniter.php(942): App\Controllers\ComplaintsInfo->saveReply()
 3 SYSTEMPATH\CodeIgniter.php(502): CodeIgniter\CodeIgniter->runController(Object(App\Controllers\ComplaintsInfo))
 4 SYSTEMPATH\CodeIgniter.php(361): CodeIgniter\CodeIgniter->handleRequest(null, Object(Config\Cache), false)
 5 FCPATH\index.php(79): CodeIgniter\CodeIgniter->run()
CRITICAL - 2025-02-24 12:52:59 --> Undefined property: App\Controllers\ComplaintsInfo::$db
in APPPATH\Controllers\ComplaintsInfo.php on line 206.
 1 APPPATH\Controllers\ComplaintsInfo.php(206): CodeIgniter\Debug\Exceptions->errorHandler(2, 'Undefined property: App\\Controllers\\ComplaintsInfo::$db', 'C:\\xampp\\htdocs\\favela\\app\\Controllers\\ComplaintsInfo.php', 206)
 2 SYSTEMPATH\CodeIgniter.php(942): App\Controllers\ComplaintsInfo->saveReply()
 3 SYSTEMPATH\CodeIgniter.php(502): CodeIgniter\CodeIgniter->runController(Object(App\Controllers\ComplaintsInfo))
 4 SYSTEMPATH\CodeIgniter.php(361): CodeIgniter\CodeIgniter->handleRequest(null, Object(Config\Cache), false)
 5 FCPATH\index.php(79): CodeIgniter\CodeIgniter->run()
CRITICAL - 2025-02-24 12:53:31 --> Undefined property: App\Controllers\ComplaintsInfo::$db
in APPPATH\Controllers\ComplaintsInfo.php on line 206.
 1 APPPATH\Controllers\ComplaintsInfo.php(206): CodeIgniter\Debug\Exceptions->errorHandler(2, 'Undefined property: App\\Controllers\\ComplaintsInfo::$db', 'C:\\xampp\\htdocs\\favela\\app\\Controllers\\ComplaintsInfo.php', 206)
 2 SYSTEMPATH\CodeIgniter.php(942): App\Controllers\ComplaintsInfo->saveReply()
 3 SYSTEMPATH\CodeIgniter.php(502): CodeIgniter\CodeIgniter->runController(Object(App\Controllers\ComplaintsInfo))
 4 SYSTEMPATH\CodeIgniter.php(361): CodeIgniter\CodeIgniter->handleRequest(null, Object(Config\Cache), false)
 5 FCPATH\index.php(79): CodeIgniter\CodeIgniter->run()
