CRITICAL - 2024-07-12 03:47:07 --> Undefined constant "CodeIgniter\Database\MySQLi\MYSQLI_STORE_RESULT"
in SYSTEMPATH/Database/Database.php on line 137.
 1 SYSTEMPATH/Database/Database.php(55): CodeIgniter\Database\Database->initDriver()
 2 SYSTEMPATH/Database/Config.php(83): CodeIgniter\Database\Database->load()
 3 APPPATH/Models/ComplaintsInfoModel.php(9): CodeIgniter\Database\Config::connect()
 4 APPPATH/Controllers/ComplaintsInfo.php(11): App\Models\ComplaintsInfoModel->__construct()
 5 SYSTEMPATH/CodeIgniter.php(914): App\Controllers\ComplaintsInfo->__construct()
 6 SYSTEMPATH/CodeIgniter.php(493): CodeIgniter\CodeIgniter->createController()
 7 SYSTEMPATH/CodeIgniter.php(361): CodeIgniter\CodeIgniter->handleRequest()
 8 FCPATH/index.php(79): CodeIgniter\CodeIgniter->run()
CRITICAL - 2024-07-12 03:47:15 --> Undefined constant "CodeIgniter\Database\MySQLi\MYSQLI_STORE_RESULT"
in SYSTEMPATH/Database/Database.php on line 137.
 1 SYSTEMPATH/Database/Database.php(55): CodeIgniter\Database\Database->initDriver()
 2 SYSTEMPATH/Database/Config.php(83): CodeIgniter\Database\Database->load()
 3 APPPATH/Models/ComplaintsInfoModel.php(9): CodeIgniter\Database\Config::connect()
 4 APPPATH/Controllers/ComplaintsInfo.php(11): App\Models\ComplaintsInfoModel->__construct()
 5 SYSTEMPATH/CodeIgniter.php(914): App\Controllers\ComplaintsInfo->__construct()
 6 SYSTEMPATH/CodeIgniter.php(493): CodeIgniter\CodeIgniter->createController()
 7 SYSTEMPATH/CodeIgniter.php(361): CodeIgniter\CodeIgniter->handleRequest()
 8 FCPATH/index.php(79): CodeIgniter\CodeIgniter->run()
CRITICAL - 2024-07-12 05:27:21 --> Attempt to read property "auth" on null
in APPPATH/Controllers/Login.php on line 27.
 1 APPPATH/Controllers/Login.php(27): CodeIgniter\Debug\Exceptions->errorHandler()
 2 SYSTEMPATH/CodeIgniter.php(942): App\Controllers\Login->login()
 3 SYSTEMPATH/CodeIgniter.php(502): CodeIgniter\CodeIgniter->runController()
 4 SYSTEMPATH/CodeIgniter.php(361): CodeIgniter\CodeIgniter->handleRequest()
 5 FCPATH/index.php(79): CodeIgniter\CodeIgniter->run()
CRITICAL - 2024-07-12 05:27:26 --> Attempt to read property "auth" on null
in APPPATH/Controllers/Login.php on line 27.
 1 APPPATH/Controllers/Login.php(27): CodeIgniter\Debug\Exceptions->errorHandler()
 2 SYSTEMPATH/CodeIgniter.php(942): App\Controllers\Login->login()
 3 SYSTEMPATH/CodeIgniter.php(502): CodeIgniter\CodeIgniter->runController()
 4 SYSTEMPATH/CodeIgniter.php(361): CodeIgniter\CodeIgniter->handleRequest()
 5 FCPATH/index.php(79): CodeIgniter\CodeIgniter->run()
CRITICAL - 2024-07-12 05:28:23 --> Attempt to read property "auth" on null
in APPPATH/Controllers/Login.php on line 27.
 1 APPPATH/Controllers/Login.php(27): CodeIgniter\Debug\Exceptions->errorHandler()
 2 SYSTEMPATH/CodeIgniter.php(942): App\Controllers\Login->login()
 3 SYSTEMPATH/CodeIgniter.php(502): CodeIgniter\CodeIgniter->runController()
 4 SYSTEMPATH/CodeIgniter.php(361): CodeIgniter\CodeIgniter->handleRequest()
 5 FCPATH/index.php(79): CodeIgniter\CodeIgniter->run()
CRITICAL - 2024-07-12 05:43:19 --> Attempt to read property "auth" on null
in APPPATH/Controllers/Login.php on line 27.
 1 APPPATH/Controllers/Login.php(27): CodeIgniter\Debug\Exceptions->errorHandler()
 2 SYSTEMPATH/CodeIgniter.php(942): App\Controllers\Login->login()
 3 SYSTEMPATH/CodeIgniter.php(502): CodeIgniter\CodeIgniter->runController()
 4 SYSTEMPATH/CodeIgniter.php(361): CodeIgniter\CodeIgniter->handleRequest()
 5 FCPATH/index.php(79): CodeIgniter\CodeIgniter->run()
CRITICAL - 2024-07-12 08:29:01 --> Attempt to read property "auth" on null
in APPPATH/Controllers/Login.php on line 27.
 1 APPPATH/Controllers/Login.php(27): CodeIgniter\Debug\Exceptions->errorHandler()
 2 SYSTEMPATH/CodeIgniter.php(942): App\Controllers\Login->login()
 3 SYSTEMPATH/CodeIgniter.php(502): CodeIgniter\CodeIgniter->runController()
 4 SYSTEMPATH/CodeIgniter.php(361): CodeIgniter\CodeIgniter->handleRequest()
 5 FCPATH/index.php(79): CodeIgniter\CodeIgniter->run()
CRITICAL - 2024-07-12 09:01:04 --> Attempt to read property "auth" on null
in APPPATH/Controllers/Login.php on line 27.
 1 APPPATH/Controllers/Login.php(27): CodeIgniter\Debug\Exceptions->errorHandler()
 2 SYSTEMPATH/CodeIgniter.php(942): App\Controllers\Login->login()
 3 SYSTEMPATH/CodeIgniter.php(502): CodeIgniter\CodeIgniter->runController()
 4 SYSTEMPATH/CodeIgniter.php(361): CodeIgniter\CodeIgniter->handleRequest()
 5 FCPATH/index.php(79): CodeIgniter\CodeIgniter->run()
CRITICAL - 2024-07-12 09:01:04 --> Attempt to read property "auth" on null
in APPPATH/Controllers/Login.php on line 27.
 1 APPPATH/Controllers/Login.php(27): CodeIgniter\Debug\Exceptions->errorHandler()
 2 SYSTEMPATH/CodeIgniter.php(942): App\Controllers\Login->login()
 3 SYSTEMPATH/CodeIgniter.php(502): CodeIgniter\CodeIgniter->runController()
 4 SYSTEMPATH/CodeIgniter.php(361): CodeIgniter\CodeIgniter->handleRequest()
 5 FCPATH/index.php(79): CodeIgniter\CodeIgniter->run()
