CRITICAL - 2024-02-12 04:35:47 --> implode(): Argument #1 ($pieces) must be of type array, string given
in APPPATH/Controllers/Roles.php on line 48.
 1 APPPATH/Controllers/Roles.php(48): implode()
 2 SYSTEMPATH/CodeIgniter.php(942): App\Controllers\Roles->createnew()
 3 SYSTEMPATH/CodeIgniter.php(502): CodeIgniter\CodeIgniter->runController()
 4 SYSTEMPATH/CodeIgniter.php(361): CodeIgniter\CodeIgniter->handleRequest()
 5 FCPATH/index.php(79): CodeIgniter\CodeIgniter->run()
CRITICAL - 2024-02-12 04:35:57 --> implode(): Argument #1 ($pieces) must be of type array, string given
in APPPATH/Controllers/Roles.php on line 48.
 1 APPPATH/Controllers/Roles.php(48): implode()
 2 SYSTEMPATH/CodeIgniter.php(942): App\Controllers\Roles->createnew()
 3 SYSTEMPATH/CodeIgniter.php(502): CodeIgniter\CodeIgniter->runController()
 4 SYSTEMPATH/CodeIgniter.php(361): CodeIgniter\CodeIgniter->handleRequest()
 5 FCPATH/index.php(79): CodeIgniter\CodeIgniter->run()
CRITICAL - 2024-02-12 04:36:42 --> implode(): Argument #1 ($pieces) must be of type array, string given
in APPPATH/Controllers/Roles.php on line 48.
 1 APPPATH/Controllers/Roles.php(48): implode()
 2 SYSTEMPATH/CodeIgniter.php(942): App\Controllers\Roles->createnew()
 3 SYSTEMPATH/CodeIgniter.php(502): CodeIgniter\CodeIgniter->runController()
 4 SYSTEMPATH/CodeIgniter.php(361): CodeIgniter\CodeIgniter->handleRequest()
 5 FCPATH/index.php(79): CodeIgniter\CodeIgniter->run()
CRITICAL - 2024-02-12 09:11:47 --> implode(): Argument #1 ($pieces) must be of type array, string given
in APPPATH/Controllers/Roles.php on line 48.
 1 APPPATH/Controllers/Roles.php(48): implode()
 2 SYSTEMPATH/CodeIgniter.php(942): App\Controllers\Roles->createnew()
 3 SYSTEMPATH/CodeIgniter.php(502): CodeIgniter\CodeIgniter->runController()
 4 SYSTEMPATH/CodeIgniter.php(361): CodeIgniter\CodeIgniter->handleRequest()
 5 FCPATH/index.php(79): CodeIgniter\CodeIgniter->run()
CRITICAL - 2024-02-12 09:11:50 --> implode(): Argument #1 ($pieces) must be of type array, string given
in APPPATH/Controllers/Roles.php on line 48.
 1 APPPATH/Controllers/Roles.php(48): implode()
 2 SYSTEMPATH/CodeIgniter.php(942): App\Controllers\Roles->createnew()
 3 SYSTEMPATH/CodeIgniter.php(502): CodeIgniter\CodeIgniter->runController()
 4 SYSTEMPATH/CodeIgniter.php(361): CodeIgniter\CodeIgniter->handleRequest()
 5 FCPATH/index.php(79): CodeIgniter\CodeIgniter->run()
