ERROR - 2025-10-14 05:07:07 --> mysqli_sql_exception: You have an error in your SQL syntax; check the manual that corresponds to your MariaDB server version for the right syntax to use near 's standard dummy text ever since the 1500s, when an unknown printer took a ga...' at line 1 in C:\xampp\htdocs\favela\system\Database\MySQLi\Connection.php:306
Stack trace:
#0 C:\xampp\htdocs\favela\system\Database\MySQLi\Connection.php(306): mysqli->query('select * from a...', 0)
#1 C:\xampp\htdocs\favela\system\Database\BaseConnection.php(693): CodeIgniter\Database\MySQLi\Connection->execute('select * from a...')
#2 C:\xampp\htdocs\favela\system\Database\BaseConnection.php(607): CodeIgniter\Database\BaseConnection->simpleQuery('select * from a...')
#3 C:\xampp\htdocs\favela\app\Models\AnnouncementsModel.php(24): CodeIgniter\Database\BaseConnection->query('select * from a...')
#4 C:\xampp\htdocs\favela\app\Controllers\Announcements.php(63): App\Models\AnnouncementsModel->checkAnnouncement('Lorem Ipsum is ...', '1', '8')
#5 C:\xampp\htdocs\favela\system\CodeIgniter.php(942): App\Controllers\Announcements->createnew()
#6 C:\xampp\htdocs\favela\system\CodeIgniter.php(502): CodeIgniter\CodeIgniter->runController(Object(App\Controllers\Announcements))
#7 C:\xampp\htdocs\favela\system\CodeIgniter.php(361): CodeIgniter\CodeIgniter->handleRequest(NULL, Object(Config\Cache), false)
#8 C:\xampp\htdocs\favela\index.php(79): CodeIgniter\CodeIgniter->run()
#9 {main}
CRITICAL - 2025-10-14 05:07:07 --> You have an error in your SQL syntax; check the manual that corresponds to your MariaDB server version for the right syntax to use near 's standard dummy text ever since the 1500s, when an unknown printer took a ga...' at line 1
in SYSTEMPATH\Database\BaseConnection.php on line 647.
 1 APPPATH\Models\AnnouncementsModel.php(24): CodeIgniter\Database\BaseConnection->query('select * from announcements where announcements = \'Lorem Ipsum is simply dummy text of the printing and typesetting industry. Lorem Ipsum has been the industry\'s standard dummy text ever since the 1500s, when an unknown printer took a galley of type and scrambled it to make a type specimen book. It has survived not only five centuries, but also the leap into electronic typesetting, remaining essentially unchanged.\' and fv_id = 1 and anoc_id<>8')
 2 APPPATH\Controllers\Announcements.php(63): App\Models\AnnouncementsModel->checkAnnouncement('Lorem Ipsum is simply dummy text of the printing and typesetting industry. Lorem Ipsum has been the industry\'s standard dummy text ever since the 1500s, when an unknown printer took a galley of type and scrambled it to make a type specimen book. It has survived not only five centuries, but also the leap into electronic typesetting, remaining essentially unchanged.', '1', '8')
 3 SYSTEMPATH\CodeIgniter.php(942): App\Controllers\Announcements->createnew()
 4 SYSTEMPATH\CodeIgniter.php(502): CodeIgniter\CodeIgniter->runController(Object(App\Controllers\Announcements))
 5 SYSTEMPATH\CodeIgniter.php(361): CodeIgniter\CodeIgniter->handleRequest(null, Object(Config\Cache), false)
 6 FCPATH\index.php(79): CodeIgniter\CodeIgniter->run()
ERROR - 2025-10-14 05:08:47 --> mysqli_sql_exception: Unknown column 'createnew' in 'where clause' in C:\xampp\htdocs\favela\system\Database\MySQLi\Connection.php:306
Stack trace:
#0 C:\xampp\htdocs\favela\system\Database\MySQLi\Connection.php(306): mysqli->query('select * from a...', 0)
#1 C:\xampp\htdocs\favela\system\Database\BaseConnection.php(693): CodeIgniter\Database\MySQLi\Connection->execute('select * from a...')
#2 C:\xampp\htdocs\favela\system\Database\BaseConnection.php(607): CodeIgniter\Database\BaseConnection->simpleQuery('select * from a...')
#3 C:\xampp\htdocs\favela\app\Models\AnnouncementsModel.php(58): CodeIgniter\Database\BaseConnection->query('select * from a...')
#4 C:\xampp\htdocs\favela\app\Controllers\Announcements.php(19): App\Models\AnnouncementsModel->getThisAnnouncement('createnew')
#5 C:\xampp\htdocs\favela\system\CodeIgniter.php(942): App\Controllers\Announcements->index('createnew')
#6 C:\xampp\htdocs\favela\system\CodeIgniter.php(502): CodeIgniter\CodeIgniter->runController(Object(App\Controllers\Announcements))
#7 C:\xampp\htdocs\favela\system\CodeIgniter.php(361): CodeIgniter\CodeIgniter->handleRequest(NULL, Object(Config\Cache), false)
#8 C:\xampp\htdocs\favela\index.php(79): CodeIgniter\CodeIgniter->run()
#9 {main}
CRITICAL - 2025-10-14 05:08:47 --> Unknown column 'createnew' in 'where clause'
in SYSTEMPATH\Database\BaseConnection.php on line 647.
 1 APPPATH\Models\AnnouncementsModel.php(58): CodeIgniter\Database\BaseConnection->query('select * from announcements where anoc_id = createnew')
 2 APPPATH\Controllers\Announcements.php(19): App\Models\AnnouncementsModel->getThisAnnouncement('createnew')
 3 SYSTEMPATH\CodeIgniter.php(942): App\Controllers\Announcements->index('createnew')
 4 SYSTEMPATH\CodeIgniter.php(502): CodeIgniter\CodeIgniter->runController(Object(App\Controllers\Announcements))
 5 SYSTEMPATH\CodeIgniter.php(361): CodeIgniter\CodeIgniter->handleRequest(null, Object(Config\Cache), false)
 6 FCPATH\index.php(79): CodeIgniter\CodeIgniter->run()
ERROR - 2025-10-14 05:10:19 --> mysqli_sql_exception: You have an error in your SQL syntax; check the manual that corresponds to your MariaDB server version for the right syntax to use near 's standard dummy text ever since the 1500s, when an unknown printer took a ga...' at line 1 in C:\xampp\htdocs\favela\system\Database\MySQLi\Connection.php:306
Stack trace:
#0 C:\xampp\htdocs\favela\system\Database\MySQLi\Connection.php(306): mysqli->query('select * from a...', 0)
#1 C:\xampp\htdocs\favela\system\Database\BaseConnection.php(693): CodeIgniter\Database\MySQLi\Connection->execute('select * from a...')
#2 C:\xampp\htdocs\favela\system\Database\BaseConnection.php(607): CodeIgniter\Database\BaseConnection->simpleQuery('select * from a...')
#3 C:\xampp\htdocs\favela\app\Models\AnnouncementsModel.php(24): CodeIgniter\Database\BaseConnection->query('select * from a...')
#4 C:\xampp\htdocs\favela\app\Controllers\Announcements.php(63): App\Models\AnnouncementsModel->checkAnnouncement('Lorem Ipsum is ...', '1', '8')
#5 C:\xampp\htdocs\favela\system\CodeIgniter.php(942): App\Controllers\Announcements->createnew()
#6 C:\xampp\htdocs\favela\system\CodeIgniter.php(502): CodeIgniter\CodeIgniter->runController(Object(App\Controllers\Announcements))
#7 C:\xampp\htdocs\favela\system\CodeIgniter.php(361): CodeIgniter\CodeIgniter->handleRequest(NULL, Object(Config\Cache), false)
#8 C:\xampp\htdocs\favela\index.php(79): CodeIgniter\CodeIgniter->run()
#9 {main}
CRITICAL - 2025-10-14 05:10:19 --> You have an error in your SQL syntax; check the manual that corresponds to your MariaDB server version for the right syntax to use near 's standard dummy text ever since the 1500s, when an unknown printer took a ga...' at line 1
in SYSTEMPATH\Database\BaseConnection.php on line 647.
 1 APPPATH\Models\AnnouncementsModel.php(24): CodeIgniter\Database\BaseConnection->query('select * from announcements where announcements = \'Lorem Ipsum is simply dummy text of the printing and typesetting industry. Lorem Ipsum has been the industry\'s standard dummy text ever since the 1500s, when an unknown printer took a galley of type and scrambled it to make a type specimen book. It has survived not only five centuries, but also the leap into electronic typesetting, remaining essentially unchanged.\' and fv_id = 1 and anoc_id<>8')
 2 APPPATH\Controllers\Announcements.php(63): App\Models\AnnouncementsModel->checkAnnouncement('Lorem Ipsum is simply dummy text of the printing and typesetting industry. Lorem Ipsum has been the industry\'s standard dummy text ever since the 1500s, when an unknown printer took a galley of type and scrambled it to make a type specimen book. It has survived not only five centuries, but also the leap into electronic typesetting, remaining essentially unchanged.', '1', '8')
 3 SYSTEMPATH\CodeIgniter.php(942): App\Controllers\Announcements->createnew()
 4 SYSTEMPATH\CodeIgniter.php(502): CodeIgniter\CodeIgniter->runController(Object(App\Controllers\Announcements))
 5 SYSTEMPATH\CodeIgniter.php(361): CodeIgniter\CodeIgniter->handleRequest(null, Object(Config\Cache), false)
 6 FCPATH\index.php(79): CodeIgniter\CodeIgniter->run()
CRITICAL - 2025-10-14 09:10:46 --> Undefined variable $expiry_date
in APPPATH\Views\announcement.php on line 63.
 1 APPPATH\Views\announcement.php(63): CodeIgniter\Debug\Exceptions->errorHandler(2, 'Undefined variable $expiry_date', 'C:\\xampp\\htdocs\\favela\\app\\Views\\announcement.php', 63)
 2 SYSTEMPATH\View\View.php(228): include('C:\\xampp\\htdocs\\favela\\app\\Views\\announcement.php')
 3 SYSTEMPATH\View\View.php(231): CodeIgniter\View\View->CodeIgniter\View\{closure}()
 4 SYSTEMPATH\Common.php(1190): CodeIgniter\View\View->render('announcement', [], true)
 5 APPPATH\Controllers\Announcements.php(44): view('announcement')
 6 SYSTEMPATH\CodeIgniter.php(942): App\Controllers\Announcements->index()
 7 SYSTEMPATH\CodeIgniter.php(502): CodeIgniter\CodeIgniter->runController(Object(App\Controllers\Announcements))
 8 SYSTEMPATH\CodeIgniter.php(361): CodeIgniter\CodeIgniter->handleRequest(null, Object(Config\Cache), false)
 9 FCPATH\index.php(79): CodeIgniter\CodeIgniter->run()
CRITICAL - 2025-10-14 09:11:56 --> Undefined variable $expiry_date
in APPPATH\Views\announcement.php on line 63.
 1 APPPATH\Views\announcement.php(63): CodeIgniter\Debug\Exceptions->errorHandler(2, 'Undefined variable $expiry_date', 'C:\\xampp\\htdocs\\favela\\app\\Views\\announcement.php', 63)
 2 SYSTEMPATH\View\View.php(228): include('C:\\xampp\\htdocs\\favela\\app\\Views\\announcement.php')
 3 SYSTEMPATH\View\View.php(231): CodeIgniter\View\View->CodeIgniter\View\{closure}()
 4 SYSTEMPATH\Common.php(1190): CodeIgniter\View\View->render('announcement', [], true)
 5 APPPATH\Controllers\Announcements.php(46): view('announcement')
 6 SYSTEMPATH\CodeIgniter.php(942): App\Controllers\Announcements->index()
 7 SYSTEMPATH\CodeIgniter.php(502): CodeIgniter\CodeIgniter->runController(Object(App\Controllers\Announcements))
 8 SYSTEMPATH\CodeIgniter.php(361): CodeIgniter\CodeIgniter->handleRequest(null, Object(Config\Cache), false)
 9 FCPATH\index.php(79): CodeIgniter\CodeIgniter->run()
CRITICAL - 2025-10-14 09:13:00 --> Undefined variable $expiry_date
in APPPATH\Views\announcement.php on line 63.
 1 APPPATH\Views\announcement.php(63): CodeIgniter\Debug\Exceptions->errorHandler(2, 'Undefined variable $expiry_date', 'C:\\xampp\\htdocs\\favela\\app\\Views\\announcement.php', 63)
 2 SYSTEMPATH\View\View.php(228): include('C:\\xampp\\htdocs\\favela\\app\\Views\\announcement.php')
 3 SYSTEMPATH\View\View.php(231): CodeIgniter\View\View->CodeIgniter\View\{closure}()
 4 SYSTEMPATH\Common.php(1190): CodeIgniter\View\View->render('announcement', [], true)
 5 APPPATH\Controllers\Announcements.php(46): view('announcement')
 6 SYSTEMPATH\CodeIgniter.php(942): App\Controllers\Announcements->index()
 7 SYSTEMPATH\CodeIgniter.php(502): CodeIgniter\CodeIgniter->runController(Object(App\Controllers\Announcements))
 8 SYSTEMPATH\CodeIgniter.php(361): CodeIgniter\CodeIgniter->handleRequest(null, Object(Config\Cache), false)
 9 FCPATH\index.php(79): CodeIgniter\CodeIgniter->run()
CRITICAL - 2025-10-14 09:14:09 --> Undefined variable $expiry_date
in APPPATH\Views\announcement.php on line 63.
 1 APPPATH\Views\announcement.php(63): CodeIgniter\Debug\Exceptions->errorHandler(2, 'Undefined variable $expiry_date', 'C:\\xampp\\htdocs\\favela\\app\\Views\\announcement.php', 63)
 2 SYSTEMPATH\View\View.php(228): include('C:\\xampp\\htdocs\\favela\\app\\Views\\announcement.php')
 3 SYSTEMPATH\View\View.php(231): CodeIgniter\View\View->CodeIgniter\View\{closure}()
 4 SYSTEMPATH\Common.php(1190): CodeIgniter\View\View->render('announcement', [], true)
 5 APPPATH\Controllers\Announcements.php(46): view('announcement')
 6 SYSTEMPATH\CodeIgniter.php(942): App\Controllers\Announcements->index()
 7 SYSTEMPATH\CodeIgniter.php(502): CodeIgniter\CodeIgniter->runController(Object(App\Controllers\Announcements))
 8 SYSTEMPATH\CodeIgniter.php(361): CodeIgniter\CodeIgniter->handleRequest(null, Object(Config\Cache), false)
 9 FCPATH\index.php(79): CodeIgniter\CodeIgniter->run()
CRITICAL - 2025-10-14 09:16:16 --> Undefined variable $expiry_date
in APPPATH\Views\announcement.php on line 63.
 1 APPPATH\Views\announcement.php(63): CodeIgniter\Debug\Exceptions->errorHandler(2, 'Undefined variable $expiry_date', 'C:\\xampp\\htdocs\\favela\\app\\Views\\announcement.php', 63)
 2 SYSTEMPATH\View\View.php(228): include('C:\\xampp\\htdocs\\favela\\app\\Views\\announcement.php')
 3 SYSTEMPATH\View\View.php(231): CodeIgniter\View\View->CodeIgniter\View\{closure}()
 4 SYSTEMPATH\Common.php(1190): CodeIgniter\View\View->render('announcement', [], true)
 5 APPPATH\Controllers\Announcements.php(48): view('announcement')
 6 SYSTEMPATH\CodeIgniter.php(942): App\Controllers\Announcements->index()
 7 SYSTEMPATH\CodeIgniter.php(502): CodeIgniter\CodeIgniter->runController(Object(App\Controllers\Announcements))
 8 SYSTEMPATH\CodeIgniter.php(361): CodeIgniter\CodeIgniter->handleRequest(null, Object(Config\Cache), false)
 9 FCPATH\index.php(79): CodeIgniter\CodeIgniter->run()
CRITICAL - 2025-10-14 09:16:38 --> Undefined variable $expiry_date
in APPPATH\Views\announcement.php on line 63.
 1 APPPATH\Views\announcement.php(63): CodeIgniter\Debug\Exceptions->errorHandler(2, 'Undefined variable $expiry_date', 'C:\\xampp\\htdocs\\favela\\app\\Views\\announcement.php', 63)
 2 SYSTEMPATH\View\View.php(228): include('C:\\xampp\\htdocs\\favela\\app\\Views\\announcement.php')
 3 SYSTEMPATH\View\View.php(231): CodeIgniter\View\View->CodeIgniter\View\{closure}()
 4 SYSTEMPATH\Common.php(1190): CodeIgniter\View\View->render('announcement', [], true)
 5 APPPATH\Controllers\Announcements.php(48): view('announcement')
 6 SYSTEMPATH\CodeIgniter.php(942): App\Controllers\Announcements->index()
 7 SYSTEMPATH\CodeIgniter.php(502): CodeIgniter\CodeIgniter->runController(Object(App\Controllers\Announcements))
 8 SYSTEMPATH\CodeIgniter.php(361): CodeIgniter\CodeIgniter->handleRequest(null, Object(Config\Cache), false)
 9 FCPATH\index.php(79): CodeIgniter\CodeIgniter->run()
CRITICAL - 2025-10-14 09:28:45 --> Undefined variable $announce_date
in APPPATH\Views\announcement.php on line 57.
 1 APPPATH\Views\announcement.php(57): CodeIgniter\Debug\Exceptions->errorHandler(2, 'Undefined variable $announce_date', 'C:\\xampp\\htdocs\\favela\\app\\Views\\announcement.php', 57)
 2 SYSTEMPATH\View\View.php(228): include('C:\\xampp\\htdocs\\favela\\app\\Views\\announcement.php')
 3 SYSTEMPATH\View\View.php(231): CodeIgniter\View\View->CodeIgniter\View\{closure}()
 4 SYSTEMPATH\Common.php(1190): CodeIgniter\View\View->render('announcement', [], true)
 5 APPPATH\Controllers\Announcements.php(48): view('announcement')
 6 SYSTEMPATH\CodeIgniter.php(942): App\Controllers\Announcements->index()
 7 SYSTEMPATH\CodeIgniter.php(502): CodeIgniter\CodeIgniter->runController(Object(App\Controllers\Announcements))
 8 SYSTEMPATH\CodeIgniter.php(361): CodeIgniter\CodeIgniter->handleRequest(null, Object(Config\Cache), false)
 9 FCPATH\index.php(79): CodeIgniter\CodeIgniter->run()
ERROR - 2025-10-14 09:33:40 --> mysqli_sql_exception: Column 'expiry_date' cannot be null in C:\xampp\htdocs\favela\system\Database\MySQLi\Connection.php:306
Stack trace:
#0 C:\xampp\htdocs\favela\system\Database\MySQLi\Connection.php(306): mysqli->query('INSERT INTO `an...', 0)
#1 C:\xampp\htdocs\favela\system\Database\BaseConnection.php(693): CodeIgniter\Database\MySQLi\Connection->execute('INSERT INTO `an...')
#2 C:\xampp\htdocs\favela\system\Database\BaseConnection.php(607): CodeIgniter\Database\BaseConnection->simpleQuery('INSERT INTO `an...')
#3 C:\xampp\htdocs\favela\system\Database\BaseBuilder.php(2308): CodeIgniter\Database\BaseConnection->query('INSERT INTO `an...', Array, false)
#4 C:\xampp\htdocs\favela\app\Models\AnnouncementsModel.php(28): CodeIgniter\Database\BaseBuilder->insert(Array)
#5 C:\xampp\htdocs\favela\app\Controllers\Announcements.php(87): App\Models\AnnouncementsModel->createAnnouncement(Array)
#6 C:\xampp\htdocs\favela\system\CodeIgniter.php(942): App\Controllers\Announcements->createnew()
#7 C:\xampp\htdocs\favela\system\CodeIgniter.php(502): CodeIgniter\CodeIgniter->runController(Object(App\Controllers\Announcements))
#8 C:\xampp\htdocs\favela\system\CodeIgniter.php(361): CodeIgniter\CodeIgniter->handleRequest(NULL, Object(Config\Cache), false)
#9 C:\xampp\htdocs\favela\index.php(79): CodeIgniter\CodeIgniter->run()
#10 {main}
CRITICAL - 2025-10-14 09:33:40 --> Column 'expiry_date' cannot be null
in SYSTEMPATH\Database\BaseConnection.php on line 647.
 1 SYSTEMPATH\Database\BaseBuilder.php(2308): CodeIgniter\Database\BaseConnection->query('INSERT INTO `announcements` (`fv_id`, `subject`, `announcements`, `expiry_date`, `created_on`, `created_by`) VALUES (:fv_id:, :subject:, :announcements:, :expiry_date :, :created_on:, :created_by:)', [...], false)
 2 APPPATH\Models\AnnouncementsModel.php(28): CodeIgniter\Database\BaseBuilder->insert([...])
 3 APPPATH\Controllers\Announcements.php(87): App\Models\AnnouncementsModel->createAnnouncement([...])
 4 SYSTEMPATH\CodeIgniter.php(942): App\Controllers\Announcements->createnew()
 5 SYSTEMPATH\CodeIgniter.php(502): CodeIgniter\CodeIgniter->runController(Object(App\Controllers\Announcements))
 6 SYSTEMPATH\CodeIgniter.php(361): CodeIgniter\CodeIgniter->handleRequest(null, Object(Config\Cache), false)
 7 FCPATH\index.php(79): CodeIgniter\CodeIgniter->run()
ERROR - 2025-10-14 09:33:42 --> mysqli_sql_exception: Column 'expiry_date' cannot be null in C:\xampp\htdocs\favela\system\Database\MySQLi\Connection.php:306
Stack trace:
#0 C:\xampp\htdocs\favela\system\Database\MySQLi\Connection.php(306): mysqli->query('INSERT INTO `an...', 0)
#1 C:\xampp\htdocs\favela\system\Database\BaseConnection.php(693): CodeIgniter\Database\MySQLi\Connection->execute('INSERT INTO `an...')
#2 C:\xampp\htdocs\favela\system\Database\BaseConnection.php(607): CodeIgniter\Database\BaseConnection->simpleQuery('INSERT INTO `an...')
#3 C:\xampp\htdocs\favela\system\Database\BaseBuilder.php(2308): CodeIgniter\Database\BaseConnection->query('INSERT INTO `an...', Array, false)
#4 C:\xampp\htdocs\favela\app\Models\AnnouncementsModel.php(28): CodeIgniter\Database\BaseBuilder->insert(Array)
#5 C:\xampp\htdocs\favela\app\Controllers\Announcements.php(87): App\Models\AnnouncementsModel->createAnnouncement(Array)
#6 C:\xampp\htdocs\favela\system\CodeIgniter.php(942): App\Controllers\Announcements->createnew()
#7 C:\xampp\htdocs\favela\system\CodeIgniter.php(502): CodeIgniter\CodeIgniter->runController(Object(App\Controllers\Announcements))
#8 C:\xampp\htdocs\favela\system\CodeIgniter.php(361): CodeIgniter\CodeIgniter->handleRequest(NULL, Object(Config\Cache), false)
#9 C:\xampp\htdocs\favela\index.php(79): CodeIgniter\CodeIgniter->run()
#10 {main}
CRITICAL - 2025-10-14 09:33:42 --> Column 'expiry_date' cannot be null
in SYSTEMPATH\Database\BaseConnection.php on line 647.
 1 SYSTEMPATH\Database\BaseBuilder.php(2308): CodeIgniter\Database\BaseConnection->query('INSERT INTO `announcements` (`fv_id`, `subject`, `announcements`, `expiry_date`, `created_on`, `created_by`) VALUES (:fv_id:, :subject:, :announcements:, :expiry_date :, :created_on:, :created_by:)', [...], false)
 2 APPPATH\Models\AnnouncementsModel.php(28): CodeIgniter\Database\BaseBuilder->insert([...])
 3 APPPATH\Controllers\Announcements.php(87): App\Models\AnnouncementsModel->createAnnouncement([...])
 4 SYSTEMPATH\CodeIgniter.php(942): App\Controllers\Announcements->createnew()
 5 SYSTEMPATH\CodeIgniter.php(502): CodeIgniter\CodeIgniter->runController(Object(App\Controllers\Announcements))
 6 SYSTEMPATH\CodeIgniter.php(361): CodeIgniter\CodeIgniter->handleRequest(null, Object(Config\Cache), false)
 7 FCPATH\index.php(79): CodeIgniter\CodeIgniter->run()
CRITICAL - 2025-10-14 09:39:46 --> Undefined variable $expiry_date
in APPPATH\Views\announcement.php on line 63.
 1 APPPATH\Views\announcement.php(63): CodeIgniter\Debug\Exceptions->errorHandler(2, 'Undefined variable $expiry_date', 'C:\\xampp\\htdocs\\favela\\app\\Views\\announcement.php', 63)
 2 SYSTEMPATH\View\View.php(228): include('C:\\xampp\\htdocs\\favela\\app\\Views\\announcement.php')
 3 SYSTEMPATH\View\View.php(231): CodeIgniter\View\View->CodeIgniter\View\{closure}()
 4 SYSTEMPATH\Common.php(1190): CodeIgniter\View\View->render('announcement', [], true)
 5 APPPATH\Controllers\Announcements.php(46): view('announcement')
 6 SYSTEMPATH\CodeIgniter.php(942): App\Controllers\Announcements->index()
 7 SYSTEMPATH\CodeIgniter.php(502): CodeIgniter\CodeIgniter->runController(Object(App\Controllers\Announcements))
 8 SYSTEMPATH\CodeIgniter.php(361): CodeIgniter\CodeIgniter->handleRequest(null, Object(Config\Cache), false)
 9 FCPATH\index.php(79): CodeIgniter\CodeIgniter->run()
CRITICAL - 2025-10-14 09:41:07 --> Undefined variable $expiry_date
in APPPATH\Views\announcement.php on line 63.
 1 APPPATH\Views\announcement.php(63): CodeIgniter\Debug\Exceptions->errorHandler(2, 'Undefined variable $expiry_date', 'C:\\xampp\\htdocs\\favela\\app\\Views\\announcement.php', 63)
 2 SYSTEMPATH\View\View.php(228): include('C:\\xampp\\htdocs\\favela\\app\\Views\\announcement.php')
 3 SYSTEMPATH\View\View.php(231): CodeIgniter\View\View->CodeIgniter\View\{closure}()
 4 SYSTEMPATH\Common.php(1190): CodeIgniter\View\View->render('announcement', [], true)
 5 APPPATH\Controllers\Announcements.php(46): view('announcement')
 6 SYSTEMPATH\CodeIgniter.php(942): App\Controllers\Announcements->index()
 7 SYSTEMPATH\CodeIgniter.php(502): CodeIgniter\CodeIgniter->runController(Object(App\Controllers\Announcements))
 8 SYSTEMPATH\CodeIgniter.php(361): CodeIgniter\CodeIgniter->handleRequest(null, Object(Config\Cache), false)
 9 FCPATH\index.php(79): CodeIgniter\CodeIgniter->run()
ERROR - 2025-10-14 11:29:04 --> mysqli_sql_exception: Column 'expiry_date' cannot be null in C:\xampp\htdocs\favela\system\Database\MySQLi\Connection.php:306
Stack trace:
#0 C:\xampp\htdocs\favela\system\Database\MySQLi\Connection.php(306): mysqli->query('INSERT INTO `an...', 0)
#1 C:\xampp\htdocs\favela\system\Database\BaseConnection.php(693): CodeIgniter\Database\MySQLi\Connection->execute('INSERT INTO `an...')
#2 C:\xampp\htdocs\favela\system\Database\BaseConnection.php(607): CodeIgniter\Database\BaseConnection->simpleQuery('INSERT INTO `an...')
#3 C:\xampp\htdocs\favela\system\Database\BaseBuilder.php(2308): CodeIgniter\Database\BaseConnection->query('INSERT INTO `an...', Array, false)
#4 C:\xampp\htdocs\favela\app\Models\AnnouncementsModel.php(28): CodeIgniter\Database\BaseBuilder->insert(Array)
#5 C:\xampp\htdocs\favela\app\Controllers\Announcements.php(85): App\Models\AnnouncementsModel->createAnnouncement(Array)
#6 C:\xampp\htdocs\favela\system\CodeIgniter.php(942): App\Controllers\Announcements->createnew()
#7 C:\xampp\htdocs\favela\system\CodeIgniter.php(502): CodeIgniter\CodeIgniter->runController(Object(App\Controllers\Announcements))
#8 C:\xampp\htdocs\favela\system\CodeIgniter.php(361): CodeIgniter\CodeIgniter->handleRequest(NULL, Object(Config\Cache), false)
#9 C:\xampp\htdocs\favela\index.php(79): CodeIgniter\CodeIgniter->run()
#10 {main}
CRITICAL - 2025-10-14 11:29:04 --> Column 'expiry_date' cannot be null
in SYSTEMPATH\Database\BaseConnection.php on line 647.
 1 SYSTEMPATH\Database\BaseBuilder.php(2308): CodeIgniter\Database\BaseConnection->query('INSERT INTO `announcements` (`fv_id`, `subject`, `announcements`, `announce_date`, `expiry_date`, `created_on`, `created_by`) VALUES (:fv_id:, :subject:, :announcements:, :announce_date:, :expiry_date :, :created_on:, :created_by:)', [...], false)
 2 APPPATH\Models\AnnouncementsModel.php(28): CodeIgniter\Database\BaseBuilder->insert([...])
 3 APPPATH\Controllers\Announcements.php(85): App\Models\AnnouncementsModel->createAnnouncement([...])
 4 SYSTEMPATH\CodeIgniter.php(942): App\Controllers\Announcements->createnew()
 5 SYSTEMPATH\CodeIgniter.php(502): CodeIgniter\CodeIgniter->runController(Object(App\Controllers\Announcements))
 6 SYSTEMPATH\CodeIgniter.php(361): CodeIgniter\CodeIgniter->handleRequest(null, Object(Config\Cache), false)
 7 FCPATH\index.php(79): CodeIgniter\CodeIgniter->run()
ERROR - 2025-10-14 11:29:06 --> mysqli_sql_exception: Column 'expiry_date' cannot be null in C:\xampp\htdocs\favela\system\Database\MySQLi\Connection.php:306
Stack trace:
#0 C:\xampp\htdocs\favela\system\Database\MySQLi\Connection.php(306): mysqli->query('INSERT INTO `an...', 0)
#1 C:\xampp\htdocs\favela\system\Database\BaseConnection.php(693): CodeIgniter\Database\MySQLi\Connection->execute('INSERT INTO `an...')
#2 C:\xampp\htdocs\favela\system\Database\BaseConnection.php(607): CodeIgniter\Database\BaseConnection->simpleQuery('INSERT INTO `an...')
#3 C:\xampp\htdocs\favela\system\Database\BaseBuilder.php(2308): CodeIgniter\Database\BaseConnection->query('INSERT INTO `an...', Array, false)
#4 C:\xampp\htdocs\favela\app\Models\AnnouncementsModel.php(28): CodeIgniter\Database\BaseBuilder->insert(Array)
#5 C:\xampp\htdocs\favela\app\Controllers\Announcements.php(85): App\Models\AnnouncementsModel->createAnnouncement(Array)
#6 C:\xampp\htdocs\favela\system\CodeIgniter.php(942): App\Controllers\Announcements->createnew()
#7 C:\xampp\htdocs\favela\system\CodeIgniter.php(502): CodeIgniter\CodeIgniter->runController(Object(App\Controllers\Announcements))
#8 C:\xampp\htdocs\favela\system\CodeIgniter.php(361): CodeIgniter\CodeIgniter->handleRequest(NULL, Object(Config\Cache), false)
#9 C:\xampp\htdocs\favela\index.php(79): CodeIgniter\CodeIgniter->run()
#10 {main}
CRITICAL - 2025-10-14 11:29:06 --> Column 'expiry_date' cannot be null
in SYSTEMPATH\Database\BaseConnection.php on line 647.
 1 SYSTEMPATH\Database\BaseBuilder.php(2308): CodeIgniter\Database\BaseConnection->query('INSERT INTO `announcements` (`fv_id`, `subject`, `announcements`, `announce_date`, `expiry_date`, `created_on`, `created_by`) VALUES (:fv_id:, :subject:, :announcements:, :announce_date:, :expiry_date :, :created_on:, :created_by:)', [...], false)
 2 APPPATH\Models\AnnouncementsModel.php(28): CodeIgniter\Database\BaseBuilder->insert([...])
 3 APPPATH\Controllers\Announcements.php(85): App\Models\AnnouncementsModel->createAnnouncement([...])
 4 SYSTEMPATH\CodeIgniter.php(942): App\Controllers\Announcements->createnew()
 5 SYSTEMPATH\CodeIgniter.php(502): CodeIgniter\CodeIgniter->runController(Object(App\Controllers\Announcements))
 6 SYSTEMPATH\CodeIgniter.php(361): CodeIgniter\CodeIgniter->handleRequest(null, Object(Config\Cache), false)
 7 FCPATH\index.php(79): CodeIgniter\CodeIgniter->run()
ERROR - 2025-10-14 11:30:29 --> mysqli_sql_exception: Column 'expiry_date' cannot be null in C:\xampp\htdocs\favela\system\Database\MySQLi\Connection.php:306
Stack trace:
#0 C:\xampp\htdocs\favela\system\Database\MySQLi\Connection.php(306): mysqli->query('INSERT INTO `an...', 0)
#1 C:\xampp\htdocs\favela\system\Database\BaseConnection.php(693): CodeIgniter\Database\MySQLi\Connection->execute('INSERT INTO `an...')
#2 C:\xampp\htdocs\favela\system\Database\BaseConnection.php(607): CodeIgniter\Database\BaseConnection->simpleQuery('INSERT INTO `an...')
#3 C:\xampp\htdocs\favela\system\Database\BaseBuilder.php(2308): CodeIgniter\Database\BaseConnection->query('INSERT INTO `an...', Array, false)
#4 C:\xampp\htdocs\favela\app\Models\AnnouncementsModel.php(28): CodeIgniter\Database\BaseBuilder->insert(Array)
#5 C:\xampp\htdocs\favela\app\Controllers\Announcements.php(85): App\Models\AnnouncementsModel->createAnnouncement(Array)
#6 C:\xampp\htdocs\favela\system\CodeIgniter.php(942): App\Controllers\Announcements->createnew()
#7 C:\xampp\htdocs\favela\system\CodeIgniter.php(502): CodeIgniter\CodeIgniter->runController(Object(App\Controllers\Announcements))
#8 C:\xampp\htdocs\favela\system\CodeIgniter.php(361): CodeIgniter\CodeIgniter->handleRequest(NULL, Object(Config\Cache), false)
#9 C:\xampp\htdocs\favela\index.php(79): CodeIgniter\CodeIgniter->run()
#10 {main}
CRITICAL - 2025-10-14 11:30:29 --> Column 'expiry_date' cannot be null
in SYSTEMPATH\Database\BaseConnection.php on line 647.
 1 SYSTEMPATH\Database\BaseBuilder.php(2308): CodeIgniter\Database\BaseConnection->query('INSERT INTO `announcements` (`fv_id`, `subject`, `announcements`, `announce_date`, `expiry_date`, `created_on`, `created_by`) VALUES (:fv_id:, :subject:, :announcements:, :announce_date:, :expiry_date :, :created_on:, :created_by:)', [...], false)
 2 APPPATH\Models\AnnouncementsModel.php(28): CodeIgniter\Database\BaseBuilder->insert([...])
 3 APPPATH\Controllers\Announcements.php(85): App\Models\AnnouncementsModel->createAnnouncement([...])
 4 SYSTEMPATH\CodeIgniter.php(942): App\Controllers\Announcements->createnew()
 5 SYSTEMPATH\CodeIgniter.php(502): CodeIgniter\CodeIgniter->runController(Object(App\Controllers\Announcements))
 6 SYSTEMPATH\CodeIgniter.php(361): CodeIgniter\CodeIgniter->handleRequest(null, Object(Config\Cache), false)
 7 FCPATH\index.php(79): CodeIgniter\CodeIgniter->run()
ERROR - 2025-10-14 11:34:16 --> mysqli_sql_exception: Column 'expiry_date' cannot be null in C:\xampp\htdocs\favela\system\Database\MySQLi\Connection.php:306
Stack trace:
#0 C:\xampp\htdocs\favela\system\Database\MySQLi\Connection.php(306): mysqli->query('INSERT INTO `an...', 0)
#1 C:\xampp\htdocs\favela\system\Database\BaseConnection.php(693): CodeIgniter\Database\MySQLi\Connection->execute('INSERT INTO `an...')
#2 C:\xampp\htdocs\favela\system\Database\BaseConnection.php(607): CodeIgniter\Database\BaseConnection->simpleQuery('INSERT INTO `an...')
#3 C:\xampp\htdocs\favela\system\Database\BaseBuilder.php(2308): CodeIgniter\Database\BaseConnection->query('INSERT INTO `an...', Array, false)
#4 C:\xampp\htdocs\favela\app\Models\AnnouncementsModel.php(28): CodeIgniter\Database\BaseBuilder->insert(Array)
#5 C:\xampp\htdocs\favela\app\Controllers\Announcements.php(85): App\Models\AnnouncementsModel->createAnnouncement(Array)
#6 C:\xampp\htdocs\favela\system\CodeIgniter.php(942): App\Controllers\Announcements->createnew()
#7 C:\xampp\htdocs\favela\system\CodeIgniter.php(502): CodeIgniter\CodeIgniter->runController(Object(App\Controllers\Announcements))
#8 C:\xampp\htdocs\favela\system\CodeIgniter.php(361): CodeIgniter\CodeIgniter->handleRequest(NULL, Object(Config\Cache), false)
#9 C:\xampp\htdocs\favela\index.php(79): CodeIgniter\CodeIgniter->run()
#10 {main}
CRITICAL - 2025-10-14 11:34:16 --> Column 'expiry_date' cannot be null
in SYSTEMPATH\Database\BaseConnection.php on line 647.
 1 SYSTEMPATH\Database\BaseBuilder.php(2308): CodeIgniter\Database\BaseConnection->query('INSERT INTO `announcements` (`fv_id`, `subject`, `announcements`, `announce_date`, `expiry_date`, `created_on`, `created_by`) VALUES (:fv_id:, :subject:, :announcements:, :announce_date:, :expiry_date :, :created_on:, :created_by:)', [...], false)
 2 APPPATH\Models\AnnouncementsModel.php(28): CodeIgniter\Database\BaseBuilder->insert([...])
 3 APPPATH\Controllers\Announcements.php(85): App\Models\AnnouncementsModel->createAnnouncement([...])
 4 SYSTEMPATH\CodeIgniter.php(942): App\Controllers\Announcements->createnew()
 5 SYSTEMPATH\CodeIgniter.php(502): CodeIgniter\CodeIgniter->runController(Object(App\Controllers\Announcements))
 6 SYSTEMPATH\CodeIgniter.php(361): CodeIgniter\CodeIgniter->handleRequest(null, Object(Config\Cache), false)
 7 FCPATH\index.php(79): CodeIgniter\CodeIgniter->run()
