CRITICAL - 2023-10-24 00:49:37 --> syntax error, unexpected token ";", expecting ")"
in APPPATH\Controllers\Login.php on line 12.
 1 SYSTEMPATH\Autoloader\Autoloader.php(291): CodeIgniter\Autoloader\Autoloader->includeFile('D:\\wamp\\www\\favela\\app\\Controllers\\Login.php')
 2 SYSTEMPATH\Autoloader\Autoloader.php(269): CodeIgniter\Autoloader\Autoloader->loadInNamespace('App\\Controllers\\Login')
 3 [internal function]: CodeIgniter\Autoloader\Autoloader->loadClass('App\\Controllers\\Login')
 4 SYSTEMPATH\CodeIgniter.php(900): class_exists('\\App\\Controllers\\Login', true)
 5 SYSTEMPATH\CodeIgniter.php(489): CodeIgniter\CodeIgniter->startController()
 6 SYSTEMPATH\CodeIgniter.php(361): CodeIgniter\CodeIgniter->handleRequest(null, Object(Config\Cache), false)
 7 FCPATH\index.php(79): CodeIgniter\CodeIgniter->run()
CRITICAL - 2023-10-24 00:49:39 --> syntax error, unexpected token ";", expecting ")"
in APPPATH\Controllers\Login.php on line 12.
 1 SYSTEMPATH\Autoloader\Autoloader.php(291): CodeIgniter\Autoloader\Autoloader->includeFile('D:\\wamp\\www\\favela\\app\\Controllers\\Login.php')
 2 SYSTEMPATH\Autoloader\Autoloader.php(269): CodeIgniter\Autoloader\Autoloader->loadInNamespace('App\\Controllers\\Login')
 3 [internal function]: CodeIgniter\Autoloader\Autoloader->loadClass('App\\Controllers\\Login')
 4 SYSTEMPATH\CodeIgniter.php(900): class_exists('\\App\\Controllers\\Login', true)
 5 SYSTEMPATH\CodeIgniter.php(489): CodeIgniter\CodeIgniter->startController()
 6 SYSTEMPATH\CodeIgniter.php(361): CodeIgniter\CodeIgniter->handleRequest(null, Object(Config\Cache), false)
 7 FCPATH\index.php(79): CodeIgniter\CodeIgniter->run()
CRITICAL - 2023-10-24 00:49:50 --> Declaration of App\Controllers\Login::initController(CodeIgniter\HTTP\RequestInterface $request) must be compatible with App\Controllers\BaseController::initController(CodeIgniter\HTTP\RequestInterface $request, CodeIgniter\HTTP\ResponseInterface $response, Psr\Log\LoggerInterface $logger)
in APPPATH\Controllers\Login.php on line 11.
 1 [internal function]: CodeIgniter\Debug\Exceptions->shutdownHandler()
CRITICAL - 2023-10-24 02:43:59 --> Undefined variable $userModel
in APPPATH\Controllers\Login.php on line 12.
 1 APPPATH\Controllers\Login.php(12): CodeIgniter\Debug\Exceptions->errorHandler(2, 'Undefined variable $userModel', 'D:\\wamp\\www\\favela\\app\\Controllers\\Login.php', 12)
 2 SYSTEMPATH\CodeIgniter.php(942): App\Controllers\Login->login('fav-srm-1')
 3 SYSTEMPATH\CodeIgniter.php(502): CodeIgniter\CodeIgniter->runController(Object(App\Controllers\Login))
 4 SYSTEMPATH\CodeIgniter.php(361): CodeIgniter\CodeIgniter->handleRequest(null, Object(Config\Cache), false)
 5 FCPATH\index.php(79): CodeIgniter\CodeIgniter->run()
CRITICAL - 2023-10-24 02:48:26 --> Undefined variable $userModel
in APPPATH\Controllers\Login.php on line 18.
 1 APPPATH\Controllers\Login.php(18): CodeIgniter\Debug\Exceptions->errorHandler(2, 'Undefined variable $userModel', 'D:\\wamp\\www\\favela\\app\\Controllers\\Login.php', 18)
 2 SYSTEMPATH\CodeIgniter.php(942): App\Controllers\Login->login('fav-srm-1')
 3 SYSTEMPATH\CodeIgniter.php(502): CodeIgniter\CodeIgniter->runController(Object(App\Controllers\Login))
 4 SYSTEMPATH\CodeIgniter.php(361): CodeIgniter\CodeIgniter->handleRequest(null, Object(Config\Cache), false)
 5 FCPATH\index.php(79): CodeIgniter\CodeIgniter->run()
CRITICAL - 2023-10-24 02:48:49 --> Undefined variable $userModel
in APPPATH\Controllers\Login.php on line 18.
 1 APPPATH\Controllers\Login.php(18): CodeIgniter\Debug\Exceptions->errorHandler(2, 'Undefined variable $userModel', 'D:\\wamp\\www\\favela\\app\\Controllers\\Login.php', 18)
 2 SYSTEMPATH\CodeIgniter.php(942): App\Controllers\Login->login('fav-srm-1')
 3 SYSTEMPATH\CodeIgniter.php(502): CodeIgniter\CodeIgniter->runController(Object(App\Controllers\Login))
 4 SYSTEMPATH\CodeIgniter.php(361): CodeIgniter\CodeIgniter->handleRequest(null, Object(Config\Cache), false)
 5 FCPATH\index.php(79): CodeIgniter\CodeIgniter->run()
CRITICAL - 2023-10-24 02:48:50 --> Undefined variable $userModel
in APPPATH\Controllers\Login.php on line 18.
 1 APPPATH\Controllers\Login.php(18): CodeIgniter\Debug\Exceptions->errorHandler(2, 'Undefined variable $userModel', 'D:\\wamp\\www\\favela\\app\\Controllers\\Login.php', 18)
 2 SYSTEMPATH\CodeIgniter.php(942): App\Controllers\Login->login('fav-srm-1')
 3 SYSTEMPATH\CodeIgniter.php(502): CodeIgniter\CodeIgniter->runController(Object(App\Controllers\Login))
 4 SYSTEMPATH\CodeIgniter.php(361): CodeIgniter\CodeIgniter->handleRequest(null, Object(Config\Cache), false)
 5 FCPATH\index.php(79): CodeIgniter\CodeIgniter->run()
CRITICAL - 2023-10-24 02:58:08 --> Object of class CodeIgniter\Database\MySQLi\Result could not be converted to string
in APPPATH\Controllers\Login.php on line 19.
 1 SYSTEMPATH\CodeIgniter.php(942): App\Controllers\Login->login('fav-srm-1')
 2 SYSTEMPATH\CodeIgniter.php(502): CodeIgniter\CodeIgniter->runController(Object(App\Controllers\Login))
 3 SYSTEMPATH\CodeIgniter.php(361): CodeIgniter\CodeIgniter->handleRequest(null, Object(Config\Cache), false)
 4 FCPATH\index.php(79): CodeIgniter\CodeIgniter->run()
CRITICAL - 2023-10-24 05:39:51 --> Cannot use object of type stdClass as array
in APPPATH\Controllers\Login.php on line 30.
 1 SYSTEMPATH\CodeIgniter.php(942): App\Controllers\Login->login('fav-srm-1')
 2 SYSTEMPATH\CodeIgniter.php(502): CodeIgniter\CodeIgniter->runController(Object(App\Controllers\Login))
 3 SYSTEMPATH\CodeIgniter.php(361): CodeIgniter\CodeIgniter->handleRequest(null, Object(Config\Cache), false)
 4 FCPATH\index.php(79): CodeIgniter\CodeIgniter->run()
CRITICAL - 2023-10-24 05:39:53 --> Cannot use object of type stdClass as array
in APPPATH\Controllers\Login.php on line 30.
 1 SYSTEMPATH\CodeIgniter.php(942): App\Controllers\Login->login('fav-srm-1')
 2 SYSTEMPATH\CodeIgniter.php(502): CodeIgniter\CodeIgniter->runController(Object(App\Controllers\Login))
 3 SYSTEMPATH\CodeIgniter.php(361): CodeIgniter\CodeIgniter->handleRequest(null, Object(Config\Cache), false)
 4 FCPATH\index.php(79): CodeIgniter\CodeIgniter->run()
CRITICAL - 2023-10-24 05:40:09 --> Attempt to read property "auth" on null
in APPPATH\Controllers\Login.php on line 30.
 1 APPPATH\Controllers\Login.php(30): CodeIgniter\Debug\Exceptions->errorHandler(2, 'Attempt to read property "auth" on null', 'D:\\wamp\\www\\favela\\app\\Controllers\\Login.php', 30)
 2 SYSTEMPATH\CodeIgniter.php(942): App\Controllers\Login->login('js', 'vendor', 'jquery-1.11.3.min.js')
 3 SYSTEMPATH\CodeIgniter.php(502): CodeIgniter\CodeIgniter->runController(Object(App\Controllers\Login))
 4 SYSTEMPATH\CodeIgniter.php(361): CodeIgniter\CodeIgniter->handleRequest(null, Object(Config\Cache), false)
 5 FCPATH\index.php(79): CodeIgniter\CodeIgniter->run()
CRITICAL - 2023-10-24 05:54:03 --> view(): Argument #2 ($data) must be of type array, string given, called in D:\wamp\www\favela\app\Controllers\Login.php on line 30
in SYSTEMPATH\Common.php on line 1178.
 1 APPPATH\Controllers\Login.php(30): view('login', 'Srambikkal')
 2 SYSTEMPATH\CodeIgniter.php(942): App\Controllers\Login->login('fav-srm-1')
 3 SYSTEMPATH\CodeIgniter.php(502): CodeIgniter\CodeIgniter->runController(Object(App\Controllers\Login))
 4 SYSTEMPATH\CodeIgniter.php(361): CodeIgniter\CodeIgniter->handleRequest(null, Object(Config\Cache), false)
 5 FCPATH\index.php(79): CodeIgniter\CodeIgniter->run()
CRITICAL - 2023-10-24 05:57:38 --> view(): Argument #2 ($data) must be of type array, string given, called in D:\wamp\www\favela\app\Controllers\Login.php on line 30
in SYSTEMPATH\Common.php on line 1178.
 1 APPPATH\Controllers\Login.php(30): view('login', 'Srambikkal')
 2 SYSTEMPATH\CodeIgniter.php(942): App\Controllers\Login->login('fav-srm-1')
 3 SYSTEMPATH\CodeIgniter.php(502): CodeIgniter\CodeIgniter->runController(Object(App\Controllers\Login))
 4 SYSTEMPATH\CodeIgniter.php(361): CodeIgniter\CodeIgniter->handleRequest(null, Object(Config\Cache), false)
 5 FCPATH\index.php(79): CodeIgniter\CodeIgniter->run()
CRITICAL - 2023-10-24 05:57:39 --> view(): Argument #2 ($data) must be of type array, string given, called in D:\wamp\www\favela\app\Controllers\Login.php on line 30
in SYSTEMPATH\Common.php on line 1178.
 1 APPPATH\Controllers\Login.php(30): view('login', 'Srambikkal')
 2 SYSTEMPATH\CodeIgniter.php(942): App\Controllers\Login->login('fav-srm-1')
 3 SYSTEMPATH\CodeIgniter.php(502): CodeIgniter\CodeIgniter->runController(Object(App\Controllers\Login))
 4 SYSTEMPATH\CodeIgniter.php(361): CodeIgniter\CodeIgniter->handleRequest(null, Object(Config\Cache), false)
 5 FCPATH\index.php(79): CodeIgniter\CodeIgniter->run()
CRITICAL - 2023-10-24 05:57:57 --> syntax error, unexpected variable "$organisation", expecting ")"
in APPPATH\Controllers\Login.php on line 30.
 1 SYSTEMPATH\Autoloader\Autoloader.php(291): CodeIgniter\Autoloader\Autoloader->includeFile('D:\\wamp\\www\\favela\\app\\Controllers\\Login.php')
 2 SYSTEMPATH\Autoloader\Autoloader.php(269): CodeIgniter\Autoloader\Autoloader->loadInNamespace('App\\Controllers\\Login')
 3 [internal function]: CodeIgniter\Autoloader\Autoloader->loadClass('App\\Controllers\\Login')
 4 SYSTEMPATH\CodeIgniter.php(900): class_exists('\\App\\Controllers\\Login', true)
 5 SYSTEMPATH\CodeIgniter.php(489): CodeIgniter\CodeIgniter->startController()
 6 SYSTEMPATH\CodeIgniter.php(361): CodeIgniter\CodeIgniter->handleRequest(null, Object(Config\Cache), false)
 7 FCPATH\index.php(79): CodeIgniter\CodeIgniter->run()
CRITICAL - 2023-10-24 05:58:02 --> view(): Argument #2 ($data) must be of type array, string given, called in D:\wamp\www\favela\app\Controllers\Login.php on line 30
in SYSTEMPATH\Common.php on line 1178.
 1 APPPATH\Controllers\Login.php(30): view('login', 'Srambikkal')
 2 SYSTEMPATH\CodeIgniter.php(942): App\Controllers\Login->login('fav-srm-1')
 3 SYSTEMPATH\CodeIgniter.php(502): CodeIgniter\CodeIgniter->runController(Object(App\Controllers\Login))
 4 SYSTEMPATH\CodeIgniter.php(361): CodeIgniter\CodeIgniter->handleRequest(null, Object(Config\Cache), false)
 5 FCPATH\index.php(79): CodeIgniter\CodeIgniter->run()
CRITICAL - 2023-10-24 05:58:38 --> Attempt to read property "orgdata" on null
in APPPATH\Controllers\Login.php on line 28.
 1 APPPATH\Controllers\Login.php(28): CodeIgniter\Debug\Exceptions->errorHandler(2, 'Attempt to read property "orgdata" on null', 'D:\\wamp\\www\\favela\\app\\Controllers\\Login.php', 28)
 2 SYSTEMPATH\CodeIgniter.php(942): App\Controllers\Login->login('js', 'vendor', 'jquery-1.11.3.min.js')
 3 SYSTEMPATH\CodeIgniter.php(502): CodeIgniter\CodeIgniter->runController(Object(App\Controllers\Login))
 4 SYSTEMPATH\CodeIgniter.php(361): CodeIgniter\CodeIgniter->handleRequest(null, Object(Config\Cache), false)
 5 FCPATH\index.php(79): CodeIgniter\CodeIgniter->run()
CRITICAL - 2023-10-24 05:59:11 --> Attempt to read property "orgdata" on null
in APPPATH\Controllers\Login.php on line 28.
 1 APPPATH\Controllers\Login.php(28): CodeIgniter\Debug\Exceptions->errorHandler(2, 'Attempt to read property "orgdata" on null', 'D:\\wamp\\www\\favela\\app\\Controllers\\Login.php', 28)
 2 SYSTEMPATH\CodeIgniter.php(942): App\Controllers\Login->login('js', 'vendor', 'jquery-1.11.3.min.js')
 3 SYSTEMPATH\CodeIgniter.php(502): CodeIgniter\CodeIgniter->runController(Object(App\Controllers\Login))
 4 SYSTEMPATH\CodeIgniter.php(361): CodeIgniter\CodeIgniter->handleRequest(null, Object(Config\Cache), false)
 5 FCPATH\index.php(79): CodeIgniter\CodeIgniter->run()
CRITICAL - 2023-10-24 05:59:31 --> Attempt to read property "orgdata" on null
in APPPATH\Controllers\Login.php on line 28.
 1 APPPATH\Controllers\Login.php(28): CodeIgniter\Debug\Exceptions->errorHandler(2, 'Attempt to read property "orgdata" on null', 'D:\\wamp\\www\\favela\\app\\Controllers\\Login.php', 28)
 2 SYSTEMPATH\CodeIgniter.php(942): App\Controllers\Login->login('js', 'vendor', 'jquery-1.11.3.min.js')
 3 SYSTEMPATH\CodeIgniter.php(502): CodeIgniter\CodeIgniter->runController(Object(App\Controllers\Login))
 4 SYSTEMPATH\CodeIgniter.php(361): CodeIgniter\CodeIgniter->handleRequest(null, Object(Config\Cache), false)
 5 FCPATH\index.php(79): CodeIgniter\CodeIgniter->run()
CRITICAL - 2023-10-24 05:59:48 --> Attempt to read property "orgdata" on null
in APPPATH\Controllers\Login.php on line 28.
 1 APPPATH\Controllers\Login.php(28): CodeIgniter\Debug\Exceptions->errorHandler(2, 'Attempt to read property "orgdata" on null', 'D:\\wamp\\www\\favela\\app\\Controllers\\Login.php', 28)
 2 SYSTEMPATH\CodeIgniter.php(942): App\Controllers\Login->login('js', 'vendor', 'jquery-1.11.3.min.js')
 3 SYSTEMPATH\CodeIgniter.php(502): CodeIgniter\CodeIgniter->runController(Object(App\Controllers\Login))
 4 SYSTEMPATH\CodeIgniter.php(361): CodeIgniter\CodeIgniter->handleRequest(null, Object(Config\Cache), false)
 5 FCPATH\index.php(79): CodeIgniter\CodeIgniter->run()
CRITICAL - 2023-10-24 06:00:23 --> Attempt to read property "orgdata" on null
in APPPATH\Controllers\Login.php on line 28.
 1 APPPATH\Controllers\Login.php(28): CodeIgniter\Debug\Exceptions->errorHandler(2, 'Attempt to read property "orgdata" on null', 'D:\\wamp\\www\\favela\\app\\Controllers\\Login.php', 28)
 2 SYSTEMPATH\CodeIgniter.php(942): App\Controllers\Login->login('js', 'vendor', 'jquery-1.11.3.min.js')
 3 SYSTEMPATH\CodeIgniter.php(502): CodeIgniter\CodeIgniter->runController(Object(App\Controllers\Login))
 4 SYSTEMPATH\CodeIgniter.php(361): CodeIgniter\CodeIgniter->handleRequest(null, Object(Config\Cache), false)
 5 FCPATH\index.php(79): CodeIgniter\CodeIgniter->run()
CRITICAL - 2023-10-24 06:00:41 --> Attempt to read property "orgdata" on null
in APPPATH\Controllers\Login.php on line 28.
 1 APPPATH\Controllers\Login.php(28): CodeIgniter\Debug\Exceptions->errorHandler(2, 'Attempt to read property "orgdata" on null', 'D:\\wamp\\www\\favela\\app\\Controllers\\Login.php', 28)
 2 SYSTEMPATH\CodeIgniter.php(942): App\Controllers\Login->login('js', 'vendor', 'jquery-1.11.3.min.js')
 3 SYSTEMPATH\CodeIgniter.php(502): CodeIgniter\CodeIgniter->runController(Object(App\Controllers\Login))
 4 SYSTEMPATH\CodeIgniter.php(361): CodeIgniter\CodeIgniter->handleRequest(null, Object(Config\Cache), false)
 5 FCPATH\index.php(79): CodeIgniter\CodeIgniter->run()
CRITICAL - 2023-10-24 06:02:12 --> Attempt to read property "orgdata" on null
in APPPATH\Controllers\Login.php on line 28.
 1 APPPATH\Controllers\Login.php(28): CodeIgniter\Debug\Exceptions->errorHandler(2, 'Attempt to read property "orgdata" on null', 'D:\\wamp\\www\\favela\\app\\Controllers\\Login.php', 28)
 2 SYSTEMPATH\CodeIgniter.php(942): App\Controllers\Login->login('fav-srm')
 3 SYSTEMPATH\CodeIgniter.php(502): CodeIgniter\CodeIgniter->runController(Object(App\Controllers\Login))
 4 SYSTEMPATH\CodeIgniter.php(361): CodeIgniter\CodeIgniter->handleRequest(null, Object(Config\Cache), false)
 5 FCPATH\index.php(79): CodeIgniter\CodeIgniter->run()
CRITICAL - 2023-10-24 06:02:43 --> Attempt to read property "auth" on null
in APPPATH\Controllers\Login.php on line 28.
 1 APPPATH\Controllers\Login.php(28): CodeIgniter\Debug\Exceptions->errorHandler(2, 'Attempt to read property "auth" on null', 'D:\\wamp\\www\\favela\\app\\Controllers\\Login.php', 28)
 2 SYSTEMPATH\CodeIgniter.php(942): App\Controllers\Login->login('fav-srm')
 3 SYSTEMPATH\CodeIgniter.php(502): CodeIgniter\CodeIgniter->runController(Object(App\Controllers\Login))
 4 SYSTEMPATH\CodeIgniter.php(361): CodeIgniter\CodeIgniter->handleRequest(null, Object(Config\Cache), false)
 5 FCPATH\index.php(79): CodeIgniter\CodeIgniter->run()
CRITICAL - 2023-10-24 06:02:44 --> Attempt to read property "auth" on null
in APPPATH\Controllers\Login.php on line 28.
 1 APPPATH\Controllers\Login.php(28): CodeIgniter\Debug\Exceptions->errorHandler(2, 'Attempt to read property "auth" on null', 'D:\\wamp\\www\\favela\\app\\Controllers\\Login.php', 28)
 2 SYSTEMPATH\CodeIgniter.php(942): App\Controllers\Login->login('fav-srm')
 3 SYSTEMPATH\CodeIgniter.php(502): CodeIgniter\CodeIgniter->runController(Object(App\Controllers\Login))
 4 SYSTEMPATH\CodeIgniter.php(361): CodeIgniter\CodeIgniter->handleRequest(null, Object(Config\Cache), false)
 5 FCPATH\index.php(79): CodeIgniter\CodeIgniter->run()
CRITICAL - 2023-10-24 06:03:11 --> Attempt to read property "auth" on null
in APPPATH\Controllers\Login.php on line 28.
 1 APPPATH\Controllers\Login.php(28): CodeIgniter\Debug\Exceptions->errorHandler(2, 'Attempt to read property "auth" on null', 'D:\\wamp\\www\\favela\\app\\Controllers\\Login.php', 28)
 2 SYSTEMPATH\CodeIgniter.php(942): App\Controllers\Login->login('fav-srm')
 3 SYSTEMPATH\CodeIgniter.php(502): CodeIgniter\CodeIgniter->runController(Object(App\Controllers\Login))
 4 SYSTEMPATH\CodeIgniter.php(361): CodeIgniter\CodeIgniter->handleRequest(null, Object(Config\Cache), false)
 5 FCPATH\index.php(79): CodeIgniter\CodeIgniter->run()
CRITICAL - 2023-10-24 06:03:12 --> Attempt to read property "auth" on null
in APPPATH\Controllers\Login.php on line 28.
 1 APPPATH\Controllers\Login.php(28): CodeIgniter\Debug\Exceptions->errorHandler(2, 'Attempt to read property "auth" on null', 'D:\\wamp\\www\\favela\\app\\Controllers\\Login.php', 28)
 2 SYSTEMPATH\CodeIgniter.php(942): App\Controllers\Login->login('fav-srm')
 3 SYSTEMPATH\CodeIgniter.php(502): CodeIgniter\CodeIgniter->runController(Object(App\Controllers\Login))
 4 SYSTEMPATH\CodeIgniter.php(361): CodeIgniter\CodeIgniter->handleRequest(null, Object(Config\Cache), false)
 5 FCPATH\index.php(79): CodeIgniter\CodeIgniter->run()
CRITICAL - 2023-10-24 06:24:56 --> Too few arguments to function App\Controllers\Login::index(), 0 passed in D:\wamp\www\favela\system\CodeIgniter.php on line 942 and exactly 1 expected
in APPPATH\Controllers\Login.php on line 12.
 1 SYSTEMPATH\CodeIgniter.php(942): App\Controllers\Login->index()
 2 SYSTEMPATH\CodeIgniter.php(502): CodeIgniter\CodeIgniter->runController(Object(App\Controllers\Login))
 3 SYSTEMPATH\CodeIgniter.php(361): CodeIgniter\CodeIgniter->handleRequest(null, Object(Config\Cache), false)
 4 FCPATH\index.php(79): CodeIgniter\CodeIgniter->run()
CRITICAL - 2023-10-24 06:24:56 --> Too few arguments to function App\Controllers\Login::index(), 0 passed in D:\wamp\www\favela\system\CodeIgniter.php on line 942 and exactly 1 expected
in APPPATH\Controllers\Login.php on line 12.
 1 SYSTEMPATH\CodeIgniter.php(942): App\Controllers\Login->index()
 2 SYSTEMPATH\CodeIgniter.php(502): CodeIgniter\CodeIgniter->runController(Object(App\Controllers\Login))
 3 SYSTEMPATH\CodeIgniter.php(361): CodeIgniter\CodeIgniter->handleRequest(null, Object(Config\Cache), false)
 4 FCPATH\index.php(79): CodeIgniter\CodeIgniter->run()
CRITICAL - 2023-10-24 17:13:30 --> Class "App\Models\AuthModel" not found
in APPPATH\Controllers\Login.php on line 9.
 1 SYSTEMPATH\CodeIgniter.php(914): App\Controllers\Login->__construct()
 2 SYSTEMPATH\CodeIgniter.php(493): CodeIgniter\CodeIgniter->createController()
 3 SYSTEMPATH\CodeIgniter.php(361): CodeIgniter\CodeIgniter->handleRequest(null, Object(Config\Cache), false)
 4 FCPATH\index.php(79): CodeIgniter\CodeIgniter->run()
CRITICAL - 2023-10-24 17:40:40 --> Class "App\Controllers\DashboardModel" not found
in APPPATH\Controllers\Login.php on line 9.
 1 SYSTEMPATH\CodeIgniter.php(914): App\Controllers\Login->__construct()
 2 SYSTEMPATH\CodeIgniter.php(493): CodeIgniter\CodeIgniter->createController()
 3 SYSTEMPATH\CodeIgniter.php(361): CodeIgniter\CodeIgniter->handleRequest(null, Object(Config\Cache), false)
 4 FCPATH\index.php(79): CodeIgniter\CodeIgniter->run()
CRITICAL - 2023-10-24 17:44:39 --> Undefined property: App\Controllers\Login::$input
in APPPATH\Controllers\Login.php on line 36.
 1 APPPATH\Controllers\Login.php(36): CodeIgniter\Debug\Exceptions->errorHandler(2, 'Undefined property: App\\Controllers\\Login::$input', 'D:\\wamp\\www\\favela\\app\\Controllers\\Login.php', 36)
 2 SYSTEMPATH\CodeIgniter.php(942): App\Controllers\Login->signin()
 3 SYSTEMPATH\CodeIgniter.php(502): CodeIgniter\CodeIgniter->runController(Object(App\Controllers\Login))
 4 SYSTEMPATH\CodeIgniter.php(361): CodeIgniter\CodeIgniter->handleRequest(null, Object(Config\Cache), false)
 5 FCPATH\index.php(79): CodeIgniter\CodeIgniter->run()
CRITICAL - 2023-10-24 17:45:24 --> App\Controllers\Login::signin(): Return value must be of type string, none returned
in APPPATH\Controllers\Login.php on line 69.
 1 SYSTEMPATH\CodeIgniter.php(942): App\Controllers\Login->signin()
 2 SYSTEMPATH\CodeIgniter.php(502): CodeIgniter\CodeIgniter->runController(Object(App\Controllers\Login))
 3 SYSTEMPATH\CodeIgniter.php(361): CodeIgniter\CodeIgniter->handleRequest(null, Object(Config\Cache), false)
 4 FCPATH\index.php(79): CodeIgniter\CodeIgniter->run()
CRITICAL - 2023-10-24 17:46:32 --> App\Controllers\Login::signin(): Return value must be of type string, none returned
in APPPATH\Controllers\Login.php on line 69.
 1 SYSTEMPATH\CodeIgniter.php(942): App\Controllers\Login->signin()
 2 SYSTEMPATH\CodeIgniter.php(502): CodeIgniter\CodeIgniter->runController(Object(App\Controllers\Login))
 3 SYSTEMPATH\CodeIgniter.php(361): CodeIgniter\CodeIgniter->handleRequest(null, Object(Config\Cache), false)
 4 FCPATH\index.php(79): CodeIgniter\CodeIgniter->run()
CRITICAL - 2023-10-24 17:47:23 --> App\Controllers\Login::authinticate(): Return value must be of type string, none returned
in APPPATH\Controllers\Login.php on line 69.
 1 SYSTEMPATH\CodeIgniter.php(942): App\Controllers\Login->authinticate()
 2 SYSTEMPATH\CodeIgniter.php(502): CodeIgniter\CodeIgniter->runController(Object(App\Controllers\Login))
 3 SYSTEMPATH\CodeIgniter.php(361): CodeIgniter\CodeIgniter->handleRequest(null, Object(Config\Cache), false)
 4 FCPATH\index.php(79): CodeIgniter\CodeIgniter->run()
CRITICAL - 2023-10-24 17:51:16 --> App\Controllers\Login::signin(): Return value must be of type string, none returned
in APPPATH\Controllers\Login.php on line 69.
 1 SYSTEMPATH\CodeIgniter.php(942): App\Controllers\Login->signin()
 2 SYSTEMPATH\CodeIgniter.php(502): CodeIgniter\CodeIgniter->runController(Object(App\Controllers\Login))
 3 SYSTEMPATH\CodeIgniter.php(361): CodeIgniter\CodeIgniter->handleRequest(null, Object(Config\Cache), false)
 4 FCPATH\index.php(79): CodeIgniter\CodeIgniter->run()
CRITICAL - 2023-10-24 17:53:37 --> App\Controllers\Login::signin(): Return value must be of type string, none returned
in APPPATH\Controllers\Login.php on line 69.
 1 SYSTEMPATH\CodeIgniter.php(942): App\Controllers\Login->signin()
 2 SYSTEMPATH\CodeIgniter.php(502): CodeIgniter\CodeIgniter->runController(Object(App\Controllers\Login))
 3 SYSTEMPATH\CodeIgniter.php(361): CodeIgniter\CodeIgniter->handleRequest(null, Object(Config\Cache), false)
 4 FCPATH\index.php(79): CodeIgniter\CodeIgniter->run()
CRITICAL - 2023-10-24 17:57:37 --> App\Controllers\Login::signin(): Return value must be of type string, none returned
in APPPATH\Controllers\Login.php on line 69.
 1 SYSTEMPATH\CodeIgniter.php(942): App\Controllers\Login->signin()
 2 SYSTEMPATH\CodeIgniter.php(502): CodeIgniter\CodeIgniter->runController(Object(App\Controllers\Login))
 3 SYSTEMPATH\CodeIgniter.php(361): CodeIgniter\CodeIgniter->handleRequest(null, Object(Config\Cache), false)
 4 FCPATH\index.php(79): CodeIgniter\CodeIgniter->run()
CRITICAL - 2023-10-24 17:59:32 --> Undefined property: App\Controllers\Login::$input
in APPPATH\Controllers\Login.php on line 36.
 1 APPPATH\Controllers\Login.php(36): CodeIgniter\Debug\Exceptions->errorHandler(2, 'Undefined property: App\\Controllers\\Login::$input', 'D:\\wamp\\www\\favela\\app\\Controllers\\Login.php', 36)
 2 SYSTEMPATH\CodeIgniter.php(942): App\Controllers\Login->signin()
 3 SYSTEMPATH\CodeIgniter.php(502): CodeIgniter\CodeIgniter->runController(Object(App\Controllers\Login))
 4 SYSTEMPATH\CodeIgniter.php(361): CodeIgniter\CodeIgniter->handleRequest(null, Object(Config\Cache), false)
 5 FCPATH\index.php(79): CodeIgniter\CodeIgniter->run()
CRITICAL - 2023-10-24 18:00:04 --> Undefined property: App\Controllers\Login::$input
in APPPATH\Controllers\Login.php on line 36.
 1 APPPATH\Controllers\Login.php(36): CodeIgniter\Debug\Exceptions->errorHandler(2, 'Undefined property: App\\Controllers\\Login::$input', 'D:\\wamp\\www\\favela\\app\\Controllers\\Login.php', 36)
 2 SYSTEMPATH\CodeIgniter.php(942): App\Controllers\Login->signin()
 3 SYSTEMPATH\CodeIgniter.php(502): CodeIgniter\CodeIgniter->runController(Object(App\Controllers\Login))
 4 SYSTEMPATH\CodeIgniter.php(361): CodeIgniter\CodeIgniter->handleRequest(null, Object(Config\Cache), false)
 5 FCPATH\index.php(79): CodeIgniter\CodeIgniter->run()
CRITICAL - 2023-10-24 18:00:36 --> Undefined property: App\Controllers\Login::$input
in APPPATH\Controllers\Login.php on line 36.
 1 APPPATH\Controllers\Login.php(36): CodeIgniter\Debug\Exceptions->errorHandler(2, 'Undefined property: App\\Controllers\\Login::$input', 'D:\\wamp\\www\\favela\\app\\Controllers\\Login.php', 36)
 2 SYSTEMPATH\CodeIgniter.php(942): App\Controllers\Login->signin()
 3 SYSTEMPATH\CodeIgniter.php(502): CodeIgniter\CodeIgniter->runController(Object(App\Controllers\Login))
 4 SYSTEMPATH\CodeIgniter.php(361): CodeIgniter\CodeIgniter->handleRequest(null, Object(Config\Cache), false)
 5 FCPATH\index.php(79): CodeIgniter\CodeIgniter->run()
CRITICAL - 2023-10-24 18:01:31 --> Undefined property: App\Controllers\Login::$input
in APPPATH\Controllers\Login.php on line 37.
 1 APPPATH\Controllers\Login.php(37): CodeIgniter\Debug\Exceptions->errorHandler(2, 'Undefined property: App\\Controllers\\Login::$input', 'D:\\wamp\\www\\favela\\app\\Controllers\\Login.php', 37)
 2 SYSTEMPATH\CodeIgniter.php(942): App\Controllers\Login->signin()
 3 SYSTEMPATH\CodeIgniter.php(502): CodeIgniter\CodeIgniter->runController(Object(App\Controllers\Login))
 4 SYSTEMPATH\CodeIgniter.php(361): CodeIgniter\CodeIgniter->handleRequest(null, Object(Config\Cache), false)
 5 FCPATH\index.php(79): CodeIgniter\CodeIgniter->run()
CRITICAL - 2023-10-24 18:01:44 --> Undefined property: App\Controllers\Login::$input
in APPPATH\Controllers\Login.php on line 37.
 1 APPPATH\Controllers\Login.php(37): CodeIgniter\Debug\Exceptions->errorHandler(2, 'Undefined property: App\\Controllers\\Login::$input', 'D:\\wamp\\www\\favela\\app\\Controllers\\Login.php', 37)
 2 SYSTEMPATH\CodeIgniter.php(942): App\Controllers\Login->signin()
 3 SYSTEMPATH\CodeIgniter.php(502): CodeIgniter\CodeIgniter->runController(Object(App\Controllers\Login))
 4 SYSTEMPATH\CodeIgniter.php(361): CodeIgniter\CodeIgniter->handleRequest(null, Object(Config\Cache), false)
 5 FCPATH\index.php(79): CodeIgniter\CodeIgniter->run()
