CRITICAL - 2025-03-19 07:16:46 --> Undefined variable $categoryModel
in APPPATH\Controllers\Category.php on line 27.
 1 APPPATH\Controllers\Category.php(27): CodeIgniter\Debug\Exceptions->errorHandler(2, 'Undefined variable $categoryModel', 'C:\\xampp\\htdocs\\favela\\app\\Controllers\\Category.php', 27)
 2 SYSTEMPATH\CodeIgniter.php(942): App\Controllers\Category->index()
 3 SYSTEMPATH\CodeIgniter.php(502): CodeIgniter\CodeIgniter->runController(Object(App\Controllers\Category))
 4 SYSTEMPATH\CodeIgniter.php(361): CodeIgniter\CodeIgniter->handleRequest(null, Object(Config\Cache), false)
 5 FCPATH\index.php(79): CodeIgniter\CodeIgniter->run()
CRITICAL - 2025-03-19 07:17:20 --> Undefined variable $categoryModel
in APPPATH\Controllers\Category.php on line 27.
 1 APPPATH\Controllers\Category.php(27): CodeIgniter\Debug\Exceptions->errorHandler(2, 'Undefined variable $categoryModel', 'C:\\xampp\\htdocs\\favela\\app\\Controllers\\Category.php', 27)
 2 SYSTEMPATH\CodeIgniter.php(942): App\Controllers\Category->index()
 3 SYSTEMPATH\CodeIgniter.php(502): CodeIgniter\CodeIgniter->runController(Object(App\Controllers\Category))
 4 SYSTEMPATH\CodeIgniter.php(361): CodeIgniter\CodeIgniter->handleRequest(null, Object(Config\Cache), false)
 5 FCPATH\index.php(79): CodeIgniter\CodeIgniter->run()
CRITICAL - 2025-03-19 07:17:22 --> Undefined variable $categoryModel
in APPPATH\Controllers\Category.php on line 27.
 1 APPPATH\Controllers\Category.php(27): CodeIgniter\Debug\Exceptions->errorHandler(2, 'Undefined variable $categoryModel', 'C:\\xampp\\htdocs\\favela\\app\\Controllers\\Category.php', 27)
 2 SYSTEMPATH\CodeIgniter.php(942): App\Controllers\Category->index()
 3 SYSTEMPATH\CodeIgniter.php(502): CodeIgniter\CodeIgniter->runController(Object(App\Controllers\Category))
 4 SYSTEMPATH\CodeIgniter.php(361): CodeIgniter\CodeIgniter->handleRequest(null, Object(Config\Cache), false)
 5 FCPATH\index.php(79): CodeIgniter\CodeIgniter->run()
