ERROR - 2024-03-28 06:04:39 --> mysqli_sql_exception: You have an error in your SQL syntax; check the manual that corresponds to your MariaDB server version for the right syntax to use near '' at line 1 in /home/vcstagin/domains/v4cstaging.co.in/public_html/favela/system/Database/MySQLi/Connection.php:306
Stack trace:
#0 /home/vcstagin/domains/v4cstaging.co.in/public_html/favela/system/Database/MySQLi/Connection.php(306): mysqli->query()
#1 /home/vcstagin/domains/v4cstaging.co.in/public_html/favela/system/Database/BaseConnection.php(693): CodeIgniter\Database\MySQLi\Connection->execute()
#2 /home/vcstagin/domains/v4cstaging.co.in/public_html/favela/system/Database/BaseConnection.php(607): CodeIgniter\Database\BaseConnection->simpleQuery()
#3 /home/vcstagin/domains/v4cstaging.co.in/public_html/favela/app/Models/UserMobile/LoginModel.php(13): CodeIgniter\Database\BaseConnection->query()
#4 /home/vcstagin/domains/v4cstaging.co.in/public_html/favela/app/Controllers/UserMobile/Login.php(41): App\Models\UserMobile\LoginModel->verifyUser()
#5 /home/vcstagin/domains/v4cstaging.co.in/public_html/favela/system/CodeIgniter.php(942): App\Controllers\UserMobile\Login->loginapi()
#6 /home/vcstagin/domains/v4cstaging.co.in/public_html/favela/system/CodeIgniter.php(502): CodeIgniter\CodeIgniter->runController()
#7 /home/vcstagin/domains/v4cstaging.co.in/public_html/favela/system/CodeIgniter.php(361): CodeIgniter\CodeIgniter->handleRequest()
#8 /home/vcstagin/domains/v4cstaging.co.in/public_html/favela/index.php(79): CodeIgniter\CodeIgniter->run()
#9 {main}
CRITICAL - 2024-03-28 06:04:39 --> You have an error in your SQL syntax; check the manual that corresponds to your MariaDB server version for the right syntax to use near '' at line 1
in SYSTEMPATH/Database/BaseConnection.php on line 647.
 1 APPPATH/Models/UserMobile/LoginModel.php(13): CodeIgniter\Database\BaseConnection->query()
 2 APPPATH/Controllers/UserMobile/Login.php(41): App\Models\UserMobile\LoginModel->verifyUser()
 3 SYSTEMPATH/CodeIgniter.php(942): App\Controllers\UserMobile\Login->loginapi()
 4 SYSTEMPATH/CodeIgniter.php(502): CodeIgniter\CodeIgniter->runController()
 5 SYSTEMPATH/CodeIgniter.php(361): CodeIgniter\CodeIgniter->handleRequest()
 6 FCPATH/index.php(79): CodeIgniter\CodeIgniter->run()
ERROR - 2024-03-28 06:30:46 --> mysqli_sql_exception: Unknown column 'paytype' in 'field list' in /home/vcstagin/domains/v4cstaging.co.in/public_html/favela/system/Database/MySQLi/Connection.php:306
Stack trace:
#0 /home/vcstagin/domains/v4cstaging.co.in/public_html/favela/system/Database/MySQLi/Connection.php(306): mysqli->query()
#1 /home/vcstagin/domains/v4cstaging.co.in/public_html/favela/system/Database/BaseConnection.php(693): CodeIgniter\Database\MySQLi\Connection->execute()
#2 /home/vcstagin/domains/v4cstaging.co.in/public_html/favela/system/Database/BaseConnection.php(607): CodeIgniter\Database\BaseConnection->simpleQuery()
#3 /home/vcstagin/domains/v4cstaging.co.in/public_html/favela/system/Database/BaseBuilder.php(2308): CodeIgniter\Database\BaseConnection->query()
#4 /home/vcstagin/domains/v4cstaging.co.in/public_html/favela/app/Models/UserMobile/PaymentsModel.php(23): CodeIgniter\Database\BaseBuilder->insert()
#5 /home/vcstagin/domains/v4cstaging.co.in/public_html/favela/app/Controllers/UserMobile/Payments.php(143): App\Models\UserMobile\PaymentsModel->updatePayment()
#6 /home/vcstagin/domains/v4cstaging.co.in/public_html/favela/system/CodeIgniter.php(942): App\Controllers\UserMobile\Payments->updatePayment()
#7 /home/vcstagin/domains/v4cstaging.co.in/public_html/favela/system/CodeIgniter.php(502): CodeIgniter\CodeIgniter->runController()
#8 /home/vcstagin/domains/v4cstaging.co.in/public_html/favela/system/CodeIgniter.php(361): CodeIgniter\CodeIgniter->handleRequest()
#9 /home/vcstagin/domains/v4cstaging.co.in/public_html/favela/index.php(79): CodeIgniter\CodeIgniter->run()
#10 {main}
CRITICAL - 2024-03-28 06:30:46 --> Unknown column 'paytype' in 'field list'
in SYSTEMPATH/Database/BaseConnection.php on line 647.
 1 SYSTEMPATH/Database/BaseBuilder.php(2308): CodeIgniter\Database\BaseConnection->query()
 2 APPPATH/Models/UserMobile/PaymentsModel.php(23): CodeIgniter\Database\BaseBuilder->insert()
 3 APPPATH/Controllers/UserMobile/Payments.php(143): App\Models\UserMobile\PaymentsModel->updatePayment()
 4 SYSTEMPATH/CodeIgniter.php(942): App\Controllers\UserMobile\Payments->updatePayment()
 5 SYSTEMPATH/CodeIgniter.php(502): CodeIgniter\CodeIgniter->runController()
 6 SYSTEMPATH/CodeIgniter.php(361): CodeIgniter\CodeIgniter->handleRequest()
 7 FCPATH/index.php(79): CodeIgniter\CodeIgniter->run()
ERROR - 2024-03-28 06:31:50 --> mysqli_sql_exception: Unknown column 'paytype' in 'field list' in /home/vcstagin/domains/v4cstaging.co.in/public_html/favela/system/Database/MySQLi/Connection.php:306
Stack trace:
#0 /home/vcstagin/domains/v4cstaging.co.in/public_html/favela/system/Database/MySQLi/Connection.php(306): mysqli->query()
#1 /home/vcstagin/domains/v4cstaging.co.in/public_html/favela/system/Database/BaseConnection.php(693): CodeIgniter\Database\MySQLi\Connection->execute()
#2 /home/vcstagin/domains/v4cstaging.co.in/public_html/favela/system/Database/BaseConnection.php(607): CodeIgniter\Database\BaseConnection->simpleQuery()
#3 /home/vcstagin/domains/v4cstaging.co.in/public_html/favela/system/Database/BaseBuilder.php(2308): CodeIgniter\Database\BaseConnection->query()
#4 /home/vcstagin/domains/v4cstaging.co.in/public_html/favela/app/Models/UserMobile/PaymentsModel.php(23): CodeIgniter\Database\BaseBuilder->insert()
#5 /home/vcstagin/domains/v4cstaging.co.in/public_html/favela/app/Controllers/UserMobile/Payments.php(143): App\Models\UserMobile\PaymentsModel->updatePayment()
#6 /home/vcstagin/domains/v4cstaging.co.in/public_html/favela/system/CodeIgniter.php(942): App\Controllers\UserMobile\Payments->updatePayment()
#7 /home/vcstagin/domains/v4cstaging.co.in/public_html/favela/system/CodeIgniter.php(502): CodeIgniter\CodeIgniter->runController()
#8 /home/vcstagin/domains/v4cstaging.co.in/public_html/favela/system/CodeIgniter.php(361): CodeIgniter\CodeIgniter->handleRequest()
#9 /home/vcstagin/domains/v4cstaging.co.in/public_html/favela/index.php(79): CodeIgniter\CodeIgniter->run()
#10 {main}
CRITICAL - 2024-03-28 06:31:50 --> Unknown column 'paytype' in 'field list'
in SYSTEMPATH/Database/BaseConnection.php on line 647.
 1 SYSTEMPATH/Database/BaseBuilder.php(2308): CodeIgniter\Database\BaseConnection->query()
 2 APPPATH/Models/UserMobile/PaymentsModel.php(23): CodeIgniter\Database\BaseBuilder->insert()
 3 APPPATH/Controllers/UserMobile/Payments.php(143): App\Models\UserMobile\PaymentsModel->updatePayment()
 4 SYSTEMPATH/CodeIgniter.php(942): App\Controllers\UserMobile\Payments->updatePayment()
 5 SYSTEMPATH/CodeIgniter.php(502): CodeIgniter\CodeIgniter->runController()
 6 SYSTEMPATH/CodeIgniter.php(361): CodeIgniter\CodeIgniter->handleRequest()
 7 FCPATH/index.php(79): CodeIgniter\CodeIgniter->run()
CRITICAL - 2024-03-28 06:32:51 --> Undefined variable $response
in APPPATH/Controllers/UserMobile/Payments.php on line 165.
 1 APPPATH/Controllers/UserMobile/Payments.php(165): CodeIgniter\Debug\Exceptions->errorHandler()
 2 SYSTEMPATH/CodeIgniter.php(942): App\Controllers\UserMobile\Payments->updatePayment()
 3 SYSTEMPATH/CodeIgniter.php(502): CodeIgniter\CodeIgniter->runController()
 4 SYSTEMPATH/CodeIgniter.php(361): CodeIgniter\CodeIgniter->handleRequest()
 5 FCPATH/index.php(79): CodeIgniter\CodeIgniter->run()
ERROR - 2024-03-28 06:35:39 --> mysqli_sql_exception: Unknown column 'paytype' in 'field list' in /home/vcstagin/domains/v4cstaging.co.in/public_html/favela/system/Database/MySQLi/Connection.php:306
Stack trace:
#0 /home/vcstagin/domains/v4cstaging.co.in/public_html/favela/system/Database/MySQLi/Connection.php(306): mysqli->query()
#1 /home/vcstagin/domains/v4cstaging.co.in/public_html/favela/system/Database/BaseConnection.php(693): CodeIgniter\Database\MySQLi\Connection->execute()
#2 /home/vcstagin/domains/v4cstaging.co.in/public_html/favela/system/Database/BaseConnection.php(607): CodeIgniter\Database\BaseConnection->simpleQuery()
#3 /home/vcstagin/domains/v4cstaging.co.in/public_html/favela/system/Database/BaseBuilder.php(2308): CodeIgniter\Database\BaseConnection->query()
#4 /home/vcstagin/domains/v4cstaging.co.in/public_html/favela/app/Models/UserMobile/PaymentsModel.php(23): CodeIgniter\Database\BaseBuilder->insert()
#5 /home/vcstagin/domains/v4cstaging.co.in/public_html/favela/app/Controllers/UserMobile/Payments.php(143): App\Models\UserMobile\PaymentsModel->updatePayment()
#6 /home/vcstagin/domains/v4cstaging.co.in/public_html/favela/system/CodeIgniter.php(942): App\Controllers\UserMobile\Payments->updatePayment()
#7 /home/vcstagin/domains/v4cstaging.co.in/public_html/favela/system/CodeIgniter.php(502): CodeIgniter\CodeIgniter->runController()
#8 /home/vcstagin/domains/v4cstaging.co.in/public_html/favela/system/CodeIgniter.php(361): CodeIgniter\CodeIgniter->handleRequest()
#9 /home/vcstagin/domains/v4cstaging.co.in/public_html/favela/index.php(79): CodeIgniter\CodeIgniter->run()
#10 {main}
CRITICAL - 2024-03-28 06:35:39 --> Unknown column 'paytype' in 'field list'
in SYSTEMPATH/Database/BaseConnection.php on line 647.
 1 SYSTEMPATH/Database/BaseBuilder.php(2308): CodeIgniter\Database\BaseConnection->query()
 2 APPPATH/Models/UserMobile/PaymentsModel.php(23): CodeIgniter\Database\BaseBuilder->insert()
 3 APPPATH/Controllers/UserMobile/Payments.php(143): App\Models\UserMobile\PaymentsModel->updatePayment()
 4 SYSTEMPATH/CodeIgniter.php(942): App\Controllers\UserMobile\Payments->updatePayment()
 5 SYSTEMPATH/CodeIgniter.php(502): CodeIgniter\CodeIgniter->runController()
 6 SYSTEMPATH/CodeIgniter.php(361): CodeIgniter\CodeIgniter->handleRequest()
 7 FCPATH/index.php(79): CodeIgniter\CodeIgniter->run()
ERROR - 2024-03-28 06:36:40 --> mysqli_sql_exception: Unknown column 'paytype' in 'field list' in /home/vcstagin/domains/v4cstaging.co.in/public_html/favela/system/Database/MySQLi/Connection.php:306
Stack trace:
#0 /home/vcstagin/domains/v4cstaging.co.in/public_html/favela/system/Database/MySQLi/Connection.php(306): mysqli->query()
#1 /home/vcstagin/domains/v4cstaging.co.in/public_html/favela/system/Database/BaseConnection.php(693): CodeIgniter\Database\MySQLi\Connection->execute()
#2 /home/vcstagin/domains/v4cstaging.co.in/public_html/favela/system/Database/BaseConnection.php(607): CodeIgniter\Database\BaseConnection->simpleQuery()
#3 /home/vcstagin/domains/v4cstaging.co.in/public_html/favela/system/Database/BaseBuilder.php(2308): CodeIgniter\Database\BaseConnection->query()
#4 /home/vcstagin/domains/v4cstaging.co.in/public_html/favela/app/Models/UserMobile/PaymentsModel.php(23): CodeIgniter\Database\BaseBuilder->insert()
#5 /home/vcstagin/domains/v4cstaging.co.in/public_html/favela/app/Controllers/UserMobile/Payments.php(143): App\Models\UserMobile\PaymentsModel->updatePayment()
#6 /home/vcstagin/domains/v4cstaging.co.in/public_html/favela/system/CodeIgniter.php(942): App\Controllers\UserMobile\Payments->updatePayment()
#7 /home/vcstagin/domains/v4cstaging.co.in/public_html/favela/system/CodeIgniter.php(502): CodeIgniter\CodeIgniter->runController()
#8 /home/vcstagin/domains/v4cstaging.co.in/public_html/favela/system/CodeIgniter.php(361): CodeIgniter\CodeIgniter->handleRequest()
#9 /home/vcstagin/domains/v4cstaging.co.in/public_html/favela/index.php(79): CodeIgniter\CodeIgniter->run()
#10 {main}
CRITICAL - 2024-03-28 06:36:40 --> Unknown column 'paytype' in 'field list'
in SYSTEMPATH/Database/BaseConnection.php on line 647.
 1 SYSTEMPATH/Database/BaseBuilder.php(2308): CodeIgniter\Database\BaseConnection->query()
 2 APPPATH/Models/UserMobile/PaymentsModel.php(23): CodeIgniter\Database\BaseBuilder->insert()
 3 APPPATH/Controllers/UserMobile/Payments.php(143): App\Models\UserMobile\PaymentsModel->updatePayment()
 4 SYSTEMPATH/CodeIgniter.php(942): App\Controllers\UserMobile\Payments->updatePayment()
 5 SYSTEMPATH/CodeIgniter.php(502): CodeIgniter\CodeIgniter->runController()
 6 SYSTEMPATH/CodeIgniter.php(361): CodeIgniter\CodeIgniter->handleRequest()
 7 FCPATH/index.php(79): CodeIgniter\CodeIgniter->run()
ERROR - 2024-03-28 09:35:28 --> mysqli_sql_exception: You have an error in your SQL syntax; check the manual that corresponds to your MariaDB server version for the right syntax to use near '' at line 1 in /home/vcstagin/domains/v4cstaging.co.in/public_html/favela/system/Database/MySQLi/Connection.php:306
Stack trace:
#0 /home/vcstagin/domains/v4cstaging.co.in/public_html/favela/system/Database/MySQLi/Connection.php(306): mysqli->query()
#1 /home/vcstagin/domains/v4cstaging.co.in/public_html/favela/system/Database/BaseConnection.php(693): CodeIgniter\Database\MySQLi\Connection->execute()
#2 /home/vcstagin/domains/v4cstaging.co.in/public_html/favela/system/Database/BaseConnection.php(607): CodeIgniter\Database\BaseConnection->simpleQuery()
#3 /home/vcstagin/domains/v4cstaging.co.in/public_html/favela/app/Models/UserMobile/LoginModel.php(13): CodeIgniter\Database\BaseConnection->query()
#4 /home/vcstagin/domains/v4cstaging.co.in/public_html/favela/app/Controllers/UserMobile/Login.php(41): App\Models\UserMobile\LoginModel->verifyUser()
#5 /home/vcstagin/domains/v4cstaging.co.in/public_html/favela/system/CodeIgniter.php(942): App\Controllers\UserMobile\Login->loginapi()
#6 /home/vcstagin/domains/v4cstaging.co.in/public_html/favela/system/CodeIgniter.php(502): CodeIgniter\CodeIgniter->runController()
#7 /home/vcstagin/domains/v4cstaging.co.in/public_html/favela/system/CodeIgniter.php(361): CodeIgniter\CodeIgniter->handleRequest()
#8 /home/vcstagin/domains/v4cstaging.co.in/public_html/favela/index.php(79): CodeIgniter\CodeIgniter->run()
#9 {main}
CRITICAL - 2024-03-28 09:35:28 --> You have an error in your SQL syntax; check the manual that corresponds to your MariaDB server version for the right syntax to use near '' at line 1
in SYSTEMPATH/Database/BaseConnection.php on line 647.
 1 APPPATH/Models/UserMobile/LoginModel.php(13): CodeIgniter\Database\BaseConnection->query()
 2 APPPATH/Controllers/UserMobile/Login.php(41): App\Models\UserMobile\LoginModel->verifyUser()
 3 SYSTEMPATH/CodeIgniter.php(942): App\Controllers\UserMobile\Login->loginapi()
 4 SYSTEMPATH/CodeIgniter.php(502): CodeIgniter\CodeIgniter->runController()
 5 SYSTEMPATH/CodeIgniter.php(361): CodeIgniter\CodeIgniter->handleRequest()
 6 FCPATH/index.php(79): CodeIgniter\CodeIgniter->run()
ERROR - 2024-03-28 10:51:43 --> mysqli_sql_exception: You have an error in your SQL syntax; check the manual that corresponds to your MariaDB server version for the right syntax to use near '' at line 1 in /home/vcstagin/domains/v4cstaging.co.in/public_html/favela/system/Database/MySQLi/Connection.php:306
Stack trace:
#0 /home/vcstagin/domains/v4cstaging.co.in/public_html/favela/system/Database/MySQLi/Connection.php(306): mysqli->query()
#1 /home/vcstagin/domains/v4cstaging.co.in/public_html/favela/system/Database/BaseConnection.php(693): CodeIgniter\Database\MySQLi\Connection->execute()
#2 /home/vcstagin/domains/v4cstaging.co.in/public_html/favela/system/Database/BaseConnection.php(607): CodeIgniter\Database\BaseConnection->simpleQuery()
#3 /home/vcstagin/domains/v4cstaging.co.in/public_html/favela/app/Models/UserMobile/LoginModel.php(13): CodeIgniter\Database\BaseConnection->query()
#4 /home/vcstagin/domains/v4cstaging.co.in/public_html/favela/app/Controllers/UserMobile/Login.php(41): App\Models\UserMobile\LoginModel->verifyUser()
#5 /home/vcstagin/domains/v4cstaging.co.in/public_html/favela/system/CodeIgniter.php(942): App\Controllers\UserMobile\Login->loginapi()
#6 /home/vcstagin/domains/v4cstaging.co.in/public_html/favela/system/CodeIgniter.php(502): CodeIgniter\CodeIgniter->runController()
#7 /home/vcstagin/domains/v4cstaging.co.in/public_html/favela/system/CodeIgniter.php(361): CodeIgniter\CodeIgniter->handleRequest()
#8 /home/vcstagin/domains/v4cstaging.co.in/public_html/favela/index.php(79): CodeIgniter\CodeIgniter->run()
#9 {main}
CRITICAL - 2024-03-28 10:51:43 --> You have an error in your SQL syntax; check the manual that corresponds to your MariaDB server version for the right syntax to use near '' at line 1
in SYSTEMPATH/Database/BaseConnection.php on line 647.
 1 APPPATH/Models/UserMobile/LoginModel.php(13): CodeIgniter\Database\BaseConnection->query()
 2 APPPATH/Controllers/UserMobile/Login.php(41): App\Models\UserMobile\LoginModel->verifyUser()
 3 SYSTEMPATH/CodeIgniter.php(942): App\Controllers\UserMobile\Login->loginapi()
 4 SYSTEMPATH/CodeIgniter.php(502): CodeIgniter\CodeIgniter->runController()
 5 SYSTEMPATH/CodeIgniter.php(361): CodeIgniter\CodeIgniter->handleRequest()
 6 FCPATH/index.php(79): CodeIgniter\CodeIgniter->run()
ERROR - 2024-03-28 11:12:10 --> mysqli_sql_exception: You have an error in your SQL syntax; check the manual that corresponds to your MariaDB server version for the right syntax to use near '' at line 1 in /home/vcstagin/domains/v4cstaging.co.in/public_html/favela/system/Database/MySQLi/Connection.php:306
Stack trace:
#0 /home/vcstagin/domains/v4cstaging.co.in/public_html/favela/system/Database/MySQLi/Connection.php(306): mysqli->query()
#1 /home/vcstagin/domains/v4cstaging.co.in/public_html/favela/system/Database/BaseConnection.php(693): CodeIgniter\Database\MySQLi\Connection->execute()
#2 /home/vcstagin/domains/v4cstaging.co.in/public_html/favela/system/Database/BaseConnection.php(607): CodeIgniter\Database\BaseConnection->simpleQuery()
#3 /home/vcstagin/domains/v4cstaging.co.in/public_html/favela/app/Models/UserMobile/LoginModel.php(13): CodeIgniter\Database\BaseConnection->query()
#4 /home/vcstagin/domains/v4cstaging.co.in/public_html/favela/app/Controllers/UserMobile/Login.php(41): App\Models\UserMobile\LoginModel->verifyUser()
#5 /home/vcstagin/domains/v4cstaging.co.in/public_html/favela/system/CodeIgniter.php(942): App\Controllers\UserMobile\Login->loginapi()
#6 /home/vcstagin/domains/v4cstaging.co.in/public_html/favela/system/CodeIgniter.php(502): CodeIgniter\CodeIgniter->runController()
#7 /home/vcstagin/domains/v4cstaging.co.in/public_html/favela/system/CodeIgniter.php(361): CodeIgniter\CodeIgniter->handleRequest()
#8 /home/vcstagin/domains/v4cstaging.co.in/public_html/favela/index.php(79): CodeIgniter\CodeIgniter->run()
#9 {main}
CRITICAL - 2024-03-28 11:12:10 --> You have an error in your SQL syntax; check the manual that corresponds to your MariaDB server version for the right syntax to use near '' at line 1
in SYSTEMPATH/Database/BaseConnection.php on line 647.
 1 APPPATH/Models/UserMobile/LoginModel.php(13): CodeIgniter\Database\BaseConnection->query()
 2 APPPATH/Controllers/UserMobile/Login.php(41): App\Models\UserMobile\LoginModel->verifyUser()
 3 SYSTEMPATH/CodeIgniter.php(942): App\Controllers\UserMobile\Login->loginapi()
 4 SYSTEMPATH/CodeIgniter.php(502): CodeIgniter\CodeIgniter->runController()
 5 SYSTEMPATH/CodeIgniter.php(361): CodeIgniter\CodeIgniter->handleRequest()
 6 FCPATH/index.php(79): CodeIgniter\CodeIgniter->run()
ERROR - 2024-03-28 11:15:54 --> mysqli_sql_exception: You have an error in your SQL syntax; check the manual that corresponds to your MariaDB server version for the right syntax to use near '' at line 1 in /home/vcstagin/domains/v4cstaging.co.in/public_html/favela/system/Database/MySQLi/Connection.php:306
Stack trace:
#0 /home/vcstagin/domains/v4cstaging.co.in/public_html/favela/system/Database/MySQLi/Connection.php(306): mysqli->query()
#1 /home/vcstagin/domains/v4cstaging.co.in/public_html/favela/system/Database/BaseConnection.php(693): CodeIgniter\Database\MySQLi\Connection->execute()
#2 /home/vcstagin/domains/v4cstaging.co.in/public_html/favela/system/Database/BaseConnection.php(607): CodeIgniter\Database\BaseConnection->simpleQuery()
#3 /home/vcstagin/domains/v4cstaging.co.in/public_html/favela/app/Models/UserMobile/LoginModel.php(13): CodeIgniter\Database\BaseConnection->query()
#4 /home/vcstagin/domains/v4cstaging.co.in/public_html/favela/app/Controllers/UserMobile/Login.php(41): App\Models\UserMobile\LoginModel->verifyUser()
#5 /home/vcstagin/domains/v4cstaging.co.in/public_html/favela/system/CodeIgniter.php(942): App\Controllers\UserMobile\Login->loginapi()
#6 /home/vcstagin/domains/v4cstaging.co.in/public_html/favela/system/CodeIgniter.php(502): CodeIgniter\CodeIgniter->runController()
#7 /home/vcstagin/domains/v4cstaging.co.in/public_html/favela/system/CodeIgniter.php(361): CodeIgniter\CodeIgniter->handleRequest()
#8 /home/vcstagin/domains/v4cstaging.co.in/public_html/favela/index.php(79): CodeIgniter\CodeIgniter->run()
#9 {main}
CRITICAL - 2024-03-28 11:15:54 --> You have an error in your SQL syntax; check the manual that corresponds to your MariaDB server version for the right syntax to use near '' at line 1
in SYSTEMPATH/Database/BaseConnection.php on line 647.
 1 APPPATH/Models/UserMobile/LoginModel.php(13): CodeIgniter\Database\BaseConnection->query()
 2 APPPATH/Controllers/UserMobile/Login.php(41): App\Models\UserMobile\LoginModel->verifyUser()
 3 SYSTEMPATH/CodeIgniter.php(942): App\Controllers\UserMobile\Login->loginapi()
 4 SYSTEMPATH/CodeIgniter.php(502): CodeIgniter\CodeIgniter->runController()
 5 SYSTEMPATH/CodeIgniter.php(361): CodeIgniter\CodeIgniter->handleRequest()
 6 FCPATH/index.php(79): CodeIgniter\CodeIgniter->run()
ERROR - 2024-03-28 11:16:27 --> mysqli_sql_exception: You have an error in your SQL syntax; check the manual that corresponds to your MariaDB server version for the right syntax to use near '' at line 1 in /home/vcstagin/domains/v4cstaging.co.in/public_html/favela/system/Database/MySQLi/Connection.php:306
Stack trace:
#0 /home/vcstagin/domains/v4cstaging.co.in/public_html/favela/system/Database/MySQLi/Connection.php(306): mysqli->query()
#1 /home/vcstagin/domains/v4cstaging.co.in/public_html/favela/system/Database/BaseConnection.php(693): CodeIgniter\Database\MySQLi\Connection->execute()
#2 /home/vcstagin/domains/v4cstaging.co.in/public_html/favela/system/Database/BaseConnection.php(607): CodeIgniter\Database\BaseConnection->simpleQuery()
#3 /home/vcstagin/domains/v4cstaging.co.in/public_html/favela/app/Models/UserMobile/LoginModel.php(13): CodeIgniter\Database\BaseConnection->query()
#4 /home/vcstagin/domains/v4cstaging.co.in/public_html/favela/app/Controllers/UserMobile/Login.php(41): App\Models\UserMobile\LoginModel->verifyUser()
#5 /home/vcstagin/domains/v4cstaging.co.in/public_html/favela/system/CodeIgniter.php(942): App\Controllers\UserMobile\Login->loginapi()
#6 /home/vcstagin/domains/v4cstaging.co.in/public_html/favela/system/CodeIgniter.php(502): CodeIgniter\CodeIgniter->runController()
#7 /home/vcstagin/domains/v4cstaging.co.in/public_html/favela/system/CodeIgniter.php(361): CodeIgniter\CodeIgniter->handleRequest()
#8 /home/vcstagin/domains/v4cstaging.co.in/public_html/favela/index.php(79): CodeIgniter\CodeIgniter->run()
#9 {main}
CRITICAL - 2024-03-28 11:16:27 --> You have an error in your SQL syntax; check the manual that corresponds to your MariaDB server version for the right syntax to use near '' at line 1
in SYSTEMPATH/Database/BaseConnection.php on line 647.
 1 APPPATH/Models/UserMobile/LoginModel.php(13): CodeIgniter\Database\BaseConnection->query()
 2 APPPATH/Controllers/UserMobile/Login.php(41): App\Models\UserMobile\LoginModel->verifyUser()
 3 SYSTEMPATH/CodeIgniter.php(942): App\Controllers\UserMobile\Login->loginapi()
 4 SYSTEMPATH/CodeIgniter.php(502): CodeIgniter\CodeIgniter->runController()
 5 SYSTEMPATH/CodeIgniter.php(361): CodeIgniter\CodeIgniter->handleRequest()
 6 FCPATH/index.php(79): CodeIgniter\CodeIgniter->run()
ERROR - 2024-03-28 11:19:49 --> mysqli_sql_exception: You have an error in your SQL syntax; check the manual that corresponds to your MariaDB server version for the right syntax to use near '' at line 1 in /home/vcstagin/domains/v4cstaging.co.in/public_html/favela/system/Database/MySQLi/Connection.php:306
Stack trace:
#0 /home/vcstagin/domains/v4cstaging.co.in/public_html/favela/system/Database/MySQLi/Connection.php(306): mysqli->query()
#1 /home/vcstagin/domains/v4cstaging.co.in/public_html/favela/system/Database/BaseConnection.php(693): CodeIgniter\Database\MySQLi\Connection->execute()
#2 /home/vcstagin/domains/v4cstaging.co.in/public_html/favela/system/Database/BaseConnection.php(607): CodeIgniter\Database\BaseConnection->simpleQuery()
#3 /home/vcstagin/domains/v4cstaging.co.in/public_html/favela/app/Models/UserMobile/LoginModel.php(13): CodeIgniter\Database\BaseConnection->query()
#4 /home/vcstagin/domains/v4cstaging.co.in/public_html/favela/app/Controllers/UserMobile/Login.php(41): App\Models\UserMobile\LoginModel->verifyUser()
#5 /home/vcstagin/domains/v4cstaging.co.in/public_html/favela/system/CodeIgniter.php(942): App\Controllers\UserMobile\Login->loginapi()
#6 /home/vcstagin/domains/v4cstaging.co.in/public_html/favela/system/CodeIgniter.php(502): CodeIgniter\CodeIgniter->runController()
#7 /home/vcstagin/domains/v4cstaging.co.in/public_html/favela/system/CodeIgniter.php(361): CodeIgniter\CodeIgniter->handleRequest()
#8 /home/vcstagin/domains/v4cstaging.co.in/public_html/favela/index.php(79): CodeIgniter\CodeIgniter->run()
#9 {main}
CRITICAL - 2024-03-28 11:19:49 --> You have an error in your SQL syntax; check the manual that corresponds to your MariaDB server version for the right syntax to use near '' at line 1
in SYSTEMPATH/Database/BaseConnection.php on line 647.
 1 APPPATH/Models/UserMobile/LoginModel.php(13): CodeIgniter\Database\BaseConnection->query()
 2 APPPATH/Controllers/UserMobile/Login.php(41): App\Models\UserMobile\LoginModel->verifyUser()
 3 SYSTEMPATH/CodeIgniter.php(942): App\Controllers\UserMobile\Login->loginapi()
 4 SYSTEMPATH/CodeIgniter.php(502): CodeIgniter\CodeIgniter->runController()
 5 SYSTEMPATH/CodeIgniter.php(361): CodeIgniter\CodeIgniter->handleRequest()
 6 FCPATH/index.php(79): CodeIgniter\CodeIgniter->run()
ERROR - 2024-03-28 11:21:24 --> mysqli_sql_exception: You have an error in your SQL syntax; check the manual that corresponds to your MariaDB server version for the right syntax to use near '' at line 1 in /home/vcstagin/domains/v4cstaging.co.in/public_html/favela/system/Database/MySQLi/Connection.php:306
Stack trace:
#0 /home/vcstagin/domains/v4cstaging.co.in/public_html/favela/system/Database/MySQLi/Connection.php(306): mysqli->query()
#1 /home/vcstagin/domains/v4cstaging.co.in/public_html/favela/system/Database/BaseConnection.php(693): CodeIgniter\Database\MySQLi\Connection->execute()
#2 /home/vcstagin/domains/v4cstaging.co.in/public_html/favela/system/Database/BaseConnection.php(607): CodeIgniter\Database\BaseConnection->simpleQuery()
#3 /home/vcstagin/domains/v4cstaging.co.in/public_html/favela/app/Models/UserMobile/LoginModel.php(13): CodeIgniter\Database\BaseConnection->query()
#4 /home/vcstagin/domains/v4cstaging.co.in/public_html/favela/app/Controllers/UserMobile/Login.php(41): App\Models\UserMobile\LoginModel->verifyUser()
#5 /home/vcstagin/domains/v4cstaging.co.in/public_html/favela/system/CodeIgniter.php(942): App\Controllers\UserMobile\Login->loginapi()
#6 /home/vcstagin/domains/v4cstaging.co.in/public_html/favela/system/CodeIgniter.php(502): CodeIgniter\CodeIgniter->runController()
#7 /home/vcstagin/domains/v4cstaging.co.in/public_html/favela/system/CodeIgniter.php(361): CodeIgniter\CodeIgniter->handleRequest()
#8 /home/vcstagin/domains/v4cstaging.co.in/public_html/favela/index.php(79): CodeIgniter\CodeIgniter->run()
#9 {main}
CRITICAL - 2024-03-28 11:21:24 --> You have an error in your SQL syntax; check the manual that corresponds to your MariaDB server version for the right syntax to use near '' at line 1
in SYSTEMPATH/Database/BaseConnection.php on line 647.
 1 APPPATH/Models/UserMobile/LoginModel.php(13): CodeIgniter\Database\BaseConnection->query()
 2 APPPATH/Controllers/UserMobile/Login.php(41): App\Models\UserMobile\LoginModel->verifyUser()
 3 SYSTEMPATH/CodeIgniter.php(942): App\Controllers\UserMobile\Login->loginapi()
 4 SYSTEMPATH/CodeIgniter.php(502): CodeIgniter\CodeIgniter->runController()
 5 SYSTEMPATH/CodeIgniter.php(361): CodeIgniter\CodeIgniter->handleRequest()
 6 FCPATH/index.php(79): CodeIgniter\CodeIgniter->run()
ERROR - 2024-03-28 11:22:47 --> mysqli_sql_exception: You have an error in your SQL syntax; check the manual that corresponds to your MariaDB server version for the right syntax to use near '' at line 1 in /home/vcstagin/domains/v4cstaging.co.in/public_html/favela/system/Database/MySQLi/Connection.php:306
Stack trace:
#0 /home/vcstagin/domains/v4cstaging.co.in/public_html/favela/system/Database/MySQLi/Connection.php(306): mysqli->query()
#1 /home/vcstagin/domains/v4cstaging.co.in/public_html/favela/system/Database/BaseConnection.php(693): CodeIgniter\Database\MySQLi\Connection->execute()
#2 /home/vcstagin/domains/v4cstaging.co.in/public_html/favela/system/Database/BaseConnection.php(607): CodeIgniter\Database\BaseConnection->simpleQuery()
#3 /home/vcstagin/domains/v4cstaging.co.in/public_html/favela/app/Models/UserMobile/LoginModel.php(13): CodeIgniter\Database\BaseConnection->query()
#4 /home/vcstagin/domains/v4cstaging.co.in/public_html/favela/app/Controllers/UserMobile/Login.php(41): App\Models\UserMobile\LoginModel->verifyUser()
#5 /home/vcstagin/domains/v4cstaging.co.in/public_html/favela/system/CodeIgniter.php(942): App\Controllers\UserMobile\Login->loginapi()
#6 /home/vcstagin/domains/v4cstaging.co.in/public_html/favela/system/CodeIgniter.php(502): CodeIgniter\CodeIgniter->runController()
#7 /home/vcstagin/domains/v4cstaging.co.in/public_html/favela/system/CodeIgniter.php(361): CodeIgniter\CodeIgniter->handleRequest()
#8 /home/vcstagin/domains/v4cstaging.co.in/public_html/favela/index.php(79): CodeIgniter\CodeIgniter->run()
#9 {main}
CRITICAL - 2024-03-28 11:22:47 --> You have an error in your SQL syntax; check the manual that corresponds to your MariaDB server version for the right syntax to use near '' at line 1
in SYSTEMPATH/Database/BaseConnection.php on line 647.
 1 APPPATH/Models/UserMobile/LoginModel.php(13): CodeIgniter\Database\BaseConnection->query()
 2 APPPATH/Controllers/UserMobile/Login.php(41): App\Models\UserMobile\LoginModel->verifyUser()
 3 SYSTEMPATH/CodeIgniter.php(942): App\Controllers\UserMobile\Login->loginapi()
 4 SYSTEMPATH/CodeIgniter.php(502): CodeIgniter\CodeIgniter->runController()
 5 SYSTEMPATH/CodeIgniter.php(361): CodeIgniter\CodeIgniter->handleRequest()
 6 FCPATH/index.php(79): CodeIgniter\CodeIgniter->run()
ERROR - 2024-03-28 11:28:10 --> mysqli_sql_exception: You have an error in your SQL syntax; check the manual that corresponds to your MariaDB server version for the right syntax to use near '' at line 1 in /home/vcstagin/domains/v4cstaging.co.in/public_html/favela/system/Database/MySQLi/Connection.php:306
Stack trace:
#0 /home/vcstagin/domains/v4cstaging.co.in/public_html/favela/system/Database/MySQLi/Connection.php(306): mysqli->query()
#1 /home/vcstagin/domains/v4cstaging.co.in/public_html/favela/system/Database/BaseConnection.php(693): CodeIgniter\Database\MySQLi\Connection->execute()
#2 /home/vcstagin/domains/v4cstaging.co.in/public_html/favela/system/Database/BaseConnection.php(607): CodeIgniter\Database\BaseConnection->simpleQuery()
#3 /home/vcstagin/domains/v4cstaging.co.in/public_html/favela/app/Models/UserMobile/LoginModel.php(13): CodeIgniter\Database\BaseConnection->query()
#4 /home/vcstagin/domains/v4cstaging.co.in/public_html/favela/app/Controllers/UserMobile/Login.php(41): App\Models\UserMobile\LoginModel->verifyUser()
#5 /home/vcstagin/domains/v4cstaging.co.in/public_html/favela/system/CodeIgniter.php(942): App\Controllers\UserMobile\Login->loginapi()
#6 /home/vcstagin/domains/v4cstaging.co.in/public_html/favela/system/CodeIgniter.php(502): CodeIgniter\CodeIgniter->runController()
#7 /home/vcstagin/domains/v4cstaging.co.in/public_html/favela/system/CodeIgniter.php(361): CodeIgniter\CodeIgniter->handleRequest()
#8 /home/vcstagin/domains/v4cstaging.co.in/public_html/favela/index.php(79): CodeIgniter\CodeIgniter->run()
#9 {main}
CRITICAL - 2024-03-28 11:28:10 --> You have an error in your SQL syntax; check the manual that corresponds to your MariaDB server version for the right syntax to use near '' at line 1
in SYSTEMPATH/Database/BaseConnection.php on line 647.
 1 APPPATH/Models/UserMobile/LoginModel.php(13): CodeIgniter\Database\BaseConnection->query()
 2 APPPATH/Controllers/UserMobile/Login.php(41): App\Models\UserMobile\LoginModel->verifyUser()
 3 SYSTEMPATH/CodeIgniter.php(942): App\Controllers\UserMobile\Login->loginapi()
 4 SYSTEMPATH/CodeIgniter.php(502): CodeIgniter\CodeIgniter->runController()
 5 SYSTEMPATH/CodeIgniter.php(361): CodeIgniter\CodeIgniter->handleRequest()
 6 FCPATH/index.php(79): CodeIgniter\CodeIgniter->run()
ERROR - 2024-03-28 11:36:14 --> mysqli_sql_exception: You have an error in your SQL syntax; check the manual that corresponds to your MariaDB server version for the right syntax to use near '' at line 1 in /home/vcstagin/domains/v4cstaging.co.in/public_html/favela/system/Database/MySQLi/Connection.php:306
Stack trace:
#0 /home/vcstagin/domains/v4cstaging.co.in/public_html/favela/system/Database/MySQLi/Connection.php(306): mysqli->query()
#1 /home/vcstagin/domains/v4cstaging.co.in/public_html/favela/system/Database/BaseConnection.php(693): CodeIgniter\Database\MySQLi\Connection->execute()
#2 /home/vcstagin/domains/v4cstaging.co.in/public_html/favela/system/Database/BaseConnection.php(607): CodeIgniter\Database\BaseConnection->simpleQuery()
#3 /home/vcstagin/domains/v4cstaging.co.in/public_html/favela/app/Models/UserMobile/LoginModel.php(13): CodeIgniter\Database\BaseConnection->query()
#4 /home/vcstagin/domains/v4cstaging.co.in/public_html/favela/app/Controllers/UserMobile/Login.php(41): App\Models\UserMobile\LoginModel->verifyUser()
#5 /home/vcstagin/domains/v4cstaging.co.in/public_html/favela/system/CodeIgniter.php(942): App\Controllers\UserMobile\Login->loginapi()
#6 /home/vcstagin/domains/v4cstaging.co.in/public_html/favela/system/CodeIgniter.php(502): CodeIgniter\CodeIgniter->runController()
#7 /home/vcstagin/domains/v4cstaging.co.in/public_html/favela/system/CodeIgniter.php(361): CodeIgniter\CodeIgniter->handleRequest()
#8 /home/vcstagin/domains/v4cstaging.co.in/public_html/favela/index.php(79): CodeIgniter\CodeIgniter->run()
#9 {main}
CRITICAL - 2024-03-28 11:36:14 --> You have an error in your SQL syntax; check the manual that corresponds to your MariaDB server version for the right syntax to use near '' at line 1
in SYSTEMPATH/Database/BaseConnection.php on line 647.
 1 APPPATH/Models/UserMobile/LoginModel.php(13): CodeIgniter\Database\BaseConnection->query()
 2 APPPATH/Controllers/UserMobile/Login.php(41): App\Models\UserMobile\LoginModel->verifyUser()
 3 SYSTEMPATH/CodeIgniter.php(942): App\Controllers\UserMobile\Login->loginapi()
 4 SYSTEMPATH/CodeIgniter.php(502): CodeIgniter\CodeIgniter->runController()
 5 SYSTEMPATH/CodeIgniter.php(361): CodeIgniter\CodeIgniter->handleRequest()
 6 FCPATH/index.php(79): CodeIgniter\CodeIgniter->run()
ERROR - 2024-03-28 11:38:40 --> mysqli_sql_exception: You have an error in your SQL syntax; check the manual that corresponds to your MariaDB server version for the right syntax to use near '' at line 1 in /home/vcstagin/domains/v4cstaging.co.in/public_html/favela/system/Database/MySQLi/Connection.php:306
Stack trace:
#0 /home/vcstagin/domains/v4cstaging.co.in/public_html/favela/system/Database/MySQLi/Connection.php(306): mysqli->query()
#1 /home/vcstagin/domains/v4cstaging.co.in/public_html/favela/system/Database/BaseConnection.php(693): CodeIgniter\Database\MySQLi\Connection->execute()
#2 /home/vcstagin/domains/v4cstaging.co.in/public_html/favela/system/Database/BaseConnection.php(607): CodeIgniter\Database\BaseConnection->simpleQuery()
#3 /home/vcstagin/domains/v4cstaging.co.in/public_html/favela/app/Models/UserMobile/LoginModel.php(13): CodeIgniter\Database\BaseConnection->query()
#4 /home/vcstagin/domains/v4cstaging.co.in/public_html/favela/app/Controllers/UserMobile/Login.php(41): App\Models\UserMobile\LoginModel->verifyUser()
#5 /home/vcstagin/domains/v4cstaging.co.in/public_html/favela/system/CodeIgniter.php(942): App\Controllers\UserMobile\Login->loginapi()
#6 /home/vcstagin/domains/v4cstaging.co.in/public_html/favela/system/CodeIgniter.php(502): CodeIgniter\CodeIgniter->runController()
#7 /home/vcstagin/domains/v4cstaging.co.in/public_html/favela/system/CodeIgniter.php(361): CodeIgniter\CodeIgniter->handleRequest()
#8 /home/vcstagin/domains/v4cstaging.co.in/public_html/favela/index.php(79): CodeIgniter\CodeIgniter->run()
#9 {main}
CRITICAL - 2024-03-28 11:38:40 --> You have an error in your SQL syntax; check the manual that corresponds to your MariaDB server version for the right syntax to use near '' at line 1
in SYSTEMPATH/Database/BaseConnection.php on line 647.
 1 APPPATH/Models/UserMobile/LoginModel.php(13): CodeIgniter\Database\BaseConnection->query()
 2 APPPATH/Controllers/UserMobile/Login.php(41): App\Models\UserMobile\LoginModel->verifyUser()
 3 SYSTEMPATH/CodeIgniter.php(942): App\Controllers\UserMobile\Login->loginapi()
 4 SYSTEMPATH/CodeIgniter.php(502): CodeIgniter\CodeIgniter->runController()
 5 SYSTEMPATH/CodeIgniter.php(361): CodeIgniter\CodeIgniter->handleRequest()
 6 FCPATH/index.php(79): CodeIgniter\CodeIgniter->run()
ERROR - 2024-03-28 11:41:15 --> mysqli_sql_exception: You have an error in your SQL syntax; check the manual that corresponds to your MariaDB server version for the right syntax to use near '' at line 1 in /home/vcstagin/domains/v4cstaging.co.in/public_html/favela/system/Database/MySQLi/Connection.php:306
Stack trace:
#0 /home/vcstagin/domains/v4cstaging.co.in/public_html/favela/system/Database/MySQLi/Connection.php(306): mysqli->query()
#1 /home/vcstagin/domains/v4cstaging.co.in/public_html/favela/system/Database/BaseConnection.php(693): CodeIgniter\Database\MySQLi\Connection->execute()
#2 /home/vcstagin/domains/v4cstaging.co.in/public_html/favela/system/Database/BaseConnection.php(607): CodeIgniter\Database\BaseConnection->simpleQuery()
#3 /home/vcstagin/domains/v4cstaging.co.in/public_html/favela/app/Models/UserMobile/LoginModel.php(13): CodeIgniter\Database\BaseConnection->query()
#4 /home/vcstagin/domains/v4cstaging.co.in/public_html/favela/app/Controllers/UserMobile/Login.php(41): App\Models\UserMobile\LoginModel->verifyUser()
#5 /home/vcstagin/domains/v4cstaging.co.in/public_html/favela/system/CodeIgniter.php(942): App\Controllers\UserMobile\Login->loginapi()
#6 /home/vcstagin/domains/v4cstaging.co.in/public_html/favela/system/CodeIgniter.php(502): CodeIgniter\CodeIgniter->runController()
#7 /home/vcstagin/domains/v4cstaging.co.in/public_html/favela/system/CodeIgniter.php(361): CodeIgniter\CodeIgniter->handleRequest()
#8 /home/vcstagin/domains/v4cstaging.co.in/public_html/favela/index.php(79): CodeIgniter\CodeIgniter->run()
#9 {main}
CRITICAL - 2024-03-28 11:41:15 --> You have an error in your SQL syntax; check the manual that corresponds to your MariaDB server version for the right syntax to use near '' at line 1
in SYSTEMPATH/Database/BaseConnection.php on line 647.
 1 APPPATH/Models/UserMobile/LoginModel.php(13): CodeIgniter\Database\BaseConnection->query()
 2 APPPATH/Controllers/UserMobile/Login.php(41): App\Models\UserMobile\LoginModel->verifyUser()
 3 SYSTEMPATH/CodeIgniter.php(942): App\Controllers\UserMobile\Login->loginapi()
 4 SYSTEMPATH/CodeIgniter.php(502): CodeIgniter\CodeIgniter->runController()
 5 SYSTEMPATH/CodeIgniter.php(361): CodeIgniter\CodeIgniter->handleRequest()
 6 FCPATH/index.php(79): CodeIgniter\CodeIgniter->run()
ERROR - 2024-03-28 11:41:44 --> mysqli_sql_exception: You have an error in your SQL syntax; check the manual that corresponds to your MariaDB server version for the right syntax to use near '' at line 1 in /home/vcstagin/domains/v4cstaging.co.in/public_html/favela/system/Database/MySQLi/Connection.php:306
Stack trace:
#0 /home/vcstagin/domains/v4cstaging.co.in/public_html/favela/system/Database/MySQLi/Connection.php(306): mysqli->query()
#1 /home/vcstagin/domains/v4cstaging.co.in/public_html/favela/system/Database/BaseConnection.php(693): CodeIgniter\Database\MySQLi\Connection->execute()
#2 /home/vcstagin/domains/v4cstaging.co.in/public_html/favela/system/Database/BaseConnection.php(607): CodeIgniter\Database\BaseConnection->simpleQuery()
#3 /home/vcstagin/domains/v4cstaging.co.in/public_html/favela/app/Models/UserMobile/LoginModel.php(13): CodeIgniter\Database\BaseConnection->query()
#4 /home/vcstagin/domains/v4cstaging.co.in/public_html/favela/app/Controllers/UserMobile/Login.php(41): App\Models\UserMobile\LoginModel->verifyUser()
#5 /home/vcstagin/domains/v4cstaging.co.in/public_html/favela/system/CodeIgniter.php(942): App\Controllers\UserMobile\Login->loginapi()
#6 /home/vcstagin/domains/v4cstaging.co.in/public_html/favela/system/CodeIgniter.php(502): CodeIgniter\CodeIgniter->runController()
#7 /home/vcstagin/domains/v4cstaging.co.in/public_html/favela/system/CodeIgniter.php(361): CodeIgniter\CodeIgniter->handleRequest()
#8 /home/vcstagin/domains/v4cstaging.co.in/public_html/favela/index.php(79): CodeIgniter\CodeIgniter->run()
#9 {main}
CRITICAL - 2024-03-28 11:41:44 --> You have an error in your SQL syntax; check the manual that corresponds to your MariaDB server version for the right syntax to use near '' at line 1
in SYSTEMPATH/Database/BaseConnection.php on line 647.
 1 APPPATH/Models/UserMobile/LoginModel.php(13): CodeIgniter\Database\BaseConnection->query()
 2 APPPATH/Controllers/UserMobile/Login.php(41): App\Models\UserMobile\LoginModel->verifyUser()
 3 SYSTEMPATH/CodeIgniter.php(942): App\Controllers\UserMobile\Login->loginapi()
 4 SYSTEMPATH/CodeIgniter.php(502): CodeIgniter\CodeIgniter->runController()
 5 SYSTEMPATH/CodeIgniter.php(361): CodeIgniter\CodeIgniter->handleRequest()
 6 FCPATH/index.php(79): CodeIgniter\CodeIgniter->run()
