CRITICAL - 2024-10-24 07:07:54 --> file_get_contents(https://chart.googleapis.com/chart?chs=150x150&amp;cht=qr&amp;chl=https://v4cstaging.co.in/favela/visitorgatepass/access/117297536743210461&amp;choe=UTF-8): Failed to open stream: HTTP request failed! HTTP/1.1 404 Not Found

in APPPATH/Controllers/VisitorGatepass.php on line 58.
 1 [internal function]: CodeIgniter\Debug\Exceptions->errorHandler()
 2 APPPATH/Controllers/VisitorGatepass.php(58): file_get_contents()
 3 SYSTEMPATH/CodeIgniter.php(942): App\Controllers\VisitorGatepass->createnew()
 4 SYSTEMPATH/CodeIgniter.php(502): CodeIgniter\CodeIgniter->runController()
 5 SYSTEMPATH/CodeIgniter.php(361): CodeIgniter\CodeIgniter->handleRequest()
 6 FCPATH/index.php(79): CodeIgniter\CodeIgniter->run()
CRITICAL - 2024-10-24 08:26:57 --> file_get_contents(https://chart.googleapis.com/chart?chs=150x150&amp;cht=qr&amp;chl=https://v4cstaging.co.in/favela/visitorgatepass/access/117297584171388381&amp;choe=UTF-8): Failed to open stream: HTTP request failed! HTTP/1.1 404 Not Found

in APPPATH/Controllers/VisitorGatepass.php on line 58.
 1 [internal function]: CodeIgniter\Debug\Exceptions->errorHandler()
 2 APPPATH/Controllers/VisitorGatepass.php(58): file_get_contents()
 3 SYSTEMPATH/CodeIgniter.php(942): App\Controllers\VisitorGatepass->createnew()
 4 SYSTEMPATH/CodeIgniter.php(502): CodeIgniter\CodeIgniter->runController()
 5 SYSTEMPATH/CodeIgniter.php(361): CodeIgniter\CodeIgniter->handleRequest()
 6 FCPATH/index.php(79): CodeIgniter\CodeIgniter->run()
ERROR - 2024-10-24 10:27:35 --> mysqli_sql_exception: Unknown column 'jggfdds' in 'where clause' in /home/vcstagin/domains/v4cstaging.co.in/public_html/favela/system/Database/MySQLi/Connection.php:306
Stack trace:
#0 /home/vcstagin/domains/v4cstaging.co.in/public_html/favela/system/Database/MySQLi/Connection.php(306): mysqli->query()
#1 /home/vcstagin/domains/v4cstaging.co.in/public_html/favela/system/Database/BaseConnection.php(693): CodeIgniter\Database\MySQLi\Connection->execute()
#2 /home/vcstagin/domains/v4cstaging.co.in/public_html/favela/system/Database/BaseConnection.php(607): CodeIgniter\Database\BaseConnection->simpleQuery()
#3 /home/vcstagin/domains/v4cstaging.co.in/public_html/favela/app/Models/SecurityModel.php(47): CodeIgniter\Database\BaseConnection->query()
#4 /home/vcstagin/domains/v4cstaging.co.in/public_html/favela/app/Controllers/Securities.php(57): App\Models\SecurityModel->getSecurity()
#5 /home/vcstagin/domains/v4cstaging.co.in/public_html/favela/system/CodeIgniter.php(942): App\Controllers\Securities->searchsecurity()
#6 /home/vcstagin/domains/v4cstaging.co.in/public_html/favela/system/CodeIgniter.php(502): CodeIgniter\CodeIgniter->runController()
#7 /home/vcstagin/domains/v4cstaging.co.in/public_html/favela/system/CodeIgniter.php(361): CodeIgniter\CodeIgniter->handleRequest()
#8 /home/vcstagin/domains/v4cstaging.co.in/public_html/favela/index.php(79): CodeIgniter\CodeIgniter->run()
#9 {main}
CRITICAL - 2024-10-24 10:27:35 --> Unknown column 'jggfdds' in 'where clause'
in SYSTEMPATH/Database/BaseConnection.php on line 647.
 1 APPPATH/Models/SecurityModel.php(47): CodeIgniter\Database\BaseConnection->query()
 2 APPPATH/Controllers/Securities.php(57): App\Models\SecurityModel->getSecurity()
 3 SYSTEMPATH/CodeIgniter.php(942): App\Controllers\Securities->searchsecurity()
 4 SYSTEMPATH/CodeIgniter.php(502): CodeIgniter\CodeIgniter->runController()
 5 SYSTEMPATH/CodeIgniter.php(361): CodeIgniter\CodeIgniter->handleRequest()
 6 FCPATH/index.php(79): CodeIgniter\CodeIgniter->run()
ERROR - 2024-10-24 10:27:38 --> mysqli_sql_exception: Unknown column 'jggfdds' in 'where clause' in /home/vcstagin/domains/v4cstaging.co.in/public_html/favela/system/Database/MySQLi/Connection.php:306
Stack trace:
#0 /home/vcstagin/domains/v4cstaging.co.in/public_html/favela/system/Database/MySQLi/Connection.php(306): mysqli->query()
#1 /home/vcstagin/domains/v4cstaging.co.in/public_html/favela/system/Database/BaseConnection.php(693): CodeIgniter\Database\MySQLi\Connection->execute()
#2 /home/vcstagin/domains/v4cstaging.co.in/public_html/favela/system/Database/BaseConnection.php(607): CodeIgniter\Database\BaseConnection->simpleQuery()
#3 /home/vcstagin/domains/v4cstaging.co.in/public_html/favela/app/Models/SecurityModel.php(47): CodeIgniter\Database\BaseConnection->query()
#4 /home/vcstagin/domains/v4cstaging.co.in/public_html/favela/app/Controllers/Securities.php(57): App\Models\SecurityModel->getSecurity()
#5 /home/vcstagin/domains/v4cstaging.co.in/public_html/favela/system/CodeIgniter.php(942): App\Controllers\Securities->searchsecurity()
#6 /home/vcstagin/domains/v4cstaging.co.in/public_html/favela/system/CodeIgniter.php(502): CodeIgniter\CodeIgniter->runController()
#7 /home/vcstagin/domains/v4cstaging.co.in/public_html/favela/system/CodeIgniter.php(361): CodeIgniter\CodeIgniter->handleRequest()
#8 /home/vcstagin/domains/v4cstaging.co.in/public_html/favela/index.php(79): CodeIgniter\CodeIgniter->run()
#9 {main}
CRITICAL - 2024-10-24 10:27:38 --> Unknown column 'jggfdds' in 'where clause'
in SYSTEMPATH/Database/BaseConnection.php on line 647.
 1 APPPATH/Models/SecurityModel.php(47): CodeIgniter\Database\BaseConnection->query()
 2 APPPATH/Controllers/Securities.php(57): App\Models\SecurityModel->getSecurity()
 3 SYSTEMPATH/CodeIgniter.php(942): App\Controllers\Securities->searchsecurity()
 4 SYSTEMPATH/CodeIgniter.php(502): CodeIgniter\CodeIgniter->runController()
 5 SYSTEMPATH/CodeIgniter.php(361): CodeIgniter\CodeIgniter->handleRequest()
 6 FCPATH/index.php(79): CodeIgniter\CodeIgniter->run()
