ERROR - 2025-03-12 05:29:01 --> mysqli_sql_exception: Unknown column 'subcategories' in 'field list' in C:\xampp\htdocs\favela\system\Database\MySQLi\Connection.php:306
Stack trace:
#0 C:\xampp\htdocs\favela\system\Database\MySQLi\Connection.php(306): mysqli->query('INSERT INTO `as...', 0)
#1 C:\xampp\htdocs\favela\system\Database\BaseConnection.php(693): CodeIgniter\Database\MySQLi\Connection->execute('INSERT INTO `as...')
#2 C:\xampp\htdocs\favela\system\Database\BaseConnection.php(607): CodeIgniter\Database\BaseConnection->simpleQuery('INSERT INTO `as...')
#3 C:\xampp\htdocs\favela\system\Database\BaseBuilder.php(2308): CodeIgniter\Database\BaseConnection->query('INSERT INTO `as...', Array, false)
#4 C:\xampp\htdocs\favela\app\Models\CategoryModel.php(12): CodeIgniter\Database\BaseBuilder->insert(Array)
#5 C:\xampp\htdocs\favela\app\Controllers\Category.php(52): App\Models\CategoryModel->createCategory(Array)
#6 C:\xampp\htdocs\favela\system\CodeIgniter.php(942): App\Controllers\Category->saveCategory()
#7 C:\xampp\htdocs\favela\system\CodeIgniter.php(502): CodeIgniter\CodeIgniter->runController(Object(App\Controllers\Category))
#8 C:\xampp\htdocs\favela\system\CodeIgniter.php(361): CodeIgniter\CodeIgniter->handleRequest(NULL, Object(Config\Cache), false)
#9 C:\xampp\htdocs\favela\index.php(79): CodeIgniter\CodeIgniter->run()
#10 {main}
CRITICAL - 2025-03-12 05:29:01 --> Unknown column 'subcategories' in 'field list'
in SYSTEMPATH\Database\BaseConnection.php on line 647.
 1 SYSTEMPATH\Database\BaseBuilder.php(2308): CodeIgniter\Database\BaseConnection->query('INSERT INTO `assets_categories` (`category_name`, `subcategories`) VALUES (:category_name:, :subcategories:)', [...], false)
 2 APPPATH\Models\CategoryModel.php(12): CodeIgniter\Database\BaseBuilder->insert([...])
 3 APPPATH\Controllers\Category.php(52): App\Models\CategoryModel->createCategory([...])
 4 SYSTEMPATH\CodeIgniter.php(942): App\Controllers\Category->saveCategory()
 5 SYSTEMPATH\CodeIgniter.php(502): CodeIgniter\CodeIgniter->runController(Object(App\Controllers\Category))
 6 SYSTEMPATH\CodeIgniter.php(361): CodeIgniter\CodeIgniter->handleRequest(null, Object(Config\Cache), false)
 7 FCPATH\index.php(79): CodeIgniter\CodeIgniter->run()
ERROR - 2025-03-12 06:01:11 --> mysqli_sql_exception: Unknown column 'subcategories' in 'field list' in C:\xampp\htdocs\favela\system\Database\MySQLi\Connection.php:306
Stack trace:
#0 C:\xampp\htdocs\favela\system\Database\MySQLi\Connection.php(306): mysqli->query('INSERT INTO `as...', 0)
#1 C:\xampp\htdocs\favela\system\Database\BaseConnection.php(693): CodeIgniter\Database\MySQLi\Connection->execute('INSERT INTO `as...')
#2 C:\xampp\htdocs\favela\system\Database\BaseConnection.php(607): CodeIgniter\Database\BaseConnection->simpleQuery('INSERT INTO `as...')
#3 C:\xampp\htdocs\favela\system\Database\BaseBuilder.php(2308): CodeIgniter\Database\BaseConnection->query('INSERT INTO `as...', Array, false)
#4 C:\xampp\htdocs\favela\app\Models\CategoryModel.php(12): CodeIgniter\Database\BaseBuilder->insert(Array)
#5 C:\xampp\htdocs\favela\app\Controllers\Category.php(51): App\Models\CategoryModel->createCategory(Array)
#6 C:\xampp\htdocs\favela\system\CodeIgniter.php(942): App\Controllers\Category->saveCategory()
#7 C:\xampp\htdocs\favela\system\CodeIgniter.php(502): CodeIgniter\CodeIgniter->runController(Object(App\Controllers\Category))
#8 C:\xampp\htdocs\favela\system\CodeIgniter.php(361): CodeIgniter\CodeIgniter->handleRequest(NULL, Object(Config\Cache), false)
#9 C:\xampp\htdocs\favela\index.php(79): CodeIgniter\CodeIgniter->run()
#10 {main}
CRITICAL - 2025-03-12 06:01:11 --> Unknown column 'subcategories' in 'field list'
in SYSTEMPATH\Database\BaseConnection.php on line 647.
 1 SYSTEMPATH\Database\BaseBuilder.php(2308): CodeIgniter\Database\BaseConnection->query('INSERT INTO `assets_categories` (`category_name`, `subcategories`) VALUES (:category_name:, :subcategories:)', [...], false)
 2 APPPATH\Models\CategoryModel.php(12): CodeIgniter\Database\BaseBuilder->insert([...])
 3 APPPATH\Controllers\Category.php(51): App\Models\CategoryModel->createCategory([...])
 4 SYSTEMPATH\CodeIgniter.php(942): App\Controllers\Category->saveCategory()
 5 SYSTEMPATH\CodeIgniter.php(502): CodeIgniter\CodeIgniter->runController(Object(App\Controllers\Category))
 6 SYSTEMPATH\CodeIgniter.php(361): CodeIgniter\CodeIgniter->handleRequest(null, Object(Config\Cache), false)
 7 FCPATH\index.php(79): CodeIgniter\CodeIgniter->run()
ERROR - 2025-03-12 06:26:30 --> mysqli_sql_exception: Unknown column 'subcategories' in 'field list' in C:\xampp\htdocs\favela\system\Database\MySQLi\Connection.php:306
Stack trace:
#0 C:\xampp\htdocs\favela\system\Database\MySQLi\Connection.php(306): mysqli->query('INSERT INTO `as...', 0)
#1 C:\xampp\htdocs\favela\system\Database\BaseConnection.php(693): CodeIgniter\Database\MySQLi\Connection->execute('INSERT INTO `as...')
#2 C:\xampp\htdocs\favela\system\Database\BaseConnection.php(607): CodeIgniter\Database\BaseConnection->simpleQuery('INSERT INTO `as...')
#3 C:\xampp\htdocs\favela\system\Database\BaseBuilder.php(2308): CodeIgniter\Database\BaseConnection->query('INSERT INTO `as...', Array, false)
#4 C:\xampp\htdocs\favela\app\Models\CategoryModel.php(12): CodeIgniter\Database\BaseBuilder->insert(Array)
#5 C:\xampp\htdocs\favela\app\Controllers\Category.php(51): App\Models\CategoryModel->createCategory(Array)
#6 C:\xampp\htdocs\favela\system\CodeIgniter.php(942): App\Controllers\Category->saveCategory()
#7 C:\xampp\htdocs\favela\system\CodeIgniter.php(502): CodeIgniter\CodeIgniter->runController(Object(App\Controllers\Category))
#8 C:\xampp\htdocs\favela\system\CodeIgniter.php(361): CodeIgniter\CodeIgniter->handleRequest(NULL, Object(Config\Cache), false)
#9 C:\xampp\htdocs\favela\index.php(79): CodeIgniter\CodeIgniter->run()
#10 {main}
CRITICAL - 2025-03-12 06:26:30 --> Unknown column 'subcategories' in 'field list'
in SYSTEMPATH\Database\BaseConnection.php on line 647.
 1 SYSTEMPATH\Database\BaseBuilder.php(2308): CodeIgniter\Database\BaseConnection->query('INSERT INTO `assets_categories` (`category_name`, `subcategories`) VALUES (:category_name:, :subcategories:)', [...], false)
 2 APPPATH\Models\CategoryModel.php(12): CodeIgniter\Database\BaseBuilder->insert([...])
 3 APPPATH\Controllers\Category.php(51): App\Models\CategoryModel->createCategory([...])
 4 SYSTEMPATH\CodeIgniter.php(942): App\Controllers\Category->saveCategory()
 5 SYSTEMPATH\CodeIgniter.php(502): CodeIgniter\CodeIgniter->runController(Object(App\Controllers\Category))
 6 SYSTEMPATH\CodeIgniter.php(361): CodeIgniter\CodeIgniter->handleRequest(null, Object(Config\Cache), false)
 7 FCPATH\index.php(79): CodeIgniter\CodeIgniter->run()
ERROR - 2025-03-12 06:29:45 --> mysqli_sql_exception: Unknown column 'subcategories' in 'field list' in C:\xampp\htdocs\favela\system\Database\MySQLi\Connection.php:306
Stack trace:
#0 C:\xampp\htdocs\favela\system\Database\MySQLi\Connection.php(306): mysqli->query('INSERT INTO `as...', 0)
#1 C:\xampp\htdocs\favela\system\Database\BaseConnection.php(693): CodeIgniter\Database\MySQLi\Connection->execute('INSERT INTO `as...')
#2 C:\xampp\htdocs\favela\system\Database\BaseConnection.php(607): CodeIgniter\Database\BaseConnection->simpleQuery('INSERT INTO `as...')
#3 C:\xampp\htdocs\favela\system\Database\BaseBuilder.php(2308): CodeIgniter\Database\BaseConnection->query('INSERT INTO `as...', Array, false)
#4 C:\xampp\htdocs\favela\app\Models\CategoryModel.php(12): CodeIgniter\Database\BaseBuilder->insert(Array)
#5 C:\xampp\htdocs\favela\app\Controllers\Category.php(51): App\Models\CategoryModel->createCategory(Array)
#6 C:\xampp\htdocs\favela\system\CodeIgniter.php(942): App\Controllers\Category->saveCategory()
#7 C:\xampp\htdocs\favela\system\CodeIgniter.php(502): CodeIgniter\CodeIgniter->runController(Object(App\Controllers\Category))
#8 C:\xampp\htdocs\favela\system\CodeIgniter.php(361): CodeIgniter\CodeIgniter->handleRequest(NULL, Object(Config\Cache), false)
#9 C:\xampp\htdocs\favela\index.php(79): CodeIgniter\CodeIgniter->run()
#10 {main}
CRITICAL - 2025-03-12 06:29:45 --> Unknown column 'subcategories' in 'field list'
in SYSTEMPATH\Database\BaseConnection.php on line 647.
 1 SYSTEMPATH\Database\BaseBuilder.php(2308): CodeIgniter\Database\BaseConnection->query('INSERT INTO `assets_categories` (`category_name`, `subcategories`) VALUES (:category_name:, :subcategories:)', [...], false)
 2 APPPATH\Models\CategoryModel.php(12): CodeIgniter\Database\BaseBuilder->insert([...])
 3 APPPATH\Controllers\Category.php(51): App\Models\CategoryModel->createCategory([...])
 4 SYSTEMPATH\CodeIgniter.php(942): App\Controllers\Category->saveCategory()
 5 SYSTEMPATH\CodeIgniter.php(502): CodeIgniter\CodeIgniter->runController(Object(App\Controllers\Category))
 6 SYSTEMPATH\CodeIgniter.php(361): CodeIgniter\CodeIgniter->handleRequest(null, Object(Config\Cache), false)
 7 FCPATH\index.php(79): CodeIgniter\CodeIgniter->run()
CRITICAL - 2025-03-12 08:47:00 --> CodeIgniter\Database\BaseResult::getFirstRow(): Argument #1 ($type) must be of type string, null given, called in C:\xampp\htdocs\favela\system\Model.php on line 264
in SYSTEMPATH\Database\BaseResult.php on line 389.
 1 SYSTEMPATH\Model.php(264): CodeIgniter\Database\BaseResult->getFirstRow(null)
 2 SYSTEMPATH\BaseModel.php(662): CodeIgniter\Model->doFirst()
 3 APPPATH\Controllers\Category.php(79): CodeIgniter\BaseModel->first()
 4 SYSTEMPATH\CodeIgniter.php(942): App\Controllers\Category->saveCategory()
 5 SYSTEMPATH\CodeIgniter.php(502): CodeIgniter\CodeIgniter->runController(Object(App\Controllers\Category))
 6 SYSTEMPATH\CodeIgniter.php(361): CodeIgniter\CodeIgniter->handleRequest(null, Object(Config\Cache), false)
 7 FCPATH\index.php(79): CodeIgniter\CodeIgniter->run()
CRITICAL - 2025-03-12 08:47:19 --> CodeIgniter\Database\BaseResult::getFirstRow(): Argument #1 ($type) must be of type string, null given, called in C:\xampp\htdocs\favela\system\Model.php on line 264
in SYSTEMPATH\Database\BaseResult.php on line 389.
 1 SYSTEMPATH\Model.php(264): CodeIgniter\Database\BaseResult->getFirstRow(null)
 2 SYSTEMPATH\BaseModel.php(662): CodeIgniter\Model->doFirst()
 3 APPPATH\Controllers\Category.php(79): CodeIgniter\BaseModel->first()
 4 SYSTEMPATH\CodeIgniter.php(942): App\Controllers\Category->saveCategory()
 5 SYSTEMPATH\CodeIgniter.php(502): CodeIgniter\CodeIgniter->runController(Object(App\Controllers\Category))
 6 SYSTEMPATH\CodeIgniter.php(361): CodeIgniter\CodeIgniter->handleRequest(null, Object(Config\Cache), false)
 7 FCPATH\index.php(79): CodeIgniter\CodeIgniter->run()
CRITICAL - 2025-03-12 08:47:42 --> CodeIgniter\Database\BaseResult::getFirstRow(): Argument #1 ($type) must be of type string, null given, called in C:\xampp\htdocs\favela\system\Model.php on line 264
in SYSTEMPATH\Database\BaseResult.php on line 389.
 1 SYSTEMPATH\Model.php(264): CodeIgniter\Database\BaseResult->getFirstRow(null)
 2 SYSTEMPATH\BaseModel.php(662): CodeIgniter\Model->doFirst()
 3 APPPATH\Controllers\Category.php(79): CodeIgniter\BaseModel->first()
 4 SYSTEMPATH\CodeIgniter.php(942): App\Controllers\Category->saveCategory()
 5 SYSTEMPATH\CodeIgniter.php(502): CodeIgniter\CodeIgniter->runController(Object(App\Controllers\Category))
 6 SYSTEMPATH\CodeIgniter.php(361): CodeIgniter\CodeIgniter->handleRequest(null, Object(Config\Cache), false)
 7 FCPATH\index.php(79): CodeIgniter\CodeIgniter->run()
