CRITICAL - 2024-01-21 17:34:55 --> Undefined variable $rolename
in APPPATH\Views\residents.php on line 75.
 1 APPPATH\Views\residents.php(75): CodeIgniter\Debug\Exceptions->errorHandler(2, 'Undefined variable $rolename', 'D:\\wamp\\www\\favela\\app\\Views\\residents.php', 75)
 2 SYSTEMPATH\View\View.php(228): include('D:\\wamp\\www\\favela\\app\\Views\\residents.php')
 3 SYSTEMPATH\View\View.php(231): CodeIgniter\View\View->CodeIgniter\View\{closure}()
 4 SYSTEMPATH\Common.php(1190): CodeIgniter\View\View->render('residents', [], true)
 5 APPPATH\Controllers\Residents.php(31): view('residents')
 6 SYSTEMPATH\CodeIgniter.php(942): App\Controllers\Residents->index()
 7 SYSTEMPATH\CodeIgniter.php(502): CodeIgniter\CodeIgniter->runController(Object(App\Controllers\Residents))
 8 SYSTEMPATH\CodeIgniter.php(361): CodeIgniter\CodeIgniter->handleRequest(null, Object(Config\Cache), false)
 9 FCPATH\index.php(79): CodeIgniter\CodeIgniter->run()
CRITICAL - 2024-01-21 17:34:55 --> Undefined variable $rolename
in APPPATH\Views\residents.php on line 75.
 1 APPPATH\Views\residents.php(75): CodeIgniter\Debug\Exceptions->errorHandler(2, 'Undefined variable $rolename', 'D:\\wamp\\www\\favela\\app\\Views\\residents.php', 75)
 2 SYSTEMPATH\View\View.php(228): include('D:\\wamp\\www\\favela\\app\\Views\\residents.php')
 3 SYSTEMPATH\View\View.php(231): CodeIgniter\View\View->CodeIgniter\View\{closure}()
 4 SYSTEMPATH\Common.php(1190): CodeIgniter\View\View->render('residents', [], true)
 5 APPPATH\Controllers\Residents.php(31): view('residents')
 6 SYSTEMPATH\CodeIgniter.php(942): App\Controllers\Residents->index()
 7 SYSTEMPATH\CodeIgniter.php(502): CodeIgniter\CodeIgniter->runController(Object(App\Controllers\Residents))
 8 SYSTEMPATH\CodeIgniter.php(361): CodeIgniter\CodeIgniter->handleRequest(null, Object(Config\Cache), false)
 9 FCPATH\index.php(79): CodeIgniter\CodeIgniter->run()
CRITICAL - 2024-01-21 17:53:42 --> Undefined property: App\Controllers\Residents::$ResidentsModel
in APPPATH\Controllers\Residents.php on line 48.
 1 APPPATH\Controllers\Residents.php(48): CodeIgniter\Debug\Exceptions->errorHandler(2, 'Undefined property: App\\Controllers\\Residents::$ResidentsModel', 'D:\\wamp\\www\\favela\\app\\Controllers\\Residents.php', 48)
 2 SYSTEMPATH\CodeIgniter.php(942): App\Controllers\Residents->verifyaadhaar()
 3 SYSTEMPATH\CodeIgniter.php(502): CodeIgniter\CodeIgniter->runController(Object(App\Controllers\Residents))
 4 SYSTEMPATH\CodeIgniter.php(361): CodeIgniter\CodeIgniter->handleRequest(null, Object(Config\Cache), false)
 5 FCPATH\index.php(79): CodeIgniter\CodeIgniter->run()
CRITICAL - 2024-01-21 17:55:16 --> Undefined property: App\Controllers\Residents::$ResidentsModel
in APPPATH\Controllers\Residents.php on line 48.
 1 APPPATH\Controllers\Residents.php(48): CodeIgniter\Debug\Exceptions->errorHandler(2, 'Undefined property: App\\Controllers\\Residents::$ResidentsModel', 'D:\\wamp\\www\\favela\\app\\Controllers\\Residents.php', 48)
 2 SYSTEMPATH\CodeIgniter.php(942): App\Controllers\Residents->verifyaadhaar()
 3 SYSTEMPATH\CodeIgniter.php(502): CodeIgniter\CodeIgniter->runController(Object(App\Controllers\Residents))
 4 SYSTEMPATH\CodeIgniter.php(361): CodeIgniter\CodeIgniter->handleRequest(null, Object(Config\Cache), false)
 5 FCPATH\index.php(79): CodeIgniter\CodeIgniter->run()
CRITICAL - 2024-01-21 17:56:32 --> Undefined property: App\Controllers\Residents::$ResidentsModel
in APPPATH\Controllers\Residents.php on line 48.
 1 APPPATH\Controllers\Residents.php(48): CodeIgniter\Debug\Exceptions->errorHandler(2, 'Undefined property: App\\Controllers\\Residents::$ResidentsModel', 'D:\\wamp\\www\\favela\\app\\Controllers\\Residents.php', 48)
 2 SYSTEMPATH\CodeIgniter.php(942): App\Controllers\Residents->verifyaadhaar()
 3 SYSTEMPATH\CodeIgniter.php(502): CodeIgniter\CodeIgniter->runController(Object(App\Controllers\Residents))
 4 SYSTEMPATH\CodeIgniter.php(361): CodeIgniter\CodeIgniter->handleRequest(null, Object(Config\Cache), false)
 5 FCPATH\index.php(79): CodeIgniter\CodeIgniter->run()
