CRITICAL - 2024-12-02 11:10:07 --> Class "Locale" not found
in SYSTEMPATH\CodeIgniter.php on line 218.
 1 ROOTPATH\spark(88): CodeIgniter\CodeIgniter->initialize()
CRITICAL - 2024-12-02 11:10:07 --> Uncaught Error: Class "Locale" not found in C:\xampp\htdocs\favela\system\I18n\TimeTrait.php:74
Stack trace:
#0 C:\xampp\htdocs\favela\system\I18n\TimeTrait.php(115): CodeIgniter\I18n\Time->__construct(NULL, NULL, NULL)
#1 C:\xampp\htdocs\favela\system\HTTP\ResponseTrait.php(468): CodeIgniter\I18n\Time::now()
#2 C:\xampp\htdocs\favela\system\HTTP\ResponseTrait.php(446): CodeIgniter\HTTP\Response->sendHeaders()
#3 C:\xampp\htdocs\favela\system\Debug\ExceptionHandler.php(81): CodeIgniter\HTTP\Response->send()
#4 C:\xampp\htdocs\favela\system\Debug\Exceptions.php(148): CodeIgniter\Debug\ExceptionHandler->handle(Object(Error), Object(CodeIgniter\HTTP\IncomingRequest), Object(CodeIgniter\HTTP\Response), 500, 1)
#5 [internal function]: CodeIgniter\Debug\Exceptions->exceptionHandler(Object(Error))
#6 {main}
  thrown
ã€Previous Exceptionã€‘
Error
Class "Locale" not found
#0 C:\xampp\htdocs\favela\spark(88): CodeIgniter\CodeIgniter->initialize()
#1 {main}
in SYSTEMPATH\I18n\TimeTrait.php on line 74.
 1 [internal function]: CodeIgniter\Debug\Exceptions->shutdownHandler()
CRITICAL - 2024-12-02 12:45:59 --> Attempt to read property "auth" on null
in APPPATH\Controllers\Login.php on line 27.
 1 APPPATH\Controllers\Login.php(27): CodeIgniter\Debug\Exceptions->errorHandler(2, 'Attempt to read property "auth" on null', 'C:\\xampp\\htdocs\\favela\\app\\Controllers\\Login.php', 27)
 2 SYSTEMPATH\CodeIgniter.php(942): App\Controllers\Login->login('fav-srm-1')
 3 SYSTEMPATH\CodeIgniter.php(502): CodeIgniter\CodeIgniter->runController(Object(App\Controllers\Login))
 4 SYSTEMPATH\CodeIgniter.php(361): CodeIgniter\CodeIgniter->handleRequest(null, Object(Config\Cache), false)
 5 FCPATH\index.php(79): CodeIgniter\CodeIgniter->run()
CRITICAL - 2024-12-02 12:46:22 --> Attempt to read property "auth" on null
in APPPATH\Controllers\Login.php on line 27.
 1 APPPATH\Controllers\Login.php(27): CodeIgniter\Debug\Exceptions->errorHandler(2, 'Attempt to read property "auth" on null', 'C:\\xampp\\htdocs\\favela\\app\\Controllers\\Login.php', 27)
 2 SYSTEMPATH\CodeIgniter.php(942): App\Controllers\Login->login('fav-srm-1')
 3 SYSTEMPATH\CodeIgniter.php(502): CodeIgniter\CodeIgniter->runController(Object(App\Controllers\Login))
 4 SYSTEMPATH\CodeIgniter.php(361): CodeIgniter\CodeIgniter->handleRequest(null, Object(Config\Cache), false)
 5 FCPATH\index.php(79): CodeIgniter\CodeIgniter->run()
CRITICAL - 2024-12-02 12:46:27 --> Attempt to read property "auth" on null
in APPPATH\Controllers\Login.php on line 27.
 1 APPPATH\Controllers\Login.php(27): CodeIgniter\Debug\Exceptions->errorHandler(2, 'Attempt to read property "auth" on null', 'C:\\xampp\\htdocs\\favela\\app\\Controllers\\Login.php', 27)
 2 SYSTEMPATH\CodeIgniter.php(942): App\Controllers\Login->login('')
 3 SYSTEMPATH\CodeIgniter.php(502): CodeIgniter\CodeIgniter->runController(Object(App\Controllers\Login))
 4 SYSTEMPATH\CodeIgniter.php(361): CodeIgniter\CodeIgniter->handleRequest(null, Object(Config\Cache), false)
 5 FCPATH\index.php(79): CodeIgniter\CodeIgniter->run()
