CRITICAL - 2024-01-19 08:38:28 --> Unclosed '{' on line 43 does not match ')'
in APPPATH\Controllers\Roles.php on line 47.
 1 SYSTEMPATH\Autoloader\Autoloader.php(291): CodeIgniter\Autoloader\Autoloader->includeFile('D:\\wamp\\www\\favela\\app\\Controllers\\Roles.php')
 2 SYSTEMPATH\Autoloader\Autoloader.php(269): CodeIgniter\Autoloader\Autoloader->loadInNamespace('App\\Controllers\\Roles')
 3 [internal function]: CodeIgniter\Autoloader\Autoloader->loadClass('App\\Controllers\\Roles')
 4 SYSTEMPATH\CodeIgniter.php(900): class_exists('\\App\\Controllers\\Roles', true)
 5 SYSTEMPATH\CodeIgniter.php(489): CodeIgniter\CodeIgniter->startController()
 6 SYSTEMPATH\CodeIgniter.php(361): CodeIgniter\CodeIgniter->handleRequest(null, Object(Config\Cache), false)
 7 FCPATH\index.php(79): CodeIgniter\CodeIgniter->run()
ERROR - 2024-01-19 08:40:35 --> mysqli_sql_exception: Unknown column 'menu_role' in 'field list' in D:\wamp\www\favela\system\Database\MySQLi\Connection.php:306
Stack trace:
#0 D:\wamp\www\favela\system\Database\MySQLi\Connection.php(306): mysqli->query('UPDATE `user_ro...', 0)
#1 D:\wamp\www\favela\system\Database\BaseConnection.php(693): CodeIgniter\Database\MySQLi\Connection->execute('UPDATE `user_ro...')
#2 D:\wamp\www\favela\system\Database\BaseConnection.php(607): CodeIgniter\Database\BaseConnection->simpleQuery('UPDATE `user_ro...')
#3 D:\wamp\www\favela\system\Database\BaseBuilder.php(2475): CodeIgniter\Database\BaseConnection->query('UPDATE `user_ro...', Array, false)
#4 D:\wamp\www\favela\app\Models\RolesModel.php(30): CodeIgniter\Database\BaseBuilder->update()
#5 D:\wamp\www\favela\app\Controllers\Roles.php(70): App\Models\RolesModel->modifyRoles('6', Array)
#6 D:\wamp\www\favela\system\CodeIgniter.php(942): App\Controllers\Roles->createnew()
#7 D:\wamp\www\favela\system\CodeIgniter.php(502): CodeIgniter\CodeIgniter->runController(Object(App\Controllers\Roles))
#8 D:\wamp\www\favela\system\CodeIgniter.php(361): CodeIgniter\CodeIgniter->handleRequest(NULL, Object(Config\Cache), false)
#9 D:\wamp\www\favela\index.php(79): CodeIgniter\CodeIgniter->run()
#10 {main}
CRITICAL - 2024-01-19 08:40:35 --> Unknown column 'menu_role' in 'field list'
in SYSTEMPATH\Database\BaseConnection.php on line 647.
 1 SYSTEMPATH\Database\BaseBuilder.php(2475): CodeIgniter\Database\BaseConnection->query('UPDATE `user_roles` SET `fv_id` = :fv_id:, `role_name` = :role_name:, `roles_status` = :roles_status:, `created_on` = :created_on:, `created_by` = :created_by	:, `modified_on` = :modified_on:, `modified_by` = :modified_by:, `menu_role` = :menu_role:
WHERE `role_id` = :role_id:', [...], false)
 2 APPPATH\Models\RolesModel.php(30): CodeIgniter\Database\BaseBuilder->update()
 3 APPPATH\Controllers\Roles.php(70): App\Models\RolesModel->modifyRoles('6', [...])
 4 SYSTEMPATH\CodeIgniter.php(942): App\Controllers\Roles->createnew()
 5 SYSTEMPATH\CodeIgniter.php(502): CodeIgniter\CodeIgniter->runController(Object(App\Controllers\Roles))
 6 SYSTEMPATH\CodeIgniter.php(361): CodeIgniter\CodeIgniter->handleRequest(null, Object(Config\Cache), false)
 7 FCPATH\index.php(79): CodeIgniter\CodeIgniter->run()
CRITICAL - 2024-01-19 08:45:51 --> Undefined variable $role_previlage
in APPPATH\Views\roles.php on line 56.
 1 APPPATH\Views\roles.php(56): CodeIgniter\Debug\Exceptions->errorHandler(2, 'Undefined variable $role_previlage', 'D:\\wamp\\www\\favela\\app\\Views\\roles.php', 56)
 2 SYSTEMPATH\View\View.php(228): include('D:\\wamp\\www\\favela\\app\\Views\\roles.php')
 3 SYSTEMPATH\View\View.php(231): CodeIgniter\View\View->CodeIgniter\View\{closure}()
 4 SYSTEMPATH\Common.php(1190): CodeIgniter\View\View->render('roles', [], true)
 5 APPPATH\Controllers\Roles.php(30): view('roles')
 6 SYSTEMPATH\CodeIgniter.php(942): App\Controllers\Roles->index()
 7 SYSTEMPATH\CodeIgniter.php(502): CodeIgniter\CodeIgniter->runController(Object(App\Controllers\Roles))
 8 SYSTEMPATH\CodeIgniter.php(361): CodeIgniter\CodeIgniter->handleRequest(null, Object(Config\Cache), false)
 9 FCPATH\index.php(79): CodeIgniter\CodeIgniter->run()
CRITICAL - 2024-01-19 08:46:17 --> in_array(): Argument #2 ($haystack) must be of type array, null given
in APPPATH\Views\roles.php on line 56.
 1 APPPATH\Views\roles.php(56): in_array('2', null)
 2 SYSTEMPATH\View\View.php(228): include('D:\\wamp\\www\\favela\\app\\Views\\roles.php')
 3 SYSTEMPATH\View\View.php(231): CodeIgniter\View\View->CodeIgniter\View\{closure}()
 4 SYSTEMPATH\Common.php(1190): CodeIgniter\View\View->render('roles', [], true)
 5 APPPATH\Controllers\Roles.php(31): view('roles')
 6 SYSTEMPATH\CodeIgniter.php(942): App\Controllers\Roles->index()
 7 SYSTEMPATH\CodeIgniter.php(502): CodeIgniter\CodeIgniter->runController(Object(App\Controllers\Roles))
 8 SYSTEMPATH\CodeIgniter.php(361): CodeIgniter\CodeIgniter->handleRequest(null, Object(Config\Cache), false)
 9 FCPATH\index.php(79): CodeIgniter\CodeIgniter->run()
CRITICAL - 2024-01-19 09:44:06 --> Class "App\Controllers\ResidentsModel" not found
in APPPATH\Controllers\Residents.php on line 11.
 1 SYSTEMPATH\CodeIgniter.php(914): App\Controllers\Residents->__construct()
 2 SYSTEMPATH\CodeIgniter.php(493): CodeIgniter\CodeIgniter->createController()
 3 SYSTEMPATH\CodeIgniter.php(361): CodeIgniter\CodeIgniter->handleRequest(null, Object(Config\Cache), false)
 4 FCPATH\index.php(79): CodeIgniter\CodeIgniter->run()
CRITICAL - 2024-01-19 09:44:55 --> Class "App\Controllers\ResidentsModel" not found
in APPPATH\Controllers\Residents.php on line 11.
 1 SYSTEMPATH\CodeIgniter.php(914): App\Controllers\Residents->__construct()
 2 SYSTEMPATH\CodeIgniter.php(493): CodeIgniter\CodeIgniter->createController()
 3 SYSTEMPATH\CodeIgniter.php(361): CodeIgniter\CodeIgniter->handleRequest(null, Object(Config\Cache), false)
 4 FCPATH\index.php(79): CodeIgniter\CodeIgniter->run()
CRITICAL - 2024-01-19 09:45:21 --> Class "App\Controllers\ResidentsModel" not found
in APPPATH\Controllers\Residents.php on line 11.
 1 SYSTEMPATH\CodeIgniter.php(914): App\Controllers\Residents->__construct()
 2 SYSTEMPATH\CodeIgniter.php(493): CodeIgniter\CodeIgniter->createController()
 3 SYSTEMPATH\CodeIgniter.php(361): CodeIgniter\CodeIgniter->handleRequest(null, Object(Config\Cache), false)
 4 FCPATH\index.php(79): CodeIgniter\CodeIgniter->run()
CRITICAL - 2024-01-19 09:49:44 --> Class "App\Controllers\ResidentsModel" not found
in APPPATH\Controllers\Residents.php on line 11.
 1 SYSTEMPATH\CodeIgniter.php(914): App\Controllers\Residents->__construct()
 2 SYSTEMPATH\CodeIgniter.php(493): CodeIgniter\CodeIgniter->createController()
 3 SYSTEMPATH\CodeIgniter.php(361): CodeIgniter\CodeIgniter->handleRequest(null, Object(Config\Cache), false)
 4 FCPATH\index.php(79): CodeIgniter\CodeIgniter->run()
