CRITICAL - 2024-01-13 09:37:42 --> Undefined property: stdClass::$flatnos
in APPPATH\Controllers\Roles.php on line 112.
 1 APPPATH\Controllers\Roles.php(112): CodeIgniter\Debug\Exceptions->errorHandler(2, 'Undefined property: stdClass::$flatnos', 'D:\\wamp\\www\\favela\\app\\Controllers\\Roles.php', 112)
 2 SYSTEMPATH\CodeIgniter.php(942): App\Controllers\Roles->listroles()
 3 SYSTEMPATH\CodeIgniter.php(502): CodeIgniter\CodeIgniter->runController(Object(App\Controllers\Roles))
 4 SYSTEMPATH\CodeIgniter.php(361): CodeIgniter\CodeIgniter->handleRequest(null, Object(Config\Cache), false)
 5 FCPATH\index.php(79): CodeIgniter\CodeIgniter->run()
CRITICAL - 2024-01-13 09:38:03 --> Undefined property: stdClass::$flatnos
in APPPATH\Controllers\Roles.php on line 112.
 1 APPPATH\Controllers\Roles.php(112): CodeIgniter\Debug\Exceptions->errorHandler(2, 'Undefined property: stdClass::$flatnos', 'D:\\wamp\\www\\favela\\app\\Controllers\\Roles.php', 112)
 2 SYSTEMPATH\CodeIgniter.php(942): App\Controllers\Roles->listroles()
 3 SYSTEMPATH\CodeIgniter.php(502): CodeIgniter\CodeIgniter->runController(Object(App\Controllers\Roles))
 4 SYSTEMPATH\CodeIgniter.php(361): CodeIgniter\CodeIgniter->handleRequest(null, Object(Config\Cache), false)
 5 FCPATH\index.php(79): CodeIgniter\CodeIgniter->run()
CRITICAL - 2024-01-13 09:38:58 --> Undefined property: stdClass::$flatnos
in APPPATH\Controllers\Roles.php on line 112.
 1 APPPATH\Controllers\Roles.php(112): CodeIgniter\Debug\Exceptions->errorHandler(2, 'Undefined property: stdClass::$flatnos', 'D:\\wamp\\www\\favela\\app\\Controllers\\Roles.php', 112)
 2 SYSTEMPATH\CodeIgniter.php(942): App\Controllers\Roles->listroles()
 3 SYSTEMPATH\CodeIgniter.php(502): CodeIgniter\CodeIgniter->runController(Object(App\Controllers\Roles))
 4 SYSTEMPATH\CodeIgniter.php(361): CodeIgniter\CodeIgniter->handleRequest(null, Object(Config\Cache), false)
 5 FCPATH\index.php(79): CodeIgniter\CodeIgniter->run()
CRITICAL - 2024-01-13 10:21:35 --> syntax error, unexpected token "}", expecting "," or ";"
in APPPATH\Views\flats.php on line 68.
 1 SYSTEMPATH\View\View.php(231): CodeIgniter\View\View->CodeIgniter\View\{closure}()
 2 SYSTEMPATH\Common.php(1190): CodeIgniter\View\View->render('flats', [], true)
 3 APPPATH\Controllers\Flats.php(33): view('flats')
 4 SYSTEMPATH\CodeIgniter.php(942): App\Controllers\Flats->index()
 5 SYSTEMPATH\CodeIgniter.php(502): CodeIgniter\CodeIgniter->runController(Object(App\Controllers\Flats))
 6 SYSTEMPATH\CodeIgniter.php(361): CodeIgniter\CodeIgniter->handleRequest(null, Object(Config\Cache), false)
 7 FCPATH\index.php(79): CodeIgniter\CodeIgniter->run()
CRITICAL - 2024-01-13 10:35:29 --> Undefined property: App\Controllers\Flats::$rolesModel
in APPPATH\Controllers\Flats.php on line 53.
 1 APPPATH\Controllers\Flats.php(53): CodeIgniter\Debug\Exceptions->errorHandler(2, 'Undefined property: App\\Controllers\\Flats::$rolesModel', 'D:\\wamp\\www\\favela\\app\\Controllers\\Flats.php', 53)
 2 SYSTEMPATH\CodeIgniter.php(942): App\Controllers\Flats->createnew()
 3 SYSTEMPATH\CodeIgniter.php(502): CodeIgniter\CodeIgniter->runController(Object(App\Controllers\Flats))
 4 SYSTEMPATH\CodeIgniter.php(361): CodeIgniter\CodeIgniter->handleRequest(null, Object(Config\Cache), false)
 5 FCPATH\index.php(79): CodeIgniter\CodeIgniter->run()
CRITICAL - 2024-01-13 10:35:31 --> Undefined property: App\Controllers\Flats::$rolesModel
in APPPATH\Controllers\Flats.php on line 53.
 1 APPPATH\Controllers\Flats.php(53): CodeIgniter\Debug\Exceptions->errorHandler(2, 'Undefined property: App\\Controllers\\Flats::$rolesModel', 'D:\\wamp\\www\\favela\\app\\Controllers\\Flats.php', 53)
 2 SYSTEMPATH\CodeIgniter.php(942): App\Controllers\Flats->createnew()
 3 SYSTEMPATH\CodeIgniter.php(502): CodeIgniter\CodeIgniter->runController(Object(App\Controllers\Flats))
 4 SYSTEMPATH\CodeIgniter.php(361): CodeIgniter\CodeIgniter->handleRequest(null, Object(Config\Cache), false)
 5 FCPATH\index.php(79): CodeIgniter\CodeIgniter->run()
CRITICAL - 2024-01-13 10:35:47 --> Undefined property: App\Controllers\Flats::$rolesModel
in APPPATH\Controllers\Flats.php on line 53.
 1 APPPATH\Controllers\Flats.php(53): CodeIgniter\Debug\Exceptions->errorHandler(2, 'Undefined property: App\\Controllers\\Flats::$rolesModel', 'D:\\wamp\\www\\favela\\app\\Controllers\\Flats.php', 53)
 2 SYSTEMPATH\CodeIgniter.php(942): App\Controllers\Flats->createnew()
 3 SYSTEMPATH\CodeIgniter.php(502): CodeIgniter\CodeIgniter->runController(Object(App\Controllers\Flats))
 4 SYSTEMPATH\CodeIgniter.php(361): CodeIgniter\CodeIgniter->handleRequest(null, Object(Config\Cache), false)
 5 FCPATH\index.php(79): CodeIgniter\CodeIgniter->run()
ERROR - 2024-01-13 10:36:08 --> mysqli_sql_exception: You have an error in your SQL syntax; check the manual that corresponds to your MySQL server version for the right syntax to use near 'T1 and fv_id = 1' at line 1 in D:\wamp\www\favela\system\Database\MySQLi\Connection.php:306
Stack trace:
#0 D:\wamp\www\favela\system\Database\MySQLi\Connection.php(306): mysqli->query('select * from b...', 0)
#1 D:\wamp\www\favela\system\Database\BaseConnection.php(693): CodeIgniter\Database\MySQLi\Connection->execute('select * from b...')
#2 D:\wamp\www\favela\system\Database\BaseConnection.php(607): CodeIgniter\Database\BaseConnection->simpleQuery('select * from b...')
#3 D:\wamp\www\favela\app\Models\FlatsModel.php(12): CodeIgniter\Database\BaseConnection->query('select * from b...')
#4 D:\wamp\www\favela\app\Controllers\Flats.php(53): App\Models\FlatsModel->checkFlats('Skyline T1', '1')
#5 D:\wamp\www\favela\system\CodeIgniter.php(942): App\Controllers\Flats->createnew()
#6 D:\wamp\www\favela\system\CodeIgniter.php(502): CodeIgniter\CodeIgniter->runController(Object(App\Controllers\Flats))
#7 D:\wamp\www\favela\system\CodeIgniter.php(361): CodeIgniter\CodeIgniter->handleRequest(NULL, Object(Config\Cache), false)
#8 D:\wamp\www\favela\index.php(79): CodeIgniter\CodeIgniter->run()
#9 {main}
CRITICAL - 2024-01-13 10:36:08 --> You have an error in your SQL syntax; check the manual that corresponds to your MySQL server version for the right syntax to use near 'T1 and fv_id = 1' at line 1
in SYSTEMPATH\Database\BaseConnection.php on line 647.
 1 APPPATH\Models\FlatsModel.php(12): CodeIgniter\Database\BaseConnection->query('select * from buildings where bd_name = Skyline T1 and fv_id = 1')
 2 APPPATH\Controllers\Flats.php(53): App\Models\FlatsModel->checkFlats('Skyline T1', '1')
 3 SYSTEMPATH\CodeIgniter.php(942): App\Controllers\Flats->createnew()
 4 SYSTEMPATH\CodeIgniter.php(502): CodeIgniter\CodeIgniter->runController(Object(App\Controllers\Flats))
 5 SYSTEMPATH\CodeIgniter.php(361): CodeIgniter\CodeIgniter->handleRequest(null, Object(Config\Cache), false)
 6 FCPATH\index.php(79): CodeIgniter\CodeIgniter->run()
ERROR - 2024-01-13 10:36:20 --> mysqli_sql_exception: You have an error in your SQL syntax; check the manual that corresponds to your MySQL server version for the right syntax to use near 'T1 and fv_id = 1' at line 1 in D:\wamp\www\favela\system\Database\MySQLi\Connection.php:306
Stack trace:
#0 D:\wamp\www\favela\system\Database\MySQLi\Connection.php(306): mysqli->query('select * from b...', 0)
#1 D:\wamp\www\favela\system\Database\BaseConnection.php(693): CodeIgniter\Database\MySQLi\Connection->execute('select * from b...')
#2 D:\wamp\www\favela\system\Database\BaseConnection.php(607): CodeIgniter\Database\BaseConnection->simpleQuery('select * from b...')
#3 D:\wamp\www\favela\app\Models\FlatsModel.php(12): CodeIgniter\Database\BaseConnection->query('select * from b...')
#4 D:\wamp\www\favela\app\Controllers\Flats.php(53): App\Models\FlatsModel->checkFlats('Skyline T1', '1')
#5 D:\wamp\www\favela\system\CodeIgniter.php(942): App\Controllers\Flats->createnew()
#6 D:\wamp\www\favela\system\CodeIgniter.php(502): CodeIgniter\CodeIgniter->runController(Object(App\Controllers\Flats))
#7 D:\wamp\www\favela\system\CodeIgniter.php(361): CodeIgniter\CodeIgniter->handleRequest(NULL, Object(Config\Cache), false)
#8 D:\wamp\www\favela\index.php(79): CodeIgniter\CodeIgniter->run()
#9 {main}
CRITICAL - 2024-01-13 10:36:20 --> You have an error in your SQL syntax; check the manual that corresponds to your MySQL server version for the right syntax to use near 'T1 and fv_id = 1' at line 1
in SYSTEMPATH\Database\BaseConnection.php on line 647.
 1 APPPATH\Models\FlatsModel.php(12): CodeIgniter\Database\BaseConnection->query('select * from buildings where bd_name = Skyline T1 and fv_id = 1')
 2 APPPATH\Controllers\Flats.php(53): App\Models\FlatsModel->checkFlats('Skyline T1', '1')
 3 SYSTEMPATH\CodeIgniter.php(942): App\Controllers\Flats->createnew()
 4 SYSTEMPATH\CodeIgniter.php(502): CodeIgniter\CodeIgniter->runController(Object(App\Controllers\Flats))
 5 SYSTEMPATH\CodeIgniter.php(361): CodeIgniter\CodeIgniter->handleRequest(null, Object(Config\Cache), false)
 6 FCPATH\index.php(79): CodeIgniter\CodeIgniter->run()
ERROR - 2024-01-13 10:37:12 --> mysqli_sql_exception: You have an error in your SQL syntax; check the manual that corresponds to your MySQL server version for the right syntax to use near 'T1 and fv_id = 1' at line 1 in D:\wamp\www\favela\system\Database\MySQLi\Connection.php:306
Stack trace:
#0 D:\wamp\www\favela\system\Database\MySQLi\Connection.php(306): mysqli->query('select * from b...', 0)
#1 D:\wamp\www\favela\system\Database\BaseConnection.php(693): CodeIgniter\Database\MySQLi\Connection->execute('select * from b...')
#2 D:\wamp\www\favela\system\Database\BaseConnection.php(607): CodeIgniter\Database\BaseConnection->simpleQuery('select * from b...')
#3 D:\wamp\www\favela\app\Models\FlatsModel.php(12): CodeIgniter\Database\BaseConnection->query('select * from b...')
#4 D:\wamp\www\favela\app\Controllers\Flats.php(53): App\Models\FlatsModel->checkFlats('Skyline T1', '1')
#5 D:\wamp\www\favela\system\CodeIgniter.php(942): App\Controllers\Flats->createnew()
#6 D:\wamp\www\favela\system\CodeIgniter.php(502): CodeIgniter\CodeIgniter->runController(Object(App\Controllers\Flats))
#7 D:\wamp\www\favela\system\CodeIgniter.php(361): CodeIgniter\CodeIgniter->handleRequest(NULL, Object(Config\Cache), false)
#8 D:\wamp\www\favela\index.php(79): CodeIgniter\CodeIgniter->run()
#9 {main}
CRITICAL - 2024-01-13 10:37:12 --> You have an error in your SQL syntax; check the manual that corresponds to your MySQL server version for the right syntax to use near 'T1 and fv_id = 1' at line 1
in SYSTEMPATH\Database\BaseConnection.php on line 647.
 1 APPPATH\Models\FlatsModel.php(12): CodeIgniter\Database\BaseConnection->query('select * from buildings where bd_name = Skyline T1 and fv_id = 1')
 2 APPPATH\Controllers\Flats.php(53): App\Models\FlatsModel->checkFlats('Skyline T1', '1')
 3 SYSTEMPATH\CodeIgniter.php(942): App\Controllers\Flats->createnew()
 4 SYSTEMPATH\CodeIgniter.php(502): CodeIgniter\CodeIgniter->runController(Object(App\Controllers\Flats))
 5 SYSTEMPATH\CodeIgniter.php(361): CodeIgniter\CodeIgniter->handleRequest(null, Object(Config\Cache), false)
 6 FCPATH\index.php(79): CodeIgniter\CodeIgniter->run()
ERROR - 2024-01-13 10:37:25 --> mysqli_sql_exception: You have an error in your SQL syntax; check the manual that corresponds to your MySQL server version for the right syntax to use near 'T1 and fv_id = 1' at line 1 in D:\wamp\www\favela\system\Database\MySQLi\Connection.php:306
Stack trace:
#0 D:\wamp\www\favela\system\Database\MySQLi\Connection.php(306): mysqli->query('select * from b...', 0)
#1 D:\wamp\www\favela\system\Database\BaseConnection.php(693): CodeIgniter\Database\MySQLi\Connection->execute('select * from b...')
#2 D:\wamp\www\favela\system\Database\BaseConnection.php(607): CodeIgniter\Database\BaseConnection->simpleQuery('select * from b...')
#3 D:\wamp\www\favela\app\Models\FlatsModel.php(12): CodeIgniter\Database\BaseConnection->query('select * from b...')
#4 D:\wamp\www\favela\app\Controllers\Flats.php(53): App\Models\FlatsModel->checkFlats('Skyline T1', '1')
#5 D:\wamp\www\favela\system\CodeIgniter.php(942): App\Controllers\Flats->createnew()
#6 D:\wamp\www\favela\system\CodeIgniter.php(502): CodeIgniter\CodeIgniter->runController(Object(App\Controllers\Flats))
#7 D:\wamp\www\favela\system\CodeIgniter.php(361): CodeIgniter\CodeIgniter->handleRequest(NULL, Object(Config\Cache), false)
#8 D:\wamp\www\favela\index.php(79): CodeIgniter\CodeIgniter->run()
#9 {main}
CRITICAL - 2024-01-13 10:37:25 --> You have an error in your SQL syntax; check the manual that corresponds to your MySQL server version for the right syntax to use near 'T1 and fv_id = 1' at line 1
in SYSTEMPATH\Database\BaseConnection.php on line 647.
 1 APPPATH\Models\FlatsModel.php(12): CodeIgniter\Database\BaseConnection->query('select * from buildings where bd_name = Skyline T1 and fv_id = 1')
 2 APPPATH\Controllers\Flats.php(53): App\Models\FlatsModel->checkFlats('Skyline T1', '1')
 3 SYSTEMPATH\CodeIgniter.php(942): App\Controllers\Flats->createnew()
 4 SYSTEMPATH\CodeIgniter.php(502): CodeIgniter\CodeIgniter->runController(Object(App\Controllers\Flats))
 5 SYSTEMPATH\CodeIgniter.php(361): CodeIgniter\CodeIgniter->handleRequest(null, Object(Config\Cache), false)
 6 FCPATH\index.php(79): CodeIgniter\CodeIgniter->run()
ERROR - 2024-01-13 10:37:36 --> mysqli_sql_exception: You have an error in your SQL syntax; check the manual that corresponds to your MySQL server version for the right syntax to use near 'T1 and fv_id = 1' at line 1 in D:\wamp\www\favela\system\Database\MySQLi\Connection.php:306
Stack trace:
#0 D:\wamp\www\favela\system\Database\MySQLi\Connection.php(306): mysqli->query('select * from b...', 0)
#1 D:\wamp\www\favela\system\Database\BaseConnection.php(693): CodeIgniter\Database\MySQLi\Connection->execute('select * from b...')
#2 D:\wamp\www\favela\system\Database\BaseConnection.php(607): CodeIgniter\Database\BaseConnection->simpleQuery('select * from b...')
#3 D:\wamp\www\favela\app\Models\FlatsModel.php(12): CodeIgniter\Database\BaseConnection->query('select * from b...')
#4 D:\wamp\www\favela\app\Controllers\Flats.php(53): App\Models\FlatsModel->checkFlats('Skyline T1', '1')
#5 D:\wamp\www\favela\system\CodeIgniter.php(942): App\Controllers\Flats->createnew()
#6 D:\wamp\www\favela\system\CodeIgniter.php(502): CodeIgniter\CodeIgniter->runController(Object(App\Controllers\Flats))
#7 D:\wamp\www\favela\system\CodeIgniter.php(361): CodeIgniter\CodeIgniter->handleRequest(NULL, Object(Config\Cache), false)
#8 D:\wamp\www\favela\index.php(79): CodeIgniter\CodeIgniter->run()
#9 {main}
CRITICAL - 2024-01-13 10:37:36 --> You have an error in your SQL syntax; check the manual that corresponds to your MySQL server version for the right syntax to use near 'T1 and fv_id = 1' at line 1
in SYSTEMPATH\Database\BaseConnection.php on line 647.
 1 APPPATH\Models\FlatsModel.php(12): CodeIgniter\Database\BaseConnection->query('select * from buildings where bd_name = Skyline T1 and fv_id = 1')
 2 APPPATH\Controllers\Flats.php(53): App\Models\FlatsModel->checkFlats('Skyline T1', '1')
 3 SYSTEMPATH\CodeIgniter.php(942): App\Controllers\Flats->createnew()
 4 SYSTEMPATH\CodeIgniter.php(502): CodeIgniter\CodeIgniter->runController(Object(App\Controllers\Flats))
 5 SYSTEMPATH\CodeIgniter.php(361): CodeIgniter\CodeIgniter->handleRequest(null, Object(Config\Cache), false)
 6 FCPATH\index.php(79): CodeIgniter\CodeIgniter->run()
ERROR - 2024-01-13 10:38:51 --> mysqli_sql_exception: You have an error in your SQL syntax; check the manual that corresponds to your MySQL server version for the right syntax to use near 'T1 and fv_id = 1' at line 1 in D:\wamp\www\favela\system\Database\MySQLi\Connection.php:306
Stack trace:
#0 D:\wamp\www\favela\system\Database\MySQLi\Connection.php(306): mysqli->query('select * from b...', 0)
#1 D:\wamp\www\favela\system\Database\BaseConnection.php(693): CodeIgniter\Database\MySQLi\Connection->execute('select * from b...')
#2 D:\wamp\www\favela\system\Database\BaseConnection.php(607): CodeIgniter\Database\BaseConnection->simpleQuery('select * from b...')
#3 D:\wamp\www\favela\app\Models\FlatsModel.php(13): CodeIgniter\Database\BaseConnection->query('select * from b...')
#4 D:\wamp\www\favela\app\Controllers\Flats.php(53): App\Models\FlatsModel->checkFlats('Skyline T1', '1')
#5 D:\wamp\www\favela\system\CodeIgniter.php(942): App\Controllers\Flats->createnew()
#6 D:\wamp\www\favela\system\CodeIgniter.php(502): CodeIgniter\CodeIgniter->runController(Object(App\Controllers\Flats))
#7 D:\wamp\www\favela\system\CodeIgniter.php(361): CodeIgniter\CodeIgniter->handleRequest(NULL, Object(Config\Cache), false)
#8 D:\wamp\www\favela\index.php(79): CodeIgniter\CodeIgniter->run()
#9 {main}
CRITICAL - 2024-01-13 10:38:51 --> You have an error in your SQL syntax; check the manual that corresponds to your MySQL server version for the right syntax to use near 'T1 and fv_id = 1' at line 1
in SYSTEMPATH\Database\BaseConnection.php on line 647.
 1 APPPATH\Models\FlatsModel.php(13): CodeIgniter\Database\BaseConnection->query('select * from buildings where bd_name = Skyline T1 and fv_id = 1')
 2 APPPATH\Controllers\Flats.php(53): App\Models\FlatsModel->checkFlats('Skyline T1', '1')
 3 SYSTEMPATH\CodeIgniter.php(942): App\Controllers\Flats->createnew()
 4 SYSTEMPATH\CodeIgniter.php(502): CodeIgniter\CodeIgniter->runController(Object(App\Controllers\Flats))
 5 SYSTEMPATH\CodeIgniter.php(361): CodeIgniter\CodeIgniter->handleRequest(null, Object(Config\Cache), false)
 6 FCPATH\index.php(79): CodeIgniter\CodeIgniter->run()
ERROR - 2024-01-13 10:41:16 --> mysqli_sql_exception: You have an error in your SQL syntax; check the manual that corresponds to your MySQL server version for the right syntax to use near 'T1 and fv_id = 1' at line 1 in D:\wamp\www\favela\system\Database\MySQLi\Connection.php:306
Stack trace:
#0 D:\wamp\www\favela\system\Database\MySQLi\Connection.php(306): mysqli->query('select * from b...', 0)
#1 D:\wamp\www\favela\system\Database\BaseConnection.php(693): CodeIgniter\Database\MySQLi\Connection->execute('select * from b...')
#2 D:\wamp\www\favela\system\Database\BaseConnection.php(607): CodeIgniter\Database\BaseConnection->simpleQuery('select * from b...')
#3 D:\wamp\www\favela\app\Models\FlatsModel.php(12): CodeIgniter\Database\BaseConnection->query('select * from b...')
#4 D:\wamp\www\favela\app\Controllers\Flats.php(52): App\Models\FlatsModel->checkFlats('Skyline T1', '1')
#5 D:\wamp\www\favela\system\CodeIgniter.php(942): App\Controllers\Flats->createnew()
#6 D:\wamp\www\favela\system\CodeIgniter.php(502): CodeIgniter\CodeIgniter->runController(Object(App\Controllers\Flats))
#7 D:\wamp\www\favela\system\CodeIgniter.php(361): CodeIgniter\CodeIgniter->handleRequest(NULL, Object(Config\Cache), false)
#8 D:\wamp\www\favela\index.php(79): CodeIgniter\CodeIgniter->run()
#9 {main}
CRITICAL - 2024-01-13 10:41:16 --> You have an error in your SQL syntax; check the manual that corresponds to your MySQL server version for the right syntax to use near 'T1 and fv_id = 1' at line 1
in SYSTEMPATH\Database\BaseConnection.php on line 647.
 1 APPPATH\Models\FlatsModel.php(12): CodeIgniter\Database\BaseConnection->query('select * from buildings where bd_name = Skyline T1 and fv_id = 1')
 2 APPPATH\Controllers\Flats.php(52): App\Models\FlatsModel->checkFlats('Skyline T1', '1')
 3 SYSTEMPATH\CodeIgniter.php(942): App\Controllers\Flats->createnew()
 4 SYSTEMPATH\CodeIgniter.php(502): CodeIgniter\CodeIgniter->runController(Object(App\Controllers\Flats))
 5 SYSTEMPATH\CodeIgniter.php(361): CodeIgniter\CodeIgniter->handleRequest(null, Object(Config\Cache), false)
 6 FCPATH\index.php(79): CodeIgniter\CodeIgniter->run()
CRITICAL - 2024-01-13 10:54:15 --> Undefined variable $condition
in APPPATH\Models\FlatsModel.php on line 15.
 1 APPPATH\Models\FlatsModel.php(15): CodeIgniter\Debug\Exceptions->errorHandler(2, 'Undefined variable $condition', 'D:\\wamp\\www\\favela\\app\\Models\\FlatsModel.php', 15)
 2 APPPATH\Controllers\Flats.php(52): App\Models\FlatsModel->checkFlats('Skyline T1', '1', '0')
 3 SYSTEMPATH\CodeIgniter.php(942): App\Controllers\Flats->createnew()
 4 SYSTEMPATH\CodeIgniter.php(502): CodeIgniter\CodeIgniter->runController(Object(App\Controllers\Flats))
 5 SYSTEMPATH\CodeIgniter.php(361): CodeIgniter\CodeIgniter->handleRequest(null, Object(Config\Cache), false)
 6 FCPATH\index.php(79): CodeIgniter\CodeIgniter->run()
CRITICAL - 2024-01-13 10:54:17 --> Undefined variable $condition
in APPPATH\Models\FlatsModel.php on line 15.
 1 APPPATH\Models\FlatsModel.php(15): CodeIgniter\Debug\Exceptions->errorHandler(2, 'Undefined variable $condition', 'D:\\wamp\\www\\favela\\app\\Models\\FlatsModel.php', 15)
 2 APPPATH\Controllers\Flats.php(52): App\Models\FlatsModel->checkFlats('Skyline T1', '1', '0')
 3 SYSTEMPATH\CodeIgniter.php(942): App\Controllers\Flats->createnew()
 4 SYSTEMPATH\CodeIgniter.php(502): CodeIgniter\CodeIgniter->runController(Object(App\Controllers\Flats))
 5 SYSTEMPATH\CodeIgniter.php(361): CodeIgniter\CodeIgniter->handleRequest(null, Object(Config\Cache), false)
 6 FCPATH\index.php(79): CodeIgniter\CodeIgniter->run()
CRITICAL - 2024-01-13 10:54:39 --> Undefined variable $condition
in APPPATH\Models\FlatsModel.php on line 15.
 1 APPPATH\Models\FlatsModel.php(15): CodeIgniter\Debug\Exceptions->errorHandler(2, 'Undefined variable $condition', 'D:\\wamp\\www\\favela\\app\\Models\\FlatsModel.php', 15)
 2 APPPATH\Controllers\Flats.php(52): App\Models\FlatsModel->checkFlats('Skyline T1', '1', '0')
 3 SYSTEMPATH\CodeIgniter.php(942): App\Controllers\Flats->createnew()
 4 SYSTEMPATH\CodeIgniter.php(502): CodeIgniter\CodeIgniter->runController(Object(App\Controllers\Flats))
 5 SYSTEMPATH\CodeIgniter.php(361): CodeIgniter\CodeIgniter->handleRequest(null, Object(Config\Cache), false)
 6 FCPATH\index.php(79): CodeIgniter\CodeIgniter->run()
ERROR - 2024-01-13 10:55:13 --> mysqli_sql_exception: You have an error in your SQL syntax; check the manual that corresponds to your MySQL server version for the right syntax to use near '1=1' at line 1 in D:\wamp\www\favela\system\Database\MySQLi\Connection.php:306
Stack trace:
#0 D:\wamp\www\favela\system\Database\MySQLi\Connection.php(306): mysqli->query('select * from b...', 0)
#1 D:\wamp\www\favela\system\Database\BaseConnection.php(693): CodeIgniter\Database\MySQLi\Connection->execute('select * from b...')
#2 D:\wamp\www\favela\system\Database\BaseConnection.php(607): CodeIgniter\Database\BaseConnection->simpleQuery('select * from b...')
#3 D:\wamp\www\favela\app\Models\FlatsModel.php(18): CodeIgniter\Database\BaseConnection->query('select * from b...')
#4 D:\wamp\www\favela\app\Controllers\Flats.php(52): App\Models\FlatsModel->checkFlats('Skyline T1', '1', '0')
#5 D:\wamp\www\favela\system\CodeIgniter.php(942): App\Controllers\Flats->createnew()
#6 D:\wamp\www\favela\system\CodeIgniter.php(502): CodeIgniter\CodeIgniter->runController(Object(App\Controllers\Flats))
#7 D:\wamp\www\favela\system\CodeIgniter.php(361): CodeIgniter\CodeIgniter->handleRequest(NULL, Object(Config\Cache), false)
#8 D:\wamp\www\favela\index.php(79): CodeIgniter\CodeIgniter->run()
#9 {main}
CRITICAL - 2024-01-13 10:55:13 --> You have an error in your SQL syntax; check the manual that corresponds to your MySQL server version for the right syntax to use near '1=1' at line 1
in SYSTEMPATH\Database\BaseConnection.php on line 647.
 1 APPPATH\Models\FlatsModel.php(18): CodeIgniter\Database\BaseConnection->query('select * from buildings where bd_name = \'Skyline T1\' and fv_id = 1 1=1')
 2 APPPATH\Controllers\Flats.php(52): App\Models\FlatsModel->checkFlats('Skyline T1', '1', '0')
 3 SYSTEMPATH\CodeIgniter.php(942): App\Controllers\Flats->createnew()
 4 SYSTEMPATH\CodeIgniter.php(502): CodeIgniter\CodeIgniter->runController(Object(App\Controllers\Flats))
 5 SYSTEMPATH\CodeIgniter.php(361): CodeIgniter\CodeIgniter->handleRequest(null, Object(Config\Cache), false)
 6 FCPATH\index.php(79): CodeIgniter\CodeIgniter->run()
