ERROR - 2024-02-29 08:20:40 --> mysqli_sql_exception: You have an error in your SQL syntax; check the manual that corresponds to your MariaDB server version for the right syntax to use near 'and status<>3 order by ld_id desc limit 0,10' at line 4 in /home/vcstagin/domains/v4cstaging.co.in/public_html/favela/system/Database/MySQLi/Connection.php:306
Stack trace:
#0 /home/vcstagin/domains/v4cstaging.co.in/public_html/favela/system/Database/MySQLi/Connection.php(306): mysqli->query()
#1 /home/vcstagin/domains/v4cstaging.co.in/public_html/favela/system/Database/BaseConnection.php(693): CodeIgniter\Database\MySQLi\Connection->execute()
#2 /home/vcstagin/domains/v4cstaging.co.in/public_html/favela/system/Database/BaseConnection.php(607): CodeIgniter\Database\BaseConnection->simpleQuery()
#3 /home/vcstagin/domains/v4cstaging.co.in/public_html/favela/app/Models/LedgerModel.php(34): CodeIgniter\Database\BaseConnection->query()
#4 /home/vcstagin/domains/v4cstaging.co.in/public_html/favela/app/Controllers/Ledger.php(177): App\Models\LedgerModel->listAllLedgers()
#5 /home/vcstagin/domains/v4cstaging.co.in/public_html/favela/system/CodeIgniter.php(942): App\Controllers\Ledger->listledger()
#6 /home/vcstagin/domains/v4cstaging.co.in/public_html/favela/system/CodeIgniter.php(502): CodeIgniter\CodeIgniter->runController()
#7 /home/vcstagin/domains/v4cstaging.co.in/public_html/favela/system/CodeIgniter.php(361): CodeIgniter\CodeIgniter->handleRequest()
#8 /home/vcstagin/domains/v4cstaging.co.in/public_html/favela/index.php(79): CodeIgniter\CodeIgniter->run()
#9 {main}
CRITICAL - 2024-02-29 08:20:40 --> You have an error in your SQL syntax; check the manual that corresponds to your MariaDB server version for the right syntax to use near 'and status<>3 order by ld_id desc limit 0,10' at line 4
in SYSTEMPATH/Database/BaseConnection.php on line 647.
 1 APPPATH/Models/LedgerModel.php(34): CodeIgniter\Database\BaseConnection->query()
 2 APPPATH/Controllers/Ledger.php(177): App\Models\LedgerModel->listAllLedgers()
 3 SYSTEMPATH/CodeIgniter.php(942): App\Controllers\Ledger->listledger()
 4 SYSTEMPATH/CodeIgniter.php(502): CodeIgniter\CodeIgniter->runController()
 5 SYSTEMPATH/CodeIgniter.php(361): CodeIgniter\CodeIgniter->handleRequest()
 6 FCPATH/index.php(79): CodeIgniter\CodeIgniter->run()
ERROR - 2024-02-29 08:20:40 --> mysqli_sql_exception: You have an error in your SQL syntax; check the manual that corresponds to your MariaDB server version for the right syntax to use near 'and status<>3 order by ld_id desc limit 0,10' at line 4 in /home/vcstagin/domains/v4cstaging.co.in/public_html/favela/system/Database/MySQLi/Connection.php:306
Stack trace:
#0 /home/vcstagin/domains/v4cstaging.co.in/public_html/favela/system/Database/MySQLi/Connection.php(306): mysqli->query()
#1 /home/vcstagin/domains/v4cstaging.co.in/public_html/favela/system/Database/BaseConnection.php(693): CodeIgniter\Database\MySQLi\Connection->execute()
#2 /home/vcstagin/domains/v4cstaging.co.in/public_html/favela/system/Database/BaseConnection.php(607): CodeIgniter\Database\BaseConnection->simpleQuery()
#3 /home/vcstagin/domains/v4cstaging.co.in/public_html/favela/app/Models/LedgerModel.php(34): CodeIgniter\Database\BaseConnection->query()
#4 /home/vcstagin/domains/v4cstaging.co.in/public_html/favela/app/Controllers/Ledger.php(177): App\Models\LedgerModel->listAllLedgers()
#5 /home/vcstagin/domains/v4cstaging.co.in/public_html/favela/system/CodeIgniter.php(942): App\Controllers\Ledger->listledger()
#6 /home/vcstagin/domains/v4cstaging.co.in/public_html/favela/system/CodeIgniter.php(502): CodeIgniter\CodeIgniter->runController()
#7 /home/vcstagin/domains/v4cstaging.co.in/public_html/favela/system/CodeIgniter.php(361): CodeIgniter\CodeIgniter->handleRequest()
#8 /home/vcstagin/domains/v4cstaging.co.in/public_html/favela/index.php(79): CodeIgniter\CodeIgniter->run()
#9 {main}
ERROR - 2024-02-29 08:20:40 --> mysqli_sql_exception: You have an error in your SQL syntax; check the manual that corresponds to your MariaDB server version for the right syntax to use near 'and status<>3 order by ld_id desc limit 0,10' at line 4 in /home/vcstagin/domains/v4cstaging.co.in/public_html/favela/system/Database/MySQLi/Connection.php:306
Stack trace:
#0 /home/vcstagin/domains/v4cstaging.co.in/public_html/favela/system/Database/MySQLi/Connection.php(306): mysqli->query()
#1 /home/vcstagin/domains/v4cstaging.co.in/public_html/favela/system/Database/BaseConnection.php(693): CodeIgniter\Database\MySQLi\Connection->execute()
#2 /home/vcstagin/domains/v4cstaging.co.in/public_html/favela/system/Database/BaseConnection.php(607): CodeIgniter\Database\BaseConnection->simpleQuery()
#3 /home/vcstagin/domains/v4cstaging.co.in/public_html/favela/app/Models/LedgerModel.php(34): CodeIgniter\Database\BaseConnection->query()
#4 /home/vcstagin/domains/v4cstaging.co.in/public_html/favela/app/Controllers/Ledger.php(177): App\Models\LedgerModel->listAllLedgers()
#5 /home/vcstagin/domains/v4cstaging.co.in/public_html/favela/system/CodeIgniter.php(942): App\Controllers\Ledger->listledger()
#6 /home/vcstagin/domains/v4cstaging.co.in/public_html/favela/system/CodeIgniter.php(502): CodeIgniter\CodeIgniter->runController()
#7 /home/vcstagin/domains/v4cstaging.co.in/public_html/favela/system/CodeIgniter.php(361): CodeIgniter\CodeIgniter->handleRequest()
#8 /home/vcstagin/domains/v4cstaging.co.in/public_html/favela/index.php(79): CodeIgniter\CodeIgniter->run()
#9 {main}
CRITICAL - 2024-02-29 08:20:40 --> You have an error in your SQL syntax; check the manual that corresponds to your MariaDB server version for the right syntax to use near 'and status<>3 order by ld_id desc limit 0,10' at line 4
in SYSTEMPATH/Database/BaseConnection.php on line 647.
 1 APPPATH/Models/LedgerModel.php(34): CodeIgniter\Database\BaseConnection->query()
 2 APPPATH/Controllers/Ledger.php(177): App\Models\LedgerModel->listAllLedgers()
 3 SYSTEMPATH/CodeIgniter.php(942): App\Controllers\Ledger->listledger()
 4 SYSTEMPATH/CodeIgniter.php(502): CodeIgniter\CodeIgniter->runController()
 5 SYSTEMPATH/CodeIgniter.php(361): CodeIgniter\CodeIgniter->handleRequest()
 6 FCPATH/index.php(79): CodeIgniter\CodeIgniter->run()
CRITICAL - 2024-02-29 08:20:40 --> You have an error in your SQL syntax; check the manual that corresponds to your MariaDB server version for the right syntax to use near 'and status<>3 order by ld_id desc limit 0,10' at line 4
in SYSTEMPATH/Database/BaseConnection.php on line 647.
 1 APPPATH/Models/LedgerModel.php(34): CodeIgniter\Database\BaseConnection->query()
 2 APPPATH/Controllers/Ledger.php(177): App\Models\LedgerModel->listAllLedgers()
 3 SYSTEMPATH/CodeIgniter.php(942): App\Controllers\Ledger->listledger()
 4 SYSTEMPATH/CodeIgniter.php(502): CodeIgniter\CodeIgniter->runController()
 5 SYSTEMPATH/CodeIgniter.php(361): CodeIgniter\CodeIgniter->handleRequest()
 6 FCPATH/index.php(79): CodeIgniter\CodeIgniter->run()
