CRITICAL - 2025-02-25 05:04:23 --> Undefined property: App\Controllers\ComplaintsInfo::$db
in APPPATH\Controllers\ComplaintsInfo.php on line 203.
 1 APPPATH\Controllers\ComplaintsInfo.php(203): CodeIgniter\Debug\Exceptions->errorHandler(2, 'Undefined property: App\\Controllers\\ComplaintsInfo::$db', 'C:\\xampp\\htdocs\\favela\\app\\Controllers\\ComplaintsInfo.php', 203)
 2 SYSTEMPATH\CodeIgniter.php(942): App\Controllers\ComplaintsInfo->saveReply()
 3 SYSTEMPATH\CodeIgniter.php(502): CodeIgniter\CodeIgniter->runController(Object(App\Controllers\ComplaintsInfo))
 4 SYSTEMPATH\CodeIgniter.php(361): CodeIgniter\CodeIgniter->handleRequest(null, Object(Config\Cache), false)
 5 FCPATH\index.php(79): CodeIgniter\CodeIgniter->run()
CRITICAL - 2025-02-25 05:05:33 --> Undefined property: App\Controllers\ComplaintsInfo::$db
in APPPATH\Controllers\ComplaintsInfo.php on line 203.
 1 APPPATH\Controllers\ComplaintsInfo.php(203): CodeIgniter\Debug\Exceptions->errorHandler(2, 'Undefined property: App\\Controllers\\ComplaintsInfo::$db', 'C:\\xampp\\htdocs\\favela\\app\\Controllers\\ComplaintsInfo.php', 203)
 2 SYSTEMPATH\CodeIgniter.php(942): App\Controllers\ComplaintsInfo->saveReply()
 3 SYSTEMPATH\CodeIgniter.php(502): CodeIgniter\CodeIgniter->runController(Object(App\Controllers\ComplaintsInfo))
 4 SYSTEMPATH\CodeIgniter.php(361): CodeIgniter\CodeIgniter->handleRequest(null, Object(Config\Cache), false)
 5 FCPATH\index.php(79): CodeIgniter\CodeIgniter->run()
CRITICAL - 2025-02-25 05:15:25 --> Undefined property: App\Controllers\ComplaintsInfo::$db
in APPPATH\Controllers\ComplaintsInfo.php on line 206.
 1 APPPATH\Controllers\ComplaintsInfo.php(206): CodeIgniter\Debug\Exceptions->errorHandler(2, 'Undefined property: App\\Controllers\\ComplaintsInfo::$db', 'C:\\xampp\\htdocs\\favela\\app\\Controllers\\ComplaintsInfo.php', 206)
 2 SYSTEMPATH\CodeIgniter.php(942): App\Controllers\ComplaintsInfo->saveReply()
 3 SYSTEMPATH\CodeIgniter.php(502): CodeIgniter\CodeIgniter->runController(Object(App\Controllers\ComplaintsInfo))
 4 SYSTEMPATH\CodeIgniter.php(361): CodeIgniter\CodeIgniter->handleRequest(null, Object(Config\Cache), false)
 5 FCPATH\index.php(79): CodeIgniter\CodeIgniter->run()
CRITICAL - 2025-02-25 05:21:32 --> Undefined property: App\Controllers\ComplaintsInfo::$db
in APPPATH\Controllers\ComplaintsInfo.php on line 213.
 1 APPPATH\Controllers\ComplaintsInfo.php(213): CodeIgniter\Debug\Exceptions->errorHandler(2, 'Undefined property: App\\Controllers\\ComplaintsInfo::$db', 'C:\\xampp\\htdocs\\favela\\app\\Controllers\\ComplaintsInfo.php', 213)
 2 SYSTEMPATH\CodeIgniter.php(942): App\Controllers\ComplaintsInfo->saveReply()
 3 SYSTEMPATH\CodeIgniter.php(502): CodeIgniter\CodeIgniter->runController(Object(App\Controllers\ComplaintsInfo))
 4 SYSTEMPATH\CodeIgniter.php(361): CodeIgniter\CodeIgniter->handleRequest(null, Object(Config\Cache), false)
 5 FCPATH\index.php(79): CodeIgniter\CodeIgniter->run()
CRITICAL - 2025-02-25 05:22:12 --> Undefined property: App\Controllers\ComplaintsInfo::$db
in APPPATH\Controllers\ComplaintsInfo.php on line 213.
 1 APPPATH\Controllers\ComplaintsInfo.php(213): CodeIgniter\Debug\Exceptions->errorHandler(2, 'Undefined property: App\\Controllers\\ComplaintsInfo::$db', 'C:\\xampp\\htdocs\\favela\\app\\Controllers\\ComplaintsInfo.php', 213)
 2 SYSTEMPATH\CodeIgniter.php(942): App\Controllers\ComplaintsInfo->saveReply()
 3 SYSTEMPATH\CodeIgniter.php(502): CodeIgniter\CodeIgniter->runController(Object(App\Controllers\ComplaintsInfo))
 4 SYSTEMPATH\CodeIgniter.php(361): CodeIgniter\CodeIgniter->handleRequest(null, Object(Config\Cache), false)
 5 FCPATH\index.php(79): CodeIgniter\CodeIgniter->run()
CRITICAL - 2025-02-25 05:34:31 --> Undefined property: App\Controllers\ComplaintsInfo::$db
in APPPATH\Controllers\ComplaintsInfo.php on line 206.
 1 APPPATH\Controllers\ComplaintsInfo.php(206): CodeIgniter\Debug\Exceptions->errorHandler(2, 'Undefined property: App\\Controllers\\ComplaintsInfo::$db', 'C:\\xampp\\htdocs\\favela\\app\\Controllers\\ComplaintsInfo.php', 206)
 2 SYSTEMPATH\CodeIgniter.php(942): App\Controllers\ComplaintsInfo->saveReply()
 3 SYSTEMPATH\CodeIgniter.php(502): CodeIgniter\CodeIgniter->runController(Object(App\Controllers\ComplaintsInfo))
 4 SYSTEMPATH\CodeIgniter.php(361): CodeIgniter\CodeIgniter->handleRequest(null, Object(Config\Cache), false)
 5 FCPATH\index.php(79): CodeIgniter\CodeIgniter->run()
CRITICAL - 2025-02-25 05:35:38 --> Undefined property: App\Controllers\ComplaintsInfo::$db
in APPPATH\Controllers\ComplaintsInfo.php on line 206.
 1 APPPATH\Controllers\ComplaintsInfo.php(206): CodeIgniter\Debug\Exceptions->errorHandler(2, 'Undefined property: App\\Controllers\\ComplaintsInfo::$db', 'C:\\xampp\\htdocs\\favela\\app\\Controllers\\ComplaintsInfo.php', 206)
 2 SYSTEMPATH\CodeIgniter.php(942): App\Controllers\ComplaintsInfo->saveReply()
 3 SYSTEMPATH\CodeIgniter.php(502): CodeIgniter\CodeIgniter->runController(Object(App\Controllers\ComplaintsInfo))
 4 SYSTEMPATH\CodeIgniter.php(361): CodeIgniter\CodeIgniter->handleRequest(null, Object(Config\Cache), false)
 5 FCPATH\index.php(79): CodeIgniter\CodeIgniter->run()
CRITICAL - 2025-02-25 05:57:40 --> Undefined property: App\Controllers\ComplaintsInfo::$db
in APPPATH\Controllers\ComplaintsInfo.php on line 206.
 1 APPPATH\Controllers\ComplaintsInfo.php(206): CodeIgniter\Debug\Exceptions->errorHandler(2, 'Undefined property: App\\Controllers\\ComplaintsInfo::$db', 'C:\\xampp\\htdocs\\favela\\app\\Controllers\\ComplaintsInfo.php', 206)
 2 SYSTEMPATH\CodeIgniter.php(942): App\Controllers\ComplaintsInfo->saveReply()
 3 SYSTEMPATH\CodeIgniter.php(502): CodeIgniter\CodeIgniter->runController(Object(App\Controllers\ComplaintsInfo))
 4 SYSTEMPATH\CodeIgniter.php(361): CodeIgniter\CodeIgniter->handleRequest(null, Object(Config\Cache), false)
 5 FCPATH\index.php(79): CodeIgniter\CodeIgniter->run()
CRITICAL - 2025-02-25 06:03:37 --> Undefined property: App\Controllers\ComplaintsInfo::$db
in APPPATH\Controllers\ComplaintsInfo.php on line 206.
 1 APPPATH\Controllers\ComplaintsInfo.php(206): CodeIgniter\Debug\Exceptions->errorHandler(2, 'Undefined property: App\\Controllers\\ComplaintsInfo::$db', 'C:\\xampp\\htdocs\\favela\\app\\Controllers\\ComplaintsInfo.php', 206)
 2 SYSTEMPATH\CodeIgniter.php(942): App\Controllers\ComplaintsInfo->saveReply()
 3 SYSTEMPATH\CodeIgniter.php(502): CodeIgniter\CodeIgniter->runController(Object(App\Controllers\ComplaintsInfo))
 4 SYSTEMPATH\CodeIgniter.php(361): CodeIgniter\CodeIgniter->handleRequest(null, Object(Config\Cache), false)
 5 FCPATH\index.php(79): CodeIgniter\CodeIgniter->run()
CRITICAL - 2025-02-25 06:13:57 --> Undefined property: App\Controllers\ComplaintsInfo::$db
in APPPATH\Controllers\ComplaintsInfo.php on line 206.
 1 APPPATH\Controllers\ComplaintsInfo.php(206): CodeIgniter\Debug\Exceptions->errorHandler(2, 'Undefined property: App\\Controllers\\ComplaintsInfo::$db', 'C:\\xampp\\htdocs\\favela\\app\\Controllers\\ComplaintsInfo.php', 206)
 2 SYSTEMPATH\CodeIgniter.php(942): App\Controllers\ComplaintsInfo->saveReply()
 3 SYSTEMPATH\CodeIgniter.php(502): CodeIgniter\CodeIgniter->runController(Object(App\Controllers\ComplaintsInfo))
 4 SYSTEMPATH\CodeIgniter.php(361): CodeIgniter\CodeIgniter->handleRequest(null, Object(Config\Cache), false)
 5 FCPATH\index.php(79): CodeIgniter\CodeIgniter->run()
CRITICAL - 2025-02-25 06:18:46 --> Undefined property: App\Controllers\ComplaintsInfo::$complaintsinfoModel
in APPPATH\Controllers\ComplaintsInfo.php on line 142.
 1 APPPATH\Controllers\ComplaintsInfo.php(142): CodeIgniter\Debug\Exceptions->errorHandler(2, 'Undefined property: App\\Controllers\\ComplaintsInfo::$complaintsinfoModel', 'C:\\xampp\\htdocs\\favela\\app\\Controllers\\ComplaintsInfo.php', 142)
 2 SYSTEMPATH\CodeIgniter.php(942): App\Controllers\ComplaintsInfo->loadComplaints()
 3 SYSTEMPATH\CodeIgniter.php(502): CodeIgniter\CodeIgniter->runController(Object(App\Controllers\ComplaintsInfo))
 4 SYSTEMPATH\CodeIgniter.php(361): CodeIgniter\CodeIgniter->handleRequest(null, Object(Config\Cache), false)
 5 FCPATH\index.php(79): CodeIgniter\CodeIgniter->run()
CRITICAL - 2025-02-25 06:19:49 --> Undefined property: App\Controllers\ComplaintsInfo::$complaintsinfoModel
in APPPATH\Controllers\ComplaintsInfo.php on line 142.
 1 APPPATH\Controllers\ComplaintsInfo.php(142): CodeIgniter\Debug\Exceptions->errorHandler(2, 'Undefined property: App\\Controllers\\ComplaintsInfo::$complaintsinfoModel', 'C:\\xampp\\htdocs\\favela\\app\\Controllers\\ComplaintsInfo.php', 142)
 2 SYSTEMPATH\CodeIgniter.php(942): App\Controllers\ComplaintsInfo->loadComplaints()
 3 SYSTEMPATH\CodeIgniter.php(502): CodeIgniter\CodeIgniter->runController(Object(App\Controllers\ComplaintsInfo))
 4 SYSTEMPATH\CodeIgniter.php(361): CodeIgniter\CodeIgniter->handleRequest(null, Object(Config\Cache), false)
 5 FCPATH\index.php(79): CodeIgniter\CodeIgniter->run()
CRITICAL - 2025-02-25 06:22:07 --> Undefined property: App\Controllers\ComplaintsInfo::$db
in APPPATH\Controllers\ComplaintsInfo.php on line 209.
 1 APPPATH\Controllers\ComplaintsInfo.php(209): CodeIgniter\Debug\Exceptions->errorHandler(2, 'Undefined property: App\\Controllers\\ComplaintsInfo::$db', 'C:\\xampp\\htdocs\\favela\\app\\Controllers\\ComplaintsInfo.php', 209)
 2 SYSTEMPATH\CodeIgniter.php(942): App\Controllers\ComplaintsInfo->saveReply()
 3 SYSTEMPATH\CodeIgniter.php(502): CodeIgniter\CodeIgniter->runController(Object(App\Controllers\ComplaintsInfo))
 4 SYSTEMPATH\CodeIgniter.php(361): CodeIgniter\CodeIgniter->handleRequest(null, Object(Config\Cache), false)
 5 FCPATH\index.php(79): CodeIgniter\CodeIgniter->run()
CRITICAL - 2025-02-25 06:23:56 --> Undefined property: App\Controllers\ComplaintsInfo::$db
in APPPATH\Controllers\ComplaintsInfo.php on line 209.
 1 APPPATH\Controllers\ComplaintsInfo.php(209): CodeIgniter\Debug\Exceptions->errorHandler(2, 'Undefined property: App\\Controllers\\ComplaintsInfo::$db', 'C:\\xampp\\htdocs\\favela\\app\\Controllers\\ComplaintsInfo.php', 209)
 2 SYSTEMPATH\CodeIgniter.php(942): App\Controllers\ComplaintsInfo->saveReply()
 3 SYSTEMPATH\CodeIgniter.php(502): CodeIgniter\CodeIgniter->runController(Object(App\Controllers\ComplaintsInfo))
 4 SYSTEMPATH\CodeIgniter.php(361): CodeIgniter\CodeIgniter->handleRequest(null, Object(Config\Cache), false)
 5 FCPATH\index.php(79): CodeIgniter\CodeIgniter->run()
CRITICAL - 2025-02-25 06:29:18 --> Undefined property: App\Controllers\ComplaintsInfo::$db
in APPPATH\Controllers\ComplaintsInfo.php on line 213.
 1 APPPATH\Controllers\ComplaintsInfo.php(213): CodeIgniter\Debug\Exceptions->errorHandler(2, 'Undefined property: App\\Controllers\\ComplaintsInfo::$db', 'C:\\xampp\\htdocs\\favela\\app\\Controllers\\ComplaintsInfo.php', 213)
 2 SYSTEMPATH\CodeIgniter.php(942): App\Controllers\ComplaintsInfo->saveReply()
 3 SYSTEMPATH\CodeIgniter.php(502): CodeIgniter\CodeIgniter->runController(Object(App\Controllers\ComplaintsInfo))
 4 SYSTEMPATH\CodeIgniter.php(361): CodeIgniter\CodeIgniter->handleRequest(null, Object(Config\Cache), false)
 5 FCPATH\index.php(79): CodeIgniter\CodeIgniter->run()
CRITICAL - 2025-02-25 06:43:59 --> Undefined property: App\Controllers\ComplaintsInfo::$db
in APPPATH\Controllers\ComplaintsInfo.php on line 211.
 1 APPPATH\Controllers\ComplaintsInfo.php(211): CodeIgniter\Debug\Exceptions->errorHandler(2, 'Undefined property: App\\Controllers\\ComplaintsInfo::$db', 'C:\\xampp\\htdocs\\favela\\app\\Controllers\\ComplaintsInfo.php', 211)
 2 SYSTEMPATH\CodeIgniter.php(942): App\Controllers\ComplaintsInfo->saveReply()
 3 SYSTEMPATH\CodeIgniter.php(502): CodeIgniter\CodeIgniter->runController(Object(App\Controllers\ComplaintsInfo))
 4 SYSTEMPATH\CodeIgniter.php(361): CodeIgniter\CodeIgniter->handleRequest(null, Object(Config\Cache), false)
 5 FCPATH\index.php(79): CodeIgniter\CodeIgniter->run()
CRITICAL - 2025-02-25 06:44:25 --> Undefined property: App\Controllers\ComplaintsInfo::$db
in APPPATH\Controllers\ComplaintsInfo.php on line 211.
 1 APPPATH\Controllers\ComplaintsInfo.php(211): CodeIgniter\Debug\Exceptions->errorHandler(2, 'Undefined property: App\\Controllers\\ComplaintsInfo::$db', 'C:\\xampp\\htdocs\\favela\\app\\Controllers\\ComplaintsInfo.php', 211)
 2 SYSTEMPATH\CodeIgniter.php(942): App\Controllers\ComplaintsInfo->saveReply()
 3 SYSTEMPATH\CodeIgniter.php(502): CodeIgniter\CodeIgniter->runController(Object(App\Controllers\ComplaintsInfo))
 4 SYSTEMPATH\CodeIgniter.php(361): CodeIgniter\CodeIgniter->handleRequest(null, Object(Config\Cache), false)
 5 FCPATH\index.php(79): CodeIgniter\CodeIgniter->run()
CRITICAL - 2025-02-25 06:51:39 --> Undefined property: App\Controllers\ComplaintsInfo::$db
in APPPATH\Controllers\ComplaintsInfo.php on line 211.
 1 APPPATH\Controllers\ComplaintsInfo.php(211): CodeIgniter\Debug\Exceptions->errorHandler(2, 'Undefined property: App\\Controllers\\ComplaintsInfo::$db', 'C:\\xampp\\htdocs\\favela\\app\\Controllers\\ComplaintsInfo.php', 211)
 2 SYSTEMPATH\CodeIgniter.php(942): App\Controllers\ComplaintsInfo->saveReply()
 3 SYSTEMPATH\CodeIgniter.php(502): CodeIgniter\CodeIgniter->runController(Object(App\Controllers\ComplaintsInfo))
 4 SYSTEMPATH\CodeIgniter.php(361): CodeIgniter\CodeIgniter->handleRequest(null, Object(Config\Cache), false)
 5 FCPATH\index.php(79): CodeIgniter\CodeIgniter->run()
CRITICAL - 2025-02-25 07:29:47 --> Undefined property: App\Controllers\ComplaintsInfo::$db
in APPPATH\Controllers\ComplaintsInfo.php on line 211.
 1 APPPATH\Controllers\ComplaintsInfo.php(211): CodeIgniter\Debug\Exceptions->errorHandler(2, 'Undefined property: App\\Controllers\\ComplaintsInfo::$db', 'C:\\xampp\\htdocs\\favela\\app\\Controllers\\ComplaintsInfo.php', 211)
 2 SYSTEMPATH\CodeIgniter.php(942): App\Controllers\ComplaintsInfo->saveReply()
 3 SYSTEMPATH\CodeIgniter.php(502): CodeIgniter\CodeIgniter->runController(Object(App\Controllers\ComplaintsInfo))
 4 SYSTEMPATH\CodeIgniter.php(361): CodeIgniter\CodeIgniter->handleRequest(null, Object(Config\Cache), false)
 5 FCPATH\index.php(79): CodeIgniter\CodeIgniter->run()
CRITICAL - 2025-02-25 08:47:53 --> Undefined property: App\Controllers\ComplaintsInfo::$db
in APPPATH\Controllers\ComplaintsInfo.php on line 209.
 1 APPPATH\Controllers\ComplaintsInfo.php(209): CodeIgniter\Debug\Exceptions->errorHandler(2, 'Undefined property: App\\Controllers\\ComplaintsInfo::$db', 'C:\\xampp\\htdocs\\favela\\app\\Controllers\\ComplaintsInfo.php', 209)
 2 SYSTEMPATH\CodeIgniter.php(942): App\Controllers\ComplaintsInfo->saveReply()
 3 SYSTEMPATH\CodeIgniter.php(502): CodeIgniter\CodeIgniter->runController(Object(App\Controllers\ComplaintsInfo))
 4 SYSTEMPATH\CodeIgniter.php(361): CodeIgniter\CodeIgniter->handleRequest(null, Object(Config\Cache), false)
 5 FCPATH\index.php(79): CodeIgniter\CodeIgniter->run()
CRITICAL - 2025-02-25 09:09:21 --> Undefined property: App\Controllers\ComplaintsInfo::$db
in APPPATH\Controllers\ComplaintsInfo.php on line 213.
 1 APPPATH\Controllers\ComplaintsInfo.php(213): CodeIgniter\Debug\Exceptions->errorHandler(2, 'Undefined property: App\\Controllers\\ComplaintsInfo::$db', 'C:\\xampp\\htdocs\\favela\\app\\Controllers\\ComplaintsInfo.php', 213)
 2 SYSTEMPATH\CodeIgniter.php(942): App\Controllers\ComplaintsInfo->saveReply()
 3 SYSTEMPATH\CodeIgniter.php(502): CodeIgniter\CodeIgniter->runController(Object(App\Controllers\ComplaintsInfo))
 4 SYSTEMPATH\CodeIgniter.php(361): CodeIgniter\CodeIgniter->handleRequest(null, Object(Config\Cache), false)
 5 FCPATH\index.php(79): CodeIgniter\CodeIgniter->run()
CRITICAL - 2025-02-25 09:20:05 --> Undefined property: App\Controllers\ComplaintsInfo::$db
in APPPATH\Controllers\ComplaintsInfo.php on line 213.
 1 APPPATH\Controllers\ComplaintsInfo.php(213): CodeIgniter\Debug\Exceptions->errorHandler(2, 'Undefined property: App\\Controllers\\ComplaintsInfo::$db', 'C:\\xampp\\htdocs\\favela\\app\\Controllers\\ComplaintsInfo.php', 213)
 2 SYSTEMPATH\CodeIgniter.php(942): App\Controllers\ComplaintsInfo->saveReply()
 3 SYSTEMPATH\CodeIgniter.php(502): CodeIgniter\CodeIgniter->runController(Object(App\Controllers\ComplaintsInfo))
 4 SYSTEMPATH\CodeIgniter.php(361): CodeIgniter\CodeIgniter->handleRequest(null, Object(Config\Cache), false)
 5 FCPATH\index.php(79): CodeIgniter\CodeIgniter->run()
CRITICAL - 2025-02-25 09:35:05 --> Undefined property: App\Controllers\ComplaintsInfo::$db
in APPPATH\Controllers\ComplaintsInfo.php on line 209.
 1 APPPATH\Controllers\ComplaintsInfo.php(209): CodeIgniter\Debug\Exceptions->errorHandler(2, 'Undefined property: App\\Controllers\\ComplaintsInfo::$db', 'C:\\xampp\\htdocs\\favela\\app\\Controllers\\ComplaintsInfo.php', 209)
 2 SYSTEMPATH\CodeIgniter.php(942): App\Controllers\ComplaintsInfo->saveReply()
 3 SYSTEMPATH\CodeIgniter.php(502): CodeIgniter\CodeIgniter->runController(Object(App\Controllers\ComplaintsInfo))
 4 SYSTEMPATH\CodeIgniter.php(361): CodeIgniter\CodeIgniter->handleRequest(null, Object(Config\Cache), false)
 5 FCPATH\index.php(79): CodeIgniter\CodeIgniter->run()
CRITICAL - 2025-02-25 10:27:34 --> Undefined property: App\Controllers\ComplaintsInfo::$db
in APPPATH\Controllers\ComplaintsInfo.php on line 209.
 1 APPPATH\Controllers\ComplaintsInfo.php(209): CodeIgniter\Debug\Exceptions->errorHandler(2, 'Undefined property: App\\Controllers\\ComplaintsInfo::$db', 'C:\\xampp\\htdocs\\favela\\app\\Controllers\\ComplaintsInfo.php', 209)
 2 SYSTEMPATH\CodeIgniter.php(942): App\Controllers\ComplaintsInfo->saveReply()
 3 SYSTEMPATH\CodeIgniter.php(502): CodeIgniter\CodeIgniter->runController(Object(App\Controllers\ComplaintsInfo))
 4 SYSTEMPATH\CodeIgniter.php(361): CodeIgniter\CodeIgniter->handleRequest(null, Object(Config\Cache), false)
 5 FCPATH\index.php(79): CodeIgniter\CodeIgniter->run()
