ERROR - 2024-01-10 02:30:47 --> mysqli_sql_exception: Unknown column 'deleteFlat' in 'where clause' in D:\wamp\www\favela\system\Database\MySQLi\Connection.php:306
Stack trace:
#0 D:\wamp\www\favela\system\Database\MySQLi\Connection.php(306): mysqli->query('select * from b...', 0)
#1 D:\wamp\www\favela\system\Database\BaseConnection.php(693): CodeIgniter\Database\MySQLi\Connection->execute('select * from b...')
#2 D:\wamp\www\favela\system\Database\BaseConnection.php(607): CodeIgniter\Database\BaseConnection->simpleQuery('select * from b...')
#3 D:\wamp\www\favela\app\Models\FlatsModel.php(12): CodeIgniter\Database\BaseConnection->query('select * from b...')
#4 D:\wamp\www\favela\app\Controllers\Flats.php(16): App\Models\FlatsModel->getThisFlats('deleteFlat')
#5 D:\wamp\www\favela\system\CodeIgniter.php(942): App\Controllers\Flats->index('deleteFlat', '5')
#6 D:\wamp\www\favela\system\CodeIgniter.php(502): CodeIgniter\CodeIgniter->runController(Object(App\Controllers\Flats))
#7 D:\wamp\www\favela\system\CodeIgniter.php(361): CodeIgniter\CodeIgniter->handleRequest(NULL, Object(Config\Cache), false)
#8 D:\wamp\www\favela\index.php(79): CodeIgniter\CodeIgniter->run()
#9 {main}
CRITICAL - 2024-01-10 02:30:47 --> Unknown column 'deleteFlat' in 'where clause'
in SYSTEMPATH\Database\BaseConnection.php on line 647.
 1 APPPATH\Models\FlatsModel.php(12): CodeIgniter\Database\BaseConnection->query('select * from buildings where bd_id = deleteFlat')
 2 APPPATH\Controllers\Flats.php(16): App\Models\FlatsModel->getThisFlats('deleteFlat')
 3 SYSTEMPATH\CodeIgniter.php(942): App\Controllers\Flats->index('deleteFlat', '5')
 4 SYSTEMPATH\CodeIgniter.php(502): CodeIgniter\CodeIgniter->runController(Object(App\Controllers\Flats))
 5 SYSTEMPATH\CodeIgniter.php(361): CodeIgniter\CodeIgniter->handleRequest(null, Object(Config\Cache), false)
 6 FCPATH\index.php(79): CodeIgniter\CodeIgniter->run()
ERROR - 2024-01-10 02:31:40 --> mysqli_sql_exception: Unknown column 'deleteFlat' in 'where clause' in D:\wamp\www\favela\system\Database\MySQLi\Connection.php:306
Stack trace:
#0 D:\wamp\www\favela\system\Database\MySQLi\Connection.php(306): mysqli->query('select * from b...', 0)
#1 D:\wamp\www\favela\system\Database\BaseConnection.php(693): CodeIgniter\Database\MySQLi\Connection->execute('select * from b...')
#2 D:\wamp\www\favela\system\Database\BaseConnection.php(607): CodeIgniter\Database\BaseConnection->simpleQuery('select * from b...')
#3 D:\wamp\www\favela\app\Models\FlatsModel.php(12): CodeIgniter\Database\BaseConnection->query('select * from b...')
#4 D:\wamp\www\favela\app\Controllers\Flats.php(16): App\Models\FlatsModel->getThisFlats('deleteFlat')
#5 D:\wamp\www\favela\system\CodeIgniter.php(942): App\Controllers\Flats->index('deleteFlat', '5')
#6 D:\wamp\www\favela\system\CodeIgniter.php(502): CodeIgniter\CodeIgniter->runController(Object(App\Controllers\Flats))
#7 D:\wamp\www\favela\system\CodeIgniter.php(361): CodeIgniter\CodeIgniter->handleRequest(NULL, Object(Config\Cache), false)
#8 D:\wamp\www\favela\index.php(79): CodeIgniter\CodeIgniter->run()
#9 {main}
CRITICAL - 2024-01-10 02:31:40 --> Unknown column 'deleteFlat' in 'where clause'
in SYSTEMPATH\Database\BaseConnection.php on line 647.
 1 APPPATH\Models\FlatsModel.php(12): CodeIgniter\Database\BaseConnection->query('select * from buildings where bd_id = deleteFlat')
 2 APPPATH\Controllers\Flats.php(16): App\Models\FlatsModel->getThisFlats('deleteFlat')
 3 SYSTEMPATH\CodeIgniter.php(942): App\Controllers\Flats->index('deleteFlat', '5')
 4 SYSTEMPATH\CodeIgniter.php(502): CodeIgniter\CodeIgniter->runController(Object(App\Controllers\Flats))
 5 SYSTEMPATH\CodeIgniter.php(361): CodeIgniter\CodeIgniter->handleRequest(null, Object(Config\Cache), false)
 6 FCPATH\index.php(79): CodeIgniter\CodeIgniter->run()
