CRITICAL - 2025-03-18 06:29:09 --> CodeIgniter\Database\BaseResult::getFirstRow(): Argument #1 ($type) must be of type string, null given, called in C:\xampp\htdocs\favela\system\Model.php on line 264
in SYSTEMPATH\Database\BaseResult.php on line 389.
 1 SYSTEMPATH\Model.php(264): CodeIgniter\Database\BaseResult->getFirstRow(null)
 2 SYSTEMPATH\BaseModel.php(662): CodeIgniter\Model->doFirst()
 3 APPPATH\Models\CategoryModel.php(18): CodeIgniter\BaseModel->first()
 4 APPPATH\Controllers\Category.php(80): App\Models\CategoryModel->getCategoryByName('hfhf')
 5 SYSTEMPATH\CodeIgniter.php(942): App\Controllers\Category->saveCategory()
 6 SYSTEMPATH\CodeIgniter.php(502): CodeIgniter\CodeIgniter->runController(Object(App\Controllers\Category))
 7 SYSTEMPATH\CodeIgniter.php(361): CodeIgniter\CodeIgniter->handleRequest(null, Object(Config\Cache), false)
 8 FCPATH\index.php(79): CodeIgniter\CodeIgniter->run()
ERROR - 2025-03-18 06:47:05 --> mysqli_sql_exception: Unknown column 'subcategories' in 'field list' in C:\xampp\htdocs\favela\system\Database\MySQLi\Connection.php:306
Stack trace:
#0 C:\xampp\htdocs\favela\system\Database\MySQLi\Connection.php(306): mysqli->query('INSERT INTO `as...', 0)
#1 C:\xampp\htdocs\favela\system\Database\BaseConnection.php(693): CodeIgniter\Database\MySQLi\Connection->execute('INSERT INTO `as...')
#2 C:\xampp\htdocs\favela\system\Database\BaseConnection.php(607): CodeIgniter\Database\BaseConnection->simpleQuery('INSERT INTO `as...')
#3 C:\xampp\htdocs\favela\system\Database\BaseBuilder.php(2308): CodeIgniter\Database\BaseConnection->query('INSERT INTO `as...', Array, false)
#4 C:\xampp\htdocs\favela\system\Model.php(319): CodeIgniter\Database\BaseBuilder->insert()
#5 C:\xampp\htdocs\favela\system\BaseModel.php(788): CodeIgniter\Model->doInsert(Array)
#6 C:\xampp\htdocs\favela\system\Model.php(715): CodeIgniter\BaseModel->insert(Array, true)
#7 C:\xampp\htdocs\favela\app\Models\CategoryModel.php(17): CodeIgniter\Model->insert(Array)
#8 C:\xampp\htdocs\favela\app\Controllers\Category.php(106): App\Models\CategoryModel->createCategory(Array)
#9 C:\xampp\htdocs\favela\system\CodeIgniter.php(942): App\Controllers\Category->saveCategory()
#10 C:\xampp\htdocs\favela\system\CodeIgniter.php(502): CodeIgniter\CodeIgniter->runController(Object(App\Controllers\Category))
#11 C:\xampp\htdocs\favela\system\CodeIgniter.php(361): CodeIgniter\CodeIgniter->handleRequest(NULL, Object(Config\Cache), false)
#12 C:\xampp\htdocs\favela\index.php(79): CodeIgniter\CodeIgniter->run()
#13 {main}
CRITICAL - 2025-03-18 06:47:05 --> Unknown column 'subcategories' in 'field list'
in SYSTEMPATH\Database\BaseConnection.php on line 647.
 1 SYSTEMPATH\Database\BaseBuilder.php(2308): CodeIgniter\Database\BaseConnection->query('INSERT INTO `asset_category` (`category_name`, `subcategories`, `diminish_rate`, `created_on`, `created_by`) VALUES (:category_name:, :subcategories:, :diminish_rate:, :created_on:, :created_by:)', [...], false)
 2 SYSTEMPATH\Model.php(319): CodeIgniter\Database\BaseBuilder->insert()
 3 SYSTEMPATH\BaseModel.php(788): CodeIgniter\Model->doInsert([...])
 4 SYSTEMPATH\Model.php(715): CodeIgniter\BaseModel->insert([...], true)
 5 APPPATH\Models\CategoryModel.php(17): CodeIgniter\Model->insert([...])
 6 APPPATH\Controllers\Category.php(106): App\Models\CategoryModel->createCategory([...])
 7 SYSTEMPATH\CodeIgniter.php(942): App\Controllers\Category->saveCategory()
 8 SYSTEMPATH\CodeIgniter.php(502): CodeIgniter\CodeIgniter->runController(Object(App\Controllers\Category))
 9 SYSTEMPATH\CodeIgniter.php(361): CodeIgniter\CodeIgniter->handleRequest(null, Object(Config\Cache), false)
10 FCPATH\index.php(79): CodeIgniter\CodeIgniter->run()
ERROR - 2025-03-18 06:47:06 --> mysqli_sql_exception: Unknown column 'subcategories' in 'field list' in C:\xampp\htdocs\favela\system\Database\MySQLi\Connection.php:306
Stack trace:
#0 C:\xampp\htdocs\favela\system\Database\MySQLi\Connection.php(306): mysqli->query('INSERT INTO `as...', 0)
#1 C:\xampp\htdocs\favela\system\Database\BaseConnection.php(693): CodeIgniter\Database\MySQLi\Connection->execute('INSERT INTO `as...')
#2 C:\xampp\htdocs\favela\system\Database\BaseConnection.php(607): CodeIgniter\Database\BaseConnection->simpleQuery('INSERT INTO `as...')
#3 C:\xampp\htdocs\favela\system\Database\BaseBuilder.php(2308): CodeIgniter\Database\BaseConnection->query('INSERT INTO `as...', Array, false)
#4 C:\xampp\htdocs\favela\system\Model.php(319): CodeIgniter\Database\BaseBuilder->insert()
#5 C:\xampp\htdocs\favela\system\BaseModel.php(788): CodeIgniter\Model->doInsert(Array)
#6 C:\xampp\htdocs\favela\system\Model.php(715): CodeIgniter\BaseModel->insert(Array, true)
#7 C:\xampp\htdocs\favela\app\Models\CategoryModel.php(17): CodeIgniter\Model->insert(Array)
#8 C:\xampp\htdocs\favela\app\Controllers\Category.php(106): App\Models\CategoryModel->createCategory(Array)
#9 C:\xampp\htdocs\favela\system\CodeIgniter.php(942): App\Controllers\Category->saveCategory()
#10 C:\xampp\htdocs\favela\system\CodeIgniter.php(502): CodeIgniter\CodeIgniter->runController(Object(App\Controllers\Category))
#11 C:\xampp\htdocs\favela\system\CodeIgniter.php(361): CodeIgniter\CodeIgniter->handleRequest(NULL, Object(Config\Cache), false)
#12 C:\xampp\htdocs\favela\index.php(79): CodeIgniter\CodeIgniter->run()
#13 {main}
CRITICAL - 2025-03-18 06:47:06 --> Unknown column 'subcategories' in 'field list'
in SYSTEMPATH\Database\BaseConnection.php on line 647.
 1 SYSTEMPATH\Database\BaseBuilder.php(2308): CodeIgniter\Database\BaseConnection->query('INSERT INTO `asset_category` (`category_name`, `subcategories`, `diminish_rate`, `created_on`, `created_by`) VALUES (:category_name:, :subcategories:, :diminish_rate:, :created_on:, :created_by:)', [...], false)
 2 SYSTEMPATH\Model.php(319): CodeIgniter\Database\BaseBuilder->insert()
 3 SYSTEMPATH\BaseModel.php(788): CodeIgniter\Model->doInsert([...])
 4 SYSTEMPATH\Model.php(715): CodeIgniter\BaseModel->insert([...], true)
 5 APPPATH\Models\CategoryModel.php(17): CodeIgniter\Model->insert([...])
 6 APPPATH\Controllers\Category.php(106): App\Models\CategoryModel->createCategory([...])
 7 SYSTEMPATH\CodeIgniter.php(942): App\Controllers\Category->saveCategory()
 8 SYSTEMPATH\CodeIgniter.php(502): CodeIgniter\CodeIgniter->runController(Object(App\Controllers\Category))
 9 SYSTEMPATH\CodeIgniter.php(361): CodeIgniter\CodeIgniter->handleRequest(null, Object(Config\Cache), false)
10 FCPATH\index.php(79): CodeIgniter\CodeIgniter->run()
ERROR - 2025-03-18 06:49:50 --> mysqli_sql_exception: Unknown column 'subcategories' in 'field list' in C:\xampp\htdocs\favela\system\Database\MySQLi\Connection.php:306
Stack trace:
#0 C:\xampp\htdocs\favela\system\Database\MySQLi\Connection.php(306): mysqli->query('INSERT INTO `as...', 0)
#1 C:\xampp\htdocs\favela\system\Database\BaseConnection.php(693): CodeIgniter\Database\MySQLi\Connection->execute('INSERT INTO `as...')
#2 C:\xampp\htdocs\favela\system\Database\BaseConnection.php(607): CodeIgniter\Database\BaseConnection->simpleQuery('INSERT INTO `as...')
#3 C:\xampp\htdocs\favela\system\Database\BaseBuilder.php(2308): CodeIgniter\Database\BaseConnection->query('INSERT INTO `as...', Array, false)
#4 C:\xampp\htdocs\favela\system\Model.php(319): CodeIgniter\Database\BaseBuilder->insert()
#5 C:\xampp\htdocs\favela\system\BaseModel.php(788): CodeIgniter\Model->doInsert(Array)
#6 C:\xampp\htdocs\favela\system\Model.php(715): CodeIgniter\BaseModel->insert(Array, true)
#7 C:\xampp\htdocs\favela\app\Models\CategoryModel.php(17): CodeIgniter\Model->insert(Array)
#8 C:\xampp\htdocs\favela\app\Controllers\Category.php(105): App\Models\CategoryModel->createCategory(Array)
#9 C:\xampp\htdocs\favela\system\CodeIgniter.php(942): App\Controllers\Category->saveCategory()
#10 C:\xampp\htdocs\favela\system\CodeIgniter.php(502): CodeIgniter\CodeIgniter->runController(Object(App\Controllers\Category))
#11 C:\xampp\htdocs\favela\system\CodeIgniter.php(361): CodeIgniter\CodeIgniter->handleRequest(NULL, Object(Config\Cache), false)
#12 C:\xampp\htdocs\favela\index.php(79): CodeIgniter\CodeIgniter->run()
#13 {main}
CRITICAL - 2025-03-18 06:49:50 --> Unknown column 'subcategories' in 'field list'
in SYSTEMPATH\Database\BaseConnection.php on line 647.
 1 SYSTEMPATH\Database\BaseBuilder.php(2308): CodeIgniter\Database\BaseConnection->query('INSERT INTO `asset_category` (`category_name`, `subcategories`, `diminish_rate`, `created_on`, `created_by`) VALUES (:category_name:, :subcategories:, :diminish_rate:, :created_on:, :created_by:)', [...], false)
 2 SYSTEMPATH\Model.php(319): CodeIgniter\Database\BaseBuilder->insert()
 3 SYSTEMPATH\BaseModel.php(788): CodeIgniter\Model->doInsert([...])
 4 SYSTEMPATH\Model.php(715): CodeIgniter\BaseModel->insert([...], true)
 5 APPPATH\Models\CategoryModel.php(17): CodeIgniter\Model->insert([...])
 6 APPPATH\Controllers\Category.php(105): App\Models\CategoryModel->createCategory([...])
 7 SYSTEMPATH\CodeIgniter.php(942): App\Controllers\Category->saveCategory()
 8 SYSTEMPATH\CodeIgniter.php(502): CodeIgniter\CodeIgniter->runController(Object(App\Controllers\Category))
 9 SYSTEMPATH\CodeIgniter.php(361): CodeIgniter\CodeIgniter->handleRequest(null, Object(Config\Cache), false)
10 FCPATH\index.php(79): CodeIgniter\CodeIgniter->run()
ERROR - 2025-03-18 06:52:28 --> mysqli_sql_exception: Unknown column 'subcategories' in 'field list' in C:\xampp\htdocs\favela\system\Database\MySQLi\Connection.php:306
Stack trace:
#0 C:\xampp\htdocs\favela\system\Database\MySQLi\Connection.php(306): mysqli->query('INSERT INTO `as...', 0)
#1 C:\xampp\htdocs\favela\system\Database\BaseConnection.php(693): CodeIgniter\Database\MySQLi\Connection->execute('INSERT INTO `as...')
#2 C:\xampp\htdocs\favela\system\Database\BaseConnection.php(607): CodeIgniter\Database\BaseConnection->simpleQuery('INSERT INTO `as...')
#3 C:\xampp\htdocs\favela\system\Database\BaseBuilder.php(2308): CodeIgniter\Database\BaseConnection->query('INSERT INTO `as...', Array, false)
#4 C:\xampp\htdocs\favela\system\Model.php(319): CodeIgniter\Database\BaseBuilder->insert()
#5 C:\xampp\htdocs\favela\system\BaseModel.php(788): CodeIgniter\Model->doInsert(Array)
#6 C:\xampp\htdocs\favela\system\Model.php(715): CodeIgniter\BaseModel->insert(Array, true)
#7 C:\xampp\htdocs\favela\app\Models\CategoryModel.php(17): CodeIgniter\Model->insert(Array)
#8 C:\xampp\htdocs\favela\app\Controllers\Category.php(105): App\Models\CategoryModel->createCategory(Array)
#9 C:\xampp\htdocs\favela\system\CodeIgniter.php(942): App\Controllers\Category->saveCategory()
#10 C:\xampp\htdocs\favela\system\CodeIgniter.php(502): CodeIgniter\CodeIgniter->runController(Object(App\Controllers\Category))
#11 C:\xampp\htdocs\favela\system\CodeIgniter.php(361): CodeIgniter\CodeIgniter->handleRequest(NULL, Object(Config\Cache), false)
#12 C:\xampp\htdocs\favela\index.php(79): CodeIgniter\CodeIgniter->run()
#13 {main}
CRITICAL - 2025-03-18 06:52:28 --> Unknown column 'subcategories' in 'field list'
in SYSTEMPATH\Database\BaseConnection.php on line 647.
 1 SYSTEMPATH\Database\BaseBuilder.php(2308): CodeIgniter\Database\BaseConnection->query('INSERT INTO `asset_category` (`category_name`, `subcategories`, `diminish_rate`, `created_on`, `created_by`) VALUES (:category_name:, :subcategories:, :diminish_rate:, :created_on:, :created_by:)', [...], false)
 2 SYSTEMPATH\Model.php(319): CodeIgniter\Database\BaseBuilder->insert()
 3 SYSTEMPATH\BaseModel.php(788): CodeIgniter\Model->doInsert([...])
 4 SYSTEMPATH\Model.php(715): CodeIgniter\BaseModel->insert([...], true)
 5 APPPATH\Models\CategoryModel.php(17): CodeIgniter\Model->insert([...])
 6 APPPATH\Controllers\Category.php(105): App\Models\CategoryModel->createCategory([...])
 7 SYSTEMPATH\CodeIgniter.php(942): App\Controllers\Category->saveCategory()
 8 SYSTEMPATH\CodeIgniter.php(502): CodeIgniter\CodeIgniter->runController(Object(App\Controllers\Category))
 9 SYSTEMPATH\CodeIgniter.php(361): CodeIgniter\CodeIgniter->handleRequest(null, Object(Config\Cache), false)
10 FCPATH\index.php(79): CodeIgniter\CodeIgniter->run()
ERROR - 2025-03-18 06:52:49 --> mysqli_sql_exception: Unknown column 'subcategories' in 'field list' in C:\xampp\htdocs\favela\system\Database\MySQLi\Connection.php:306
Stack trace:
#0 C:\xampp\htdocs\favela\system\Database\MySQLi\Connection.php(306): mysqli->query('INSERT INTO `as...', 0)
#1 C:\xampp\htdocs\favela\system\Database\BaseConnection.php(693): CodeIgniter\Database\MySQLi\Connection->execute('INSERT INTO `as...')
#2 C:\xampp\htdocs\favela\system\Database\BaseConnection.php(607): CodeIgniter\Database\BaseConnection->simpleQuery('INSERT INTO `as...')
#3 C:\xampp\htdocs\favela\system\Database\BaseBuilder.php(2308): CodeIgniter\Database\BaseConnection->query('INSERT INTO `as...', Array, false)
#4 C:\xampp\htdocs\favela\system\Model.php(319): CodeIgniter\Database\BaseBuilder->insert()
#5 C:\xampp\htdocs\favela\system\BaseModel.php(788): CodeIgniter\Model->doInsert(Array)
#6 C:\xampp\htdocs\favela\system\Model.php(715): CodeIgniter\BaseModel->insert(Array, true)
#7 C:\xampp\htdocs\favela\app\Models\CategoryModel.php(17): CodeIgniter\Model->insert(Array)
#8 C:\xampp\htdocs\favela\app\Controllers\Category.php(105): App\Models\CategoryModel->createCategory(Array)
#9 C:\xampp\htdocs\favela\system\CodeIgniter.php(942): App\Controllers\Category->saveCategory()
#10 C:\xampp\htdocs\favela\system\CodeIgniter.php(502): CodeIgniter\CodeIgniter->runController(Object(App\Controllers\Category))
#11 C:\xampp\htdocs\favela\system\CodeIgniter.php(361): CodeIgniter\CodeIgniter->handleRequest(NULL, Object(Config\Cache), false)
#12 C:\xampp\htdocs\favela\index.php(79): CodeIgniter\CodeIgniter->run()
#13 {main}
CRITICAL - 2025-03-18 06:52:49 --> Unknown column 'subcategories' in 'field list'
in SYSTEMPATH\Database\BaseConnection.php on line 647.
 1 SYSTEMPATH\Database\BaseBuilder.php(2308): CodeIgniter\Database\BaseConnection->query('INSERT INTO `asset_category` (`category_name`, `subcategories`, `diminish_rate`, `created_on`, `created_by`) VALUES (:category_name:, :subcategories:, :diminish_rate:, :created_on:, :created_by:)', [...], false)
 2 SYSTEMPATH\Model.php(319): CodeIgniter\Database\BaseBuilder->insert()
 3 SYSTEMPATH\BaseModel.php(788): CodeIgniter\Model->doInsert([...])
 4 SYSTEMPATH\Model.php(715): CodeIgniter\BaseModel->insert([...], true)
 5 APPPATH\Models\CategoryModel.php(17): CodeIgniter\Model->insert([...])
 6 APPPATH\Controllers\Category.php(105): App\Models\CategoryModel->createCategory([...])
 7 SYSTEMPATH\CodeIgniter.php(942): App\Controllers\Category->saveCategory()
 8 SYSTEMPATH\CodeIgniter.php(502): CodeIgniter\CodeIgniter->runController(Object(App\Controllers\Category))
 9 SYSTEMPATH\CodeIgniter.php(361): CodeIgniter\CodeIgniter->handleRequest(null, Object(Config\Cache), false)
10 FCPATH\index.php(79): CodeIgniter\CodeIgniter->run()
ERROR - 2025-03-18 06:57:23 --> mysqli_sql_exception: Unknown column 'diminish_rate' in 'field list' in C:\xampp\htdocs\favela\system\Database\MySQLi\Connection.php:306
Stack trace:
#0 C:\xampp\htdocs\favela\system\Database\MySQLi\Connection.php(306): mysqli->query('INSERT INTO `as...', 0)
#1 C:\xampp\htdocs\favela\system\Database\BaseConnection.php(693): CodeIgniter\Database\MySQLi\Connection->execute('INSERT INTO `as...')
#2 C:\xampp\htdocs\favela\system\Database\BaseConnection.php(607): CodeIgniter\Database\BaseConnection->simpleQuery('INSERT INTO `as...')
#3 C:\xampp\htdocs\favela\system\Database\BaseBuilder.php(2308): CodeIgniter\Database\BaseConnection->query('INSERT INTO `as...', Array, false)
#4 C:\xampp\htdocs\favela\system\Model.php(319): CodeIgniter\Database\BaseBuilder->insert()
#5 C:\xampp\htdocs\favela\system\BaseModel.php(788): CodeIgniter\Model->doInsert(Array)
#6 C:\xampp\htdocs\favela\system\Model.php(715): CodeIgniter\BaseModel->insert(Array, true)
#7 C:\xampp\htdocs\favela\app\Models\CategoryModel.php(17): CodeIgniter\Model->insert(Array)
#8 C:\xampp\htdocs\favela\app\Controllers\Category.php(105): App\Models\CategoryModel->createCategory(Array)
#9 C:\xampp\htdocs\favela\system\CodeIgniter.php(942): App\Controllers\Category->saveCategory()
#10 C:\xampp\htdocs\favela\system\CodeIgniter.php(502): CodeIgniter\CodeIgniter->runController(Object(App\Controllers\Category))
#11 C:\xampp\htdocs\favela\system\CodeIgniter.php(361): CodeIgniter\CodeIgniter->handleRequest(NULL, Object(Config\Cache), false)
#12 C:\xampp\htdocs\favela\index.php(79): CodeIgniter\CodeIgniter->run()
#13 {main}
CRITICAL - 2025-03-18 06:57:23 --> Unknown column 'diminish_rate' in 'field list'
in SYSTEMPATH\Database\BaseConnection.php on line 647.
 1 SYSTEMPATH\Database\BaseBuilder.php(2308): CodeIgniter\Database\BaseConnection->query('INSERT INTO `asset_category` (`category_name`, `subcategory_name`, `diminish_rate`, `created_on`, `created_by`) VALUES (:category_name:, :subcategory_name:, :diminish_rate:, :created_on:, :created_by:)', [...], false)
 2 SYSTEMPATH\Model.php(319): CodeIgniter\Database\BaseBuilder->insert()
 3 SYSTEMPATH\BaseModel.php(788): CodeIgniter\Model->doInsert([...])
 4 SYSTEMPATH\Model.php(715): CodeIgniter\BaseModel->insert([...], true)
 5 APPPATH\Models\CategoryModel.php(17): CodeIgniter\Model->insert([...])
 6 APPPATH\Controllers\Category.php(105): App\Models\CategoryModel->createCategory([...])
 7 SYSTEMPATH\CodeIgniter.php(942): App\Controllers\Category->saveCategory()
 8 SYSTEMPATH\CodeIgniter.php(502): CodeIgniter\CodeIgniter->runController(Object(App\Controllers\Category))
 9 SYSTEMPATH\CodeIgniter.php(361): CodeIgniter\CodeIgniter->handleRequest(null, Object(Config\Cache), false)
10 FCPATH\index.php(79): CodeIgniter\CodeIgniter->run()
ERROR - 2025-03-18 06:57:34 --> mysqli_sql_exception: Unknown column 'diminish_rate' in 'field list' in C:\xampp\htdocs\favela\system\Database\MySQLi\Connection.php:306
Stack trace:
#0 C:\xampp\htdocs\favela\system\Database\MySQLi\Connection.php(306): mysqli->query('INSERT INTO `as...', 0)
#1 C:\xampp\htdocs\favela\system\Database\BaseConnection.php(693): CodeIgniter\Database\MySQLi\Connection->execute('INSERT INTO `as...')
#2 C:\xampp\htdocs\favela\system\Database\BaseConnection.php(607): CodeIgniter\Database\BaseConnection->simpleQuery('INSERT INTO `as...')
#3 C:\xampp\htdocs\favela\system\Database\BaseBuilder.php(2308): CodeIgniter\Database\BaseConnection->query('INSERT INTO `as...', Array, false)
#4 C:\xampp\htdocs\favela\system\Model.php(319): CodeIgniter\Database\BaseBuilder->insert()
#5 C:\xampp\htdocs\favela\system\BaseModel.php(788): CodeIgniter\Model->doInsert(Array)
#6 C:\xampp\htdocs\favela\system\Model.php(715): CodeIgniter\BaseModel->insert(Array, true)
#7 C:\xampp\htdocs\favela\app\Models\CategoryModel.php(17): CodeIgniter\Model->insert(Array)
#8 C:\xampp\htdocs\favela\app\Controllers\Category.php(105): App\Models\CategoryModel->createCategory(Array)
#9 C:\xampp\htdocs\favela\system\CodeIgniter.php(942): App\Controllers\Category->saveCategory()
#10 C:\xampp\htdocs\favela\system\CodeIgniter.php(502): CodeIgniter\CodeIgniter->runController(Object(App\Controllers\Category))
#11 C:\xampp\htdocs\favela\system\CodeIgniter.php(361): CodeIgniter\CodeIgniter->handleRequest(NULL, Object(Config\Cache), false)
#12 C:\xampp\htdocs\favela\index.php(79): CodeIgniter\CodeIgniter->run()
#13 {main}
CRITICAL - 2025-03-18 06:57:34 --> Unknown column 'diminish_rate' in 'field list'
in SYSTEMPATH\Database\BaseConnection.php on line 647.
 1 SYSTEMPATH\Database\BaseBuilder.php(2308): CodeIgniter\Database\BaseConnection->query('INSERT INTO `asset_category` (`category_name`, `subcategory_name`, `diminish_rate`, `created_on`, `created_by`) VALUES (:category_name:, :subcategory_name:, :diminish_rate:, :created_on:, :created_by:)', [...], false)
 2 SYSTEMPATH\Model.php(319): CodeIgniter\Database\BaseBuilder->insert()
 3 SYSTEMPATH\BaseModel.php(788): CodeIgniter\Model->doInsert([...])
 4 SYSTEMPATH\Model.php(715): CodeIgniter\BaseModel->insert([...], true)
 5 APPPATH\Models\CategoryModel.php(17): CodeIgniter\Model->insert([...])
 6 APPPATH\Controllers\Category.php(105): App\Models\CategoryModel->createCategory([...])
 7 SYSTEMPATH\CodeIgniter.php(942): App\Controllers\Category->saveCategory()
 8 SYSTEMPATH\CodeIgniter.php(502): CodeIgniter\CodeIgniter->runController(Object(App\Controllers\Category))
 9 SYSTEMPATH\CodeIgniter.php(361): CodeIgniter\CodeIgniter->handleRequest(null, Object(Config\Cache), false)
10 FCPATH\index.php(79): CodeIgniter\CodeIgniter->run()
ERROR - 2025-03-18 07:07:30 --> mysqli_sql_exception: Unknown column 'diminish_rate' in 'field list' in C:\xampp\htdocs\favela\system\Database\MySQLi\Connection.php:306
Stack trace:
#0 C:\xampp\htdocs\favela\system\Database\MySQLi\Connection.php(306): mysqli->query('INSERT INTO `as...', 0)
#1 C:\xampp\htdocs\favela\system\Database\BaseConnection.php(693): CodeIgniter\Database\MySQLi\Connection->execute('INSERT INTO `as...')
#2 C:\xampp\htdocs\favela\system\Database\BaseConnection.php(607): CodeIgniter\Database\BaseConnection->simpleQuery('INSERT INTO `as...')
#3 C:\xampp\htdocs\favela\system\Database\BaseBuilder.php(2308): CodeIgniter\Database\BaseConnection->query('INSERT INTO `as...', Array, false)
#4 C:\xampp\htdocs\favela\system\Model.php(319): CodeIgniter\Database\BaseBuilder->insert()
#5 C:\xampp\htdocs\favela\system\BaseModel.php(788): CodeIgniter\Model->doInsert(Array)
#6 C:\xampp\htdocs\favela\system\Model.php(715): CodeIgniter\BaseModel->insert(Array, true)
#7 C:\xampp\htdocs\favela\app\Models\CategoryModel.php(17): CodeIgniter\Model->insert(Array)
#8 C:\xampp\htdocs\favela\app\Controllers\Category.php(105): App\Models\CategoryModel->createCategory(Array)
#9 C:\xampp\htdocs\favela\system\CodeIgniter.php(942): App\Controllers\Category->saveCategory()
#10 C:\xampp\htdocs\favela\system\CodeIgniter.php(502): CodeIgniter\CodeIgniter->runController(Object(App\Controllers\Category))
#11 C:\xampp\htdocs\favela\system\CodeIgniter.php(361): CodeIgniter\CodeIgniter->handleRequest(NULL, Object(Config\Cache), false)
#12 C:\xampp\htdocs\favela\index.php(79): CodeIgniter\CodeIgniter->run()
#13 {main}
CRITICAL - 2025-03-18 07:07:30 --> Unknown column 'diminish_rate' in 'field list'
in SYSTEMPATH\Database\BaseConnection.php on line 647.
 1 SYSTEMPATH\Database\BaseBuilder.php(2308): CodeIgniter\Database\BaseConnection->query('INSERT INTO `asset_category` (`category_name`, `subcategory_name`, `diminish_rate`, `created_on`, `created_by`) VALUES (:category_name:, :subcategory_name:, :diminish_rate:, :created_on:, :created_by:)', [...], false)
 2 SYSTEMPATH\Model.php(319): CodeIgniter\Database\BaseBuilder->insert()
 3 SYSTEMPATH\BaseModel.php(788): CodeIgniter\Model->doInsert([...])
 4 SYSTEMPATH\Model.php(715): CodeIgniter\BaseModel->insert([...], true)
 5 APPPATH\Models\CategoryModel.php(17): CodeIgniter\Model->insert([...])
 6 APPPATH\Controllers\Category.php(105): App\Models\CategoryModel->createCategory([...])
 7 SYSTEMPATH\CodeIgniter.php(942): App\Controllers\Category->saveCategory()
 8 SYSTEMPATH\CodeIgniter.php(502): CodeIgniter\CodeIgniter->runController(Object(App\Controllers\Category))
 9 SYSTEMPATH\CodeIgniter.php(361): CodeIgniter\CodeIgniter->handleRequest(null, Object(Config\Cache), false)
10 FCPATH\index.php(79): CodeIgniter\CodeIgniter->run()
ERROR - 2025-03-18 07:18:44 --> mysqli_sql_exception: Unknown column 'diminish_rate' in 'field list' in C:\xampp\htdocs\favela\system\Database\MySQLi\Connection.php:306
Stack trace:
#0 C:\xampp\htdocs\favela\system\Database\MySQLi\Connection.php(306): mysqli->query('INSERT INTO `as...', 0)
#1 C:\xampp\htdocs\favela\system\Database\BaseConnection.php(693): CodeIgniter\Database\MySQLi\Connection->execute('INSERT INTO `as...')
#2 C:\xampp\htdocs\favela\system\Database\BaseConnection.php(607): CodeIgniter\Database\BaseConnection->simpleQuery('INSERT INTO `as...')
#3 C:\xampp\htdocs\favela\system\Database\BaseBuilder.php(2308): CodeIgniter\Database\BaseConnection->query('INSERT INTO `as...', Array, false)
#4 C:\xampp\htdocs\favela\system\Model.php(319): CodeIgniter\Database\BaseBuilder->insert()
#5 C:\xampp\htdocs\favela\system\BaseModel.php(788): CodeIgniter\Model->doInsert(Array)
#6 C:\xampp\htdocs\favela\system\Model.php(715): CodeIgniter\BaseModel->insert(Array, true)
#7 C:\xampp\htdocs\favela\app\Models\CategoryModel.php(17): CodeIgniter\Model->insert(Array)
#8 C:\xampp\htdocs\favela\app\Controllers\Category.php(105): App\Models\CategoryModel->createCategory(Array)
#9 C:\xampp\htdocs\favela\system\CodeIgniter.php(942): App\Controllers\Category->saveCategory()
#10 C:\xampp\htdocs\favela\system\CodeIgniter.php(502): CodeIgniter\CodeIgniter->runController(Object(App\Controllers\Category))
#11 C:\xampp\htdocs\favela\system\CodeIgniter.php(361): CodeIgniter\CodeIgniter->handleRequest(NULL, Object(Config\Cache), false)
#12 C:\xampp\htdocs\favela\index.php(79): CodeIgniter\CodeIgniter->run()
#13 {main}
CRITICAL - 2025-03-18 07:18:44 --> Unknown column 'diminish_rate' in 'field list'
in SYSTEMPATH\Database\BaseConnection.php on line 647.
 1 SYSTEMPATH\Database\BaseBuilder.php(2308): CodeIgniter\Database\BaseConnection->query('INSERT INTO `asset_category` (`category_name`, `subcategory_name`, `diminish_rate`, `created_on`, `created_by`) VALUES (:category_name:, :subcategory_name:, :diminish_rate:, :created_on:, :created_by:)', [...], false)
 2 SYSTEMPATH\Model.php(319): CodeIgniter\Database\BaseBuilder->insert()
 3 SYSTEMPATH\BaseModel.php(788): CodeIgniter\Model->doInsert([...])
 4 SYSTEMPATH\Model.php(715): CodeIgniter\BaseModel->insert([...], true)
 5 APPPATH\Models\CategoryModel.php(17): CodeIgniter\Model->insert([...])
 6 APPPATH\Controllers\Category.php(105): App\Models\CategoryModel->createCategory([...])
 7 SYSTEMPATH\CodeIgniter.php(942): App\Controllers\Category->saveCategory()
 8 SYSTEMPATH\CodeIgniter.php(502): CodeIgniter\CodeIgniter->runController(Object(App\Controllers\Category))
 9 SYSTEMPATH\CodeIgniter.php(361): CodeIgniter\CodeIgniter->handleRequest(null, Object(Config\Cache), false)
10 FCPATH\index.php(79): CodeIgniter\CodeIgniter->run()
ERROR - 2025-03-18 07:19:22 --> mysqli_sql_exception: Unknown column 'diminish_rate' in 'field list' in C:\xampp\htdocs\favela\system\Database\MySQLi\Connection.php:306
Stack trace:
#0 C:\xampp\htdocs\favela\system\Database\MySQLi\Connection.php(306): mysqli->query('INSERT INTO `as...', 0)
#1 C:\xampp\htdocs\favela\system\Database\BaseConnection.php(693): CodeIgniter\Database\MySQLi\Connection->execute('INSERT INTO `as...')
#2 C:\xampp\htdocs\favela\system\Database\BaseConnection.php(607): CodeIgniter\Database\BaseConnection->simpleQuery('INSERT INTO `as...')
#3 C:\xampp\htdocs\favela\system\Database\BaseBuilder.php(2308): CodeIgniter\Database\BaseConnection->query('INSERT INTO `as...', Array, false)
#4 C:\xampp\htdocs\favela\system\Model.php(319): CodeIgniter\Database\BaseBuilder->insert()
#5 C:\xampp\htdocs\favela\system\BaseModel.php(788): CodeIgniter\Model->doInsert(Array)
#6 C:\xampp\htdocs\favela\system\Model.php(715): CodeIgniter\BaseModel->insert(Array, true)
#7 C:\xampp\htdocs\favela\app\Models\CategoryModel.php(17): CodeIgniter\Model->insert(Array)
#8 C:\xampp\htdocs\favela\app\Controllers\Category.php(105): App\Models\CategoryModel->createCategory(Array)
#9 C:\xampp\htdocs\favela\system\CodeIgniter.php(942): App\Controllers\Category->saveCategory()
#10 C:\xampp\htdocs\favela\system\CodeIgniter.php(502): CodeIgniter\CodeIgniter->runController(Object(App\Controllers\Category))
#11 C:\xampp\htdocs\favela\system\CodeIgniter.php(361): CodeIgniter\CodeIgniter->handleRequest(NULL, Object(Config\Cache), false)
#12 C:\xampp\htdocs\favela\index.php(79): CodeIgniter\CodeIgniter->run()
#13 {main}
CRITICAL - 2025-03-18 07:19:22 --> Unknown column 'diminish_rate' in 'field list'
in SYSTEMPATH\Database\BaseConnection.php on line 647.
 1 SYSTEMPATH\Database\BaseBuilder.php(2308): CodeIgniter\Database\BaseConnection->query('INSERT INTO `asset_category` (`category_name`, `subcategory_name`, `diminish_rate`, `created_on`, `created_by`) VALUES (:category_name:, :subcategory_name:, :diminish_rate:, :created_on:, :created_by:)', [...], false)
 2 SYSTEMPATH\Model.php(319): CodeIgniter\Database\BaseBuilder->insert()
 3 SYSTEMPATH\BaseModel.php(788): CodeIgniter\Model->doInsert([...])
 4 SYSTEMPATH\Model.php(715): CodeIgniter\BaseModel->insert([...], true)
 5 APPPATH\Models\CategoryModel.php(17): CodeIgniter\Model->insert([...])
 6 APPPATH\Controllers\Category.php(105): App\Models\CategoryModel->createCategory([...])
 7 SYSTEMPATH\CodeIgniter.php(942): App\Controllers\Category->saveCategory()
 8 SYSTEMPATH\CodeIgniter.php(502): CodeIgniter\CodeIgniter->runController(Object(App\Controllers\Category))
 9 SYSTEMPATH\CodeIgniter.php(361): CodeIgniter\CodeIgniter->handleRequest(null, Object(Config\Cache), false)
10 FCPATH\index.php(79): CodeIgniter\CodeIgniter->run()
ERROR - 2025-03-18 07:27:11 --> mysqli_sql_exception: Unknown column 'diminish_rate' in 'field list' in C:\xampp\htdocs\favela\system\Database\MySQLi\Connection.php:306
Stack trace:
#0 C:\xampp\htdocs\favela\system\Database\MySQLi\Connection.php(306): mysqli->query('INSERT INTO `as...', 0)
#1 C:\xampp\htdocs\favela\system\Database\BaseConnection.php(693): CodeIgniter\Database\MySQLi\Connection->execute('INSERT INTO `as...')
#2 C:\xampp\htdocs\favela\system\Database\BaseConnection.php(607): CodeIgniter\Database\BaseConnection->simpleQuery('INSERT INTO `as...')
#3 C:\xampp\htdocs\favela\system\Database\BaseBuilder.php(2308): CodeIgniter\Database\BaseConnection->query('INSERT INTO `as...', Array, false)
#4 C:\xampp\htdocs\favela\system\Model.php(319): CodeIgniter\Database\BaseBuilder->insert()
#5 C:\xampp\htdocs\favela\system\BaseModel.php(788): CodeIgniter\Model->doInsert(Array)
#6 C:\xampp\htdocs\favela\system\Model.php(715): CodeIgniter\BaseModel->insert(Array, true)
#7 C:\xampp\htdocs\favela\app\Models\CategoryModel.php(17): CodeIgniter\Model->insert(Array)
#8 C:\xampp\htdocs\favela\app\Controllers\Category.php(105): App\Models\CategoryModel->createCategory(Array)
#9 C:\xampp\htdocs\favela\system\CodeIgniter.php(942): App\Controllers\Category->saveCategory()
#10 C:\xampp\htdocs\favela\system\CodeIgniter.php(502): CodeIgniter\CodeIgniter->runController(Object(App\Controllers\Category))
#11 C:\xampp\htdocs\favela\system\CodeIgniter.php(361): CodeIgniter\CodeIgniter->handleRequest(NULL, Object(Config\Cache), false)
#12 C:\xampp\htdocs\favela\index.php(79): CodeIgniter\CodeIgniter->run()
#13 {main}
CRITICAL - 2025-03-18 07:27:11 --> Unknown column 'diminish_rate' in 'field list'
in SYSTEMPATH\Database\BaseConnection.php on line 647.
 1 SYSTEMPATH\Database\BaseBuilder.php(2308): CodeIgniter\Database\BaseConnection->query('INSERT INTO `asset_category` (`category_name`, `subcategory_name`, `diminish_rate`, `created_on`, `created_by`) VALUES (:category_name:, :subcategory_name:, :diminish_rate:, :created_on:, :created_by:)', [...], false)
 2 SYSTEMPATH\Model.php(319): CodeIgniter\Database\BaseBuilder->insert()
 3 SYSTEMPATH\BaseModel.php(788): CodeIgniter\Model->doInsert([...])
 4 SYSTEMPATH\Model.php(715): CodeIgniter\BaseModel->insert([...], true)
 5 APPPATH\Models\CategoryModel.php(17): CodeIgniter\Model->insert([...])
 6 APPPATH\Controllers\Category.php(105): App\Models\CategoryModel->createCategory([...])
 7 SYSTEMPATH\CodeIgniter.php(942): App\Controllers\Category->saveCategory()
 8 SYSTEMPATH\CodeIgniter.php(502): CodeIgniter\CodeIgniter->runController(Object(App\Controllers\Category))
 9 SYSTEMPATH\CodeIgniter.php(361): CodeIgniter\CodeIgniter->handleRequest(null, Object(Config\Cache), false)
10 FCPATH\index.php(79): CodeIgniter\CodeIgniter->run()
ERROR - 2025-03-18 07:34:31 --> mysqli_sql_exception: Unknown column 'diminish_rate' in 'field list' in C:\xampp\htdocs\favela\system\Database\MySQLi\Connection.php:306
Stack trace:
#0 C:\xampp\htdocs\favela\system\Database\MySQLi\Connection.php(306): mysqli->query('INSERT INTO `as...', 0)
#1 C:\xampp\htdocs\favela\system\Database\BaseConnection.php(693): CodeIgniter\Database\MySQLi\Connection->execute('INSERT INTO `as...')
#2 C:\xampp\htdocs\favela\system\Database\BaseConnection.php(607): CodeIgniter\Database\BaseConnection->simpleQuery('INSERT INTO `as...')
#3 C:\xampp\htdocs\favela\system\Database\BaseBuilder.php(2308): CodeIgniter\Database\BaseConnection->query('INSERT INTO `as...', Array, false)
#4 C:\xampp\htdocs\favela\system\Model.php(319): CodeIgniter\Database\BaseBuilder->insert()
#5 C:\xampp\htdocs\favela\system\BaseModel.php(788): CodeIgniter\Model->doInsert(Array)
#6 C:\xampp\htdocs\favela\system\Model.php(715): CodeIgniter\BaseModel->insert(Array, true)
#7 C:\xampp\htdocs\favela\app\Models\CategoryModel.php(17): CodeIgniter\Model->insert(Array)
#8 C:\xampp\htdocs\favela\app\Controllers\Category.php(105): App\Models\CategoryModel->createCategory(Array)
#9 C:\xampp\htdocs\favela\system\CodeIgniter.php(942): App\Controllers\Category->saveCategory()
#10 C:\xampp\htdocs\favela\system\CodeIgniter.php(502): CodeIgniter\CodeIgniter->runController(Object(App\Controllers\Category))
#11 C:\xampp\htdocs\favela\system\CodeIgniter.php(361): CodeIgniter\CodeIgniter->handleRequest(NULL, Object(Config\Cache), false)
#12 C:\xampp\htdocs\favela\index.php(79): CodeIgniter\CodeIgniter->run()
#13 {main}
CRITICAL - 2025-03-18 07:34:31 --> Unknown column 'diminish_rate' in 'field list'
in SYSTEMPATH\Database\BaseConnection.php on line 647.
 1 SYSTEMPATH\Database\BaseBuilder.php(2308): CodeIgniter\Database\BaseConnection->query('INSERT INTO `asset_category` (`category_name`, `subcategory_name`, `diminish_rate`, `created_on`, `created_by`) VALUES (:category_name:, :subcategory_name:, :diminish_rate:, :created_on:, :created_by:)', [...], false)
 2 SYSTEMPATH\Model.php(319): CodeIgniter\Database\BaseBuilder->insert()
 3 SYSTEMPATH\BaseModel.php(788): CodeIgniter\Model->doInsert([...])
 4 SYSTEMPATH\Model.php(715): CodeIgniter\BaseModel->insert([...], true)
 5 APPPATH\Models\CategoryModel.php(17): CodeIgniter\Model->insert([...])
 6 APPPATH\Controllers\Category.php(105): App\Models\CategoryModel->createCategory([...])
 7 SYSTEMPATH\CodeIgniter.php(942): App\Controllers\Category->saveCategory()
 8 SYSTEMPATH\CodeIgniter.php(502): CodeIgniter\CodeIgniter->runController(Object(App\Controllers\Category))
 9 SYSTEMPATH\CodeIgniter.php(361): CodeIgniter\CodeIgniter->handleRequest(null, Object(Config\Cache), false)
10 FCPATH\index.php(79): CodeIgniter\CodeIgniter->run()
ERROR - 2025-03-18 07:50:00 --> mysqli_sql_exception: Unknown column 'diminish_rate' in 'field list' in C:\xampp\htdocs\favela\system\Database\MySQLi\Connection.php:306
Stack trace:
#0 C:\xampp\htdocs\favela\system\Database\MySQLi\Connection.php(306): mysqli->query('INSERT INTO `as...', 0)
#1 C:\xampp\htdocs\favela\system\Database\BaseConnection.php(693): CodeIgniter\Database\MySQLi\Connection->execute('INSERT INTO `as...')
#2 C:\xampp\htdocs\favela\system\Database\BaseConnection.php(607): CodeIgniter\Database\BaseConnection->simpleQuery('INSERT INTO `as...')
#3 C:\xampp\htdocs\favela\system\Database\BaseBuilder.php(2308): CodeIgniter\Database\BaseConnection->query('INSERT INTO `as...', Array, false)
#4 C:\xampp\htdocs\favela\system\Model.php(319): CodeIgniter\Database\BaseBuilder->insert()
#5 C:\xampp\htdocs\favela\system\BaseModel.php(788): CodeIgniter\Model->doInsert(Array)
#6 C:\xampp\htdocs\favela\system\Model.php(715): CodeIgniter\BaseModel->insert(Array, true)
#7 C:\xampp\htdocs\favela\app\Models\CategoryModel.php(17): CodeIgniter\Model->insert(Array)
#8 C:\xampp\htdocs\favela\app\Controllers\Category.php(105): App\Models\CategoryModel->createCategory(Array)
#9 C:\xampp\htdocs\favela\system\CodeIgniter.php(942): App\Controllers\Category->saveCategory()
#10 C:\xampp\htdocs\favela\system\CodeIgniter.php(502): CodeIgniter\CodeIgniter->runController(Object(App\Controllers\Category))
#11 C:\xampp\htdocs\favela\system\CodeIgniter.php(361): CodeIgniter\CodeIgniter->handleRequest(NULL, Object(Config\Cache), false)
#12 C:\xampp\htdocs\favela\index.php(79): CodeIgniter\CodeIgniter->run()
#13 {main}
CRITICAL - 2025-03-18 07:50:00 --> Unknown column 'diminish_rate' in 'field list'
in SYSTEMPATH\Database\BaseConnection.php on line 647.
 1 SYSTEMPATH\Database\BaseBuilder.php(2308): CodeIgniter\Database\BaseConnection->query('INSERT INTO `asset_category` (`category_name`, `subcategory_name`, `diminish_rate`, `created_on`, `created_by`) VALUES (:category_name:, :subcategory_name:, :diminish_rate:, :created_on:, :created_by:)', [...], false)
 2 SYSTEMPATH\Model.php(319): CodeIgniter\Database\BaseBuilder->insert()
 3 SYSTEMPATH\BaseModel.php(788): CodeIgniter\Model->doInsert([...])
 4 SYSTEMPATH\Model.php(715): CodeIgniter\BaseModel->insert([...], true)
 5 APPPATH\Models\CategoryModel.php(17): CodeIgniter\Model->insert([...])
 6 APPPATH\Controllers\Category.php(105): App\Models\CategoryModel->createCategory([...])
 7 SYSTEMPATH\CodeIgniter.php(942): App\Controllers\Category->saveCategory()
 8 SYSTEMPATH\CodeIgniter.php(502): CodeIgniter\CodeIgniter->runController(Object(App\Controllers\Category))
 9 SYSTEMPATH\CodeIgniter.php(361): CodeIgniter\CodeIgniter->handleRequest(null, Object(Config\Cache), false)
10 FCPATH\index.php(79): CodeIgniter\CodeIgniter->run()
