CRITICAL - 2025-10-21 11:18:46 --> Attempt to read property "auth" on null
in APPPATH\Controllers\Login.php on line 61.
 1 APPPATH\Controllers\Login.php(61): CodeIgniter\Debug\Exceptions->errorHandler(2, 'Attempt to read property "auth" on null', 'C:\\wamp64\\www\\favela\\app\\Controllers\\Login.php', 61)
 2 SYSTEMPATH\CodeIgniter.php(942): App\Controllers\Login->signin()
 3 SYSTEMPATH\CodeIgniter.php(502): CodeIgniter\CodeIgniter->runController(Object(App\Controllers\Login))
 4 SYSTEMPATH\CodeIgniter.php(361): CodeIgniter\CodeIgniter->handleRequest(null, Object(Config\Cache), false)
 5 FCPATH\index.php(79): CodeIgniter\CodeIgniter->run()
CRITICAL - 2025-10-21 11:19:19 --> Undefined property: stdClass::$announce_status
in APPPATH\Controllers\Announcements.php on line 133.
 1 APPPATH\Controllers\Announcements.php(133): CodeIgniter\Debug\Exceptions->errorHandler(2, 'Undefined property: stdClass::$announce_status', 'C:\\wamp64\\www\\favela\\app\\Controllers\\Announcements.php', 133)
 2 SYSTEMPATH\CodeIgniter.php(942): App\Controllers\Announcements->listannouncement()
 3 SYSTEMPATH\CodeIgniter.php(502): CodeIgniter\CodeIgniter->runController(Object(App\Controllers\Announcements))
 4 SYSTEMPATH\CodeIgniter.php(361): CodeIgniter\CodeIgniter->handleRequest(null, Object(Config\Cache), false)
 5 FCPATH\index.php(79): CodeIgniter\CodeIgniter->run()
CRITICAL - 2025-10-21 11:19:22 --> Undefined property: stdClass::$announce_status
in APPPATH\Controllers\Announcements.php on line 133.
 1 APPPATH\Controllers\Announcements.php(133): CodeIgniter\Debug\Exceptions->errorHandler(2, 'Undefined property: stdClass::$announce_status', 'C:\\wamp64\\www\\favela\\app\\Controllers\\Announcements.php', 133)
 2 SYSTEMPATH\CodeIgniter.php(942): App\Controllers\Announcements->listannouncement()
 3 SYSTEMPATH\CodeIgniter.php(502): CodeIgniter\CodeIgniter->runController(Object(App\Controllers\Announcements))
 4 SYSTEMPATH\CodeIgniter.php(361): CodeIgniter\CodeIgniter->handleRequest(null, Object(Config\Cache), false)
 5 FCPATH\index.php(79): CodeIgniter\CodeIgniter->run()
