CRITICAL - 2024-01-22 11:18:24 --> syntax error, unexpected token "[", expecting ")"
in APPPATH\Models\ResidentsModel.php on line 55.
 1 SYSTEMPATH\Autoloader\Autoloader.php(291): CodeIgniter\Autoloader\Autoloader->includeFile('D:\\wamp\\www\\favela\\app\\Models\\ResidentsModel.php')
 2 SYSTEMPATH\Autoloader\Autoloader.php(269): CodeIgniter\Autoloader\Autoloader->loadInNamespace('App\\Models\\ResidentsModel')
 3 APPPATH\Controllers\Residents.php(11): CodeIgniter\Autoloader\Autoloader->loadClass('App\\Models\\ResidentsModel')
 4 SYSTEMPATH\CodeIgniter.php(914): App\Controllers\Residents->__construct()
 5 SYSTEMPATH\CodeIgniter.php(493): CodeIgniter\CodeIgniter->createController()
 6 SYSTEMPATH\CodeIgniter.php(361): CodeIgniter\CodeIgniter->handleRequest(null, Object(Config\Cache), false)
 7 FCPATH\index.php(79): CodeIgniter\CodeIgniter->run()
CRITICAL - 2024-01-22 11:20:49 --> Undefined property: App\Controllers\Residents::$residentModel
in APPPATH\Controllers\Residents.php on line 72.
 1 APPPATH\Controllers\Residents.php(72): CodeIgniter\Debug\Exceptions->errorHandler(2, 'Undefined property: App\\Controllers\\Residents::$residentModel', 'D:\\wamp\\www\\favela\\app\\Controllers\\Residents.php', 72)
 2 SYSTEMPATH\CodeIgniter.php(942): App\Controllers\Residents->acceptUser()
 3 SYSTEMPATH\CodeIgniter.php(502): CodeIgniter\CodeIgniter->runController(Object(App\Controllers\Residents))
 4 SYSTEMPATH\CodeIgniter.php(361): CodeIgniter\CodeIgniter->handleRequest(null, Object(Config\Cache), false)
 5 FCPATH\index.php(79): CodeIgniter\CodeIgniter->run()
CRITICAL - 2024-01-22 16:53:33 --> Undefined variable $us_id
in APPPATH\Controllers\Residents.php on line 83.
 1 APPPATH\Controllers\Residents.php(83): CodeIgniter\Debug\Exceptions->errorHandler(2, 'Undefined variable $us_id', 'D:\\wamp\\www\\favela\\app\\Controllers\\Residents.php', 83)
 2 SYSTEMPATH\CodeIgniter.php(942): App\Controllers\Residents->acceptUser()
 3 SYSTEMPATH\CodeIgniter.php(502): CodeIgniter\CodeIgniter->runController(Object(App\Controllers\Residents))
 4 SYSTEMPATH\CodeIgniter.php(361): CodeIgniter\CodeIgniter->handleRequest(null, Object(Config\Cache), false)
 5 FCPATH\index.php(79): CodeIgniter\CodeIgniter->run()
CRITICAL - 2024-01-22 16:53:34 --> Undefined variable $us_id
in APPPATH\Controllers\Residents.php on line 83.
 1 APPPATH\Controllers\Residents.php(83): CodeIgniter\Debug\Exceptions->errorHandler(2, 'Undefined variable $us_id', 'D:\\wamp\\www\\favela\\app\\Controllers\\Residents.php', 83)
 2 SYSTEMPATH\CodeIgniter.php(942): App\Controllers\Residents->acceptUser()
 3 SYSTEMPATH\CodeIgniter.php(502): CodeIgniter\CodeIgniter->runController(Object(App\Controllers\Residents))
 4 SYSTEMPATH\CodeIgniter.php(361): CodeIgniter\CodeIgniter->handleRequest(null, Object(Config\Cache), false)
 5 FCPATH\index.php(79): CodeIgniter\CodeIgniter->run()
CRITICAL - 2024-01-22 16:53:44 --> Undefined variable $us_id
in APPPATH\Controllers\Residents.php on line 83.
 1 APPPATH\Controllers\Residents.php(83): CodeIgniter\Debug\Exceptions->errorHandler(2, 'Undefined variable $us_id', 'D:\\wamp\\www\\favela\\app\\Controllers\\Residents.php', 83)
 2 SYSTEMPATH\CodeIgniter.php(942): App\Controllers\Residents->acceptUser()
 3 SYSTEMPATH\CodeIgniter.php(502): CodeIgniter\CodeIgniter->runController(Object(App\Controllers\Residents))
 4 SYSTEMPATH\CodeIgniter.php(361): CodeIgniter\CodeIgniter->handleRequest(null, Object(Config\Cache), false)
 5 FCPATH\index.php(79): CodeIgniter\CodeIgniter->run()
