CRITICAL - 2025-02-27 04:55:08 --> The namespace delimiter is a backslash (\), not a slash (/). Route handler: "\App\Controllers\ComplaintsInfo:viewDeatils/$1"
in SYSTEMPATH\Router\Router.php on line 479.
 1 SYSTEMPATH\Router\Router.php(479): CodeIgniter\Router\Exceptions\RouterException::forInvalidControllerName('\\App\\Controllers\\ComplaintsInfo:viewDeatils/$1')
 2 SYSTEMPATH\Router\Router.php(186): CodeIgniter\Router\Router->checkRoutes('viewdetails/javascript:void(0);')
 3 SYSTEMPATH\CodeIgniter.php(823): CodeIgniter\Router\Router->handle('viewdetails/javascript:void(0);')
 4 SYSTEMPATH\CodeIgniter.php(450): CodeIgniter\CodeIgniter->tryToRouteIt(Object(CodeIgniter\Router\RouteCollection))
 5 SYSTEMPATH\CodeIgniter.php(361): CodeIgniter\CodeIgniter->handleRequest(null, Object(Config\Cache), false)
 6 FCPATH\index.php(79): CodeIgniter\CodeIgniter->run()
CRITICAL - 2025-02-27 04:55:46 --> The namespace delimiter is a backslash (\), not a slash (/). Route handler: "\App\Controllers\ComplaintsInfo:viewDeatils/$1"
in SYSTEMPATH\Router\Router.php on line 479.
 1 SYSTEMPATH\Router\Router.php(479): CodeIgniter\Router\Exceptions\RouterException::forInvalidControllerName('\\App\\Controllers\\ComplaintsInfo:viewDeatils/$1')
 2 SYSTEMPATH\Router\Router.php(186): CodeIgniter\Router\Router->checkRoutes('viewdetails/javascript:void(0);')
 3 SYSTEMPATH\CodeIgniter.php(823): CodeIgniter\Router\Router->handle('viewdetails/javascript:void(0);')
 4 SYSTEMPATH\CodeIgniter.php(450): CodeIgniter\CodeIgniter->tryToRouteIt(Object(CodeIgniter\Router\RouteCollection))
 5 SYSTEMPATH\CodeIgniter.php(361): CodeIgniter\CodeIgniter->handleRequest(null, Object(Config\Cache), false)
 6 FCPATH\index.php(79): CodeIgniter\CodeIgniter->run()
CRITICAL - 2025-02-27 04:57:44 --> Undefined variable $cm_id
in APPPATH\Controllers\ComplaintsInfo.php on line 158.
 1 APPPATH\Controllers\ComplaintsInfo.php(158): CodeIgniter\Debug\Exceptions->errorHandler(2, 'Undefined variable $cm_id', 'C:\\xampp\\htdocs\\favela\\app\\Controllers\\ComplaintsInfo.php', 158)
 2 SYSTEMPATH\CodeIgniter.php(942): App\Controllers\ComplaintsInfo->loadComplaints()
 3 SYSTEMPATH\CodeIgniter.php(502): CodeIgniter\CodeIgniter->runController(Object(App\Controllers\ComplaintsInfo))
 4 SYSTEMPATH\CodeIgniter.php(361): CodeIgniter\CodeIgniter->handleRequest(null, Object(Config\Cache), false)
 5 FCPATH\index.php(79): CodeIgniter\CodeIgniter->run()
CRITICAL - 2025-02-27 04:57:50 --> Undefined variable $cm_id
in APPPATH\Controllers\ComplaintsInfo.php on line 158.
 1 APPPATH\Controllers\ComplaintsInfo.php(158): CodeIgniter\Debug\Exceptions->errorHandler(2, 'Undefined variable $cm_id', 'C:\\xampp\\htdocs\\favela\\app\\Controllers\\ComplaintsInfo.php', 158)
 2 SYSTEMPATH\CodeIgniter.php(942): App\Controllers\ComplaintsInfo->loadComplaints()
 3 SYSTEMPATH\CodeIgniter.php(502): CodeIgniter\CodeIgniter->runController(Object(App\Controllers\ComplaintsInfo))
 4 SYSTEMPATH\CodeIgniter.php(361): CodeIgniter\CodeIgniter->handleRequest(null, Object(Config\Cache), false)
 5 FCPATH\index.php(79): CodeIgniter\CodeIgniter->run()
CRITICAL - 2025-02-27 04:58:38 --> Undefined variable $cm_id
in APPPATH\Controllers\ComplaintsInfo.php on line 158.
 1 APPPATH\Controllers\ComplaintsInfo.php(158): CodeIgniter\Debug\Exceptions->errorHandler(2, 'Undefined variable $cm_id', 'C:\\xampp\\htdocs\\favela\\app\\Controllers\\ComplaintsInfo.php', 158)
 2 SYSTEMPATH\CodeIgniter.php(942): App\Controllers\ComplaintsInfo->loadComplaints()
 3 SYSTEMPATH\CodeIgniter.php(502): CodeIgniter\CodeIgniter->runController(Object(App\Controllers\ComplaintsInfo))
 4 SYSTEMPATH\CodeIgniter.php(361): CodeIgniter\CodeIgniter->handleRequest(null, Object(Config\Cache), false)
 5 FCPATH\index.php(79): CodeIgniter\CodeIgniter->run()
CRITICAL - 2025-02-27 04:58:45 --> Undefined variable $cm_id
in APPPATH\Controllers\ComplaintsInfo.php on line 158.
 1 APPPATH\Controllers\ComplaintsInfo.php(158): CodeIgniter\Debug\Exceptions->errorHandler(2, 'Undefined variable $cm_id', 'C:\\xampp\\htdocs\\favela\\app\\Controllers\\ComplaintsInfo.php', 158)
 2 SYSTEMPATH\CodeIgniter.php(942): App\Controllers\ComplaintsInfo->loadComplaints()
 3 SYSTEMPATH\CodeIgniter.php(502): CodeIgniter\CodeIgniter->runController(Object(App\Controllers\ComplaintsInfo))
 4 SYSTEMPATH\CodeIgniter.php(361): CodeIgniter\CodeIgniter->handleRequest(null, Object(Config\Cache), false)
 5 FCPATH\index.php(79): CodeIgniter\CodeIgniter->run()
CRITICAL - 2025-02-27 05:03:22 --> The namespace delimiter is a backslash (\), not a slash (/). Route handler: "\App\Controllers\ComplaintsInfo:viewDeatils/$1"
in SYSTEMPATH\Router\Router.php on line 479.
 1 SYSTEMPATH\Router\Router.php(479): CodeIgniter\Router\Exceptions\RouterException::forInvalidControllerName('\\App\\Controllers\\ComplaintsInfo:viewDeatils/$1')
 2 SYSTEMPATH\Router\Router.php(186): CodeIgniter\Router\Router->checkRoutes('viewdetails/javascript:void(0);')
 3 SYSTEMPATH\CodeIgniter.php(823): CodeIgniter\Router\Router->handle('viewdetails/javascript:void(0);')
 4 SYSTEMPATH\CodeIgniter.php(450): CodeIgniter\CodeIgniter->tryToRouteIt(Object(CodeIgniter\Router\RouteCollection))
 5 SYSTEMPATH\CodeIgniter.php(361): CodeIgniter\CodeIgniter->handleRequest(null, Object(Config\Cache), false)
 6 FCPATH\index.php(79): CodeIgniter\CodeIgniter->run()
CRITICAL - 2025-02-27 05:03:48 --> The namespace delimiter is a backslash (\), not a slash (/). Route handler: "\App\Controllers\ComplaintsInfo:viewDeatils/$1"
in SYSTEMPATH\Router\Router.php on line 479.
 1 SYSTEMPATH\Router\Router.php(479): CodeIgniter\Router\Exceptions\RouterException::forInvalidControllerName('\\App\\Controllers\\ComplaintsInfo:viewDeatils/$1')
 2 SYSTEMPATH\Router\Router.php(186): CodeIgniter\Router\Router->checkRoutes('viewdetails/javascript:void(0);')
 3 SYSTEMPATH\CodeIgniter.php(823): CodeIgniter\Router\Router->handle('viewdetails/javascript:void(0);')
 4 SYSTEMPATH\CodeIgniter.php(450): CodeIgniter\CodeIgniter->tryToRouteIt(Object(CodeIgniter\Router\RouteCollection))
 5 SYSTEMPATH\CodeIgniter.php(361): CodeIgniter\CodeIgniter->handleRequest(null, Object(Config\Cache), false)
 6 FCPATH\index.php(79): CodeIgniter\CodeIgniter->run()
CRITICAL - 2025-02-27 05:09:58 --> The namespace delimiter is a backslash (\), not a slash (/). Route handler: "\App\Controllers\ComplaintsInfo:viewDetails/$1"
in SYSTEMPATH\Router\Router.php on line 479.
 1 SYSTEMPATH\Router\Router.php(479): CodeIgniter\Router\Exceptions\RouterException::forInvalidControllerName('\\App\\Controllers\\ComplaintsInfo:viewDetails/$1')
 2 SYSTEMPATH\Router\Router.php(186): CodeIgniter\Router\Router->checkRoutes('viewdetails/2')
 3 SYSTEMPATH\CodeIgniter.php(823): CodeIgniter\Router\Router->handle('viewdetails/2')
 4 SYSTEMPATH\CodeIgniter.php(450): CodeIgniter\CodeIgniter->tryToRouteIt(Object(CodeIgniter\Router\RouteCollection))
 5 SYSTEMPATH\CodeIgniter.php(361): CodeIgniter\CodeIgniter->handleRequest(null, Object(Config\Cache), false)
 6 FCPATH\index.php(79): CodeIgniter\CodeIgniter->run()
CRITICAL - 2025-02-27 05:10:50 --> The namespace delimiter is a backslash (\), not a slash (/). Route handler: "\App\Controllers\ComplaintsInfo:viewDetails/$1"
in SYSTEMPATH\Router\Router.php on line 479.
 1 SYSTEMPATH\Router\Router.php(479): CodeIgniter\Router\Exceptions\RouterException::forInvalidControllerName('\\App\\Controllers\\ComplaintsInfo:viewDetails/$1')
 2 SYSTEMPATH\Router\Router.php(186): CodeIgniter\Router\Router->checkRoutes('viewdetails/9')
 3 SYSTEMPATH\CodeIgniter.php(823): CodeIgniter\Router\Router->handle('viewdetails/9')
 4 SYSTEMPATH\CodeIgniter.php(450): CodeIgniter\CodeIgniter->tryToRouteIt(Object(CodeIgniter\Router\RouteCollection))
 5 SYSTEMPATH\CodeIgniter.php(361): CodeIgniter\CodeIgniter->handleRequest(null, Object(Config\Cache), false)
 6 FCPATH\index.php(79): CodeIgniter\CodeIgniter->run()
CRITICAL - 2025-02-27 05:12:25 --> The namespace delimiter is a backslash (\), not a slash (/). Route handler: "\App\Controllers\ComplaintsInfo:viewDetails/$1"
in SYSTEMPATH\Router\Router.php on line 479.
 1 SYSTEMPATH\Router\Router.php(479): CodeIgniter\Router\Exceptions\RouterException::forInvalidControllerName('\\App\\Controllers\\ComplaintsInfo:viewDetails/$1')
 2 SYSTEMPATH\Router\Router.php(186): CodeIgniter\Router\Router->checkRoutes('viewdetails/5')
 3 SYSTEMPATH\CodeIgniter.php(823): CodeIgniter\Router\Router->handle('viewdetails/5')
 4 SYSTEMPATH\CodeIgniter.php(450): CodeIgniter\CodeIgniter->tryToRouteIt(Object(CodeIgniter\Router\RouteCollection))
 5 SYSTEMPATH\CodeIgniter.php(361): CodeIgniter\CodeIgniter->handleRequest(null, Object(Config\Cache), false)
 6 FCPATH\index.php(79): CodeIgniter\CodeIgniter->run()
CRITICAL - 2025-02-27 05:13:15 --> The namespace delimiter is a backslash (\), not a slash (/). Route handler: "\App\Controllers\ComplaintsInfo:viewDetails/$1"
in SYSTEMPATH\Router\Router.php on line 479.
 1 SYSTEMPATH\Router\Router.php(479): CodeIgniter\Router\Exceptions\RouterException::forInvalidControllerName('\\App\\Controllers\\ComplaintsInfo:viewDetails/$1')
 2 SYSTEMPATH\Router\Router.php(186): CodeIgniter\Router\Router->checkRoutes('viewdetails/2')
 3 SYSTEMPATH\CodeIgniter.php(823): CodeIgniter\Router\Router->handle('viewdetails/2')
 4 SYSTEMPATH\CodeIgniter.php(450): CodeIgniter\CodeIgniter->tryToRouteIt(Object(CodeIgniter\Router\RouteCollection))
 5 SYSTEMPATH\CodeIgniter.php(361): CodeIgniter\CodeIgniter->handleRequest(null, Object(Config\Cache), false)
 6 FCPATH\index.php(79): CodeIgniter\CodeIgniter->run()
CRITICAL - 2025-02-27 05:15:48 --> The namespace delimiter is a backslash (\), not a slash (/). Route handler: "\App\Controllers\ComplaintsInfo:viewDetails/$1"
in SYSTEMPATH\Router\Router.php on line 479.
 1 SYSTEMPATH\Router\Router.php(479): CodeIgniter\Router\Exceptions\RouterException::forInvalidControllerName('\\App\\Controllers\\ComplaintsInfo:viewDetails/$1')
 2 SYSTEMPATH\Router\Router.php(186): CodeIgniter\Router\Router->checkRoutes('viewdetails/5')
 3 SYSTEMPATH\CodeIgniter.php(823): CodeIgniter\Router\Router->handle('viewdetails/5')
 4 SYSTEMPATH\CodeIgniter.php(450): CodeIgniter\CodeIgniter->tryToRouteIt(Object(CodeIgniter\Router\RouteCollection))
 5 SYSTEMPATH\CodeIgniter.php(361): CodeIgniter\CodeIgniter->handleRequest(null, Object(Config\Cache), false)
 6 FCPATH\index.php(79): CodeIgniter\CodeIgniter->run()
CRITICAL - 2025-02-27 05:24:28 --> The namespace delimiter is a backslash (\), not a slash (/). Route handler: "\App\Controllers\ComplaintsInfo:viewDetails/$1"
in SYSTEMPATH\Router\Router.php on line 479.
 1 SYSTEMPATH\Router\Router.php(479): CodeIgniter\Router\Exceptions\RouterException::forInvalidControllerName('\\App\\Controllers\\ComplaintsInfo:viewDetails/$1')
 2 SYSTEMPATH\Router\Router.php(186): CodeIgniter\Router\Router->checkRoutes('viewdetails/2')
 3 SYSTEMPATH\CodeIgniter.php(823): CodeIgniter\Router\Router->handle('viewdetails/2')
 4 SYSTEMPATH\CodeIgniter.php(450): CodeIgniter\CodeIgniter->tryToRouteIt(Object(CodeIgniter\Router\RouteCollection))
 5 SYSTEMPATH\CodeIgniter.php(361): CodeIgniter\CodeIgniter->handleRequest(null, Object(Config\Cache), false)
 6 FCPATH\index.php(79): CodeIgniter\CodeIgniter->run()
CRITICAL - 2025-02-27 05:24:50 --> The namespace delimiter is a backslash (\), not a slash (/). Route handler: "\App\Controllers\ComplaintsInfo:viewDetails/$1"
in SYSTEMPATH\Router\Router.php on line 479.
 1 SYSTEMPATH\Router\Router.php(479): CodeIgniter\Router\Exceptions\RouterException::forInvalidControllerName('\\App\\Controllers\\ComplaintsInfo:viewDetails/$1')
 2 SYSTEMPATH\Router\Router.php(186): CodeIgniter\Router\Router->checkRoutes('viewdetails/4')
 3 SYSTEMPATH\CodeIgniter.php(823): CodeIgniter\Router\Router->handle('viewdetails/4')
 4 SYSTEMPATH\CodeIgniter.php(450): CodeIgniter\CodeIgniter->tryToRouteIt(Object(CodeIgniter\Router\RouteCollection))
 5 SYSTEMPATH\CodeIgniter.php(361): CodeIgniter\CodeIgniter->handleRequest(null, Object(Config\Cache), false)
 6 FCPATH\index.php(79): CodeIgniter\CodeIgniter->run()
CRITICAL - 2025-02-27 05:30:36 --> The namespace delimiter is a backslash (\), not a slash (/). Route handler: "\App\Controllers\ComplaintsInfo:viewDetails/$1"
in SYSTEMPATH\Router\Router.php on line 479.
 1 SYSTEMPATH\Router\Router.php(479): CodeIgniter\Router\Exceptions\RouterException::forInvalidControllerName('\\App\\Controllers\\ComplaintsInfo:viewDetails/$1')
 2 SYSTEMPATH\Router\Router.php(186): CodeIgniter\Router\Router->checkRoutes('viewdetails/4')
 3 SYSTEMPATH\CodeIgniter.php(823): CodeIgniter\Router\Router->handle('viewdetails/4')
 4 SYSTEMPATH\CodeIgniter.php(450): CodeIgniter\CodeIgniter->tryToRouteIt(Object(CodeIgniter\Router\RouteCollection))
 5 SYSTEMPATH\CodeIgniter.php(361): CodeIgniter\CodeIgniter->handleRequest(null, Object(Config\Cache), false)
 6 FCPATH\index.php(79): CodeIgniter\CodeIgniter->run()
CRITICAL - 2025-02-27 05:33:17 --> The namespace delimiter is a backslash (\), not a slash (/). Route handler: "\App\Controllers\ComplaintsInfo:viewDetails/$1"
in SYSTEMPATH\Router\Router.php on line 479.
 1 SYSTEMPATH\Router\Router.php(479): CodeIgniter\Router\Exceptions\RouterException::forInvalidControllerName('\\App\\Controllers\\ComplaintsInfo:viewDetails/$1')
 2 SYSTEMPATH\Router\Router.php(186): CodeIgniter\Router\Router->checkRoutes('viewdetails/3')
 3 SYSTEMPATH\CodeIgniter.php(823): CodeIgniter\Router\Router->handle('viewdetails/3')
 4 SYSTEMPATH\CodeIgniter.php(450): CodeIgniter\CodeIgniter->tryToRouteIt(Object(CodeIgniter\Router\RouteCollection))
 5 SYSTEMPATH\CodeIgniter.php(361): CodeIgniter\CodeIgniter->handleRequest(null, Object(Config\Cache), false)
 6 FCPATH\index.php(79): CodeIgniter\CodeIgniter->run()
CRITICAL - 2025-02-27 05:34:34 --> The namespace delimiter is a backslash (\), not a slash (/). Route handler: "\App\Controllers\ComplaintsInfo:viewDetails/$1"
in SYSTEMPATH\Router\Router.php on line 479.
 1 SYSTEMPATH\Router\Router.php(479): CodeIgniter\Router\Exceptions\RouterException::forInvalidControllerName('\\App\\Controllers\\ComplaintsInfo:viewDetails/$1')
 2 SYSTEMPATH\Router\Router.php(186): CodeIgniter\Router\Router->checkRoutes('viewdetails/2')
 3 SYSTEMPATH\CodeIgniter.php(823): CodeIgniter\Router\Router->handle('viewdetails/2')
 4 SYSTEMPATH\CodeIgniter.php(450): CodeIgniter\CodeIgniter->tryToRouteIt(Object(CodeIgniter\Router\RouteCollection))
 5 SYSTEMPATH\CodeIgniter.php(361): CodeIgniter\CodeIgniter->handleRequest(null, Object(Config\Cache), false)
 6 FCPATH\index.php(79): CodeIgniter\CodeIgniter->run()
CRITICAL - 2025-02-27 05:35:14 --> The namespace delimiter is a backslash (\), not a slash (/). Route handler: "\App\Controllers\ComplaintsInfo:viewDetails/$1"
in SYSTEMPATH\Router\Router.php on line 479.
 1 SYSTEMPATH\Router\Router.php(479): CodeIgniter\Router\Exceptions\RouterException::forInvalidControllerName('\\App\\Controllers\\ComplaintsInfo:viewDetails/$1')
 2 SYSTEMPATH\Router\Router.php(186): CodeIgniter\Router\Router->checkRoutes('viewdetails/4')
 3 SYSTEMPATH\CodeIgniter.php(823): CodeIgniter\Router\Router->handle('viewdetails/4')
 4 SYSTEMPATH\CodeIgniter.php(450): CodeIgniter\CodeIgniter->tryToRouteIt(Object(CodeIgniter\Router\RouteCollection))
 5 SYSTEMPATH\CodeIgniter.php(361): CodeIgniter\CodeIgniter->handleRequest(null, Object(Config\Cache), false)
 6 FCPATH\index.php(79): CodeIgniter\CodeIgniter->run()
CRITICAL - 2025-02-27 05:35:16 --> The namespace delimiter is a backslash (\), not a slash (/). Route handler: "\App\Controllers\ComplaintsInfo:viewDetails/$1"
in SYSTEMPATH\Router\Router.php on line 479.
 1 SYSTEMPATH\Router\Router.php(479): CodeIgniter\Router\Exceptions\RouterException::forInvalidControllerName('\\App\\Controllers\\ComplaintsInfo:viewDetails/$1')
 2 SYSTEMPATH\Router\Router.php(186): CodeIgniter\Router\Router->checkRoutes('viewdetails/4')
 3 SYSTEMPATH\CodeIgniter.php(823): CodeIgniter\Router\Router->handle('viewdetails/4')
 4 SYSTEMPATH\CodeIgniter.php(450): CodeIgniter\CodeIgniter->tryToRouteIt(Object(CodeIgniter\Router\RouteCollection))
 5 SYSTEMPATH\CodeIgniter.php(361): CodeIgniter\CodeIgniter->handleRequest(null, Object(Config\Cache), false)
 6 FCPATH\index.php(79): CodeIgniter\CodeIgniter->run()
CRITICAL - 2025-02-27 07:27:15 --> Undefined property: App\Controllers\ComplaintsInfo::$db
in APPPATH\Controllers\ComplaintsInfo.php on line 219.
 1 APPPATH\Controllers\ComplaintsInfo.php(219): CodeIgniter\Debug\Exceptions->errorHandler(2, 'Undefined property: App\\Controllers\\ComplaintsInfo::$db', 'C:\\xampp\\htdocs\\favela\\app\\Controllers\\ComplaintsInfo.php', 219)
 2 SYSTEMPATH\CodeIgniter.php(942): App\Controllers\ComplaintsInfo->saveReply()
 3 SYSTEMPATH\CodeIgniter.php(502): CodeIgniter\CodeIgniter->runController(Object(App\Controllers\ComplaintsInfo))
 4 SYSTEMPATH\CodeIgniter.php(361): CodeIgniter\CodeIgniter->handleRequest(null, Object(Config\Cache), false)
 5 FCPATH\index.php(79): CodeIgniter\CodeIgniter->run()
