CRITICAL - 2025-03-24 04:31:00 --> Call to undefined method App\Models\CategoryModel::getCategoryById
in SYSTEMPATH\Model.php on line 873.
 1 APPPATH\Controllers\Category.php(102): CodeIgniter\Model->__call('getCategoryById', [...])
 2 SYSTEMPATH\CodeIgniter.php(942): App\Controllers\Category->saveCategory()
 3 SYSTEMPATH\CodeIgniter.php(502): CodeIgniter\CodeIgniter->runController(Object(App\Controllers\Category))
 4 SYSTEMPATH\CodeIgniter.php(361): CodeIgniter\CodeIgniter->handleRequest(null, Object(Config\Cache), false)
 5 FCPATH\index.php(79): CodeIgniter\CodeIgniter->run()
CRITICAL - 2025-03-24 05:28:18 --> syntax error, unexpected token "else", expecting end of file
in APPPATH\Views\category.php on line 81.
 1 SYSTEMPATH\View\View.php(231): CodeIgniter\View\View->CodeIgniter\View\{closure}()
 2 SYSTEMPATH\Common.php(1190): CodeIgniter\View\View->render('category', [], true)
 3 APPPATH\Controllers\Category.php(47): view('category')
 4 SYSTEMPATH\CodeIgniter.php(942): App\Controllers\Category->index()
 5 SYSTEMPATH\CodeIgniter.php(502): CodeIgniter\CodeIgniter->runController(Object(App\Controllers\Category))
 6 SYSTEMPATH\CodeIgniter.php(361): CodeIgniter\CodeIgniter->handleRequest(null, Object(Config\Cache), false)
 7 FCPATH\index.php(79): CodeIgniter\CodeIgniter->run()
CRITICAL - 2025-03-24 05:47:48 --> Call to undefined method App\Models\CategoryModel::getCategoryById
in SYSTEMPATH\Model.php on line 873.
 1 APPPATH\Controllers\Category.php(101): CodeIgniter\Model->__call('getCategoryById', [...])
 2 SYSTEMPATH\CodeIgniter.php(942): App\Controllers\Category->saveCategory()
 3 SYSTEMPATH\CodeIgniter.php(502): CodeIgniter\CodeIgniter->runController(Object(App\Controllers\Category))
 4 SYSTEMPATH\CodeIgniter.php(361): CodeIgniter\CodeIgniter->handleRequest(null, Object(Config\Cache), false)
 5 FCPATH\index.php(79): CodeIgniter\CodeIgniter->run()
CRITICAL - 2025-03-24 05:47:49 --> Call to undefined method App\Models\CategoryModel::getCategoryById
in SYSTEMPATH\Model.php on line 873.
 1 APPPATH\Controllers\Category.php(101): CodeIgniter\Model->__call('getCategoryById', [...])
 2 SYSTEMPATH\CodeIgniter.php(942): App\Controllers\Category->saveCategory()
 3 SYSTEMPATH\CodeIgniter.php(502): CodeIgniter\CodeIgniter->runController(Object(App\Controllers\Category))
 4 SYSTEMPATH\CodeIgniter.php(361): CodeIgniter\CodeIgniter->handleRequest(null, Object(Config\Cache), false)
 5 FCPATH\index.php(79): CodeIgniter\CodeIgniter->run()
CRITICAL - 2025-03-24 05:47:56 --> Call to undefined method App\Models\CategoryModel::getCategoryById
in SYSTEMPATH\Model.php on line 873.
 1 APPPATH\Controllers\Category.php(101): CodeIgniter\Model->__call('getCategoryById', [...])
 2 SYSTEMPATH\CodeIgniter.php(942): App\Controllers\Category->saveCategory()
 3 SYSTEMPATH\CodeIgniter.php(502): CodeIgniter\CodeIgniter->runController(Object(App\Controllers\Category))
 4 SYSTEMPATH\CodeIgniter.php(361): CodeIgniter\CodeIgniter->handleRequest(null, Object(Config\Cache), false)
 5 FCPATH\index.php(79): CodeIgniter\CodeIgniter->run()
CRITICAL - 2025-03-24 05:52:14 --> Call to undefined method App\Models\CategoryModel::getCategoryById
in SYSTEMPATH\Model.php on line 873.
 1 APPPATH\Controllers\Category.php(101): CodeIgniter\Model->__call('getCategoryById', [...])
 2 SYSTEMPATH\CodeIgniter.php(942): App\Controllers\Category->saveCategory()
 3 SYSTEMPATH\CodeIgniter.php(502): CodeIgniter\CodeIgniter->runController(Object(App\Controllers\Category))
 4 SYSTEMPATH\CodeIgniter.php(361): CodeIgniter\CodeIgniter->handleRequest(null, Object(Config\Cache), false)
 5 FCPATH\index.php(79): CodeIgniter\CodeIgniter->run()
CRITICAL - 2025-03-24 05:52:15 --> Call to undefined method App\Models\CategoryModel::getCategoryById
in SYSTEMPATH\Model.php on line 873.
 1 APPPATH\Controllers\Category.php(101): CodeIgniter\Model->__call('getCategoryById', [...])
 2 SYSTEMPATH\CodeIgniter.php(942): App\Controllers\Category->saveCategory()
 3 SYSTEMPATH\CodeIgniter.php(502): CodeIgniter\CodeIgniter->runController(Object(App\Controllers\Category))
 4 SYSTEMPATH\CodeIgniter.php(361): CodeIgniter\CodeIgniter->handleRequest(null, Object(Config\Cache), false)
 5 FCPATH\index.php(79): CodeIgniter\CodeIgniter->run()
CRITICAL - 2025-03-24 05:52:45 --> Call to undefined method App\Models\CategoryModel::getCategoryById
in SYSTEMPATH\Model.php on line 873.
 1 APPPATH\Controllers\Category.php(101): CodeIgniter\Model->__call('getCategoryById', [...])
 2 SYSTEMPATH\CodeIgniter.php(942): App\Controllers\Category->saveCategory()
 3 SYSTEMPATH\CodeIgniter.php(502): CodeIgniter\CodeIgniter->runController(Object(App\Controllers\Category))
 4 SYSTEMPATH\CodeIgniter.php(361): CodeIgniter\CodeIgniter->handleRequest(null, Object(Config\Cache), false)
 5 FCPATH\index.php(79): CodeIgniter\CodeIgniter->run()
CRITICAL - 2025-03-24 05:52:54 --> Call to undefined method App\Models\CategoryModel::getCategoryById
in SYSTEMPATH\Model.php on line 873.
 1 APPPATH\Controllers\Category.php(101): CodeIgniter\Model->__call('getCategoryById', [...])
 2 SYSTEMPATH\CodeIgniter.php(942): App\Controllers\Category->saveCategory()
 3 SYSTEMPATH\CodeIgniter.php(502): CodeIgniter\CodeIgniter->runController(Object(App\Controllers\Category))
 4 SYSTEMPATH\CodeIgniter.php(361): CodeIgniter\CodeIgniter->handleRequest(null, Object(Config\Cache), false)
 5 FCPATH\index.php(79): CodeIgniter\CodeIgniter->run()
CRITICAL - 2025-03-24 05:53:45 --> Call to undefined method App\Models\CategoryModel::getCategoryById
in SYSTEMPATH\Model.php on line 873.
 1 APPPATH\Controllers\Category.php(101): CodeIgniter\Model->__call('getCategoryById', [...])
 2 SYSTEMPATH\CodeIgniter.php(942): App\Controllers\Category->saveCategory()
 3 SYSTEMPATH\CodeIgniter.php(502): CodeIgniter\CodeIgniter->runController(Object(App\Controllers\Category))
 4 SYSTEMPATH\CodeIgniter.php(361): CodeIgniter\CodeIgniter->handleRequest(null, Object(Config\Cache), false)
 5 FCPATH\index.php(79): CodeIgniter\CodeIgniter->run()
CRITICAL - 2025-03-24 05:57:06 --> Call to undefined method App\Models\CategoryModel::getCategoryById
in SYSTEMPATH\Model.php on line 873.
 1 APPPATH\Controllers\Category.php(102): CodeIgniter\Model->__call('getCategoryById', [...])
 2 SYSTEMPATH\CodeIgniter.php(942): App\Controllers\Category->saveCategory()
 3 SYSTEMPATH\CodeIgniter.php(502): CodeIgniter\CodeIgniter->runController(Object(App\Controllers\Category))
 4 SYSTEMPATH\CodeIgniter.php(361): CodeIgniter\CodeIgniter->handleRequest(null, Object(Config\Cache), false)
 5 FCPATH\index.php(79): CodeIgniter\CodeIgniter->run()
CRITICAL - 2025-03-24 05:57:43 --> Call to undefined method App\Models\CategoryModel::getCategoryById
in SYSTEMPATH\Model.php on line 873.
 1 APPPATH\Controllers\Category.php(102): CodeIgniter\Model->__call('getCategoryById', [...])
 2 SYSTEMPATH\CodeIgniter.php(942): App\Controllers\Category->saveCategory()
 3 SYSTEMPATH\CodeIgniter.php(502): CodeIgniter\CodeIgniter->runController(Object(App\Controllers\Category))
 4 SYSTEMPATH\CodeIgniter.php(361): CodeIgniter\CodeIgniter->handleRequest(null, Object(Config\Cache), false)
 5 FCPATH\index.php(79): CodeIgniter\CodeIgniter->run()
CRITICAL - 2025-03-24 06:46:49 --> Undefined variable $action
in APPPATH\Controllers\Category.php on line 74.
 1 APPPATH\Controllers\Category.php(74): CodeIgniter\Debug\Exceptions->errorHandler(2, 'Undefined variable $action', 'C:\\xampp\\htdocs\\favela\\app\\Controllers\\Category.php', 74)
 2 SYSTEMPATH\CodeIgniter.php(942): App\Controllers\Category->loadCategories()
 3 SYSTEMPATH\CodeIgniter.php(502): CodeIgniter\CodeIgniter->runController(Object(App\Controllers\Category))
 4 SYSTEMPATH\CodeIgniter.php(361): CodeIgniter\CodeIgniter->handleRequest(null, Object(Config\Cache), false)
 5 FCPATH\index.php(79): CodeIgniter\CodeIgniter->run()
CRITICAL - 2025-03-24 06:48:01 --> Attempt to read property "subcategory_name" on null
in APPPATH\Controllers\Category.php on line 21.
 1 APPPATH\Controllers\Category.php(21): CodeIgniter\Debug\Exceptions->errorHandler(2, 'Attempt to read property "subcategory_name" on null', 'C:\\xampp\\htdocs\\favela\\app\\Controllers\\Category.php', 21)
 2 SYSTEMPATH\CodeIgniter.php(942): App\Controllers\Category->index('32')
 3 SYSTEMPATH\CodeIgniter.php(502): CodeIgniter\CodeIgniter->runController(Object(App\Controllers\Category))
 4 SYSTEMPATH\CodeIgniter.php(361): CodeIgniter\CodeIgniter->handleRequest(null, Object(Config\Cache), false)
 5 FCPATH\index.php(79): CodeIgniter\CodeIgniter->run()
ERROR - 2025-03-24 10:17:46 --> mysqli_sql_exception: You have an error in your SQL syntax; check the manual that corresponds to your MariaDB server version for the right syntax to use near '' at line 1 in C:\xampp\htdocs\favela\system\Database\MySQLi\Connection.php:306
Stack trace:
#0 C:\xampp\htdocs\favela\system\Database\MySQLi\Connection.php(306): mysqli->query('select * from a...', 0)
#1 C:\xampp\htdocs\favela\system\Database\BaseConnection.php(693): CodeIgniter\Database\MySQLi\Connection->execute('select * from a...')
#2 C:\xampp\htdocs\favela\system\Database\BaseConnection.php(607): CodeIgniter\Database\BaseConnection->simpleQuery('select * from a...')
#3 C:\xampp\htdocs\favela\app\Models\UserMobile\LoginModel.php(13): CodeIgniter\Database\BaseConnection->query('select * from a...')
#4 C:\xampp\htdocs\favela\app\Controllers\UserMobile\Login.php(40): App\Models\UserMobile\LoginModel->verifyUser(NULL)
#5 C:\xampp\htdocs\favela\system\CodeIgniter.php(942): App\Controllers\UserMobile\Login->loginapi()
#6 C:\xampp\htdocs\favela\system\CodeIgniter.php(502): CodeIgniter\CodeIgniter->runController(Object(App\Controllers\UserMobile\Login))
#7 C:\xampp\htdocs\favela\system\CodeIgniter.php(361): CodeIgniter\CodeIgniter->handleRequest(NULL, Object(Config\Cache), false)
#8 C:\xampp\htdocs\favela\index.php(79): CodeIgniter\CodeIgniter->run()
#9 {main}
CRITICAL - 2025-03-24 10:17:46 --> You have an error in your SQL syntax; check the manual that corresponds to your MariaDB server version for the right syntax to use near '' at line 1
in SYSTEMPATH\Database\BaseConnection.php on line 647.
 1 APPPATH\Models\UserMobile\LoginModel.php(13): CodeIgniter\Database\BaseConnection->query('select * from app_users where phone = ')
 2 APPPATH\Controllers\UserMobile\Login.php(40): App\Models\UserMobile\LoginModel->verifyUser(null)
 3 SYSTEMPATH\CodeIgniter.php(942): App\Controllers\UserMobile\Login->loginapi()
 4 SYSTEMPATH\CodeIgniter.php(502): CodeIgniter\CodeIgniter->runController(Object(App\Controllers\UserMobile\Login))
 5 SYSTEMPATH\CodeIgniter.php(361): CodeIgniter\CodeIgniter->handleRequest(null, Object(Config\Cache), false)
 6 FCPATH\index.php(79): CodeIgniter\CodeIgniter->run()
ERROR - 2025-03-24 10:30:39 --> mysqli_sql_exception: You have an error in your SQL syntax; check the manual that corresponds to your MariaDB server version for the right syntax to use near '' at line 1 in C:\xampp\htdocs\favela\system\Database\MySQLi\Connection.php:306
Stack trace:
#0 C:\xampp\htdocs\favela\system\Database\MySQLi\Connection.php(306): mysqli->query('select * from a...', 0)
#1 C:\xampp\htdocs\favela\system\Database\BaseConnection.php(693): CodeIgniter\Database\MySQLi\Connection->execute('select * from a...')
#2 C:\xampp\htdocs\favela\system\Database\BaseConnection.php(607): CodeIgniter\Database\BaseConnection->simpleQuery('select * from a...')
#3 C:\xampp\htdocs\favela\app\Models\UserMobile\LoginModel.php(13): CodeIgniter\Database\BaseConnection->query('select * from a...')
#4 C:\xampp\htdocs\favela\app\Controllers\UserMobile\Login.php(40): App\Models\UserMobile\LoginModel->verifyUser('')
#5 C:\xampp\htdocs\favela\system\CodeIgniter.php(942): App\Controllers\UserMobile\Login->loginapi()
#6 C:\xampp\htdocs\favela\system\CodeIgniter.php(502): CodeIgniter\CodeIgniter->runController(Object(App\Controllers\UserMobile\Login))
#7 C:\xampp\htdocs\favela\system\CodeIgniter.php(361): CodeIgniter\CodeIgniter->handleRequest(NULL, Object(Config\Cache), false)
#8 C:\xampp\htdocs\favela\index.php(79): CodeIgniter\CodeIgniter->run()
#9 {main}
CRITICAL - 2025-03-24 10:30:39 --> You have an error in your SQL syntax; check the manual that corresponds to your MariaDB server version for the right syntax to use near '' at line 1
in SYSTEMPATH\Database\BaseConnection.php on line 647.
 1 APPPATH\Models\UserMobile\LoginModel.php(13): CodeIgniter\Database\BaseConnection->query('select * from app_users where phone = ')
 2 APPPATH\Controllers\UserMobile\Login.php(40): App\Models\UserMobile\LoginModel->verifyUser('')
 3 SYSTEMPATH\CodeIgniter.php(942): App\Controllers\UserMobile\Login->loginapi()
 4 SYSTEMPATH\CodeIgniter.php(502): CodeIgniter\CodeIgniter->runController(Object(App\Controllers\UserMobile\Login))
 5 SYSTEMPATH\CodeIgniter.php(361): CodeIgniter\CodeIgniter->handleRequest(null, Object(Config\Cache), false)
 6 FCPATH\index.php(79): CodeIgniter\CodeIgniter->run()
ERROR - 2025-03-24 10:30:53 --> mysqli_sql_exception: You have an error in your SQL syntax; check the manual that corresponds to your MariaDB server version for the right syntax to use near '' at line 1 in C:\xampp\htdocs\favela\system\Database\MySQLi\Connection.php:306
Stack trace:
#0 C:\xampp\htdocs\favela\system\Database\MySQLi\Connection.php(306): mysqli->query('select * from a...', 0)
#1 C:\xampp\htdocs\favela\system\Database\BaseConnection.php(693): CodeIgniter\Database\MySQLi\Connection->execute('select * from a...')
#2 C:\xampp\htdocs\favela\system\Database\BaseConnection.php(607): CodeIgniter\Database\BaseConnection->simpleQuery('select * from a...')
#3 C:\xampp\htdocs\favela\app\Models\UserMobile\LoginModel.php(13): CodeIgniter\Database\BaseConnection->query('select * from a...')
#4 C:\xampp\htdocs\favela\app\Controllers\UserMobile\Login.php(40): App\Models\UserMobile\LoginModel->verifyUser(NULL)
#5 C:\xampp\htdocs\favela\system\CodeIgniter.php(942): App\Controllers\UserMobile\Login->loginapi()
#6 C:\xampp\htdocs\favela\system\CodeIgniter.php(502): CodeIgniter\CodeIgniter->runController(Object(App\Controllers\UserMobile\Login))
#7 C:\xampp\htdocs\favela\system\CodeIgniter.php(361): CodeIgniter\CodeIgniter->handleRequest(NULL, Object(Config\Cache), false)
#8 C:\xampp\htdocs\favela\index.php(79): CodeIgniter\CodeIgniter->run()
#9 {main}
CRITICAL - 2025-03-24 10:30:53 --> You have an error in your SQL syntax; check the manual that corresponds to your MariaDB server version for the right syntax to use near '' at line 1
in SYSTEMPATH\Database\BaseConnection.php on line 647.
 1 APPPATH\Models\UserMobile\LoginModel.php(13): CodeIgniter\Database\BaseConnection->query('select * from app_users where phone = ')
 2 APPPATH\Controllers\UserMobile\Login.php(40): App\Models\UserMobile\LoginModel->verifyUser(null)
 3 SYSTEMPATH\CodeIgniter.php(942): App\Controllers\UserMobile\Login->loginapi()
 4 SYSTEMPATH\CodeIgniter.php(502): CodeIgniter\CodeIgniter->runController(Object(App\Controllers\UserMobile\Login))
 5 SYSTEMPATH\CodeIgniter.php(361): CodeIgniter\CodeIgniter->handleRequest(null, Object(Config\Cache), false)
 6 FCPATH\index.php(79): CodeIgniter\CodeIgniter->run()
CRITICAL - 2025-03-24 10:38:28 --> Undefined array key "Authorization"
in APPPATH\Controllers\UserMobile\Login.php on line 180.
 1 APPPATH\Controllers\UserMobile\Login.php(180): CodeIgniter\Debug\Exceptions->errorHandler(2, 'Undefined array key "Authorization"', 'C:\\xampp\\htdocs\\favela\\app\\Controllers\\UserMobile\\Login.php', 180)
 2 SYSTEMPATH\CodeIgniter.php(942): App\Controllers\UserMobile\Login->createMpin()
 3 SYSTEMPATH\CodeIgniter.php(502): CodeIgniter\CodeIgniter->runController(Object(App\Controllers\UserMobile\Login))
 4 SYSTEMPATH\CodeIgniter.php(361): CodeIgniter\CodeIgniter->handleRequest(null, Object(Config\Cache), false)
 5 FCPATH\index.php(79): CodeIgniter\CodeIgniter->run()
CRITICAL - 2025-03-24 10:38:46 --> Undefined array key "Authorization"
in APPPATH\Controllers\UserMobile\Login.php on line 180.
 1 APPPATH\Controllers\UserMobile\Login.php(180): CodeIgniter\Debug\Exceptions->errorHandler(2, 'Undefined array key "Authorization"', 'C:\\xampp\\htdocs\\favela\\app\\Controllers\\UserMobile\\Login.php', 180)
 2 SYSTEMPATH\CodeIgniter.php(942): App\Controllers\UserMobile\Login->createMpin()
 3 SYSTEMPATH\CodeIgniter.php(502): CodeIgniter\CodeIgniter->runController(Object(App\Controllers\UserMobile\Login))
 4 SYSTEMPATH\CodeIgniter.php(361): CodeIgniter\CodeIgniter->handleRequest(null, Object(Config\Cache), false)
 5 FCPATH\index.php(79): CodeIgniter\CodeIgniter->run()
CRITICAL - 2025-03-24 11:34:15 --> Undefined array key "Authorization"
in APPPATH\Controllers\UserMobile\Login.php on line 180.
 1 APPPATH\Controllers\UserMobile\Login.php(180): CodeIgniter\Debug\Exceptions->errorHandler(2, 'Undefined array key "Authorization"', 'C:\\xampp\\htdocs\\favela\\app\\Controllers\\UserMobile\\Login.php', 180)
 2 SYSTEMPATH\CodeIgniter.php(942): App\Controllers\UserMobile\Login->createMpin()
 3 SYSTEMPATH\CodeIgniter.php(502): CodeIgniter\CodeIgniter->runController(Object(App\Controllers\UserMobile\Login))
 4 SYSTEMPATH\CodeIgniter.php(361): CodeIgniter\CodeIgniter->handleRequest(null, Object(Config\Cache), false)
 5 FCPATH\index.php(79): CodeIgniter\CodeIgniter->run()
CRITICAL - 2025-03-24 11:45:02 --> Undefined array key "Authorization"
in APPPATH\Controllers\UserMobile\Login.php on line 180.
 1 APPPATH\Controllers\UserMobile\Login.php(180): CodeIgniter\Debug\Exceptions->errorHandler(2, 'Undefined array key "Authorization"', 'C:\\xampp\\htdocs\\favela\\app\\Controllers\\UserMobile\\Login.php', 180)
 2 SYSTEMPATH\CodeIgniter.php(942): App\Controllers\UserMobile\Login->createMpin()
 3 SYSTEMPATH\CodeIgniter.php(502): CodeIgniter\CodeIgniter->runController(Object(App\Controllers\UserMobile\Login))
 4 SYSTEMPATH\CodeIgniter.php(361): CodeIgniter\CodeIgniter->handleRequest(null, Object(Config\Cache), false)
 5 FCPATH\index.php(79): CodeIgniter\CodeIgniter->run()
